<?xml version="1.0" encoding="utf-8"?>
<FederalContaminatedSitesInventory>
  <ReportingOrganizations>
    <ReportingOrganization>
      <Code>AGR</Code>
      <EN xml:lang="en">Agriculture and Agri-Food Canada</EN>
      <FR xml:lang="fr">Agriculture et Agroalimentaire Canada</FR>
    </ReportingOrganization>
    <ReportingOrganization>
      <Code>BSF</Code>
      <EN xml:lang="en">Canada Border Services Agency</EN>
      <FR xml:lang="fr">Agence des services frontaliers du Canada</FR>
    </ReportingOrganization>
    <ReportingOrganization>
      <Code>CAP</Code>
      <EN xml:lang="en">Parks Canada Agency</EN>
      <FR xml:lang="fr">Agence Parcs Canada </FR>
    </ReportingOrganization>
    <ReportingOrganization>
      <Code>CCB</Code>
      <EN xml:lang="en">The Jacques-Cartier and Champlain Bridges Incorporated</EN>
      <FR xml:lang="fr">Les Ponts Jacques-Cartier et Champlain Inc.</FR>
    </ReportingOrganization>
    <ReportingOrganization>
      <Code>CCM</Code>
      <EN xml:lang="en">Old Port of Montreal Corporation Inc. (Canada Lands Company)</EN>
      <FR xml:lang="fr">Le Vieux-Port de Montréal Limitée (Société immobilière du Canada)</FR>
    </ReportingOrganization>
    <ReportingOrganization>
      <Code>CMC</Code>
      <EN xml:lang="en">Canadian Museum of History</EN>
      <FR xml:lang="fr">Musée canadien de l'histoire</FR>
    </ReportingOrganization>
    <ReportingOrganization>
      <Code>DFO</Code>
      <EN xml:lang="en">Fisheries and Oceans Canada</EN>
      <FR xml:lang="fr">Pêches et Océans Canada</FR>
    </ReportingOrganization>
    <ReportingOrganization>
      <Code>DND</Code>
      <EN xml:lang="en">National Defence</EN>
      <FR xml:lang="fr">Défence nationale</FR>
    </ReportingOrganization>
    <ReportingOrganization>
      <Code>DOE</Code>
      <EN xml:lang="en">Environment Canada</EN>
      <FR xml:lang="fr">Environnement Canada</FR>
    </ReportingOrganization>
    <ReportingOrganization>
      <Code>DUS</Code>
      <EN xml:lang="en">Industry Canada</EN>
      <FR xml:lang="fr">Industrie Canada</FR>
    </ReportingOrganization>
    <ReportingOrganization>
      <Code>DVA</Code>
      <EN xml:lang="en">Veterans Affairs Canada</EN>
      <FR xml:lang="fr">Anciens Combattants Canada</FR>
    </ReportingOrganization>
    <ReportingOrganization>
      <Code>EXT</Code>
      <EN xml:lang="en">Foreign Affairs, Trade and Development Canada</EN>
      <FR xml:lang="fr">Affaires étrangères, Commerce et Développement Canada</FR>
    </ReportingOrganization>
    <ReportingOrganization>
      <Code>ICA</Code>
      <EN xml:lang="en">Canadian Food Inspection Agency</EN>
      <FR xml:lang="fr">Agence canadienne d’inspection des aliments</FR>
    </ReportingOrganization>
    <ReportingOrganization>
      <Code>IIA</Code>
      <EN xml:lang="en">Aboriginal Affairs and Northern Development Canada (Indian and Inuit Affairs Program)</EN>
      <FR xml:lang="fr">Affaires autochtones et Développement du Nord Canada (Programme des affaires indiennes et inuites)</FR>
    </ReportingOrganization>
    <ReportingOrganization>
      <Code>INF</Code>
      <EN xml:lang="en">Office of Infrastructure of Canada</EN>
      <FR xml:lang="fr">Bureau de l'infrastructure du Canada</FR>
    </ReportingOrganization>
    <ReportingOrganization>
      <Code>MAI</Code>
      <EN xml:lang="en">Marine Atlantic</EN>
      <FR xml:lang="fr">Marine Atlantique</FR>
    </ReportingOrganization>
    <ReportingOrganization>
      <Code>MOT</Code>
      <EN xml:lang="en">Transport Canada</EN>
      <FR xml:lang="fr">Transports Canada</FR>
    </ReportingOrganization>
    <ReportingOrganization>
      <Code>NCC</Code>
      <EN xml:lang="en">National Capital Commission</EN>
      <FR xml:lang="fr">Commission de la Capitale nationale</FR>
    </ReportingOrganization>
    <ReportingOrganization>
      <Code>NOR</Code>
      <EN xml:lang="en">Aboriginal Affairs and Northern Development Canada (Northern Affairs Program)</EN>
      <FR xml:lang="fr">Affaires autochtones et Développement du Nord Canada (Programme des affaires du Nord)</FR>
    </ReportingOrganization>
    <ReportingOrganization>
      <Code>NRC</Code>
      <EN xml:lang="en">National Research Council</EN>
      <FR xml:lang="fr">Conseil national de recherches</FR>
    </ReportingOrganization>
    <ReportingOrganization>
      <Code>PEN</Code>
      <EN xml:lang="en">Correctional Service of Canada</EN>
      <FR xml:lang="fr">Service correctionnel du Canada</FR>
    </ReportingOrganization>
    <ReportingOrganization>
      <Code>RCM</Code>
      <EN xml:lang="en">Royal Canadian Mounted Police</EN>
      <FR xml:lang="fr">Gendarmerie royale du Canada</FR>
    </ReportingOrganization>
    <ReportingOrganization>
      <Code>RSN</Code>
      <EN xml:lang="en">Natural Resources Canada</EN>
      <FR xml:lang="fr">Ressources naturelles Canada</FR>
    </ReportingOrganization>
    <ReportingOrganization>
      <Code>SHC</Code>
      <EN xml:lang="en">Health Canada</EN>
      <FR xml:lang="fr">Santé Canada</FR>
    </ReportingOrganization>
    <ReportingOrganization>
      <Code>SVC</Code>
      <EN xml:lang="en">Public Works and Government Services Canada</EN>
      <FR xml:lang="fr">Travaux publics et Services gouvernementaux Canada</FR>
    </ReportingOrganization>
    <ReportingOrganization>
      <Code>VIA</Code>
      <EN xml:lang="en">VIA Rail Canada</EN>
      <FR xml:lang="fr">VIA Rail Canada</FR>
    </ReportingOrganization>
  </ReportingOrganizations>
  <Sites>
    <Site FederalSiteIdentifier="00000002" ReportingOrganization="NCC" Created="2005-10-19T14:39:00" LastModified="2015-06-12T16:47:49.783">
      <Name>
        <EN xml:lang="en">Stanley Park</EN>
        <FR xml:lang="fr">Parc Stanley</FR>
      </Name>
      <SiteStatus>
        <Status>
          <EN xml:lang="en">Active</EN>
          <FR xml:lang="fr">Active</FR>
        </Status>
        <Description>
          <EN xml:lang="en">Remediation / risk management completed. Confirmatory sampling underway.</EN>
          <FR xml:lang="fr">Assainissement terminé ou mesures de gestion des risques prises. Échantillonnage de confirmation en </FR>
        </Description>
      </SiteStatus>
      <Classification>
        <Code>2</Code>
        <Name>
          <EN xml:lang="en">Medium Priority for Action</EN>
          <FR xml:lang="fr">Priorité d’intervention moyenne</FR>
        </Name>
      </Classification>
      <PropertyNumber>02784</PropertyNumber>
      <ReasonForFederalInvolvement>
        <EN xml:lang="en">Federal Real Property</EN>
        <FR xml:lang="fr">Biens immobiliers fédéraux</FR>
      </ReasonForFederalInvolvement>
      <Location sgc="3506008" fed="065">
        <MiniMapURL>http://www.tbs-sct.gc.ca/fcsi-rscf/minimap.aspx?fsi=00000002</MiniMapURL>
        <Latitude>45.439520</Latitude>
        <Longitude>-75.688970</Longitude>
        <Municipality>Ottawa</Municipality>
        <Province>Ontario</Province>
        <FederalElectoralDistrict>
          <EN xml:lang="en">Ottawa--Vanier</EN>
          <FR xml:lang="fr">Ottawa--Vanier</FR>
        </FederalElectoralDistrict>
        <Country>
          <EN xml:lang="en">Canada</EN>
          <FR xml:lang="fr">Canada</FR>
        </Country>
      </Location>
      <ManagementStrategy>
        <ManagementType code="5">
          <EN xml:lang="en">Additional assessment</EN>
          <FR xml:lang="fr">Évaluation complémentaire</FR>
        </ManagementType>
      </ManagementStrategy>
      <ContaminationDetails>
        <ContaminationEstimates>
          <CubicMetres>19000.0000</CubicMetres>
          <Hectares>2.3000</Hectares>
          <Tons>36000.0000</Tons>
        </ContaminationEstimates>
        <ContaminatedMedia>
          <Contamination code="11">
            <EN xml:lang="en">PHCs (petroleum hydrocarbons)</EN>
            <FR xml:lang="fr">HCP (hydrocarbures pétroliers)</FR>
          </Contamination>
          <Medium code="5">
            <EN xml:lang="en">Soil</EN>
            <FR xml:lang="fr">Sol</FR>
          </Medium>
        </ContaminatedMedia>
        <ContaminatedMedia>
          <Contamination code="13">
            <EN xml:lang="en">PAHs (polycyclic aromatic hydrocarbon)</EN>
            <FR xml:lang="fr">HAP (hydrocarbures aromatiques polycycliques)</FR>
          </Contamination>
          <Medium code="5">
            <EN xml:lang="en">Soil</EN>
            <FR xml:lang="fr">Sol</FR>
          </Medium>
        </ContaminatedMedia>
        <ContaminatedMedia>
          <Contamination code="21">
            <EN xml:lang="en">Metal, metalloid, and organometallic</EN>
            <FR xml:lang="fr">Métaux, métalloïdes, et organométalliques</FR>
          </Contamination>
          <Medium code="5">
            <EN xml:lang="en">Soil</EN>
            <FR xml:lang="fr">Sol</FR>
          </Medium>
        </ContaminatedMedia>
      </ContaminationDetails>
      <ActionPlan>
        <EN xml:lang="en" />
        <FR xml:lang="fr" />
      </ActionPlan>
      <AdditionalInformation>
        <EN xml:lang="en" />
        <FR xml:lang="fr" />
      </AdditionalInformation>
      <PopulationCounts>
        <KM1>11480</KM1>
        <KM5>212822</KM5>
        <KM10>546585</KM10>
        <KM25>1131900</KM25>
        <KM50>1340175</KM50>
      </PopulationCounts>
      <AnnualData FiscalYear="2014-2015" ReportingOrganization="NCC">
        <HighestStepCompleted>08</HighestStepCompleted>
        <TotalAssessmentExpenditure>0.00</TotalAssessmentExpenditure>
        <TotalRemediationExpenditure>0.00</TotalRemediationExpenditure>
        <TotalCareMaintenanceExpenditure>0.00</TotalCareMaintenanceExpenditure>
        <TotalMonitoringExpenditure>0.00</TotalMonitoringExpenditure>
        <FCSAPAssessmentExpenditure>0.00</FCSAPAssessmentExpenditure>
        <FCSAPRemediationExpenditure>0.00</FCSAPRemediationExpenditure>
        <FCSAPCareMaintenanceExpenditure>0.00</FCSAPCareMaintenanceExpenditure>
        <FCSAPMonitoringExpenditure>0.00</FCSAPMonitoringExpenditure>
        <RemediationAmounts>
          <CubicMetres>0.0000</CubicMetres>
          <Hectares>0.0000</Hectares>
          <Tons>0.0000</Tons>
        </RemediationAmounts>
        <Closed>0</Closed>
      </AnnualData>
      <AnnualData FiscalYear="2013-2014" ReportingOrganization="NCC">
        <HighestStepCompleted>09</HighestStepCompleted>
        <TotalAssessmentExpenditure>0.00</TotalAssessmentExpenditure>
        <TotalRemediationExpenditure>0.00</TotalRemediationExpenditure>
        <TotalCareMaintenanceExpenditure>0.00</TotalCareMaintenanceExpenditure>
        <TotalMonitoringExpenditure>0.00</TotalMonitoringExpenditure>
        <FCSAPAssessmentExpenditure>0.00</FCSAPAssessmentExpenditure>
        <FCSAPRemediationExpenditure>0.00</FCSAPRemediationExpenditure>
        <FCSAPCareMaintenanceExpenditure>0.00</FCSAPCareMaintenanceExpenditure>
        <FCSAPMonitoringExpenditure>0.00</FCSAPMonitoringExpenditure>
        <RemediationAmounts>
          <CubicMetres>0.0000</CubicMetres>
          <Hectares>0.0000</Hectares>
          <Tons>0.0000</Tons>
        </RemediationAmounts>
        <Closed>0</Closed>
      </AnnualData>
      <AnnualData FiscalYear="2012-2013" ReportingOrganization="NCC">
        <HighestStepCompleted>09</HighestStepCompleted>
        <TotalAssessmentExpenditure>13680.00</TotalAssessmentExpenditure>
        <TotalRemediationExpenditure>0.00</TotalRemediationExpenditure>
        <TotalCareMaintenanceExpenditure>0.00</TotalCareMaintenanceExpenditure>
        <TotalMonitoringExpenditure>0.00</TotalMonitoringExpenditure>
        <FCSAPAssessmentExpenditure>10944.00</FCSAPAssessmentExpenditure>
        <FCSAPRemediationExpenditure>0.00</FCSAPRemediationExpenditure>
        <FCSAPCareMaintenanceExpenditure>0.00</FCSAPCareMaintenanceExpenditure>
        <FCSAPMonitoringExpenditure>0.00</FCSAPMonitoringExpenditure>
        <RemediationAmounts>
          <CubicMetres>0.0000</CubicMetres>
          <Hectares>0.0000</Hectares>
          <Tons>0.0000</Tons>
        </RemediationAmounts>
        <Closed>0</Closed>
      </AnnualData>
      <AnnualData FiscalYear="2011-2012" ReportingOrganization="NCC">
        <HighestStepCompleted>09</HighestStepCompleted>
        <PlannedCompletionDateStep9>2012-2013</PlannedCompletionDateStep9>
        <TotalAssessmentExpenditure>1827.00</TotalAssessmentExpenditure>
        <TotalRemediationExpenditure>0.00</TotalRemediationExpenditure>
        <TotalCareMaintenanceExpenditure>0.00</TotalCareMaintenanceExpenditure>
        <TotalMonitoringExpenditure>0.00</TotalMonitoringExpenditure>
        <FCSAPAssessmentExpenditure>1461.60</FCSAPAssessmentExpenditure>
        <FCSAPRemediationExpenditure>0.00</FCSAPRemediationExpenditure>
        <FCSAPCareMaintenanceExpenditure>0.00</FCSAPCareMaintenanceExpenditure>
        <FCSAPMonitoringExpenditure>0.00</FCSAPMonitoringExpenditure>
        <RemediationAmounts>
          <CubicMetres>0.0000</CubicMetres>
          <Hectares>0.0000</Hectares>
          <Tons>0.0000</Tons>
        </RemediationAmounts>
        <Closed>0</Closed>
      </AnnualData>
      <AnnualData FiscalYear="2010-2011" ReportingOrganization="NCC">
        <HighestStepCompleted>08</HighestStepCompleted>
        <PlannedCompletionDateStep9>2011-2012</PlannedCompletionDateStep9>
        <TotalAssessmentExpenditure>861.00</TotalAssessmentExpenditure>
        <TotalRemediationExpenditure>0.00</TotalRemediationExpenditure>
        <TotalCareMaintenanceExpenditure>0.00</TotalCareMaintenanceExpenditure>
        <TotalMonitoringExpenditure>0.00</TotalMonitoringExpenditure>
        <FCSAPAssessmentExpenditure>861.00</FCSAPAssessmentExpenditure>
        <FCSAPRemediationExpenditure>0.00</FCSAPRemediationExpenditure>
        <FCSAPCareMaintenanceExpenditure>0.00</FCSAPCareMaintenanceExpenditure>
        <FCSAPMonitoringExpenditure>0.00</FCSAPMonitoringExpenditure>
        <RemediationAmounts>
          <CubicMetres>0.0000</CubicMetres>
          <Hectares>0.0000</Hectares>
          <Tons>0.0000</Tons>
        </RemediationAmounts>
        <Closed>0</Closed>
      </AnnualData>
      <AnnualData FiscalYear="2009-2010" ReportingOrganization="NCC">
        <HighestStepCompleted>07</HighestStepCompleted>
        <TotalAssessmentExpenditure>3021.00</TotalAssessmentExpenditure>
        <TotalRemediationExpenditure>815724.00</TotalRemediationExpenditure>
        <TotalCareMaintenanceExpenditure>0.00</TotalCareMaintenanceExpenditure>
        <TotalMonitoringExpenditure>0.00</TotalMonitoringExpenditure>
        <FCSAPAssessmentExpenditure>3021.00</FCSAPAssessmentExpenditure>
        <FCSAPRemediationExpenditure>815724.00</FCSAPRemediationExpenditure>
        <FCSAPCareMaintenanceExpenditure>0.00</FCSAPCareMaintenanceExpenditure>
        <FCSAPMonitoringExpenditure>0.00</FCSAPMonitoringExpenditure>
        <RemediationAmounts>
          <CubicMetres>0.0000</CubicMetres>
          <Hectares>0.0000</Hectares>
          <Tons>0.0000</Tons>
        </RemediationAmounts>
        <Closed>0</Closed>
      </AnnualData>
      <AnnualData FiscalYear="2008-2009" ReportingOrganization="NCC">
        <HighestStepCompleted>05</HighestStepCompleted>
        <PlannedCompletionDateStep7>2009-2010</PlannedCompletionDateStep7>
        <TotalAssessmentExpenditure>0.00</TotalAssessmentExpenditure>
        <TotalRemediationExpenditure>0.00</TotalRemediationExpenditure>
        <TotalCareMaintenanceExpenditure>0.00</TotalCareMaintenanceExpenditure>
        <TotalMonitoringExpenditure>0.00</TotalMonitoringExpenditure>
        <FCSAPAssessmentExpenditure>0.00</FCSAPAssessmentExpenditure>
        <FCSAPRemediationExpenditure>0.00</FCSAPRemediationExpenditure>
        <FCSAPCareMaintenanceExpenditure>0.00</FCSAPCareMaintenanceExpenditure>
        <FCSAPMonitoringExpenditure>0.00</FCSAPMonitoringExpenditure>
        <RemediationAmounts>
          <CubicMetres>0.0000</CubicMetres>
          <Hectares>0.0000</Hectares>
          <Tons>0.0000</Tons>
        </RemediationAmounts>
        <Closed>0</Closed>
      </AnnualData>
      <AnnualData FiscalYear="2007-2008" ReportingOrganization="NCC">
        <HighestStepCompleted>04</HighestStepCompleted>
        <TotalAssessmentExpenditure>7850.00</TotalAssessmentExpenditure>
        <TotalRemediationExpenditure>0.00</TotalRemediationExpenditure>
        <TotalCareMaintenanceExpenditure>0.00</TotalCareMaintenanceExpenditure>
        <TotalMonitoringExpenditure>0.00</TotalMonitoringExpenditure>
        <FCSAPAssessmentExpenditure>6280.00</FCSAPAssessmentExpenditure>
        <FCSAPRemediationExpenditure>0.00</FCSAPRemediationExpenditure>
        <FCSAPCareMaintenanceExpenditure>0.00</FCSAPCareMaintenanceExpenditure>
        <FCSAPMonitoringExpenditure>0.00</FCSAPMonitoringExpenditure>
        <RemediationAmounts>
          <CubicMetres>0.0000</CubicMetres>
          <Hectares>2.2000</Hectares>
          <Tons>0.0000</Tons>
        </RemediationAmounts>
        <Closed>0</Closed>
      </AnnualData>
      <AnnualData FiscalYear="2006-2007" ReportingOrganization="NCC">
        <HighestStepCompleted>01</HighestStepCompleted>
        <TotalAssessmentExpenditure>31774.00</TotalAssessmentExpenditure>
        <TotalRemediationExpenditure>0.00</TotalRemediationExpenditure>
        <TotalCareMaintenanceExpenditure>0.00</TotalCareMaintenanceExpenditure>
        <TotalMonitoringExpenditure>0.00</TotalMonitoringExpenditure>
        <FCSAPAssessmentExpenditure>25419.20</FCSAPAssessmentExpenditure>
        <FCSAPRemediationExpenditure>0.00</FCSAPRemediationExpenditure>
        <FCSAPCareMaintenanceExpenditure>0.00</FCSAPCareMaintenanceExpenditure>
        <FCSAPMonitoringExpenditure>0.00</FCSAPMonitoringExpenditure>
        <RemediationAmounts>
          <CubicMetres>0.0000</CubicMetres>
          <Hectares>0.0000</Hectares>
          <Tons>0.0000</Tons>
        </RemediationAmounts>
        <Closed>0</Closed>
      </AnnualData>
      <AnnualData FiscalYear="2005-2006" ReportingOrganization="NCC">
        <HighestStepCompleted>01</HighestStepCompleted>
        <TotalAssessmentExpenditure>0.00</TotalAssessmentExpenditure>
        <TotalRemediationExpenditure>0.00</TotalRemediationExpenditure>
        <TotalCareMaintenanceExpenditure>0.00</TotalCareMaintenanceExpenditure>
        <TotalMonitoringExpenditure>0.00</TotalMonitoringExpenditure>
        <FCSAPAssessmentExpenditure>0.00</FCSAPAssessmentExpenditure>
        <FCSAPRemediationExpenditure>0.00</FCSAPRemediationExpenditure>
        <FCSAPCareMaintenanceExpenditure>0.00</FCSAPCareMaintenanceExpenditure>
        <FCSAPMonitoringExpenditure>0.00</FCSAPMonitoringExpenditure>
        <RemediationAmounts>
          <CubicMetres>0.0000</CubicMetres>
          <Hectares>0.0000</Hectares>
          <Tons>0.0000</Tons>
        </RemediationAmounts>
        <Closed>0</Closed>
      </AnnualData>
    </Site>
    <Site FederalSiteIdentifier="00000003" ReportingOrganization="NCC" Created="2006-01-24T15:25:00" LastModified="2013-07-26T15:40:41.743">
      <Name>
        <EN xml:lang="en">Nepean Bay / LeBreton Flats</EN>
        <FR xml:lang="fr">la baie Nepean / plaines LeBreton</FR>
      </Name>
      <SiteStatus>
        <Status>
          <EN xml:lang="en">Closed</EN>
          <FR xml:lang="fr">Fermé</FR>
        </Status>
        <Description>
          <EN xml:lang="en" />
          <FR xml:lang="fr" />
        </Description>
      </SiteStatus>
      <Classification>
        <Code>2</Code>
        <Name>
          <EN xml:lang="en">Medium Priority for Action</EN>
          <FR xml:lang="fr">Priorité d’intervention moyenne</FR>
        </Name>
      </Classification>
      <PropertyNumber>02662</PropertyNumber>
      <ReasonForFederalInvolvement>
        <EN xml:lang="en">Federal Real Property</EN>
        <FR xml:lang="fr">Biens immobiliers fédéraux</FR>
      </ReasonForFederalInvolvement>
      <Location sgc="3506008" fed="062">
        <MiniMapURL>http://www.tbs-sct.gc.ca/fcsi-rscf/minimap.aspx?fsi=00000003</MiniMapURL>
        <Latitude>45.411540</Latitude>
        <Longitude>-75.719880</Longitude>
        <Municipality>Ottawa</Municipality>
        <Province>Ontario</Province>
        <FederalElectoralDistrict>
          <EN xml:lang="en">Ottawa Centre</EN>
          <FR xml:lang="fr">Ottawa-Centre</FR>
        </FederalElectoralDistrict>
        <Country>
          <EN xml:lang="en">Canada</EN>
          <FR xml:lang="fr">Canada</FR>
        </Country>
      </Location>
      <ContaminationDetails>
        <ContaminationEstimates>
          <Hectares>19.4600</Hectares>
        </ContaminationEstimates>
        <ContaminatedMedia>
          <Contamination code="13">
            <EN xml:lang="en">PAHs (polycyclic aromatic hydrocarbon)</EN>
            <FR xml:lang="fr">HAP (hydrocarbures aromatiques polycycliques)</FR>
          </Contamination>
          <Medium code="5">
            <EN xml:lang="en">Soil</EN>
            <FR xml:lang="fr">Sol</FR>
          </Medium>
        </ContaminatedMedia>
        <ContaminatedMedia>
          <Contamination code="21">
            <EN xml:lang="en">Metal, metalloid, and organometallic</EN>
            <FR xml:lang="fr">Métaux, métalloïdes, et organométalliques</FR>
          </Contamination>
          <Medium code="5">
            <EN xml:lang="en">Soil</EN>
            <FR xml:lang="fr">Sol</FR>
          </Medium>
        </ContaminatedMedia>
      </ContaminationDetails>
      <ActionPlan>
        <EN xml:lang="en" />
        <FR xml:lang="fr" />
      </ActionPlan>
      <AdditionalInformation>
        <EN xml:lang="en" />
        <FR xml:lang="fr" />
      </AdditionalInformation>
      <PopulationCounts>
        <KM1>9029</KM1>
        <KM5>208416</KM5>
        <KM10>622595</KM10>
        <KM25>1152372</KM25>
        <KM50>1352829</KM50>
      </PopulationCounts>
      <AnnualData FiscalYear="2009-2010" ReportingOrganization="NCC">
        <HighestStepCompleted>05</HighestStepCompleted>
        <TotalAssessmentExpenditure>0.00</TotalAssessmentExpenditure>
        <TotalRemediationExpenditure>0.00</TotalRemediationExpenditure>
        <TotalCareMaintenanceExpenditure>0.00</TotalCareMaintenanceExpenditure>
        <TotalMonitoringExpenditure>0.00</TotalMonitoringExpenditure>
        <FCSAPAssessmentExpenditure>0.00</FCSAPAssessmentExpenditure>
        <FCSAPRemediationExpenditure>0.00</FCSAPRemediationExpenditure>
        <FCSAPCareMaintenanceExpenditure>0.00</FCSAPCareMaintenanceExpenditure>
        <FCSAPMonitoringExpenditure>0.00</FCSAPMonitoringExpenditure>
        <RemediationAmounts>
          <CubicMetres>0.0000</CubicMetres>
          <Hectares>0.0000</Hectares>
          <Tons>0.0000</Tons>
        </RemediationAmounts>
        <Closed>1</Closed>
      </AnnualData>
      <AnnualData FiscalYear="2008-2009" ReportingOrganization="NCC">
        <HighestStepCompleted>05</HighestStepCompleted>
        <TotalAssessmentExpenditure>14727.46</TotalAssessmentExpenditure>
        <TotalRemediationExpenditure>0.00</TotalRemediationExpenditure>
        <TotalCareMaintenanceExpenditure>0.00</TotalCareMaintenanceExpenditure>
        <TotalMonitoringExpenditure>0.00</TotalMonitoringExpenditure>
        <FCSAPAssessmentExpenditure>11781.97</FCSAPAssessmentExpenditure>
        <FCSAPRemediationExpenditure>0.00</FCSAPRemediationExpenditure>
        <FCSAPCareMaintenanceExpenditure>0.00</FCSAPCareMaintenanceExpenditure>
        <FCSAPMonitoringExpenditure>0.00</FCSAPMonitoringExpenditure>
        <RemediationAmounts>
          <CubicMetres>0.0000</CubicMetres>
          <Hectares>0.0000</Hectares>
          <Tons>0.0000</Tons>
        </RemediationAmounts>
        <Closed>0</Closed>
      </AnnualData>
      <AnnualData FiscalYear="2007-2008" ReportingOrganization="NCC">
        <HighestStepCompleted>05</HighestStepCompleted>
        <TotalAssessmentExpenditure>9441.00</TotalAssessmentExpenditure>
        <TotalRemediationExpenditure>0.00</TotalRemediationExpenditure>
        <TotalCareMaintenanceExpenditure>0.00</TotalCareMaintenanceExpenditure>
        <TotalMonitoringExpenditure>0.00</TotalMonitoringExpenditure>
        <FCSAPAssessmentExpenditure>7552.80</FCSAPAssessmentExpenditure>
        <FCSAPRemediationExpenditure>0.00</FCSAPRemediationExpenditure>
        <FCSAPCareMaintenanceExpenditure>0.00</FCSAPCareMaintenanceExpenditure>
        <FCSAPMonitoringExpenditure>0.00</FCSAPMonitoringExpenditure>
        <RemediationAmounts>
          <CubicMetres>0.0000</CubicMetres>
          <Hectares>19.4615</Hectares>
          <Tons>0.0000</Tons>
        </RemediationAmounts>
        <Closed>0</Closed>
      </AnnualData>
      <AnnualData FiscalYear="2006-2007" ReportingOrganization="NCC">
        <HighestStepCompleted>04</HighestStepCompleted>
        <TotalAssessmentExpenditure>92900.00</TotalAssessmentExpenditure>
        <TotalRemediationExpenditure>0.00</TotalRemediationExpenditure>
        <TotalCareMaintenanceExpenditure>0.00</TotalCareMaintenanceExpenditure>
        <TotalMonitoringExpenditure>0.00</TotalMonitoringExpenditure>
        <FCSAPAssessmentExpenditure>74320.00</FCSAPAssessmentExpenditure>
        <FCSAPRemediationExpenditure>0.00</FCSAPRemediationExpenditure>
        <FCSAPCareMaintenanceExpenditure>0.00</FCSAPCareMaintenanceExpenditure>
        <FCSAPMonitoringExpenditure>0.00</FCSAPMonitoringExpenditure>
        <RemediationAmounts>
          <CubicMetres>0.0000</CubicMetres>
          <Hectares>0.0000</Hectares>
          <Tons>0.0000</Tons>
        </RemediationAmounts>
        <Closed>0</Closed>
      </AnnualData>
      <AnnualData FiscalYear="2005-2006" ReportingOrganization="NCC">
        <HighestStepCompleted>01</HighestStepCompleted>
        <TotalAssessmentExpenditure>0.00</TotalAssessmentExpenditure>
        <TotalRemediationExpenditure>0.00</TotalRemediationExpenditure>
        <TotalCareMaintenanceExpenditure>0.00</TotalCareMaintenanceExpenditure>
        <TotalMonitoringExpenditure>0.00</TotalMonitoringExpenditure>
        <FCSAPAssessmentExpenditure>0.00</FCSAPAssessmentExpenditure>
        <FCSAPRemediationExpenditure>0.00</FCSAPRemediationExpenditure>
        <FCSAPCareMaintenanceExpenditure>0.00</FCSAPCareMaintenanceExpenditure>
        <FCSAPMonitoringExpenditure>0.00</FCSAPMonitoringExpenditure>
        <RemediationAmounts>
          <CubicMetres>0.0000</CubicMetres>
          <Hectares>0.0000</Hectares>
          <Tons>0.0000</Tons>
        </RemediationAmounts>
        <Closed>0</Closed>
      </AnnualData>
    </Site>
    <Site FederalSiteIdentifier="00000004" ReportingOrganization="NCC" Created="2006-01-24T15:25:00" LastModified="2015-05-20T09:40:32.010">
      <Name>
        <EN xml:lang="en">LeBreton Flats</EN>
        <FR xml:lang="fr">des plaines LeBreton</FR>
      </Name>
      <SiteStatus>
        <Status>
          <EN xml:lang="en">Closed</EN>
          <FR xml:lang="fr">Fermé</FR>
        </Status>
        <Description>
          <EN xml:lang="en">Detailed testing completed. No further action required.</EN>
          <FR xml:lang="fr">Analyse détaillée terminée. Aucune autre mesure nécessaire.</FR>
        </Description>
      </SiteStatus>
      <Classification>
        <Code>2</Code>
        <Name>
          <EN xml:lang="en">Medium Priority for Action</EN>
          <FR xml:lang="fr">Priorité d’intervention moyenne</FR>
        </Name>
      </Classification>
      <PropertyNumber>02715</PropertyNumber>
      <ReasonForFederalInvolvement>
        <EN xml:lang="en">Federal activities</EN>
        <FR xml:lang="fr">Activités fédérales</FR>
      </ReasonForFederalInvolvement>
      <Location sgc="3506008" fed="062">
        <MiniMapURL>http://www.tbs-sct.gc.ca/fcsi-rscf/minimap.aspx?fsi=00000004</MiniMapURL>
        <Latitude>45.415360</Latitude>
        <Longitude>-75.710850</Longitude>
        <Municipality>Ottawa</Municipality>
        <Province>Ontario</Province>
        <FederalElectoralDistrict>
          <EN xml:lang="en">Ottawa Centre</EN>
          <FR xml:lang="fr">Ottawa-Centre</FR>
        </FederalElectoralDistrict>
        <Country>
          <EN xml:lang="en">Canada</EN>
          <FR xml:lang="fr">Canada</FR>
        </Country>
      </Location>
      <ManagementStrategy>
        <ManagementType code="3">
          <EN xml:lang="en">Continous Monitoring</EN>
          <FR xml:lang="fr">Surveillance constante</FR>
        </ManagementType>
        <ManagementType code="5">
          <EN xml:lang="en">Additional assessment</EN>
          <FR xml:lang="fr">Évaluation complémentaire</FR>
        </ManagementType>
      </ManagementStrategy>
      <ContaminationDetails>
        <ContaminationEstimates>
          <Hectares>0.4000</Hectares>
        </ContaminationEstimates>
        <ContaminatedMedia>
          <Contamination code="11">
            <EN xml:lang="en">PHCs (petroleum hydrocarbons)</EN>
            <FR xml:lang="fr">HCP (hydrocarbures pétroliers)</FR>
          </Contamination>
          <Medium code="5">
            <EN xml:lang="en">Soil</EN>
            <FR xml:lang="fr">Sol</FR>
          </Medium>
        </ContaminatedMedia>
        <ContaminatedMedia>
          <Contamination code="13">
            <EN xml:lang="en">PAHs (polycyclic aromatic hydrocarbon)</EN>
            <FR xml:lang="fr">HAP (hydrocarbures aromatiques polycycliques)</FR>
          </Contamination>
          <Medium code="2">
            <EN xml:lang="en">Groundwater</EN>
            <FR xml:lang="fr">Eau souterraine</FR>
          </Medium>
        </ContaminatedMedia>
        <ContaminatedMedia>
          <Contamination code="13">
            <EN xml:lang="en">PAHs (polycyclic aromatic hydrocarbon)</EN>
            <FR xml:lang="fr">HAP (hydrocarbures aromatiques polycycliques)</FR>
          </Contamination>
          <Medium code="5">
            <EN xml:lang="en">Soil</EN>
            <FR xml:lang="fr">Sol</FR>
          </Medium>
        </ContaminatedMedia>
        <ContaminatedMedia>
          <Contamination code="21">
            <EN xml:lang="en">Metal, metalloid, and organometallic</EN>
            <FR xml:lang="fr">Métaux, métalloïdes, et organométalliques</FR>
          </Contamination>
          <Medium code="2">
            <EN xml:lang="en">Groundwater</EN>
            <FR xml:lang="fr">Eau souterraine</FR>
          </Medium>
        </ContaminatedMedia>
        <ContaminatedMedia>
          <Contamination code="21">
            <EN xml:lang="en">Metal, metalloid, and organometallic</EN>
            <FR xml:lang="fr">Métaux, métalloïdes, et organométalliques</FR>
          </Contamination>
          <Medium code="5">
            <EN xml:lang="en">Soil</EN>
            <FR xml:lang="fr">Sol</FR>
          </Medium>
        </ContaminatedMedia>
      </ContaminationDetails>
      <ActionPlan>
        <EN xml:lang="en">Phase III ESA and PQRA study is currrently under review by Health Canada and Environment Canada.</EN>
        <FR xml:lang="fr">Les études préliminaires quantitatives de risque et de Phase III sont actuellement revues par Santé et Environnement Canada.
</FR>
      </ActionPlan>
      <AdditionalInformation>
        <EN xml:lang="en" />
        <FR xml:lang="fr" />
      </AdditionalInformation>
      <PopulationCounts>
        <KM1>13927</KM1>
        <KM5>216058</KM5>
        <KM10>617226</KM10>
        <KM25>1145146</KM25>
        <KM50>1351335</KM50>
      </PopulationCounts>
      <AnnualData FiscalYear="2014-2015" ReportingOrganization="NCC">
        <HighestStepCompleted>06</HighestStepCompleted>
        <TotalAssessmentExpenditure>0.00</TotalAssessmentExpenditure>
        <TotalRemediationExpenditure>0.00</TotalRemediationExpenditure>
        <TotalCareMaintenanceExpenditure>0.00</TotalCareMaintenanceExpenditure>
        <TotalMonitoringExpenditure>0.00</TotalMonitoringExpenditure>
        <FCSAPAssessmentExpenditure>0.00</FCSAPAssessmentExpenditure>
        <FCSAPRemediationExpenditure>0.00</FCSAPRemediationExpenditure>
        <FCSAPCareMaintenanceExpenditure>0.00</FCSAPCareMaintenanceExpenditure>
        <FCSAPMonitoringExpenditure>0.00</FCSAPMonitoringExpenditure>
        <RemediationAmounts>
          <CubicMetres>0.0000</CubicMetres>
          <Hectares>0.0000</Hectares>
          <Tons>0.0000</Tons>
        </RemediationAmounts>
        <Closed>1</Closed>
      </AnnualData>
      <AnnualData FiscalYear="2013-2014" ReportingOrganization="NCC">
        <HighestStepCompleted>06</HighestStepCompleted>
        <PlannedCompletionDateStep7>2015-2016</PlannedCompletionDateStep7>
        <PlannedCompletionDateStep8>2016-2017</PlannedCompletionDateStep8>
        <PlannedCompletionDateStep9>2017-2018</PlannedCompletionDateStep9>
        <TotalAssessmentExpenditure>0.00</TotalAssessmentExpenditure>
        <TotalRemediationExpenditure>0.00</TotalRemediationExpenditure>
        <TotalCareMaintenanceExpenditure>0.00</TotalCareMaintenanceExpenditure>
        <TotalMonitoringExpenditure>0.00</TotalMonitoringExpenditure>
        <FCSAPAssessmentExpenditure>0.00</FCSAPAssessmentExpenditure>
        <FCSAPRemediationExpenditure>0.00</FCSAPRemediationExpenditure>
        <FCSAPCareMaintenanceExpenditure>0.00</FCSAPCareMaintenanceExpenditure>
        <FCSAPMonitoringExpenditure>0.00</FCSAPMonitoringExpenditure>
        <RemediationAmounts>
          <CubicMetres>0.0000</CubicMetres>
          <Hectares>0.0000</Hectares>
          <Tons>0.0000</Tons>
        </RemediationAmounts>
        <Closed>0</Closed>
      </AnnualData>
      <AnnualData FiscalYear="2012-2013" ReportingOrganization="NCC">
        <HighestStepCompleted>06</HighestStepCompleted>
        <TotalAssessmentExpenditure>916.00</TotalAssessmentExpenditure>
        <TotalRemediationExpenditure>0.00</TotalRemediationExpenditure>
        <TotalCareMaintenanceExpenditure>0.00</TotalCareMaintenanceExpenditure>
        <TotalMonitoringExpenditure>0.00</TotalMonitoringExpenditure>
        <FCSAPAssessmentExpenditure>732.80</FCSAPAssessmentExpenditure>
        <FCSAPRemediationExpenditure>0.00</FCSAPRemediationExpenditure>
        <FCSAPCareMaintenanceExpenditure>0.00</FCSAPCareMaintenanceExpenditure>
        <FCSAPMonitoringExpenditure>0.00</FCSAPMonitoringExpenditure>
        <RemediationAmounts>
          <CubicMetres>0.0000</CubicMetres>
          <Hectares>0.0000</Hectares>
          <Tons>0.0000</Tons>
        </RemediationAmounts>
        <Closed>0</Closed>
      </AnnualData>
      <AnnualData FiscalYear="2011-2012" ReportingOrganization="NCC">
        <HighestStepCompleted>06</HighestStepCompleted>
        <TotalAssessmentExpenditure>17557.00</TotalAssessmentExpenditure>
        <TotalRemediationExpenditure>0.00</TotalRemediationExpenditure>
        <TotalCareMaintenanceExpenditure>0.00</TotalCareMaintenanceExpenditure>
        <TotalMonitoringExpenditure>0.00</TotalMonitoringExpenditure>
        <FCSAPAssessmentExpenditure>14045.60</FCSAPAssessmentExpenditure>
        <FCSAPRemediationExpenditure>0.00</FCSAPRemediationExpenditure>
        <FCSAPCareMaintenanceExpenditure>0.00</FCSAPCareMaintenanceExpenditure>
        <FCSAPMonitoringExpenditure>0.00</FCSAPMonitoringExpenditure>
        <RemediationAmounts>
          <CubicMetres>0.0000</CubicMetres>
          <Hectares>0.0000</Hectares>
          <Tons>0.0000</Tons>
        </RemediationAmounts>
        <Closed>0</Closed>
      </AnnualData>
      <AnnualData FiscalYear="2010-2011" ReportingOrganization="NCC">
        <HighestStepCompleted>04</HighestStepCompleted>
        <TotalAssessmentExpenditure>0.00</TotalAssessmentExpenditure>
        <TotalRemediationExpenditure>0.00</TotalRemediationExpenditure>
        <TotalCareMaintenanceExpenditure>0.00</TotalCareMaintenanceExpenditure>
        <TotalMonitoringExpenditure>0.00</TotalMonitoringExpenditure>
        <FCSAPAssessmentExpenditure>0.00</FCSAPAssessmentExpenditure>
        <FCSAPRemediationExpenditure>0.00</FCSAPRemediationExpenditure>
        <FCSAPCareMaintenanceExpenditure>0.00</FCSAPCareMaintenanceExpenditure>
        <FCSAPMonitoringExpenditure>0.00</FCSAPMonitoringExpenditure>
        <RemediationAmounts>
          <CubicMetres>0.0000</CubicMetres>
          <Hectares>0.0000</Hectares>
          <Tons>0.0000</Tons>
        </RemediationAmounts>
        <Closed>0</Closed>
      </AnnualData>
      <AnnualData FiscalYear="2009-2010" ReportingOrganization="NCC">
        <HighestStepCompleted>04</HighestStepCompleted>
        <TotalAssessmentExpenditure>1101.00</TotalAssessmentExpenditure>
        <TotalRemediationExpenditure>0.00</TotalRemediationExpenditure>
        <TotalCareMaintenanceExpenditure>0.00</TotalCareMaintenanceExpenditure>
        <TotalMonitoringExpenditure>0.00</TotalMonitoringExpenditure>
        <FCSAPAssessmentExpenditure>1101.00</FCSAPAssessmentExpenditure>
        <FCSAPRemediationExpenditure>0.00</FCSAPRemediationExpenditure>
        <FCSAPCareMaintenanceExpenditure>0.00</FCSAPCareMaintenanceExpenditure>
        <FCSAPMonitoringExpenditure>0.00</FCSAPMonitoringExpenditure>
        <RemediationAmounts>
          <CubicMetres>0.0000</CubicMetres>
          <Hectares>0.0000</Hectares>
          <Tons>0.0000</Tons>
        </RemediationAmounts>
        <Closed>0</Closed>
      </AnnualData>
      <AnnualData FiscalYear="2008-2009" ReportingOrganization="NCC">
        <HighestStepCompleted>04</HighestStepCompleted>
        <TotalAssessmentExpenditure>0.00</TotalAssessmentExpenditure>
        <TotalRemediationExpenditure>1421.70</TotalRemediationExpenditure>
        <TotalCareMaintenanceExpenditure>0.00</TotalCareMaintenanceExpenditure>
        <TotalMonitoringExpenditure>0.00</TotalMonitoringExpenditure>
        <FCSAPAssessmentExpenditure>0.00</FCSAPAssessmentExpenditure>
        <FCSAPRemediationExpenditure>1137.36</FCSAPRemediationExpenditure>
        <FCSAPCareMaintenanceExpenditure>0.00</FCSAPCareMaintenanceExpenditure>
        <FCSAPMonitoringExpenditure>0.00</FCSAPMonitoringExpenditure>
        <RemediationAmounts>
          <CubicMetres>0.0000</CubicMetres>
          <Hectares>0.0000</Hectares>
          <Tons>0.0000</Tons>
        </RemediationAmounts>
        <Closed>0</Closed>
      </AnnualData>
      <AnnualData FiscalYear="2007-2008" ReportingOrganization="NCC">
        <HighestStepCompleted>04</HighestStepCompleted>
        <TotalAssessmentExpenditure>1360.00</TotalAssessmentExpenditure>
        <TotalRemediationExpenditure>0.00</TotalRemediationExpenditure>
        <TotalCareMaintenanceExpenditure>0.00</TotalCareMaintenanceExpenditure>
        <TotalMonitoringExpenditure>0.00</TotalMonitoringExpenditure>
        <FCSAPAssessmentExpenditure>1088.00</FCSAPAssessmentExpenditure>
        <FCSAPRemediationExpenditure>0.00</FCSAPRemediationExpenditure>
        <FCSAPCareMaintenanceExpenditure>0.00</FCSAPCareMaintenanceExpenditure>
        <FCSAPMonitoringExpenditure>0.00</FCSAPMonitoringExpenditure>
        <RemediationAmounts>
          <CubicMetres>0.0000</CubicMetres>
          <Hectares>0.4000</Hectares>
          <Tons>0.0000</Tons>
        </RemediationAmounts>
        <Closed>0</Closed>
      </AnnualData>
      <AnnualData FiscalYear="2006-2007" ReportingOrganization="NCC">
        <HighestStepCompleted>04</HighestStepCompleted>
        <TotalAssessmentExpenditure>6990.00</TotalAssessmentExpenditure>
        <TotalRemediationExpenditure>0.00</TotalRemediationExpenditure>
        <TotalCareMaintenanceExpenditure>0.00</TotalCareMaintenanceExpenditure>
        <TotalMonitoringExpenditure>0.00</TotalMonitoringExpenditure>
        <FCSAPAssessmentExpenditure>5592.00</FCSAPAssessmentExpenditure>
        <FCSAPRemediationExpenditure>0.00</FCSAPRemediationExpenditure>
        <FCSAPCareMaintenanceExpenditure>0.00</FCSAPCareMaintenanceExpenditure>
        <FCSAPMonitoringExpenditure>0.00</FCSAPMonitoringExpenditure>
        <RemediationAmounts>
          <CubicMetres>0.0000</CubicMetres>
          <Hectares>0.0000</Hectares>
          <Tons>0.0000</Tons>
        </RemediationAmounts>
        <Closed>0</Closed>
      </AnnualData>
      <AnnualData FiscalYear="2005-2006" ReportingOrganization="NCC">
        <HighestStepCompleted>01</HighestStepCompleted>
        <TotalAssessmentExpenditure>0.00</TotalAssessmentExpenditure>
        <TotalRemediationExpenditure>0.00</TotalRemediationExpenditure>
        <TotalCareMaintenanceExpenditure>0.00</TotalCareMaintenanceExpenditure>
        <TotalMonitoringExpenditure>0.00</TotalMonitoringExpenditure>
        <FCSAPAssessmentExpenditure>0.00</FCSAPAssessmentExpenditure>
        <FCSAPRemediationExpenditure>0.00</FCSAPRemediationExpenditure>
        <FCSAPCareMaintenanceExpenditure>0.00</FCSAPCareMaintenanceExpenditure>
        <FCSAPMonitoringExpenditure>0.00</FCSAPMonitoringExpenditure>
        <RemediationAmounts>
          <CubicMetres>0.0000</CubicMetres>
          <Hectares>0.0000</Hectares>
          <Tons>0.0000</Tons>
        </RemediationAmounts>
        <Closed>0</Closed>
      </AnnualData>
    </Site>
    <Site FederalSiteIdentifier="00000006" ReportingOrganization="NCC" Created="2006-01-24T15:26:00" LastModified="2015-06-12T16:47:49.783">
      <Name>
        <EN xml:lang="en">LeBreton Flats</EN>
        <FR xml:lang="fr">des plaines LeBreton</FR>
      </Name>
      <SiteStatus>
        <Status>
          <EN xml:lang="en">Active</EN>
          <FR xml:lang="fr">Active</FR>
        </Status>
        <Description>
          <EN xml:lang="en">Detailed testing completed. Remedial action plan under development.</EN>
          <FR xml:lang="fr">Analyse détaillée terminée. Élaboration du plan d’assainissement en cours.</FR>
        </Description>
      </SiteStatus>
      <Classification>
        <Code>2</Code>
        <Name>
          <EN xml:lang="en">Medium Priority for Action</EN>
          <FR xml:lang="fr">Priorité d’intervention moyenne</FR>
        </Name>
      </Classification>
      <PropertyNumber>02723</PropertyNumber>
      <ReasonForFederalInvolvement>
        <EN xml:lang="en">Federal Real Property</EN>
        <FR xml:lang="fr">Biens immobiliers fédéraux</FR>
      </ReasonForFederalInvolvement>
      <Location sgc="3506008" fed="062">
        <MiniMapURL>http://www.tbs-sct.gc.ca/fcsi-rscf/minimap.aspx?fsi=00000006</MiniMapURL>
        <Latitude>45.414870</Latitude>
        <Longitude>-75.709380</Longitude>
        <Municipality>Ottawa</Municipality>
        <Province>Ontario</Province>
        <FederalElectoralDistrict>
          <EN xml:lang="en">Ottawa Centre</EN>
          <FR xml:lang="fr">Ottawa-Centre</FR>
        </FederalElectoralDistrict>
        <Country>
          <EN xml:lang="en">Canada</EN>
          <FR xml:lang="fr">Canada</FR>
        </Country>
      </Location>
      <ManagementStrategy>
        <ManagementType code="3">
          <EN xml:lang="en">Continous Monitoring</EN>
          <FR xml:lang="fr">Surveillance constante</FR>
        </ManagementType>
        <ManagementType code="5">
          <EN xml:lang="en">Additional assessment</EN>
          <FR xml:lang="fr">Évaluation complémentaire</FR>
        </ManagementType>
      </ManagementStrategy>
      <ContaminationDetails>
        <ContaminationEstimates>
          <Hectares>0.6096</Hectares>
        </ContaminationEstimates>
        <ContaminatedMedia>
          <Contamination code="11">
            <EN xml:lang="en">PHCs (petroleum hydrocarbons)</EN>
            <FR xml:lang="fr">HCP (hydrocarbures pétroliers)</FR>
          </Contamination>
          <Medium code="5">
            <EN xml:lang="en">Soil</EN>
            <FR xml:lang="fr">Sol</FR>
          </Medium>
        </ContaminatedMedia>
        <ContaminatedMedia>
          <Contamination code="13">
            <EN xml:lang="en">PAHs (polycyclic aromatic hydrocarbon)</EN>
            <FR xml:lang="fr">HAP (hydrocarbures aromatiques polycycliques)</FR>
          </Contamination>
          <Medium code="2">
            <EN xml:lang="en">Groundwater</EN>
            <FR xml:lang="fr">Eau souterraine</FR>
          </Medium>
        </ContaminatedMedia>
        <ContaminatedMedia>
          <Contamination code="13">
            <EN xml:lang="en">PAHs (polycyclic aromatic hydrocarbon)</EN>
            <FR xml:lang="fr">HAP (hydrocarbures aromatiques polycycliques)</FR>
          </Contamination>
          <Medium code="5">
            <EN xml:lang="en">Soil</EN>
            <FR xml:lang="fr">Sol</FR>
          </Medium>
        </ContaminatedMedia>
        <ContaminatedMedia>
          <Contamination code="21">
            <EN xml:lang="en">Metal, metalloid, and organometallic</EN>
            <FR xml:lang="fr">Métaux, métalloïdes, et organométalliques</FR>
          </Contamination>
          <Medium code="2">
            <EN xml:lang="en">Groundwater</EN>
            <FR xml:lang="fr">Eau souterraine</FR>
          </Medium>
        </ContaminatedMedia>
        <ContaminatedMedia>
          <Contamination code="21">
            <EN xml:lang="en">Metal, metalloid, and organometallic</EN>
            <FR xml:lang="fr">Métaux, métalloïdes, et organométalliques</FR>
          </Contamination>
          <Medium code="5">
            <EN xml:lang="en">Soil</EN>
            <FR xml:lang="fr">Sol</FR>
          </Medium>
        </ContaminatedMedia>
      </ContaminationDetails>
      <ActionPlan>
        <EN xml:lang="en">Phase III ESA and PQRA study is currrently under review by Health Canada and Environment Canada.</EN>
        <FR xml:lang="fr">Les études préliminaires quantitatives de risque et de Phase III sont actuellement revues par Santé et Environnement Canada.
</FR>
      </ActionPlan>
      <AdditionalInformation>
        <EN xml:lang="en" />
        <FR xml:lang="fr" />
      </AdditionalInformation>
      <PopulationCounts>
        <KM1>16343</KM1>
        <KM5>217190</KM5>
        <KM10>616995</KM10>
        <KM25>1144826</KM25>
        <KM50>1351243</KM50>
      </PopulationCounts>
      <AnnualData FiscalYear="2014-2015" ReportingOrganization="NCC">
        <HighestStepCompleted>06</HighestStepCompleted>
        <TotalAssessmentExpenditure>0.00</TotalAssessmentExpenditure>
        <TotalRemediationExpenditure>0.00</TotalRemediationExpenditure>
        <TotalCareMaintenanceExpenditure>0.00</TotalCareMaintenanceExpenditure>
        <TotalMonitoringExpenditure>0.00</TotalMonitoringExpenditure>
        <FCSAPAssessmentExpenditure>0.00</FCSAPAssessmentExpenditure>
        <FCSAPRemediationExpenditure>0.00</FCSAPRemediationExpenditure>
        <FCSAPCareMaintenanceExpenditure>0.00</FCSAPCareMaintenanceExpenditure>
        <FCSAPMonitoringExpenditure>0.00</FCSAPMonitoringExpenditure>
        <RemediationAmounts>
          <CubicMetres>0.0000</CubicMetres>
          <Hectares>0.0000</Hectares>
          <Tons>0.0000</Tons>
        </RemediationAmounts>
        <Closed>0</Closed>
      </AnnualData>
      <AnnualData FiscalYear="2013-2014" ReportingOrganization="NCC">
        <HighestStepCompleted>06</HighestStepCompleted>
        <PlannedCompletionDateStep7>2015-2016</PlannedCompletionDateStep7>
        <PlannedCompletionDateStep8>2016-2017</PlannedCompletionDateStep8>
        <PlannedCompletionDateStep9>2017-2018</PlannedCompletionDateStep9>
        <TotalAssessmentExpenditure>0.00</TotalAssessmentExpenditure>
        <TotalRemediationExpenditure>0.00</TotalRemediationExpenditure>
        <TotalCareMaintenanceExpenditure>0.00</TotalCareMaintenanceExpenditure>
        <TotalMonitoringExpenditure>0.00</TotalMonitoringExpenditure>
        <FCSAPAssessmentExpenditure>0.00</FCSAPAssessmentExpenditure>
        <FCSAPRemediationExpenditure>0.00</FCSAPRemediationExpenditure>
        <FCSAPCareMaintenanceExpenditure>0.00</FCSAPCareMaintenanceExpenditure>
        <FCSAPMonitoringExpenditure>0.00</FCSAPMonitoringExpenditure>
        <RemediationAmounts>
          <CubicMetres>0.0000</CubicMetres>
          <Hectares>0.0000</Hectares>
          <Tons>0.0000</Tons>
        </RemediationAmounts>
        <Closed>0</Closed>
      </AnnualData>
      <AnnualData FiscalYear="2012-2013" ReportingOrganization="NCC">
        <HighestStepCompleted>06</HighestStepCompleted>
        <TotalAssessmentExpenditure>916.00</TotalAssessmentExpenditure>
        <TotalRemediationExpenditure>0.00</TotalRemediationExpenditure>
        <TotalCareMaintenanceExpenditure>0.00</TotalCareMaintenanceExpenditure>
        <TotalMonitoringExpenditure>0.00</TotalMonitoringExpenditure>
        <FCSAPAssessmentExpenditure>732.80</FCSAPAssessmentExpenditure>
        <FCSAPRemediationExpenditure>0.00</FCSAPRemediationExpenditure>
        <FCSAPCareMaintenanceExpenditure>0.00</FCSAPCareMaintenanceExpenditure>
        <FCSAPMonitoringExpenditure>0.00</FCSAPMonitoringExpenditure>
        <RemediationAmounts>
          <CubicMetres>0.0000</CubicMetres>
          <Hectares>0.0000</Hectares>
          <Tons>0.0000</Tons>
        </RemediationAmounts>
        <Closed>0</Closed>
      </AnnualData>
      <AnnualData FiscalYear="2011-2012" ReportingOrganization="NCC">
        <HighestStepCompleted>06</HighestStepCompleted>
        <TotalAssessmentExpenditure>17557.00</TotalAssessmentExpenditure>
        <TotalRemediationExpenditure>0.00</TotalRemediationExpenditure>
        <TotalCareMaintenanceExpenditure>0.00</TotalCareMaintenanceExpenditure>
        <TotalMonitoringExpenditure>0.00</TotalMonitoringExpenditure>
        <FCSAPAssessmentExpenditure>14045.60</FCSAPAssessmentExpenditure>
        <FCSAPRemediationExpenditure>0.00</FCSAPRemediationExpenditure>
        <FCSAPCareMaintenanceExpenditure>0.00</FCSAPCareMaintenanceExpenditure>
        <FCSAPMonitoringExpenditure>0.00</FCSAPMonitoringExpenditure>
        <RemediationAmounts>
          <CubicMetres>0.0000</CubicMetres>
          <Hectares>0.0000</Hectares>
          <Tons>0.0000</Tons>
        </RemediationAmounts>
        <Closed>0</Closed>
      </AnnualData>
      <AnnualData FiscalYear="2010-2011" ReportingOrganization="NCC">
        <HighestStepCompleted>04</HighestStepCompleted>
        <TotalAssessmentExpenditure>0.00</TotalAssessmentExpenditure>
        <TotalRemediationExpenditure>0.00</TotalRemediationExpenditure>
        <TotalCareMaintenanceExpenditure>0.00</TotalCareMaintenanceExpenditure>
        <TotalMonitoringExpenditure>0.00</TotalMonitoringExpenditure>
        <FCSAPAssessmentExpenditure>0.00</FCSAPAssessmentExpenditure>
        <FCSAPRemediationExpenditure>0.00</FCSAPRemediationExpenditure>
        <FCSAPCareMaintenanceExpenditure>0.00</FCSAPCareMaintenanceExpenditure>
        <FCSAPMonitoringExpenditure>0.00</FCSAPMonitoringExpenditure>
        <RemediationAmounts>
          <CubicMetres>0.0000</CubicMetres>
          <Hectares>0.0000</Hectares>
          <Tons>0.0000</Tons>
        </RemediationAmounts>
        <Closed>0</Closed>
      </AnnualData>
      <AnnualData FiscalYear="2009-2010" ReportingOrganization="NCC">
        <HighestStepCompleted>04</HighestStepCompleted>
        <TotalAssessmentExpenditure>1101.00</TotalAssessmentExpenditure>
        <TotalRemediationExpenditure>0.00</TotalRemediationExpenditure>
        <TotalCareMaintenanceExpenditure>0.00</TotalCareMaintenanceExpenditure>
        <TotalMonitoringExpenditure>0.00</TotalMonitoringExpenditure>
        <FCSAPAssessmentExpenditure>1101.00</FCSAPAssessmentExpenditure>
        <FCSAPRemediationExpenditure>0.00</FCSAPRemediationExpenditure>
        <FCSAPCareMaintenanceExpenditure>0.00</FCSAPCareMaintenanceExpenditure>
        <FCSAPMonitoringExpenditure>0.00</FCSAPMonitoringExpenditure>
        <RemediationAmounts>
          <CubicMetres>0.0000</CubicMetres>
          <Hectares>0.0000</Hectares>
          <Tons>0.0000</Tons>
        </RemediationAmounts>
        <Closed>0</Closed>
      </AnnualData>
      <AnnualData FiscalYear="2008-2009" ReportingOrganization="NCC">
        <HighestStepCompleted>04</HighestStepCompleted>
        <TotalAssessmentExpenditure>0.00</TotalAssessmentExpenditure>
        <TotalRemediationExpenditure>1421.70</TotalRemediationExpenditure>
        <TotalCareMaintenanceExpenditure>0.00</TotalCareMaintenanceExpenditure>
        <TotalMonitoringExpenditure>0.00</TotalMonitoringExpenditure>
        <FCSAPAssessmentExpenditure>0.00</FCSAPAssessmentExpenditure>
        <FCSAPRemediationExpenditure>1137.36</FCSAPRemediationExpenditure>
        <FCSAPCareMaintenanceExpenditure>0.00</FCSAPCareMaintenanceExpenditure>
        <FCSAPMonitoringExpenditure>0.00</FCSAPMonitoringExpenditure>
        <RemediationAmounts>
          <CubicMetres>0.0000</CubicMetres>
          <Hectares>0.0000</Hectares>
          <Tons>0.0000</Tons>
        </RemediationAmounts>
        <Closed>0</Closed>
      </AnnualData>
      <AnnualData FiscalYear="2007-2008" ReportingOrganization="NCC">
        <HighestStepCompleted>04</HighestStepCompleted>
        <TotalAssessmentExpenditure>2302.00</TotalAssessmentExpenditure>
        <TotalRemediationExpenditure>0.00</TotalRemediationExpenditure>
        <TotalCareMaintenanceExpenditure>0.00</TotalCareMaintenanceExpenditure>
        <TotalMonitoringExpenditure>0.00</TotalMonitoringExpenditure>
        <FCSAPAssessmentExpenditure>1841.60</FCSAPAssessmentExpenditure>
        <FCSAPRemediationExpenditure>0.00</FCSAPRemediationExpenditure>
        <FCSAPCareMaintenanceExpenditure>0.00</FCSAPCareMaintenanceExpenditure>
        <FCSAPMonitoringExpenditure>0.00</FCSAPMonitoringExpenditure>
        <RemediationAmounts>
          <CubicMetres>0.0000</CubicMetres>
          <Hectares>0.6096</Hectares>
          <Tons>0.0000</Tons>
        </RemediationAmounts>
        <Closed>0</Closed>
      </AnnualData>
      <AnnualData FiscalYear="2006-2007" ReportingOrganization="NCC">
        <HighestStepCompleted>04</HighestStepCompleted>
        <TotalAssessmentExpenditure>8318.00</TotalAssessmentExpenditure>
        <TotalRemediationExpenditure>0.00</TotalRemediationExpenditure>
        <TotalCareMaintenanceExpenditure>0.00</TotalCareMaintenanceExpenditure>
        <TotalMonitoringExpenditure>0.00</TotalMonitoringExpenditure>
        <FCSAPAssessmentExpenditure>6654.40</FCSAPAssessmentExpenditure>
        <FCSAPRemediationExpenditure>0.00</FCSAPRemediationExpenditure>
        <FCSAPCareMaintenanceExpenditure>0.00</FCSAPCareMaintenanceExpenditure>
        <FCSAPMonitoringExpenditure>0.00</FCSAPMonitoringExpenditure>
        <RemediationAmounts>
          <CubicMetres>0.0000</CubicMetres>
          <Hectares>0.0000</Hectares>
          <Tons>0.0000</Tons>
        </RemediationAmounts>
        <Closed>0</Closed>
      </AnnualData>
      <AnnualData FiscalYear="2005-2006" ReportingOrganization="NCC">
        <HighestStepCompleted>01</HighestStepCompleted>
        <TotalAssessmentExpenditure>0.00</TotalAssessmentExpenditure>
        <TotalRemediationExpenditure>0.00</TotalRemediationExpenditure>
        <TotalCareMaintenanceExpenditure>0.00</TotalCareMaintenanceExpenditure>
        <TotalMonitoringExpenditure>0.00</TotalMonitoringExpenditure>
        <FCSAPAssessmentExpenditure>0.00</FCSAPAssessmentExpenditure>
        <FCSAPRemediationExpenditure>0.00</FCSAPRemediationExpenditure>
        <FCSAPCareMaintenanceExpenditure>0.00</FCSAPCareMaintenanceExpenditure>
        <FCSAPMonitoringExpenditure>0.00</FCSAPMonitoringExpenditure>
        <RemediationAmounts>
          <CubicMetres>0.0000</CubicMetres>
          <Hectares>0.0000</Hectares>
          <Tons>0.0000</Tons>
        </RemediationAmounts>
        <Closed>0</Closed>
      </AnnualData>
    </Site>
    <Site FederalSiteIdentifier="00000007" ReportingOrganization="NCC" Created="2006-01-24T15:26:00" LastModified="2015-06-12T16:47:49.783">
      <Name>
        <EN xml:lang="en">LeBreton Flats</EN>
        <FR xml:lang="fr">des plaines LeBreton</FR>
      </Name>
      <SiteStatus>
        <Status>
          <EN xml:lang="en">Active</EN>
          <FR xml:lang="fr">Active</FR>
        </Status>
        <Description>
          <EN xml:lang="en">Detailed testing completed. Remedial action plan under development.</EN>
          <FR xml:lang="fr">Analyse détaillée terminée. Élaboration du plan d’assainissement en cours.</FR>
        </Description>
      </SiteStatus>
      <Classification>
        <Code>2</Code>
        <Name>
          <EN xml:lang="en">Medium Priority for Action</EN>
          <FR xml:lang="fr">Priorité d’intervention moyenne</FR>
        </Name>
      </Classification>
      <PropertyNumber>04074</PropertyNumber>
      <ReasonForFederalInvolvement>
        <EN xml:lang="en">Federal Real Property</EN>
        <FR xml:lang="fr">Biens immobiliers fédéraux</FR>
      </ReasonForFederalInvolvement>
      <Location sgc="3506008" fed="062">
        <MiniMapURL>http://www.tbs-sct.gc.ca/fcsi-rscf/minimap.aspx?fsi=00000007</MiniMapURL>
        <Latitude>45.414350</Latitude>
        <Longitude>-75.710770</Longitude>
        <Municipality>Ottawa</Municipality>
        <Province>Ontario</Province>
        <FederalElectoralDistrict>
          <EN xml:lang="en">Ottawa Centre</EN>
          <FR xml:lang="fr">Ottawa-Centre</FR>
        </FederalElectoralDistrict>
        <Country>
          <EN xml:lang="en">Canada</EN>
          <FR xml:lang="fr">Canada</FR>
        </Country>
      </Location>
      <ManagementStrategy>
        <ManagementType code="3">
          <EN xml:lang="en">Continous Monitoring</EN>
          <FR xml:lang="fr">Surveillance constante</FR>
        </ManagementType>
        <ManagementType code="5">
          <EN xml:lang="en">Additional assessment</EN>
          <FR xml:lang="fr">Évaluation complémentaire</FR>
        </ManagementType>
      </ManagementStrategy>
      <ContaminationDetails>
        <ContaminationEstimates>
          <Hectares>0.3555</Hectares>
        </ContaminationEstimates>
        <ContaminatedMedia>
          <Contamination code="11">
            <EN xml:lang="en">PHCs (petroleum hydrocarbons)</EN>
            <FR xml:lang="fr">HCP (hydrocarbures pétroliers)</FR>
          </Contamination>
          <Medium code="5">
            <EN xml:lang="en">Soil</EN>
            <FR xml:lang="fr">Sol</FR>
          </Medium>
        </ContaminatedMedia>
        <ContaminatedMedia>
          <Contamination code="13">
            <EN xml:lang="en">PAHs (polycyclic aromatic hydrocarbon)</EN>
            <FR xml:lang="fr">HAP (hydrocarbures aromatiques polycycliques)</FR>
          </Contamination>
          <Medium code="2">
            <EN xml:lang="en">Groundwater</EN>
            <FR xml:lang="fr">Eau souterraine</FR>
          </Medium>
        </ContaminatedMedia>
        <ContaminatedMedia>
          <Contamination code="13">
            <EN xml:lang="en">PAHs (polycyclic aromatic hydrocarbon)</EN>
            <FR xml:lang="fr">HAP (hydrocarbures aromatiques polycycliques)</FR>
          </Contamination>
          <Medium code="5">
            <EN xml:lang="en">Soil</EN>
            <FR xml:lang="fr">Sol</FR>
          </Medium>
        </ContaminatedMedia>
        <ContaminatedMedia>
          <Contamination code="21">
            <EN xml:lang="en">Metal, metalloid, and organometallic</EN>
            <FR xml:lang="fr">Métaux, métalloïdes, et organométalliques</FR>
          </Contamination>
          <Medium code="2">
            <EN xml:lang="en">Groundwater</EN>
            <FR xml:lang="fr">Eau souterraine</FR>
          </Medium>
        </ContaminatedMedia>
        <ContaminatedMedia>
          <Contamination code="21">
            <EN xml:lang="en">Metal, metalloid, and organometallic</EN>
            <FR xml:lang="fr">Métaux, métalloïdes, et organométalliques</FR>
          </Contamination>
          <Medium code="5">
            <EN xml:lang="en">Soil</EN>
            <FR xml:lang="fr">Sol</FR>
          </Medium>
        </ContaminatedMedia>
      </ContaminationDetails>
      <ActionPlan>
        <EN xml:lang="en">Phase III ESA and PQRA study is currrently under review by Health Canada and Environment Canada.</EN>
        <FR xml:lang="fr">Les études préliminaires quantitatives de risque et de Phase III sont actuellement revues par Santé et Environnement Canada.
</FR>
      </ActionPlan>
      <AdditionalInformation>
        <EN xml:lang="en" />
        <FR xml:lang="fr" />
      </AdditionalInformation>
      <PopulationCounts>
        <KM1>15080</KM1>
        <KM5>216231</KM5>
        <KM10>617914</KM10>
        <KM25>1145746</KM25>
        <KM50>1351457</KM50>
      </PopulationCounts>
      <AnnualData FiscalYear="2014-2015" ReportingOrganization="NCC">
        <HighestStepCompleted>06</HighestStepCompleted>
        <TotalAssessmentExpenditure>0.00</TotalAssessmentExpenditure>
        <TotalRemediationExpenditure>0.00</TotalRemediationExpenditure>
        <TotalCareMaintenanceExpenditure>0.00</TotalCareMaintenanceExpenditure>
        <TotalMonitoringExpenditure>0.00</TotalMonitoringExpenditure>
        <FCSAPAssessmentExpenditure>0.00</FCSAPAssessmentExpenditure>
        <FCSAPRemediationExpenditure>0.00</FCSAPRemediationExpenditure>
        <FCSAPCareMaintenanceExpenditure>0.00</FCSAPCareMaintenanceExpenditure>
        <FCSAPMonitoringExpenditure>0.00</FCSAPMonitoringExpenditure>
        <RemediationAmounts>
          <CubicMetres>0.0000</CubicMetres>
          <Hectares>0.0000</Hectares>
          <Tons>0.0000</Tons>
        </RemediationAmounts>
        <Closed>0</Closed>
      </AnnualData>
      <AnnualData FiscalYear="2013-2014" ReportingOrganization="NCC">
        <HighestStepCompleted>06</HighestStepCompleted>
        <PlannedCompletionDateStep7>2015-2016</PlannedCompletionDateStep7>
        <PlannedCompletionDateStep8>2016-2017</PlannedCompletionDateStep8>
        <PlannedCompletionDateStep9>2017-2018</PlannedCompletionDateStep9>
        <TotalAssessmentExpenditure>0.00</TotalAssessmentExpenditure>
        <TotalRemediationExpenditure>0.00</TotalRemediationExpenditure>
        <TotalCareMaintenanceExpenditure>0.00</TotalCareMaintenanceExpenditure>
        <TotalMonitoringExpenditure>0.00</TotalMonitoringExpenditure>
        <FCSAPAssessmentExpenditure>0.00</FCSAPAssessmentExpenditure>
        <FCSAPRemediationExpenditure>0.00</FCSAPRemediationExpenditure>
        <FCSAPCareMaintenanceExpenditure>0.00</FCSAPCareMaintenanceExpenditure>
        <FCSAPMonitoringExpenditure>0.00</FCSAPMonitoringExpenditure>
        <RemediationAmounts>
          <CubicMetres>0.0000</CubicMetres>
          <Hectares>0.0000</Hectares>
          <Tons>0.0000</Tons>
        </RemediationAmounts>
        <Closed>0</Closed>
      </AnnualData>
      <AnnualData FiscalYear="2012-2013" ReportingOrganization="NCC">
        <HighestStepCompleted>06</HighestStepCompleted>
        <TotalAssessmentExpenditure>916.00</TotalAssessmentExpenditure>
        <TotalRemediationExpenditure>0.00</TotalRemediationExpenditure>
        <TotalCareMaintenanceExpenditure>0.00</TotalCareMaintenanceExpenditure>
        <TotalMonitoringExpenditure>0.00</TotalMonitoringExpenditure>
        <FCSAPAssessmentExpenditure>732.80</FCSAPAssessmentExpenditure>
        <FCSAPRemediationExpenditure>0.00</FCSAPRemediationExpenditure>
        <FCSAPCareMaintenanceExpenditure>0.00</FCSAPCareMaintenanceExpenditure>
        <FCSAPMonitoringExpenditure>0.00</FCSAPMonitoringExpenditure>
        <RemediationAmounts>
          <CubicMetres>0.0000</CubicMetres>
          <Hectares>0.0000</Hectares>
          <Tons>0.0000</Tons>
        </RemediationAmounts>
        <Closed>0</Closed>
      </AnnualData>
      <AnnualData FiscalYear="2011-2012" ReportingOrganization="NCC">
        <HighestStepCompleted>06</HighestStepCompleted>
        <TotalAssessmentExpenditure>17557.00</TotalAssessmentExpenditure>
        <TotalRemediationExpenditure>0.00</TotalRemediationExpenditure>
        <TotalCareMaintenanceExpenditure>0.00</TotalCareMaintenanceExpenditure>
        <TotalMonitoringExpenditure>0.00</TotalMonitoringExpenditure>
        <FCSAPAssessmentExpenditure>14045.60</FCSAPAssessmentExpenditure>
        <FCSAPRemediationExpenditure>0.00</FCSAPRemediationExpenditure>
        <FCSAPCareMaintenanceExpenditure>0.00</FCSAPCareMaintenanceExpenditure>
        <FCSAPMonitoringExpenditure>0.00</FCSAPMonitoringExpenditure>
        <RemediationAmounts>
          <CubicMetres>0.0000</CubicMetres>
          <Hectares>0.0000</Hectares>
          <Tons>0.0000</Tons>
        </RemediationAmounts>
        <Closed>0</Closed>
      </AnnualData>
      <AnnualData FiscalYear="2010-2011" ReportingOrganization="NCC">
        <HighestStepCompleted>04</HighestStepCompleted>
        <TotalAssessmentExpenditure>0.00</TotalAssessmentExpenditure>
        <TotalRemediationExpenditure>0.00</TotalRemediationExpenditure>
        <TotalCareMaintenanceExpenditure>0.00</TotalCareMaintenanceExpenditure>
        <TotalMonitoringExpenditure>0.00</TotalMonitoringExpenditure>
        <FCSAPAssessmentExpenditure>0.00</FCSAPAssessmentExpenditure>
        <FCSAPRemediationExpenditure>0.00</FCSAPRemediationExpenditure>
        <FCSAPCareMaintenanceExpenditure>0.00</FCSAPCareMaintenanceExpenditure>
        <FCSAPMonitoringExpenditure>0.00</FCSAPMonitoringExpenditure>
        <RemediationAmounts>
          <CubicMetres>0.0000</CubicMetres>
          <Hectares>0.0000</Hectares>
          <Tons>0.0000</Tons>
        </RemediationAmounts>
        <Closed>0</Closed>
      </AnnualData>
      <AnnualData FiscalYear="2009-2010" ReportingOrganization="NCC">
        <HighestStepCompleted>04</HighestStepCompleted>
        <TotalAssessmentExpenditure>1101.00</TotalAssessmentExpenditure>
        <TotalRemediationExpenditure>0.00</TotalRemediationExpenditure>
        <TotalCareMaintenanceExpenditure>0.00</TotalCareMaintenanceExpenditure>
        <TotalMonitoringExpenditure>0.00</TotalMonitoringExpenditure>
        <FCSAPAssessmentExpenditure>1101.00</FCSAPAssessmentExpenditure>
        <FCSAPRemediationExpenditure>0.00</FCSAPRemediationExpenditure>
        <FCSAPCareMaintenanceExpenditure>0.00</FCSAPCareMaintenanceExpenditure>
        <FCSAPMonitoringExpenditure>0.00</FCSAPMonitoringExpenditure>
        <RemediationAmounts>
          <CubicMetres>0.0000</CubicMetres>
          <Hectares>0.0000</Hectares>
          <Tons>0.0000</Tons>
        </RemediationAmounts>
        <Closed>0</Closed>
      </AnnualData>
      <AnnualData FiscalYear="2008-2009" ReportingOrganization="NCC">
        <HighestStepCompleted>04</HighestStepCompleted>
        <TotalAssessmentExpenditure>0.00</TotalAssessmentExpenditure>
        <TotalRemediationExpenditure>1421.70</TotalRemediationExpenditure>
        <TotalCareMaintenanceExpenditure>0.00</TotalCareMaintenanceExpenditure>
        <TotalMonitoringExpenditure>0.00</TotalMonitoringExpenditure>
        <FCSAPAssessmentExpenditure>0.00</FCSAPAssessmentExpenditure>
        <FCSAPRemediationExpenditure>1137.36</FCSAPRemediationExpenditure>
        <FCSAPCareMaintenanceExpenditure>0.00</FCSAPCareMaintenanceExpenditure>
        <FCSAPMonitoringExpenditure>0.00</FCSAPMonitoringExpenditure>
        <RemediationAmounts>
          <CubicMetres>0.0000</CubicMetres>
          <Hectares>0.0000</Hectares>
          <Tons>0.0000</Tons>
        </RemediationAmounts>
        <Closed>0</Closed>
      </AnnualData>
      <AnnualData FiscalYear="2007-2008" ReportingOrganization="NCC">
        <HighestStepCompleted>04</HighestStepCompleted>
        <TotalAssessmentExpenditure>844.00</TotalAssessmentExpenditure>
        <TotalRemediationExpenditure>0.00</TotalRemediationExpenditure>
        <TotalCareMaintenanceExpenditure>0.00</TotalCareMaintenanceExpenditure>
        <TotalMonitoringExpenditure>0.00</TotalMonitoringExpenditure>
        <FCSAPAssessmentExpenditure>675.20</FCSAPAssessmentExpenditure>
        <FCSAPRemediationExpenditure>0.00</FCSAPRemediationExpenditure>
        <FCSAPCareMaintenanceExpenditure>0.00</FCSAPCareMaintenanceExpenditure>
        <FCSAPMonitoringExpenditure>0.00</FCSAPMonitoringExpenditure>
        <RemediationAmounts>
          <CubicMetres>0.0000</CubicMetres>
          <Hectares>0.3555</Hectares>
          <Tons>0.0000</Tons>
        </RemediationAmounts>
        <Closed>0</Closed>
      </AnnualData>
      <AnnualData FiscalYear="2006-2007" ReportingOrganization="NCC">
        <HighestStepCompleted>04</HighestStepCompleted>
        <TotalAssessmentExpenditure>6990.00</TotalAssessmentExpenditure>
        <TotalRemediationExpenditure>0.00</TotalRemediationExpenditure>
        <TotalCareMaintenanceExpenditure>0.00</TotalCareMaintenanceExpenditure>
        <TotalMonitoringExpenditure>0.00</TotalMonitoringExpenditure>
        <FCSAPAssessmentExpenditure>5592.00</FCSAPAssessmentExpenditure>
        <FCSAPRemediationExpenditure>0.00</FCSAPRemediationExpenditure>
        <FCSAPCareMaintenanceExpenditure>0.00</FCSAPCareMaintenanceExpenditure>
        <FCSAPMonitoringExpenditure>0.00</FCSAPMonitoringExpenditure>
        <RemediationAmounts>
          <CubicMetres>0.0000</CubicMetres>
          <Hectares>0.0000</Hectares>
          <Tons>0.0000</Tons>
        </RemediationAmounts>
        <Closed>0</Closed>
      </AnnualData>
      <AnnualData FiscalYear="2005-2006" ReportingOrganization="NCC">
        <HighestStepCompleted>01</HighestStepCompleted>
        <TotalAssessmentExpenditure>0.00</TotalAssessmentExpenditure>
        <TotalRemediationExpenditure>0.00</TotalRemediationExpenditure>
        <TotalCareMaintenanceExpenditure>0.00</TotalCareMaintenanceExpenditure>
        <TotalMonitoringExpenditure>0.00</TotalMonitoringExpenditure>
        <FCSAPAssessmentExpenditure>0.00</FCSAPAssessmentExpenditure>
        <FCSAPRemediationExpenditure>0.00</FCSAPRemediationExpenditure>
        <FCSAPCareMaintenanceExpenditure>0.00</FCSAPCareMaintenanceExpenditure>
        <FCSAPMonitoringExpenditure>0.00</FCSAPMonitoringExpenditure>
        <RemediationAmounts>
          <CubicMetres>0.0000</CubicMetres>
          <Hectares>0.0000</Hectares>
          <Tons>0.0000</Tons>
        </RemediationAmounts>
        <Closed>0</Closed>
      </AnnualData>
    </Site>
    <Site FederalSiteIdentifier="00000008" ReportingOrganization="NCC" Created="2006-02-06T13:53:00" LastModified="2015-06-12T16:47:49.783">
      <Name>
        <EN xml:lang="en">LeBreton Flats</EN>
        <FR xml:lang="fr">des plaines LeBreton</FR>
      </Name>
      <SiteStatus>
        <Status>
          <EN xml:lang="en">Active</EN>
          <FR xml:lang="fr">Active</FR>
        </Status>
        <Description>
          <EN xml:lang="en">Detailed testing completed. Remedial action plan under development.</EN>
          <FR xml:lang="fr">Analyse détaillée terminée. Élaboration du plan d’assainissement en cours.</FR>
        </Description>
      </SiteStatus>
      <Classification>
        <Code>2</Code>
        <Name>
          <EN xml:lang="en">Medium Priority for Action</EN>
          <FR xml:lang="fr">Priorité d’intervention moyenne</FR>
        </Name>
      </Classification>
      <PropertyNumber>02713</PropertyNumber>
      <ReasonForFederalInvolvement>
        <EN xml:lang="en">Federal Real Property</EN>
        <FR xml:lang="fr">Biens immobiliers fédéraux</FR>
      </ReasonForFederalInvolvement>
      <Location sgc="3506008" fed="062">
        <MiniMapURL>http://www.tbs-sct.gc.ca/fcsi-rscf/minimap.aspx?fsi=00000008</MiniMapURL>
        <Latitude>45.414370</Latitude>
        <Longitude>-75.712000</Longitude>
        <Municipality>Ottawa</Municipality>
        <Province>Ontario</Province>
        <FederalElectoralDistrict>
          <EN xml:lang="en">Ottawa Centre</EN>
          <FR xml:lang="fr">Ottawa-Centre</FR>
        </FederalElectoralDistrict>
        <Country>
          <EN xml:lang="en">Canada</EN>
          <FR xml:lang="fr">Canada</FR>
        </Country>
      </Location>
      <ManagementStrategy>
        <ManagementType code="3">
          <EN xml:lang="en">Continous Monitoring</EN>
          <FR xml:lang="fr">Surveillance constante</FR>
        </ManagementType>
        <ManagementType code="5">
          <EN xml:lang="en">Additional assessment</EN>
          <FR xml:lang="fr">Évaluation complémentaire</FR>
        </ManagementType>
      </ManagementStrategy>
      <ContaminationDetails>
        <ContaminationEstimates>
          <Hectares>0.2480</Hectares>
        </ContaminationEstimates>
        <ContaminatedMedia>
          <Contamination code="11">
            <EN xml:lang="en">PHCs (petroleum hydrocarbons)</EN>
            <FR xml:lang="fr">HCP (hydrocarbures pétroliers)</FR>
          </Contamination>
          <Medium code="5">
            <EN xml:lang="en">Soil</EN>
            <FR xml:lang="fr">Sol</FR>
          </Medium>
        </ContaminatedMedia>
        <ContaminatedMedia>
          <Contamination code="13">
            <EN xml:lang="en">PAHs (polycyclic aromatic hydrocarbon)</EN>
            <FR xml:lang="fr">HAP (hydrocarbures aromatiques polycycliques)</FR>
          </Contamination>
          <Medium code="2">
            <EN xml:lang="en">Groundwater</EN>
            <FR xml:lang="fr">Eau souterraine</FR>
          </Medium>
        </ContaminatedMedia>
        <ContaminatedMedia>
          <Contamination code="13">
            <EN xml:lang="en">PAHs (polycyclic aromatic hydrocarbon)</EN>
            <FR xml:lang="fr">HAP (hydrocarbures aromatiques polycycliques)</FR>
          </Contamination>
          <Medium code="5">
            <EN xml:lang="en">Soil</EN>
            <FR xml:lang="fr">Sol</FR>
          </Medium>
        </ContaminatedMedia>
        <ContaminatedMedia>
          <Contamination code="21">
            <EN xml:lang="en">Metal, metalloid, and organometallic</EN>
            <FR xml:lang="fr">Métaux, métalloïdes, et organométalliques</FR>
          </Contamination>
          <Medium code="2">
            <EN xml:lang="en">Groundwater</EN>
            <FR xml:lang="fr">Eau souterraine</FR>
          </Medium>
        </ContaminatedMedia>
        <ContaminatedMedia>
          <Contamination code="21">
            <EN xml:lang="en">Metal, metalloid, and organometallic</EN>
            <FR xml:lang="fr">Métaux, métalloïdes, et organométalliques</FR>
          </Contamination>
          <Medium code="5">
            <EN xml:lang="en">Soil</EN>
            <FR xml:lang="fr">Sol</FR>
          </Medium>
        </ContaminatedMedia>
      </ContaminationDetails>
      <ActionPlan>
        <EN xml:lang="en">Phase III ESA and PQRA study is currrently under review by Health Canada and Environment Canada.</EN>
        <FR xml:lang="fr">Les études préliminaires quantitatives de risque et de Phase III sont actuellement revues par Santé et Environnement Canada.
</FR>
      </ActionPlan>
      <AdditionalInformation>
        <EN xml:lang="en" />
        <FR xml:lang="fr" />
      </AdditionalInformation>
      <PopulationCounts>
        <KM1>13438</KM1>
        <KM5>215257</KM5>
        <KM10>618426</KM10>
        <KM25>1146283</KM25>
        <KM50>1351606</KM50>
      </PopulationCounts>
      <AnnualData FiscalYear="2014-2015" ReportingOrganization="NCC">
        <HighestStepCompleted>06</HighestStepCompleted>
        <TotalAssessmentExpenditure>0.00</TotalAssessmentExpenditure>
        <TotalRemediationExpenditure>0.00</TotalRemediationExpenditure>
        <TotalCareMaintenanceExpenditure>0.00</TotalCareMaintenanceExpenditure>
        <TotalMonitoringExpenditure>0.00</TotalMonitoringExpenditure>
        <FCSAPAssessmentExpenditure>0.00</FCSAPAssessmentExpenditure>
        <FCSAPRemediationExpenditure>0.00</FCSAPRemediationExpenditure>
        <FCSAPCareMaintenanceExpenditure>0.00</FCSAPCareMaintenanceExpenditure>
        <FCSAPMonitoringExpenditure>0.00</FCSAPMonitoringExpenditure>
        <RemediationAmounts>
          <CubicMetres>0.0000</CubicMetres>
          <Hectares>0.0000</Hectares>
          <Tons>0.0000</Tons>
        </RemediationAmounts>
        <Closed>0</Closed>
      </AnnualData>
      <AnnualData FiscalYear="2013-2014" ReportingOrganization="NCC">
        <HighestStepCompleted>06</HighestStepCompleted>
        <PlannedCompletionDateStep7>2015-2016</PlannedCompletionDateStep7>
        <PlannedCompletionDateStep8>2016-2017</PlannedCompletionDateStep8>
        <PlannedCompletionDateStep9>2017-2018</PlannedCompletionDateStep9>
        <TotalAssessmentExpenditure>0.00</TotalAssessmentExpenditure>
        <TotalRemediationExpenditure>0.00</TotalRemediationExpenditure>
        <TotalCareMaintenanceExpenditure>0.00</TotalCareMaintenanceExpenditure>
        <TotalMonitoringExpenditure>0.00</TotalMonitoringExpenditure>
        <FCSAPAssessmentExpenditure>0.00</FCSAPAssessmentExpenditure>
        <FCSAPRemediationExpenditure>0.00</FCSAPRemediationExpenditure>
        <FCSAPCareMaintenanceExpenditure>0.00</FCSAPCareMaintenanceExpenditure>
        <FCSAPMonitoringExpenditure>0.00</FCSAPMonitoringExpenditure>
        <RemediationAmounts>
          <CubicMetres>0.0000</CubicMetres>
          <Hectares>0.0000</Hectares>
          <Tons>0.0000</Tons>
        </RemediationAmounts>
        <Closed>0</Closed>
      </AnnualData>
      <AnnualData FiscalYear="2012-2013" ReportingOrganization="NCC">
        <HighestStepCompleted>06</HighestStepCompleted>
        <TotalAssessmentExpenditure>916.00</TotalAssessmentExpenditure>
        <TotalRemediationExpenditure>0.00</TotalRemediationExpenditure>
        <TotalCareMaintenanceExpenditure>0.00</TotalCareMaintenanceExpenditure>
        <TotalMonitoringExpenditure>0.00</TotalMonitoringExpenditure>
        <FCSAPAssessmentExpenditure>732.80</FCSAPAssessmentExpenditure>
        <FCSAPRemediationExpenditure>0.00</FCSAPRemediationExpenditure>
        <FCSAPCareMaintenanceExpenditure>0.00</FCSAPCareMaintenanceExpenditure>
        <FCSAPMonitoringExpenditure>0.00</FCSAPMonitoringExpenditure>
        <RemediationAmounts>
          <CubicMetres>0.0000</CubicMetres>
          <Hectares>0.0000</Hectares>
          <Tons>0.0000</Tons>
        </RemediationAmounts>
        <Closed>0</Closed>
      </AnnualData>
      <AnnualData FiscalYear="2011-2012" ReportingOrganization="NCC">
        <HighestStepCompleted>06</HighestStepCompleted>
        <TotalAssessmentExpenditure>17557.00</TotalAssessmentExpenditure>
        <TotalRemediationExpenditure>0.00</TotalRemediationExpenditure>
        <TotalCareMaintenanceExpenditure>0.00</TotalCareMaintenanceExpenditure>
        <TotalMonitoringExpenditure>0.00</TotalMonitoringExpenditure>
        <FCSAPAssessmentExpenditure>14045.60</FCSAPAssessmentExpenditure>
        <FCSAPRemediationExpenditure>0.00</FCSAPRemediationExpenditure>
        <FCSAPCareMaintenanceExpenditure>0.00</FCSAPCareMaintenanceExpenditure>
        <FCSAPMonitoringExpenditure>0.00</FCSAPMonitoringExpenditure>
        <RemediationAmounts>
          <CubicMetres>0.0000</CubicMetres>
          <Hectares>0.0000</Hectares>
          <Tons>0.0000</Tons>
        </RemediationAmounts>
        <Closed>0</Closed>
      </AnnualData>
      <AnnualData FiscalYear="2010-2011" ReportingOrganization="NCC">
        <HighestStepCompleted>04</HighestStepCompleted>
        <TotalAssessmentExpenditure>0.00</TotalAssessmentExpenditure>
        <TotalRemediationExpenditure>0.00</TotalRemediationExpenditure>
        <TotalCareMaintenanceExpenditure>0.00</TotalCareMaintenanceExpenditure>
        <TotalMonitoringExpenditure>0.00</TotalMonitoringExpenditure>
        <FCSAPAssessmentExpenditure>0.00</FCSAPAssessmentExpenditure>
        <FCSAPRemediationExpenditure>0.00</FCSAPRemediationExpenditure>
        <FCSAPCareMaintenanceExpenditure>0.00</FCSAPCareMaintenanceExpenditure>
        <FCSAPMonitoringExpenditure>0.00</FCSAPMonitoringExpenditure>
        <RemediationAmounts>
          <CubicMetres>0.0000</CubicMetres>
          <Hectares>0.0000</Hectares>
          <Tons>0.0000</Tons>
        </RemediationAmounts>
        <Closed>0</Closed>
      </AnnualData>
      <AnnualData FiscalYear="2009-2010" ReportingOrganization="NCC">
        <HighestStepCompleted>04</HighestStepCompleted>
        <TotalAssessmentExpenditure>1164.00</TotalAssessmentExpenditure>
        <TotalRemediationExpenditure>0.00</TotalRemediationExpenditure>
        <TotalCareMaintenanceExpenditure>0.00</TotalCareMaintenanceExpenditure>
        <TotalMonitoringExpenditure>0.00</TotalMonitoringExpenditure>
        <FCSAPAssessmentExpenditure>1164.00</FCSAPAssessmentExpenditure>
        <FCSAPRemediationExpenditure>0.00</FCSAPRemediationExpenditure>
        <FCSAPCareMaintenanceExpenditure>0.00</FCSAPCareMaintenanceExpenditure>
        <FCSAPMonitoringExpenditure>0.00</FCSAPMonitoringExpenditure>
        <RemediationAmounts>
          <CubicMetres>0.0000</CubicMetres>
          <Hectares>0.2480</Hectares>
          <Tons>0.0000</Tons>
        </RemediationAmounts>
        <Closed>0</Closed>
      </AnnualData>
      <AnnualData FiscalYear="2008-2009" ReportingOrganization="NCC">
        <HighestStepCompleted>04</HighestStepCompleted>
        <TotalAssessmentExpenditure>0.00</TotalAssessmentExpenditure>
        <TotalRemediationExpenditure>1421.70</TotalRemediationExpenditure>
        <TotalCareMaintenanceExpenditure>0.00</TotalCareMaintenanceExpenditure>
        <TotalMonitoringExpenditure>0.00</TotalMonitoringExpenditure>
        <FCSAPAssessmentExpenditure>0.00</FCSAPAssessmentExpenditure>
        <FCSAPRemediationExpenditure>1137.36</FCSAPRemediationExpenditure>
        <FCSAPCareMaintenanceExpenditure>0.00</FCSAPCareMaintenanceExpenditure>
        <FCSAPMonitoringExpenditure>0.00</FCSAPMonitoringExpenditure>
        <RemediationAmounts>
          <CubicMetres>0.0000</CubicMetres>
          <Hectares>0.0000</Hectares>
          <Tons>0.0000</Tons>
        </RemediationAmounts>
        <Closed>0</Closed>
      </AnnualData>
      <AnnualData FiscalYear="2007-2008" ReportingOrganization="NCC">
        <HighestStepCompleted>04</HighestStepCompleted>
        <TotalAssessmentExpenditure>1164.00</TotalAssessmentExpenditure>
        <TotalRemediationExpenditure>0.00</TotalRemediationExpenditure>
        <TotalCareMaintenanceExpenditure>0.00</TotalCareMaintenanceExpenditure>
        <TotalMonitoringExpenditure>0.00</TotalMonitoringExpenditure>
        <FCSAPAssessmentExpenditure>931.20</FCSAPAssessmentExpenditure>
        <FCSAPRemediationExpenditure>0.00</FCSAPRemediationExpenditure>
        <FCSAPCareMaintenanceExpenditure>0.00</FCSAPCareMaintenanceExpenditure>
        <FCSAPMonitoringExpenditure>0.00</FCSAPMonitoringExpenditure>
        <RemediationAmounts>
          <CubicMetres>0.0000</CubicMetres>
          <Hectares>0.2480</Hectares>
          <Tons>0.0000</Tons>
        </RemediationAmounts>
        <Closed>0</Closed>
      </AnnualData>
      <AnnualData FiscalYear="2006-2007" ReportingOrganization="NCC">
        <HighestStepCompleted>04</HighestStepCompleted>
        <TotalAssessmentExpenditure>5592.00</TotalAssessmentExpenditure>
        <TotalRemediationExpenditure>0.00</TotalRemediationExpenditure>
        <TotalCareMaintenanceExpenditure>0.00</TotalCareMaintenanceExpenditure>
        <TotalMonitoringExpenditure>0.00</TotalMonitoringExpenditure>
        <FCSAPAssessmentExpenditure>4473.60</FCSAPAssessmentExpenditure>
        <FCSAPRemediationExpenditure>0.00</FCSAPRemediationExpenditure>
        <FCSAPCareMaintenanceExpenditure>0.00</FCSAPCareMaintenanceExpenditure>
        <FCSAPMonitoringExpenditure>0.00</FCSAPMonitoringExpenditure>
        <RemediationAmounts>
          <CubicMetres>0.0000</CubicMetres>
          <Hectares>0.0000</Hectares>
          <Tons>0.0000</Tons>
        </RemediationAmounts>
        <Closed>0</Closed>
      </AnnualData>
      <AnnualData FiscalYear="2005-2006" ReportingOrganization="NCC">
        <HighestStepCompleted>01</HighestStepCompleted>
        <TotalAssessmentExpenditure>0.00</TotalAssessmentExpenditure>
        <TotalRemediationExpenditure>0.00</TotalRemediationExpenditure>
        <TotalCareMaintenanceExpenditure>0.00</TotalCareMaintenanceExpenditure>
        <TotalMonitoringExpenditure>0.00</TotalMonitoringExpenditure>
        <FCSAPAssessmentExpenditure>0.00</FCSAPAssessmentExpenditure>
        <FCSAPRemediationExpenditure>0.00</FCSAPRemediationExpenditure>
        <FCSAPCareMaintenanceExpenditure>0.00</FCSAPCareMaintenanceExpenditure>
        <FCSAPMonitoringExpenditure>0.00</FCSAPMonitoringExpenditure>
        <RemediationAmounts>
          <CubicMetres>0.0000</CubicMetres>
          <Hectares>0.0000</Hectares>
          <Tons>0.0000</Tons>
        </RemediationAmounts>
        <Closed>0</Closed>
      </AnnualData>
    </Site>
    <Site FederalSiteIdentifier="00000009" ReportingOrganization="NCC" Created="2006-02-06T13:54:00" LastModified="2015-06-12T16:47:49.783">
      <Name>
        <EN xml:lang="en">LeBreton Flats</EN>
        <FR xml:lang="fr">des plaines LeBreton</FR>
      </Name>
      <SiteStatus>
        <Status>
          <EN xml:lang="en">Active</EN>
          <FR xml:lang="fr">Active</FR>
        </Status>
        <Description>
          <EN xml:lang="en">Detailed testing completed. Remedial action plan under development.</EN>
          <FR xml:lang="fr">Analyse détaillée terminée. Élaboration du plan d’assainissement en cours.</FR>
        </Description>
      </SiteStatus>
      <Classification>
        <Code>2</Code>
        <Name>
          <EN xml:lang="en">Medium Priority for Action</EN>
          <FR xml:lang="fr">Priorité d’intervention moyenne</FR>
        </Name>
      </Classification>
      <PropertyNumber>02721</PropertyNumber>
      <ReasonForFederalInvolvement>
        <EN xml:lang="en">Federal Real Property</EN>
        <FR xml:lang="fr">Biens immobiliers fédéraux</FR>
      </ReasonForFederalInvolvement>
      <Location sgc="3506008" fed="062">
        <MiniMapURL>http://www.tbs-sct.gc.ca/fcsi-rscf/minimap.aspx?fsi=00000009</MiniMapURL>
        <Latitude>45.414050</Latitude>
        <Longitude>-75.711060</Longitude>
        <Municipality>Ottawa</Municipality>
        <Province>Ontario</Province>
        <FederalElectoralDistrict>
          <EN xml:lang="en">Ottawa Centre</EN>
          <FR xml:lang="fr">Ottawa-Centre</FR>
        </FederalElectoralDistrict>
        <Country>
          <EN xml:lang="en">Canada</EN>
          <FR xml:lang="fr">Canada</FR>
        </Country>
      </Location>
      <ManagementStrategy>
        <ManagementType code="3">
          <EN xml:lang="en">Continous Monitoring</EN>
          <FR xml:lang="fr">Surveillance constante</FR>
        </ManagementType>
        <ManagementType code="5">
          <EN xml:lang="en">Additional assessment</EN>
          <FR xml:lang="fr">Évaluation complémentaire</FR>
        </ManagementType>
      </ManagementStrategy>
      <ContaminationDetails>
        <ContaminationEstimates>
          <Hectares>0.1905</Hectares>
        </ContaminationEstimates>
        <ContaminatedMedia>
          <Contamination code="11">
            <EN xml:lang="en">PHCs (petroleum hydrocarbons)</EN>
            <FR xml:lang="fr">HCP (hydrocarbures pétroliers)</FR>
          </Contamination>
          <Medium code="5">
            <EN xml:lang="en">Soil</EN>
            <FR xml:lang="fr">Sol</FR>
          </Medium>
        </ContaminatedMedia>
        <ContaminatedMedia>
          <Contamination code="13">
            <EN xml:lang="en">PAHs (polycyclic aromatic hydrocarbon)</EN>
            <FR xml:lang="fr">HAP (hydrocarbures aromatiques polycycliques)</FR>
          </Contamination>
          <Medium code="2">
            <EN xml:lang="en">Groundwater</EN>
            <FR xml:lang="fr">Eau souterraine</FR>
          </Medium>
        </ContaminatedMedia>
        <ContaminatedMedia>
          <Contamination code="13">
            <EN xml:lang="en">PAHs (polycyclic aromatic hydrocarbon)</EN>
            <FR xml:lang="fr">HAP (hydrocarbures aromatiques polycycliques)</FR>
          </Contamination>
          <Medium code="5">
            <EN xml:lang="en">Soil</EN>
            <FR xml:lang="fr">Sol</FR>
          </Medium>
        </ContaminatedMedia>
        <ContaminatedMedia>
          <Contamination code="21">
            <EN xml:lang="en">Metal, metalloid, and organometallic</EN>
            <FR xml:lang="fr">Métaux, métalloïdes, et organométalliques</FR>
          </Contamination>
          <Medium code="2">
            <EN xml:lang="en">Groundwater</EN>
            <FR xml:lang="fr">Eau souterraine</FR>
          </Medium>
        </ContaminatedMedia>
        <ContaminatedMedia>
          <Contamination code="21">
            <EN xml:lang="en">Metal, metalloid, and organometallic</EN>
            <FR xml:lang="fr">Métaux, métalloïdes, et organométalliques</FR>
          </Contamination>
          <Medium code="5">
            <EN xml:lang="en">Soil</EN>
            <FR xml:lang="fr">Sol</FR>
          </Medium>
        </ContaminatedMedia>
      </ContaminationDetails>
      <ActionPlan>
        <EN xml:lang="en">Phase III ESA and PQRA study is currrently under review by Health Canada and Environment Canada.</EN>
        <FR xml:lang="fr">Les études préliminaires quantitatives de risque et de Phase III sont actuellement revues par Santé et Environnement Canada.
</FR>
      </ActionPlan>
      <AdditionalInformation>
        <EN xml:lang="en" />
        <FR xml:lang="fr" />
      </AdditionalInformation>
      <PopulationCounts>
        <KM1>14957</KM1>
        <KM5>216009</KM5>
        <KM10>618223</KM10>
        <KM25>1146072</KM25>
        <KM50>1351530</KM50>
      </PopulationCounts>
      <AnnualData FiscalYear="2014-2015" ReportingOrganization="NCC">
        <HighestStepCompleted>06</HighestStepCompleted>
        <TotalAssessmentExpenditure>0.00</TotalAssessmentExpenditure>
        <TotalRemediationExpenditure>0.00</TotalRemediationExpenditure>
        <TotalCareMaintenanceExpenditure>0.00</TotalCareMaintenanceExpenditure>
        <TotalMonitoringExpenditure>0.00</TotalMonitoringExpenditure>
        <FCSAPAssessmentExpenditure>0.00</FCSAPAssessmentExpenditure>
        <FCSAPRemediationExpenditure>0.00</FCSAPRemediationExpenditure>
        <FCSAPCareMaintenanceExpenditure>0.00</FCSAPCareMaintenanceExpenditure>
        <FCSAPMonitoringExpenditure>0.00</FCSAPMonitoringExpenditure>
        <RemediationAmounts>
          <CubicMetres>0.0000</CubicMetres>
          <Hectares>0.0000</Hectares>
          <Tons>0.0000</Tons>
        </RemediationAmounts>
        <Closed>0</Closed>
      </AnnualData>
      <AnnualData FiscalYear="2013-2014" ReportingOrganization="NCC">
        <HighestStepCompleted>06</HighestStepCompleted>
        <PlannedCompletionDateStep7>2015-2016</PlannedCompletionDateStep7>
        <PlannedCompletionDateStep8>2016-2017</PlannedCompletionDateStep8>
        <PlannedCompletionDateStep9>2017-2018</PlannedCompletionDateStep9>
        <TotalAssessmentExpenditure>0.00</TotalAssessmentExpenditure>
        <TotalRemediationExpenditure>0.00</TotalRemediationExpenditure>
        <TotalCareMaintenanceExpenditure>0.00</TotalCareMaintenanceExpenditure>
        <TotalMonitoringExpenditure>0.00</TotalMonitoringExpenditure>
        <FCSAPAssessmentExpenditure>0.00</FCSAPAssessmentExpenditure>
        <FCSAPRemediationExpenditure>0.00</FCSAPRemediationExpenditure>
        <FCSAPCareMaintenanceExpenditure>0.00</FCSAPCareMaintenanceExpenditure>
        <FCSAPMonitoringExpenditure>0.00</FCSAPMonitoringExpenditure>
        <RemediationAmounts>
          <CubicMetres>0.0000</CubicMetres>
          <Hectares>0.0000</Hectares>
          <Tons>0.0000</Tons>
        </RemediationAmounts>
        <Closed>0</Closed>
      </AnnualData>
      <AnnualData FiscalYear="2012-2013" ReportingOrganization="NCC">
        <HighestStepCompleted>06</HighestStepCompleted>
        <TotalAssessmentExpenditure>916.00</TotalAssessmentExpenditure>
        <TotalRemediationExpenditure>0.00</TotalRemediationExpenditure>
        <TotalCareMaintenanceExpenditure>0.00</TotalCareMaintenanceExpenditure>
        <TotalMonitoringExpenditure>0.00</TotalMonitoringExpenditure>
        <FCSAPAssessmentExpenditure>732.80</FCSAPAssessmentExpenditure>
        <FCSAPRemediationExpenditure>0.00</FCSAPRemediationExpenditure>
        <FCSAPCareMaintenanceExpenditure>0.00</FCSAPCareMaintenanceExpenditure>
        <FCSAPMonitoringExpenditure>0.00</FCSAPMonitoringExpenditure>
        <RemediationAmounts>
          <CubicMetres>0.0000</CubicMetres>
          <Hectares>0.0000</Hectares>
          <Tons>0.0000</Tons>
        </RemediationAmounts>
        <Closed>0</Closed>
      </AnnualData>
      <AnnualData FiscalYear="2011-2012" ReportingOrganization="NCC">
        <HighestStepCompleted>06</HighestStepCompleted>
        <TotalAssessmentExpenditure>17557.00</TotalAssessmentExpenditure>
        <TotalRemediationExpenditure>0.00</TotalRemediationExpenditure>
        <TotalCareMaintenanceExpenditure>0.00</TotalCareMaintenanceExpenditure>
        <TotalMonitoringExpenditure>0.00</TotalMonitoringExpenditure>
        <FCSAPAssessmentExpenditure>14045.60</FCSAPAssessmentExpenditure>
        <FCSAPRemediationExpenditure>0.00</FCSAPRemediationExpenditure>
        <FCSAPCareMaintenanceExpenditure>0.00</FCSAPCareMaintenanceExpenditure>
        <FCSAPMonitoringExpenditure>0.00</FCSAPMonitoringExpenditure>
        <RemediationAmounts>
          <CubicMetres>0.0000</CubicMetres>
          <Hectares>0.0000</Hectares>
          <Tons>0.0000</Tons>
        </RemediationAmounts>
        <Closed>0</Closed>
      </AnnualData>
      <AnnualData FiscalYear="2010-2011" ReportingOrganization="NCC">
        <HighestStepCompleted>04</HighestStepCompleted>
        <TotalAssessmentExpenditure>0.00</TotalAssessmentExpenditure>
        <TotalRemediationExpenditure>0.00</TotalRemediationExpenditure>
        <TotalCareMaintenanceExpenditure>0.00</TotalCareMaintenanceExpenditure>
        <TotalMonitoringExpenditure>0.00</TotalMonitoringExpenditure>
        <FCSAPAssessmentExpenditure>0.00</FCSAPAssessmentExpenditure>
        <FCSAPRemediationExpenditure>0.00</FCSAPRemediationExpenditure>
        <FCSAPCareMaintenanceExpenditure>0.00</FCSAPCareMaintenanceExpenditure>
        <FCSAPMonitoringExpenditure>0.00</FCSAPMonitoringExpenditure>
        <RemediationAmounts>
          <CubicMetres>0.0000</CubicMetres>
          <Hectares>0.0000</Hectares>
          <Tons>0.0000</Tons>
        </RemediationAmounts>
        <Closed>0</Closed>
      </AnnualData>
      <AnnualData FiscalYear="2009-2010" ReportingOrganization="NCC">
        <HighestStepCompleted>04</HighestStepCompleted>
        <TotalAssessmentExpenditure>1101.00</TotalAssessmentExpenditure>
        <TotalRemediationExpenditure>0.00</TotalRemediationExpenditure>
        <TotalCareMaintenanceExpenditure>0.00</TotalCareMaintenanceExpenditure>
        <TotalMonitoringExpenditure>0.00</TotalMonitoringExpenditure>
        <FCSAPAssessmentExpenditure>1101.00</FCSAPAssessmentExpenditure>
        <FCSAPRemediationExpenditure>0.00</FCSAPRemediationExpenditure>
        <FCSAPCareMaintenanceExpenditure>0.00</FCSAPCareMaintenanceExpenditure>
        <FCSAPMonitoringExpenditure>0.00</FCSAPMonitoringExpenditure>
        <RemediationAmounts>
          <CubicMetres>0.0000</CubicMetres>
          <Hectares>0.0000</Hectares>
          <Tons>0.0000</Tons>
        </RemediationAmounts>
        <Closed>0</Closed>
      </AnnualData>
      <AnnualData FiscalYear="2008-2009" ReportingOrganization="NCC">
        <HighestStepCompleted>04</HighestStepCompleted>
        <TotalAssessmentExpenditure>0.00</TotalAssessmentExpenditure>
        <TotalRemediationExpenditure>1421.70</TotalRemediationExpenditure>
        <TotalCareMaintenanceExpenditure>0.00</TotalCareMaintenanceExpenditure>
        <TotalMonitoringExpenditure>0.00</TotalMonitoringExpenditure>
        <FCSAPAssessmentExpenditure>0.00</FCSAPAssessmentExpenditure>
        <FCSAPRemediationExpenditure>1137.36</FCSAPRemediationExpenditure>
        <FCSAPCareMaintenanceExpenditure>0.00</FCSAPCareMaintenanceExpenditure>
        <FCSAPMonitoringExpenditure>0.00</FCSAPMonitoringExpenditure>
        <RemediationAmounts>
          <CubicMetres>0.0000</CubicMetres>
          <Hectares>0.0000</Hectares>
          <Tons>0.0000</Tons>
        </RemediationAmounts>
        <Closed>0</Closed>
      </AnnualData>
      <AnnualData FiscalYear="2007-2008" ReportingOrganization="NCC">
        <HighestStepCompleted>04</HighestStepCompleted>
        <TotalAssessmentExpenditure>1697.00</TotalAssessmentExpenditure>
        <TotalRemediationExpenditure>0.00</TotalRemediationExpenditure>
        <TotalCareMaintenanceExpenditure>0.00</TotalCareMaintenanceExpenditure>
        <TotalMonitoringExpenditure>0.00</TotalMonitoringExpenditure>
        <FCSAPAssessmentExpenditure>1357.60</FCSAPAssessmentExpenditure>
        <FCSAPRemediationExpenditure>0.00</FCSAPRemediationExpenditure>
        <FCSAPCareMaintenanceExpenditure>0.00</FCSAPCareMaintenanceExpenditure>
        <FCSAPMonitoringExpenditure>0.00</FCSAPMonitoringExpenditure>
        <RemediationAmounts>
          <CubicMetres>0.0000</CubicMetres>
          <Hectares>0.1905</Hectares>
          <Tons>0.0000</Tons>
        </RemediationAmounts>
        <Closed>0</Closed>
      </AnnualData>
      <AnnualData FiscalYear="2006-2007" ReportingOrganization="NCC">
        <HighestStepCompleted>04</HighestStepCompleted>
        <TotalAssessmentExpenditure>5592.00</TotalAssessmentExpenditure>
        <TotalRemediationExpenditure>0.00</TotalRemediationExpenditure>
        <TotalCareMaintenanceExpenditure>0.00</TotalCareMaintenanceExpenditure>
        <TotalMonitoringExpenditure>0.00</TotalMonitoringExpenditure>
        <FCSAPAssessmentExpenditure>4473.60</FCSAPAssessmentExpenditure>
        <FCSAPRemediationExpenditure>0.00</FCSAPRemediationExpenditure>
        <FCSAPCareMaintenanceExpenditure>0.00</FCSAPCareMaintenanceExpenditure>
        <FCSAPMonitoringExpenditure>0.00</FCSAPMonitoringExpenditure>
        <RemediationAmounts>
          <CubicMetres>0.0000</CubicMetres>
          <Hectares>0.0000</Hectares>
          <Tons>0.0000</Tons>
        </RemediationAmounts>
        <Closed>0</Closed>
      </AnnualData>
      <AnnualData FiscalYear="2005-2006" ReportingOrganization="NCC">
        <HighestStepCompleted>01</HighestStepCompleted>
        <TotalAssessmentExpenditure>0.00</TotalAssessmentExpenditure>
        <TotalRemediationExpenditure>0.00</TotalRemediationExpenditure>
        <TotalCareMaintenanceExpenditure>0.00</TotalCareMaintenanceExpenditure>
        <TotalMonitoringExpenditure>0.00</TotalMonitoringExpenditure>
        <FCSAPAssessmentExpenditure>0.00</FCSAPAssessmentExpenditure>
        <FCSAPRemediationExpenditure>0.00</FCSAPRemediationExpenditure>
        <FCSAPCareMaintenanceExpenditure>0.00</FCSAPCareMaintenanceExpenditure>
        <FCSAPMonitoringExpenditure>0.00</FCSAPMonitoringExpenditure>
        <RemediationAmounts>
          <CubicMetres>0.0000</CubicMetres>
          <Hectares>0.0000</Hectares>
          <Tons>0.0000</Tons>
        </RemediationAmounts>
        <Closed>0</Closed>
      </AnnualData>
    </Site>
    <Site FederalSiteIdentifier="00000010" ReportingOrganization="NCC" Created="2006-02-06T13:54:00" LastModified="2015-06-12T16:47:49.783">
      <Name>
        <EN xml:lang="en">LeBreton Flats</EN>
        <FR xml:lang="fr">des plaines LeBreton</FR>
      </Name>
      <SiteStatus>
        <Status>
          <EN xml:lang="en">Active</EN>
          <FR xml:lang="fr">Active</FR>
        </Status>
        <Description>
          <EN xml:lang="en">Detailed testing completed. Remedial action plan under development.</EN>
          <FR xml:lang="fr">Analyse détaillée terminée. Élaboration du plan d’assainissement en cours.</FR>
        </Description>
      </SiteStatus>
      <Classification>
        <Code>2</Code>
        <Name>
          <EN xml:lang="en">Medium Priority for Action</EN>
          <FR xml:lang="fr">Priorité d’intervention moyenne</FR>
        </Name>
      </Classification>
      <PropertyNumber>02712</PropertyNumber>
      <ReasonForFederalInvolvement>
        <EN xml:lang="en">Federal Real Property</EN>
        <FR xml:lang="fr">Biens immobiliers fédéraux</FR>
      </ReasonForFederalInvolvement>
      <Location sgc="3506008" fed="062">
        <MiniMapURL>http://www.tbs-sct.gc.ca/fcsi-rscf/minimap.aspx?fsi=00000010</MiniMapURL>
        <Latitude>45.413880</Latitude>
        <Longitude>-75.712780</Longitude>
        <Municipality>Ottawa</Municipality>
        <Province>Ontario</Province>
        <FederalElectoralDistrict>
          <EN xml:lang="en">Ottawa Centre</EN>
          <FR xml:lang="fr">Ottawa-Centre</FR>
        </FederalElectoralDistrict>
        <Country>
          <EN xml:lang="en">Canada</EN>
          <FR xml:lang="fr">Canada</FR>
        </Country>
      </Location>
      <ManagementStrategy>
        <ManagementType code="3">
          <EN xml:lang="en">Continous Monitoring</EN>
          <FR xml:lang="fr">Surveillance constante</FR>
        </ManagementType>
        <ManagementType code="5">
          <EN xml:lang="en">Additional assessment</EN>
          <FR xml:lang="fr">Évaluation complémentaire</FR>
        </ManagementType>
      </ManagementStrategy>
      <ContaminationDetails>
        <ContaminationEstimates>
          <Hectares>0.3270</Hectares>
        </ContaminationEstimates>
        <ContaminatedMedia>
          <Contamination code="11">
            <EN xml:lang="en">PHCs (petroleum hydrocarbons)</EN>
            <FR xml:lang="fr">HCP (hydrocarbures pétroliers)</FR>
          </Contamination>
          <Medium code="5">
            <EN xml:lang="en">Soil</EN>
            <FR xml:lang="fr">Sol</FR>
          </Medium>
        </ContaminatedMedia>
        <ContaminatedMedia>
          <Contamination code="13">
            <EN xml:lang="en">PAHs (polycyclic aromatic hydrocarbon)</EN>
            <FR xml:lang="fr">HAP (hydrocarbures aromatiques polycycliques)</FR>
          </Contamination>
          <Medium code="2">
            <EN xml:lang="en">Groundwater</EN>
            <FR xml:lang="fr">Eau souterraine</FR>
          </Medium>
        </ContaminatedMedia>
        <ContaminatedMedia>
          <Contamination code="13">
            <EN xml:lang="en">PAHs (polycyclic aromatic hydrocarbon)</EN>
            <FR xml:lang="fr">HAP (hydrocarbures aromatiques polycycliques)</FR>
          </Contamination>
          <Medium code="5">
            <EN xml:lang="en">Soil</EN>
            <FR xml:lang="fr">Sol</FR>
          </Medium>
        </ContaminatedMedia>
        <ContaminatedMedia>
          <Contamination code="21">
            <EN xml:lang="en">Metal, metalloid, and organometallic</EN>
            <FR xml:lang="fr">Métaux, métalloïdes, et organométalliques</FR>
          </Contamination>
          <Medium code="2">
            <EN xml:lang="en">Groundwater</EN>
            <FR xml:lang="fr">Eau souterraine</FR>
          </Medium>
        </ContaminatedMedia>
        <ContaminatedMedia>
          <Contamination code="21">
            <EN xml:lang="en">Metal, metalloid, and organometallic</EN>
            <FR xml:lang="fr">Métaux, métalloïdes, et organométalliques</FR>
          </Contamination>
          <Medium code="5">
            <EN xml:lang="en">Soil</EN>
            <FR xml:lang="fr">Sol</FR>
          </Medium>
        </ContaminatedMedia>
      </ContaminationDetails>
      <ActionPlan>
        <EN xml:lang="en">Phase III ESA and PQRA study is currently under review by Health Canada and Environment Canada.</EN>
        <FR xml:lang="fr">Les études préliminaires quantitatives de risque et de Phase III sont actuellement revues par Santé et Environnement Canada.
</FR>
      </ActionPlan>
      <AdditionalInformation>
        <EN xml:lang="en" />
        <FR xml:lang="fr" />
      </AdditionalInformation>
      <PopulationCounts>
        <KM1>13209</KM1>
        <KM5>214721</KM5>
        <KM10>618959</KM10>
        <KM25>1146951</KM25>
        <KM50>1351774</KM50>
      </PopulationCounts>
      <AnnualData FiscalYear="2014-2015" ReportingOrganization="NCC">
        <HighestStepCompleted>06</HighestStepCompleted>
        <TotalAssessmentExpenditure>0.00</TotalAssessmentExpenditure>
        <TotalRemediationExpenditure>0.00</TotalRemediationExpenditure>
        <TotalCareMaintenanceExpenditure>0.00</TotalCareMaintenanceExpenditure>
        <TotalMonitoringExpenditure>0.00</TotalMonitoringExpenditure>
        <FCSAPAssessmentExpenditure>0.00</FCSAPAssessmentExpenditure>
        <FCSAPRemediationExpenditure>0.00</FCSAPRemediationExpenditure>
        <FCSAPCareMaintenanceExpenditure>0.00</FCSAPCareMaintenanceExpenditure>
        <FCSAPMonitoringExpenditure>0.00</FCSAPMonitoringExpenditure>
        <RemediationAmounts>
          <CubicMetres>0.0000</CubicMetres>
          <Hectares>0.0000</Hectares>
          <Tons>0.0000</Tons>
        </RemediationAmounts>
        <Closed>0</Closed>
      </AnnualData>
      <AnnualData FiscalYear="2013-2014" ReportingOrganization="NCC">
        <HighestStepCompleted>06</HighestStepCompleted>
        <PlannedCompletionDateStep7>2015-2016</PlannedCompletionDateStep7>
        <PlannedCompletionDateStep8>2016-2017</PlannedCompletionDateStep8>
        <PlannedCompletionDateStep9>2017-2018</PlannedCompletionDateStep9>
        <TotalAssessmentExpenditure>0.00</TotalAssessmentExpenditure>
        <TotalRemediationExpenditure>0.00</TotalRemediationExpenditure>
        <TotalCareMaintenanceExpenditure>0.00</TotalCareMaintenanceExpenditure>
        <TotalMonitoringExpenditure>0.00</TotalMonitoringExpenditure>
        <FCSAPAssessmentExpenditure>0.00</FCSAPAssessmentExpenditure>
        <FCSAPRemediationExpenditure>0.00</FCSAPRemediationExpenditure>
        <FCSAPCareMaintenanceExpenditure>0.00</FCSAPCareMaintenanceExpenditure>
        <FCSAPMonitoringExpenditure>0.00</FCSAPMonitoringExpenditure>
        <RemediationAmounts>
          <CubicMetres>0.0000</CubicMetres>
          <Hectares>0.0000</Hectares>
          <Tons>0.0000</Tons>
        </RemediationAmounts>
        <Closed>0</Closed>
      </AnnualData>
      <AnnualData FiscalYear="2012-2013" ReportingOrganization="NCC">
        <HighestStepCompleted>06</HighestStepCompleted>
        <TotalAssessmentExpenditure>916.00</TotalAssessmentExpenditure>
        <TotalRemediationExpenditure>0.00</TotalRemediationExpenditure>
        <TotalCareMaintenanceExpenditure>0.00</TotalCareMaintenanceExpenditure>
        <TotalMonitoringExpenditure>0.00</TotalMonitoringExpenditure>
        <FCSAPAssessmentExpenditure>732.80</FCSAPAssessmentExpenditure>
        <FCSAPRemediationExpenditure>0.00</FCSAPRemediationExpenditure>
        <FCSAPCareMaintenanceExpenditure>0.00</FCSAPCareMaintenanceExpenditure>
        <FCSAPMonitoringExpenditure>0.00</FCSAPMonitoringExpenditure>
        <RemediationAmounts>
          <CubicMetres>0.0000</CubicMetres>
          <Hectares>0.0000</Hectares>
          <Tons>0.0000</Tons>
        </RemediationAmounts>
        <Closed>0</Closed>
      </AnnualData>
      <AnnualData FiscalYear="2011-2012" ReportingOrganization="NCC">
        <HighestStepCompleted>06</HighestStepCompleted>
        <TotalAssessmentExpenditure>17557.00</TotalAssessmentExpenditure>
        <TotalRemediationExpenditure>0.00</TotalRemediationExpenditure>
        <TotalCareMaintenanceExpenditure>0.00</TotalCareMaintenanceExpenditure>
        <TotalMonitoringExpenditure>0.00</TotalMonitoringExpenditure>
        <FCSAPAssessmentExpenditure>14045.60</FCSAPAssessmentExpenditure>
        <FCSAPRemediationExpenditure>0.00</FCSAPRemediationExpenditure>
        <FCSAPCareMaintenanceExpenditure>0.00</FCSAPCareMaintenanceExpenditure>
        <FCSAPMonitoringExpenditure>0.00</FCSAPMonitoringExpenditure>
        <RemediationAmounts>
          <CubicMetres>0.0000</CubicMetres>
          <Hectares>0.0000</Hectares>
          <Tons>0.0000</Tons>
        </RemediationAmounts>
        <Closed>0</Closed>
      </AnnualData>
      <AnnualData FiscalYear="2010-2011" ReportingOrganization="NCC">
        <HighestStepCompleted>04</HighestStepCompleted>
        <TotalAssessmentExpenditure>0.00</TotalAssessmentExpenditure>
        <TotalRemediationExpenditure>0.00</TotalRemediationExpenditure>
        <TotalCareMaintenanceExpenditure>0.00</TotalCareMaintenanceExpenditure>
        <TotalMonitoringExpenditure>0.00</TotalMonitoringExpenditure>
        <FCSAPAssessmentExpenditure>0.00</FCSAPAssessmentExpenditure>
        <FCSAPRemediationExpenditure>0.00</FCSAPRemediationExpenditure>
        <FCSAPCareMaintenanceExpenditure>0.00</FCSAPCareMaintenanceExpenditure>
        <FCSAPMonitoringExpenditure>0.00</FCSAPMonitoringExpenditure>
        <RemediationAmounts>
          <CubicMetres>0.0000</CubicMetres>
          <Hectares>0.0000</Hectares>
          <Tons>0.0000</Tons>
        </RemediationAmounts>
        <Closed>0</Closed>
      </AnnualData>
      <AnnualData FiscalYear="2009-2010" ReportingOrganization="NCC">
        <HighestStepCompleted>04</HighestStepCompleted>
        <TotalAssessmentExpenditure>1101.00</TotalAssessmentExpenditure>
        <TotalRemediationExpenditure>0.00</TotalRemediationExpenditure>
        <TotalCareMaintenanceExpenditure>0.00</TotalCareMaintenanceExpenditure>
        <TotalMonitoringExpenditure>0.00</TotalMonitoringExpenditure>
        <FCSAPAssessmentExpenditure>1101.00</FCSAPAssessmentExpenditure>
        <FCSAPRemediationExpenditure>0.00</FCSAPRemediationExpenditure>
        <FCSAPCareMaintenanceExpenditure>0.00</FCSAPCareMaintenanceExpenditure>
        <FCSAPMonitoringExpenditure>0.00</FCSAPMonitoringExpenditure>
        <RemediationAmounts>
          <CubicMetres>0.0000</CubicMetres>
          <Hectares>0.0000</Hectares>
          <Tons>0.0000</Tons>
        </RemediationAmounts>
        <Closed>0</Closed>
      </AnnualData>
      <AnnualData FiscalYear="2008-2009" ReportingOrganization="NCC">
        <HighestStepCompleted>04</HighestStepCompleted>
        <TotalAssessmentExpenditure>0.00</TotalAssessmentExpenditure>
        <TotalRemediationExpenditure>1421.70</TotalRemediationExpenditure>
        <TotalCareMaintenanceExpenditure>0.00</TotalCareMaintenanceExpenditure>
        <TotalMonitoringExpenditure>0.00</TotalMonitoringExpenditure>
        <FCSAPAssessmentExpenditure>0.00</FCSAPAssessmentExpenditure>
        <FCSAPRemediationExpenditure>1137.36</FCSAPRemediationExpenditure>
        <FCSAPCareMaintenanceExpenditure>0.00</FCSAPCareMaintenanceExpenditure>
        <FCSAPMonitoringExpenditure>0.00</FCSAPMonitoringExpenditure>
        <RemediationAmounts>
          <CubicMetres>0.0000</CubicMetres>
          <Hectares>0.0000</Hectares>
          <Tons>0.0000</Tons>
        </RemediationAmounts>
        <Closed>0</Closed>
      </AnnualData>
      <AnnualData FiscalYear="2007-2008" ReportingOrganization="NCC">
        <HighestStepCompleted>04</HighestStepCompleted>
        <TotalAssessmentExpenditure>2249.00</TotalAssessmentExpenditure>
        <TotalRemediationExpenditure>0.00</TotalRemediationExpenditure>
        <TotalCareMaintenanceExpenditure>0.00</TotalCareMaintenanceExpenditure>
        <TotalMonitoringExpenditure>0.00</TotalMonitoringExpenditure>
        <FCSAPAssessmentExpenditure>1799.20</FCSAPAssessmentExpenditure>
        <FCSAPRemediationExpenditure>0.00</FCSAPRemediationExpenditure>
        <FCSAPCareMaintenanceExpenditure>0.00</FCSAPCareMaintenanceExpenditure>
        <FCSAPMonitoringExpenditure>0.00</FCSAPMonitoringExpenditure>
        <RemediationAmounts>
          <CubicMetres>0.0000</CubicMetres>
          <Hectares>0.3270</Hectares>
          <Tons>0.0000</Tons>
        </RemediationAmounts>
        <Closed>0</Closed>
      </AnnualData>
      <AnnualData FiscalYear="2006-2007" ReportingOrganization="NCC">
        <HighestStepCompleted>04</HighestStepCompleted>
        <TotalAssessmentExpenditure>5592.00</TotalAssessmentExpenditure>
        <TotalRemediationExpenditure>0.00</TotalRemediationExpenditure>
        <TotalCareMaintenanceExpenditure>0.00</TotalCareMaintenanceExpenditure>
        <TotalMonitoringExpenditure>0.00</TotalMonitoringExpenditure>
        <FCSAPAssessmentExpenditure>4473.60</FCSAPAssessmentExpenditure>
        <FCSAPRemediationExpenditure>0.00</FCSAPRemediationExpenditure>
        <FCSAPCareMaintenanceExpenditure>0.00</FCSAPCareMaintenanceExpenditure>
        <FCSAPMonitoringExpenditure>0.00</FCSAPMonitoringExpenditure>
        <RemediationAmounts>
          <CubicMetres>0.0000</CubicMetres>
          <Hectares>0.0000</Hectares>
          <Tons>0.0000</Tons>
        </RemediationAmounts>
        <Closed>0</Closed>
      </AnnualData>
      <AnnualData FiscalYear="2005-2006" ReportingOrganization="NCC">
        <HighestStepCompleted>01</HighestStepCompleted>
        <TotalAssessmentExpenditure>0.00</TotalAssessmentExpenditure>
        <TotalRemediationExpenditure>0.00</TotalRemediationExpenditure>
        <TotalCareMaintenanceExpenditure>0.00</TotalCareMaintenanceExpenditure>
        <TotalMonitoringExpenditure>0.00</TotalMonitoringExpenditure>
        <FCSAPAssessmentExpenditure>0.00</FCSAPAssessmentExpenditure>
        <FCSAPRemediationExpenditure>0.00</FCSAPRemediationExpenditure>
        <FCSAPCareMaintenanceExpenditure>0.00</FCSAPCareMaintenanceExpenditure>
        <FCSAPMonitoringExpenditure>0.00</FCSAPMonitoringExpenditure>
        <RemediationAmounts>
          <CubicMetres>0.0000</CubicMetres>
          <Hectares>0.0000</Hectares>
          <Tons>0.0000</Tons>
        </RemediationAmounts>
        <Closed>0</Closed>
      </AnnualData>
    </Site>
    <Site FederalSiteIdentifier="00000011" ReportingOrganization="NCC" Created="2006-02-06T13:55:00" LastModified="2015-06-12T16:47:49.783">
      <Name>
        <EN xml:lang="en">LeBreton Flats</EN>
        <FR xml:lang="fr">des plaines LeBreton</FR>
      </Name>
      <SiteStatus>
        <Status>
          <EN xml:lang="en">Active</EN>
          <FR xml:lang="fr">Active</FR>
        </Status>
        <Description>
          <EN xml:lang="en">Detailed testing completed. Remedial action plan under development.</EN>
          <FR xml:lang="fr">Analyse détaillée terminée. Élaboration du plan d’assainissement en cours.</FR>
        </Description>
      </SiteStatus>
      <Classification>
        <Code>2</Code>
        <Name>
          <EN xml:lang="en">Medium Priority for Action</EN>
          <FR xml:lang="fr">Priorité d’intervention moyenne</FR>
        </Name>
      </Classification>
      <PropertyNumber>04069</PropertyNumber>
      <ReasonForFederalInvolvement>
        <EN xml:lang="en">Federal Real Property</EN>
        <FR xml:lang="fr">Biens immobiliers fédéraux</FR>
      </ReasonForFederalInvolvement>
      <Location sgc="3506008" fed="062">
        <MiniMapURL>http://www.tbs-sct.gc.ca/fcsi-rscf/minimap.aspx?fsi=00000011</MiniMapURL>
        <Latitude>45.413670</Latitude>
        <Longitude>-75.711830</Longitude>
        <Municipality>Ottawa</Municipality>
        <Province>Ontario</Province>
        <FederalElectoralDistrict>
          <EN xml:lang="en">Ottawa Centre</EN>
          <FR xml:lang="fr">Ottawa-Centre</FR>
        </FederalElectoralDistrict>
        <Country>
          <EN xml:lang="en">Canada</EN>
          <FR xml:lang="fr">Canada</FR>
        </Country>
      </Location>
      <ManagementStrategy>
        <ManagementType code="3">
          <EN xml:lang="en">Continous Monitoring</EN>
          <FR xml:lang="fr">Surveillance constante</FR>
        </ManagementType>
        <ManagementType code="5">
          <EN xml:lang="en">Additional assessment</EN>
          <FR xml:lang="fr">Évaluation complémentaire</FR>
        </ManagementType>
      </ManagementStrategy>
      <ContaminationDetails>
        <ContaminationEstimates>
          <Hectares>0.6347</Hectares>
        </ContaminationEstimates>
        <ContaminatedMedia>
          <Contamination code="11">
            <EN xml:lang="en">PHCs (petroleum hydrocarbons)</EN>
            <FR xml:lang="fr">HCP (hydrocarbures pétroliers)</FR>
          </Contamination>
          <Medium code="5">
            <EN xml:lang="en">Soil</EN>
            <FR xml:lang="fr">Sol</FR>
          </Medium>
        </ContaminatedMedia>
        <ContaminatedMedia>
          <Contamination code="13">
            <EN xml:lang="en">PAHs (polycyclic aromatic hydrocarbon)</EN>
            <FR xml:lang="fr">HAP (hydrocarbures aromatiques polycycliques)</FR>
          </Contamination>
          <Medium code="2">
            <EN xml:lang="en">Groundwater</EN>
            <FR xml:lang="fr">Eau souterraine</FR>
          </Medium>
        </ContaminatedMedia>
        <ContaminatedMedia>
          <Contamination code="13">
            <EN xml:lang="en">PAHs (polycyclic aromatic hydrocarbon)</EN>
            <FR xml:lang="fr">HAP (hydrocarbures aromatiques polycycliques)</FR>
          </Contamination>
          <Medium code="5">
            <EN xml:lang="en">Soil</EN>
            <FR xml:lang="fr">Sol</FR>
          </Medium>
        </ContaminatedMedia>
        <ContaminatedMedia>
          <Contamination code="21">
            <EN xml:lang="en">Metal, metalloid, and organometallic</EN>
            <FR xml:lang="fr">Métaux, métalloïdes, et organométalliques</FR>
          </Contamination>
          <Medium code="2">
            <EN xml:lang="en">Groundwater</EN>
            <FR xml:lang="fr">Eau souterraine</FR>
          </Medium>
        </ContaminatedMedia>
        <ContaminatedMedia>
          <Contamination code="21">
            <EN xml:lang="en">Metal, metalloid, and organometallic</EN>
            <FR xml:lang="fr">Métaux, métalloïdes, et organométalliques</FR>
          </Contamination>
          <Medium code="5">
            <EN xml:lang="en">Soil</EN>
            <FR xml:lang="fr">Sol</FR>
          </Medium>
        </ContaminatedMedia>
      </ContaminationDetails>
      <ActionPlan>
        <EN xml:lang="en">Phase III ESA and PQRA study is currrently under review by Health Canada and Environment Canada.</EN>
        <FR xml:lang="fr">Les études préliminaires quantitatives de risque et de Phase III sont actuellement revues par Santé et Environnement Canada.
</FR>
      </ActionPlan>
      <AdditionalInformation>
        <EN xml:lang="en" />
        <FR xml:lang="fr" />
      </AdditionalInformation>
      <PopulationCounts>
        <KM1>14356</KM1>
        <KM5>215530</KM5>
        <KM10>618766</KM10>
        <KM25>1146663</KM25>
        <KM50>1351675</KM50>
      </PopulationCounts>
      <AnnualData FiscalYear="2014-2015" ReportingOrganization="NCC">
        <HighestStepCompleted>06</HighestStepCompleted>
        <TotalAssessmentExpenditure>0.00</TotalAssessmentExpenditure>
        <TotalRemediationExpenditure>0.00</TotalRemediationExpenditure>
        <TotalCareMaintenanceExpenditure>0.00</TotalCareMaintenanceExpenditure>
        <TotalMonitoringExpenditure>0.00</TotalMonitoringExpenditure>
        <FCSAPAssessmentExpenditure>0.00</FCSAPAssessmentExpenditure>
        <FCSAPRemediationExpenditure>0.00</FCSAPRemediationExpenditure>
        <FCSAPCareMaintenanceExpenditure>0.00</FCSAPCareMaintenanceExpenditure>
        <FCSAPMonitoringExpenditure>0.00</FCSAPMonitoringExpenditure>
        <RemediationAmounts>
          <CubicMetres>0.0000</CubicMetres>
          <Hectares>0.0000</Hectares>
          <Tons>0.0000</Tons>
        </RemediationAmounts>
        <Closed>0</Closed>
      </AnnualData>
      <AnnualData FiscalYear="2013-2014" ReportingOrganization="NCC">
        <HighestStepCompleted>06</HighestStepCompleted>
        <PlannedCompletionDateStep7>2015-2016</PlannedCompletionDateStep7>
        <PlannedCompletionDateStep8>2016-2017</PlannedCompletionDateStep8>
        <PlannedCompletionDateStep9>2017-2018</PlannedCompletionDateStep9>
        <TotalAssessmentExpenditure>0.00</TotalAssessmentExpenditure>
        <TotalRemediationExpenditure>0.00</TotalRemediationExpenditure>
        <TotalCareMaintenanceExpenditure>0.00</TotalCareMaintenanceExpenditure>
        <TotalMonitoringExpenditure>0.00</TotalMonitoringExpenditure>
        <FCSAPAssessmentExpenditure>0.00</FCSAPAssessmentExpenditure>
        <FCSAPRemediationExpenditure>0.00</FCSAPRemediationExpenditure>
        <FCSAPCareMaintenanceExpenditure>0.00</FCSAPCareMaintenanceExpenditure>
        <FCSAPMonitoringExpenditure>0.00</FCSAPMonitoringExpenditure>
        <RemediationAmounts>
          <CubicMetres>0.0000</CubicMetres>
          <Hectares>0.0000</Hectares>
          <Tons>0.0000</Tons>
        </RemediationAmounts>
        <Closed>0</Closed>
      </AnnualData>
      <AnnualData FiscalYear="2012-2013" ReportingOrganization="NCC">
        <HighestStepCompleted>06</HighestStepCompleted>
        <TotalAssessmentExpenditure>916.00</TotalAssessmentExpenditure>
        <TotalRemediationExpenditure>0.00</TotalRemediationExpenditure>
        <TotalCareMaintenanceExpenditure>0.00</TotalCareMaintenanceExpenditure>
        <TotalMonitoringExpenditure>0.00</TotalMonitoringExpenditure>
        <FCSAPAssessmentExpenditure>723.80</FCSAPAssessmentExpenditure>
        <FCSAPRemediationExpenditure>0.00</FCSAPRemediationExpenditure>
        <FCSAPCareMaintenanceExpenditure>0.00</FCSAPCareMaintenanceExpenditure>
        <FCSAPMonitoringExpenditure>0.00</FCSAPMonitoringExpenditure>
        <RemediationAmounts>
          <CubicMetres>0.0000</CubicMetres>
          <Hectares>0.0000</Hectares>
          <Tons>0.0000</Tons>
        </RemediationAmounts>
        <Closed>0</Closed>
      </AnnualData>
      <AnnualData FiscalYear="2011-2012" ReportingOrganization="NCC">
        <HighestStepCompleted>06</HighestStepCompleted>
        <TotalAssessmentExpenditure>17557.00</TotalAssessmentExpenditure>
        <TotalRemediationExpenditure>0.00</TotalRemediationExpenditure>
        <TotalCareMaintenanceExpenditure>0.00</TotalCareMaintenanceExpenditure>
        <TotalMonitoringExpenditure>0.00</TotalMonitoringExpenditure>
        <FCSAPAssessmentExpenditure>14045.60</FCSAPAssessmentExpenditure>
        <FCSAPRemediationExpenditure>0.00</FCSAPRemediationExpenditure>
        <FCSAPCareMaintenanceExpenditure>0.00</FCSAPCareMaintenanceExpenditure>
        <FCSAPMonitoringExpenditure>0.00</FCSAPMonitoringExpenditure>
        <RemediationAmounts>
          <CubicMetres>0.0000</CubicMetres>
          <Hectares>0.0000</Hectares>
          <Tons>0.0000</Tons>
        </RemediationAmounts>
        <Closed>0</Closed>
      </AnnualData>
      <AnnualData FiscalYear="2010-2011" ReportingOrganization="NCC">
        <HighestStepCompleted>04</HighestStepCompleted>
        <TotalAssessmentExpenditure>0.00</TotalAssessmentExpenditure>
        <TotalRemediationExpenditure>0.00</TotalRemediationExpenditure>
        <TotalCareMaintenanceExpenditure>0.00</TotalCareMaintenanceExpenditure>
        <TotalMonitoringExpenditure>0.00</TotalMonitoringExpenditure>
        <FCSAPAssessmentExpenditure>0.00</FCSAPAssessmentExpenditure>
        <FCSAPRemediationExpenditure>0.00</FCSAPRemediationExpenditure>
        <FCSAPCareMaintenanceExpenditure>0.00</FCSAPCareMaintenanceExpenditure>
        <FCSAPMonitoringExpenditure>0.00</FCSAPMonitoringExpenditure>
        <RemediationAmounts>
          <CubicMetres>0.0000</CubicMetres>
          <Hectares>0.0000</Hectares>
          <Tons>0.0000</Tons>
        </RemediationAmounts>
        <Closed>0</Closed>
      </AnnualData>
      <AnnualData FiscalYear="2009-2010" ReportingOrganization="NCC">
        <HighestStepCompleted>04</HighestStepCompleted>
        <TotalAssessmentExpenditure>1101.00</TotalAssessmentExpenditure>
        <TotalRemediationExpenditure>0.00</TotalRemediationExpenditure>
        <TotalCareMaintenanceExpenditure>0.00</TotalCareMaintenanceExpenditure>
        <TotalMonitoringExpenditure>0.00</TotalMonitoringExpenditure>
        <FCSAPAssessmentExpenditure>1101.00</FCSAPAssessmentExpenditure>
        <FCSAPRemediationExpenditure>0.00</FCSAPRemediationExpenditure>
        <FCSAPCareMaintenanceExpenditure>0.00</FCSAPCareMaintenanceExpenditure>
        <FCSAPMonitoringExpenditure>0.00</FCSAPMonitoringExpenditure>
        <RemediationAmounts>
          <CubicMetres>0.0000</CubicMetres>
          <Hectares>0.0000</Hectares>
          <Tons>0.0000</Tons>
        </RemediationAmounts>
        <Closed>0</Closed>
      </AnnualData>
      <AnnualData FiscalYear="2008-2009" ReportingOrganization="NCC">
        <HighestStepCompleted>04</HighestStepCompleted>
        <TotalAssessmentExpenditure>0.00</TotalAssessmentExpenditure>
        <TotalRemediationExpenditure>1421.70</TotalRemediationExpenditure>
        <TotalCareMaintenanceExpenditure>0.00</TotalCareMaintenanceExpenditure>
        <TotalMonitoringExpenditure>0.00</TotalMonitoringExpenditure>
        <FCSAPAssessmentExpenditure>0.00</FCSAPAssessmentExpenditure>
        <FCSAPRemediationExpenditure>1137.36</FCSAPRemediationExpenditure>
        <FCSAPCareMaintenanceExpenditure>0.00</FCSAPCareMaintenanceExpenditure>
        <FCSAPMonitoringExpenditure>0.00</FCSAPMonitoringExpenditure>
        <RemediationAmounts>
          <CubicMetres>0.0000</CubicMetres>
          <Hectares>0.0000</Hectares>
          <Tons>0.0000</Tons>
        </RemediationAmounts>
        <Closed>0</Closed>
      </AnnualData>
      <AnnualData FiscalYear="2007-2008" ReportingOrganization="NCC">
        <HighestStepCompleted>04</HighestStepCompleted>
        <TotalAssessmentExpenditure>2498.00</TotalAssessmentExpenditure>
        <TotalRemediationExpenditure>0.00</TotalRemediationExpenditure>
        <TotalCareMaintenanceExpenditure>0.00</TotalCareMaintenanceExpenditure>
        <TotalMonitoringExpenditure>0.00</TotalMonitoringExpenditure>
        <FCSAPAssessmentExpenditure>1989.40</FCSAPAssessmentExpenditure>
        <FCSAPRemediationExpenditure>0.00</FCSAPRemediationExpenditure>
        <FCSAPCareMaintenanceExpenditure>0.00</FCSAPCareMaintenanceExpenditure>
        <FCSAPMonitoringExpenditure>0.00</FCSAPMonitoringExpenditure>
        <RemediationAmounts>
          <CubicMetres>0.0000</CubicMetres>
          <Hectares>0.6347</Hectares>
          <Tons>0.0000</Tons>
        </RemediationAmounts>
        <Closed>0</Closed>
      </AnnualData>
      <AnnualData FiscalYear="2006-2007" ReportingOrganization="NCC">
        <HighestStepCompleted>04</HighestStepCompleted>
        <TotalAssessmentExpenditure>8318.00</TotalAssessmentExpenditure>
        <TotalRemediationExpenditure>0.00</TotalRemediationExpenditure>
        <TotalCareMaintenanceExpenditure>0.00</TotalCareMaintenanceExpenditure>
        <TotalMonitoringExpenditure>0.00</TotalMonitoringExpenditure>
        <FCSAPAssessmentExpenditure>6654.40</FCSAPAssessmentExpenditure>
        <FCSAPRemediationExpenditure>0.00</FCSAPRemediationExpenditure>
        <FCSAPCareMaintenanceExpenditure>0.00</FCSAPCareMaintenanceExpenditure>
        <FCSAPMonitoringExpenditure>0.00</FCSAPMonitoringExpenditure>
        <RemediationAmounts>
          <CubicMetres>0.0000</CubicMetres>
          <Hectares>0.0000</Hectares>
          <Tons>0.0000</Tons>
        </RemediationAmounts>
        <Closed>0</Closed>
      </AnnualData>
      <AnnualData FiscalYear="2005-2006" ReportingOrganization="NCC">
        <HighestStepCompleted>01</HighestStepCompleted>
        <TotalAssessmentExpenditure>0.00</TotalAssessmentExpenditure>
        <TotalRemediationExpenditure>0.00</TotalRemediationExpenditure>
        <TotalCareMaintenanceExpenditure>0.00</TotalCareMaintenanceExpenditure>
        <TotalMonitoringExpenditure>0.00</TotalMonitoringExpenditure>
        <FCSAPAssessmentExpenditure>0.00</FCSAPAssessmentExpenditure>
        <FCSAPRemediationExpenditure>0.00</FCSAPRemediationExpenditure>
        <FCSAPCareMaintenanceExpenditure>0.00</FCSAPCareMaintenanceExpenditure>
        <FCSAPMonitoringExpenditure>0.00</FCSAPMonitoringExpenditure>
        <RemediationAmounts>
          <CubicMetres>0.0000</CubicMetres>
          <Hectares>0.0000</Hectares>
          <Tons>0.0000</Tons>
        </RemediationAmounts>
        <Closed>0</Closed>
      </AnnualData>
    </Site>
    <Site FederalSiteIdentifier="00000012" ReportingOrganization="NCC" Created="2006-02-06T13:55:00" LastModified="2015-06-12T16:47:49.783">
      <Name>
        <EN xml:lang="en">LeBreton Flats</EN>
        <FR xml:lang="fr">des plaines LeBreton</FR>
      </Name>
      <SiteStatus>
        <Status>
          <EN xml:lang="en">Active</EN>
          <FR xml:lang="fr">Active</FR>
        </Status>
        <Description>
          <EN xml:lang="en">Detailed testing completed. Remedial action plan under development.</EN>
          <FR xml:lang="fr">Analyse détaillée terminée. Élaboration du plan d’assainissement en cours.</FR>
        </Description>
      </SiteStatus>
      <Classification>
        <Code>2</Code>
        <Name>
          <EN xml:lang="en">Medium Priority for Action</EN>
          <FR xml:lang="fr">Priorité d’intervention moyenne</FR>
        </Name>
      </Classification>
      <PropertyNumber>02711</PropertyNumber>
      <ReasonForFederalInvolvement>
        <EN xml:lang="en">Federal Real Property</EN>
        <FR xml:lang="fr">Biens immobiliers fédéraux</FR>
      </ReasonForFederalInvolvement>
      <Location sgc="3506008" fed="062">
        <MiniMapURL>http://www.tbs-sct.gc.ca/fcsi-rscf/minimap.aspx?fsi=00000012</MiniMapURL>
        <Latitude>45.413070</Latitude>
        <Longitude>-75.714230</Longitude>
        <Municipality>Ottawa</Municipality>
        <Province>Ontario</Province>
        <FederalElectoralDistrict>
          <EN xml:lang="en">Ottawa Centre</EN>
          <FR xml:lang="fr">Ottawa-Centre</FR>
        </FederalElectoralDistrict>
        <Country>
          <EN xml:lang="en">Canada</EN>
          <FR xml:lang="fr">Canada</FR>
        </Country>
      </Location>
      <ManagementStrategy>
        <ManagementType code="3">
          <EN xml:lang="en">Continous Monitoring</EN>
          <FR xml:lang="fr">Surveillance constante</FR>
        </ManagementType>
        <ManagementType code="5">
          <EN xml:lang="en">Additional assessment</EN>
          <FR xml:lang="fr">Évaluation complémentaire</FR>
        </ManagementType>
      </ManagementStrategy>
      <ContaminationDetails>
        <ContaminationEstimates>
          <Hectares>1.8565</Hectares>
        </ContaminationEstimates>
        <ContaminatedMedia>
          <Contamination code="11">
            <EN xml:lang="en">PHCs (petroleum hydrocarbons)</EN>
            <FR xml:lang="fr">HCP (hydrocarbures pétroliers)</FR>
          </Contamination>
          <Medium code="5">
            <EN xml:lang="en">Soil</EN>
            <FR xml:lang="fr">Sol</FR>
          </Medium>
        </ContaminatedMedia>
        <ContaminatedMedia>
          <Contamination code="13">
            <EN xml:lang="en">PAHs (polycyclic aromatic hydrocarbon)</EN>
            <FR xml:lang="fr">HAP (hydrocarbures aromatiques polycycliques)</FR>
          </Contamination>
          <Medium code="2">
            <EN xml:lang="en">Groundwater</EN>
            <FR xml:lang="fr">Eau souterraine</FR>
          </Medium>
        </ContaminatedMedia>
        <ContaminatedMedia>
          <Contamination code="13">
            <EN xml:lang="en">PAHs (polycyclic aromatic hydrocarbon)</EN>
            <FR xml:lang="fr">HAP (hydrocarbures aromatiques polycycliques)</FR>
          </Contamination>
          <Medium code="5">
            <EN xml:lang="en">Soil</EN>
            <FR xml:lang="fr">Sol</FR>
          </Medium>
        </ContaminatedMedia>
        <ContaminatedMedia>
          <Contamination code="21">
            <EN xml:lang="en">Metal, metalloid, and organometallic</EN>
            <FR xml:lang="fr">Métaux, métalloïdes, et organométalliques</FR>
          </Contamination>
          <Medium code="2">
            <EN xml:lang="en">Groundwater</EN>
            <FR xml:lang="fr">Eau souterraine</FR>
          </Medium>
        </ContaminatedMedia>
        <ContaminatedMedia>
          <Contamination code="21">
            <EN xml:lang="en">Metal, metalloid, and organometallic</EN>
            <FR xml:lang="fr">Métaux, métalloïdes, et organométalliques</FR>
          </Contamination>
          <Medium code="5">
            <EN xml:lang="en">Soil</EN>
            <FR xml:lang="fr">Sol</FR>
          </Medium>
        </ContaminatedMedia>
      </ContaminationDetails>
      <ActionPlan>
        <EN xml:lang="en">Phase III Environmental Site Assessment and PQRA is currently under review by Health Canada and Environment Canada.</EN>
        <FR xml:lang="fr">Les études préliminaires quantitatives de risque et de Phase III sont actuellement revues par Santé et Environnement Canada.
</FR>
      </ActionPlan>
      <AdditionalInformation>
        <EN xml:lang="en" />
        <FR xml:lang="fr" />
      </AdditionalInformation>
      <PopulationCounts>
        <KM1>12867</KM1>
        <KM5>213983</KM5>
        <KM10>620220</KM10>
        <KM25>1148214</KM25>
        <KM50>1352055</KM50>
      </PopulationCounts>
      <AnnualData FiscalYear="2014-2015" ReportingOrganization="NCC">
        <HighestStepCompleted>06</HighestStepCompleted>
        <TotalAssessmentExpenditure>0.00</TotalAssessmentExpenditure>
        <TotalRemediationExpenditure>0.00</TotalRemediationExpenditure>
        <TotalCareMaintenanceExpenditure>0.00</TotalCareMaintenanceExpenditure>
        <TotalMonitoringExpenditure>0.00</TotalMonitoringExpenditure>
        <FCSAPAssessmentExpenditure>0.00</FCSAPAssessmentExpenditure>
        <FCSAPRemediationExpenditure>0.00</FCSAPRemediationExpenditure>
        <FCSAPCareMaintenanceExpenditure>0.00</FCSAPCareMaintenanceExpenditure>
        <FCSAPMonitoringExpenditure>0.00</FCSAPMonitoringExpenditure>
        <RemediationAmounts>
          <CubicMetres>0.0000</CubicMetres>
          <Hectares>0.0000</Hectares>
          <Tons>0.0000</Tons>
        </RemediationAmounts>
        <Closed>0</Closed>
      </AnnualData>
      <AnnualData FiscalYear="2013-2014" ReportingOrganization="NCC">
        <HighestStepCompleted>06</HighestStepCompleted>
        <PlannedCompletionDateStep7>2015-2016</PlannedCompletionDateStep7>
        <PlannedCompletionDateStep8>2016-2017</PlannedCompletionDateStep8>
        <PlannedCompletionDateStep9>2017-2018</PlannedCompletionDateStep9>
        <TotalAssessmentExpenditure>0.00</TotalAssessmentExpenditure>
        <TotalRemediationExpenditure>0.00</TotalRemediationExpenditure>
        <TotalCareMaintenanceExpenditure>0.00</TotalCareMaintenanceExpenditure>
        <TotalMonitoringExpenditure>0.00</TotalMonitoringExpenditure>
        <FCSAPAssessmentExpenditure>0.00</FCSAPAssessmentExpenditure>
        <FCSAPRemediationExpenditure>0.00</FCSAPRemediationExpenditure>
        <FCSAPCareMaintenanceExpenditure>0.00</FCSAPCareMaintenanceExpenditure>
        <FCSAPMonitoringExpenditure>0.00</FCSAPMonitoringExpenditure>
        <RemediationAmounts>
          <CubicMetres>0.0000</CubicMetres>
          <Hectares>0.0000</Hectares>
          <Tons>0.0000</Tons>
        </RemediationAmounts>
        <Closed>0</Closed>
      </AnnualData>
      <AnnualData FiscalYear="2012-2013" ReportingOrganization="NCC">
        <HighestStepCompleted>06</HighestStepCompleted>
        <TotalAssessmentExpenditure>916.00</TotalAssessmentExpenditure>
        <TotalRemediationExpenditure>0.00</TotalRemediationExpenditure>
        <TotalCareMaintenanceExpenditure>0.00</TotalCareMaintenanceExpenditure>
        <TotalMonitoringExpenditure>0.00</TotalMonitoringExpenditure>
        <FCSAPAssessmentExpenditure>732.80</FCSAPAssessmentExpenditure>
        <FCSAPRemediationExpenditure>0.00</FCSAPRemediationExpenditure>
        <FCSAPCareMaintenanceExpenditure>0.00</FCSAPCareMaintenanceExpenditure>
        <FCSAPMonitoringExpenditure>0.00</FCSAPMonitoringExpenditure>
        <RemediationAmounts>
          <CubicMetres>0.0000</CubicMetres>
          <Hectares>0.0000</Hectares>
          <Tons>0.0000</Tons>
        </RemediationAmounts>
        <Closed>0</Closed>
      </AnnualData>
      <AnnualData FiscalYear="2011-2012" ReportingOrganization="NCC">
        <HighestStepCompleted>06</HighestStepCompleted>
        <TotalAssessmentExpenditure>17557.00</TotalAssessmentExpenditure>
        <TotalRemediationExpenditure>0.00</TotalRemediationExpenditure>
        <TotalCareMaintenanceExpenditure>0.00</TotalCareMaintenanceExpenditure>
        <TotalMonitoringExpenditure>0.00</TotalMonitoringExpenditure>
        <FCSAPAssessmentExpenditure>14045.60</FCSAPAssessmentExpenditure>
        <FCSAPRemediationExpenditure>0.00</FCSAPRemediationExpenditure>
        <FCSAPCareMaintenanceExpenditure>0.00</FCSAPCareMaintenanceExpenditure>
        <FCSAPMonitoringExpenditure>0.00</FCSAPMonitoringExpenditure>
        <RemediationAmounts>
          <CubicMetres>0.0000</CubicMetres>
          <Hectares>0.0000</Hectares>
          <Tons>0.0000</Tons>
        </RemediationAmounts>
        <Closed>0</Closed>
      </AnnualData>
      <AnnualData FiscalYear="2010-2011" ReportingOrganization="NCC">
        <HighestStepCompleted>04</HighestStepCompleted>
        <TotalAssessmentExpenditure>0.00</TotalAssessmentExpenditure>
        <TotalRemediationExpenditure>0.00</TotalRemediationExpenditure>
        <TotalCareMaintenanceExpenditure>0.00</TotalCareMaintenanceExpenditure>
        <TotalMonitoringExpenditure>0.00</TotalMonitoringExpenditure>
        <FCSAPAssessmentExpenditure>0.00</FCSAPAssessmentExpenditure>
        <FCSAPRemediationExpenditure>0.00</FCSAPRemediationExpenditure>
        <FCSAPCareMaintenanceExpenditure>0.00</FCSAPCareMaintenanceExpenditure>
        <FCSAPMonitoringExpenditure>0.00</FCSAPMonitoringExpenditure>
        <RemediationAmounts>
          <CubicMetres>0.0000</CubicMetres>
          <Hectares>0.0000</Hectares>
          <Tons>0.0000</Tons>
        </RemediationAmounts>
        <Closed>0</Closed>
      </AnnualData>
      <AnnualData FiscalYear="2009-2010" ReportingOrganization="NCC">
        <HighestStepCompleted>04</HighestStepCompleted>
        <TotalAssessmentExpenditure>1101.00</TotalAssessmentExpenditure>
        <TotalRemediationExpenditure>0.00</TotalRemediationExpenditure>
        <TotalCareMaintenanceExpenditure>0.00</TotalCareMaintenanceExpenditure>
        <TotalMonitoringExpenditure>0.00</TotalMonitoringExpenditure>
        <FCSAPAssessmentExpenditure>1101.00</FCSAPAssessmentExpenditure>
        <FCSAPRemediationExpenditure>0.00</FCSAPRemediationExpenditure>
        <FCSAPCareMaintenanceExpenditure>0.00</FCSAPCareMaintenanceExpenditure>
        <FCSAPMonitoringExpenditure>0.00</FCSAPMonitoringExpenditure>
        <RemediationAmounts>
          <CubicMetres>0.0000</CubicMetres>
          <Hectares>0.0000</Hectares>
          <Tons>0.0000</Tons>
        </RemediationAmounts>
        <Closed>0</Closed>
      </AnnualData>
      <AnnualData FiscalYear="2008-2009" ReportingOrganization="NCC">
        <HighestStepCompleted>04</HighestStepCompleted>
        <TotalAssessmentExpenditure>0.00</TotalAssessmentExpenditure>
        <TotalRemediationExpenditure>1421.70</TotalRemediationExpenditure>
        <TotalCareMaintenanceExpenditure>0.00</TotalCareMaintenanceExpenditure>
        <TotalMonitoringExpenditure>0.00</TotalMonitoringExpenditure>
        <FCSAPAssessmentExpenditure>0.00</FCSAPAssessmentExpenditure>
        <FCSAPRemediationExpenditure>1137.36</FCSAPRemediationExpenditure>
        <FCSAPCareMaintenanceExpenditure>0.00</FCSAPCareMaintenanceExpenditure>
        <FCSAPMonitoringExpenditure>0.00</FCSAPMonitoringExpenditure>
        <RemediationAmounts>
          <CubicMetres>0.0000</CubicMetres>
          <Hectares>0.0000</Hectares>
          <Tons>0.0000</Tons>
        </RemediationAmounts>
        <Closed>0</Closed>
      </AnnualData>
      <AnnualData FiscalYear="2007-2008" ReportingOrganization="NCC">
        <HighestStepCompleted>04</HighestStepCompleted>
        <TotalAssessmentExpenditure>4924.00</TotalAssessmentExpenditure>
        <TotalRemediationExpenditure>0.00</TotalRemediationExpenditure>
        <TotalCareMaintenanceExpenditure>0.00</TotalCareMaintenanceExpenditure>
        <TotalMonitoringExpenditure>0.00</TotalMonitoringExpenditure>
        <FCSAPAssessmentExpenditure>3939.20</FCSAPAssessmentExpenditure>
        <FCSAPRemediationExpenditure>0.00</FCSAPRemediationExpenditure>
        <FCSAPCareMaintenanceExpenditure>0.00</FCSAPCareMaintenanceExpenditure>
        <FCSAPMonitoringExpenditure>0.00</FCSAPMonitoringExpenditure>
        <RemediationAmounts>
          <CubicMetres>0.0000</CubicMetres>
          <Hectares>1.8565</Hectares>
          <Tons>0.0000</Tons>
        </RemediationAmounts>
        <Closed>0</Closed>
      </AnnualData>
      <AnnualData FiscalYear="2006-2007" ReportingOrganization="NCC">
        <HighestStepCompleted>04</HighestStepCompleted>
        <TotalAssessmentExpenditure>13868.00</TotalAssessmentExpenditure>
        <TotalRemediationExpenditure>0.00</TotalRemediationExpenditure>
        <TotalCareMaintenanceExpenditure>0.00</TotalCareMaintenanceExpenditure>
        <TotalMonitoringExpenditure>0.00</TotalMonitoringExpenditure>
        <FCSAPAssessmentExpenditure>11094.40</FCSAPAssessmentExpenditure>
        <FCSAPRemediationExpenditure>0.00</FCSAPRemediationExpenditure>
        <FCSAPCareMaintenanceExpenditure>0.00</FCSAPCareMaintenanceExpenditure>
        <FCSAPMonitoringExpenditure>0.00</FCSAPMonitoringExpenditure>
        <RemediationAmounts>
          <CubicMetres>0.0000</CubicMetres>
          <Hectares>0.0000</Hectares>
          <Tons>0.0000</Tons>
        </RemediationAmounts>
        <Closed>0</Closed>
      </AnnualData>
      <AnnualData FiscalYear="2005-2006" ReportingOrganization="NCC">
        <HighestStepCompleted>01</HighestStepCompleted>
        <TotalAssessmentExpenditure>0.00</TotalAssessmentExpenditure>
        <TotalRemediationExpenditure>0.00</TotalRemediationExpenditure>
        <TotalCareMaintenanceExpenditure>0.00</TotalCareMaintenanceExpenditure>
        <TotalMonitoringExpenditure>0.00</TotalMonitoringExpenditure>
        <FCSAPAssessmentExpenditure>0.00</FCSAPAssessmentExpenditure>
        <FCSAPRemediationExpenditure>0.00</FCSAPRemediationExpenditure>
        <FCSAPCareMaintenanceExpenditure>0.00</FCSAPCareMaintenanceExpenditure>
        <FCSAPMonitoringExpenditure>0.00</FCSAPMonitoringExpenditure>
        <RemediationAmounts>
          <CubicMetres>0.0000</CubicMetres>
          <Hectares>0.0000</Hectares>
          <Tons>0.0000</Tons>
        </RemediationAmounts>
        <Closed>0</Closed>
      </AnnualData>
    </Site>
    <Site FederalSiteIdentifier="00000013" ReportingOrganization="NCC" Created="2006-02-06T13:56:00" LastModified="2015-06-12T16:47:49.783">
      <Name>
        <EN xml:lang="en">LeBreton Flats</EN>
        <FR xml:lang="fr">des plaines LeBreton</FR>
      </Name>
      <SiteStatus>
        <Status>
          <EN xml:lang="en">Active</EN>
          <FR xml:lang="fr">Active</FR>
        </Status>
        <Description>
          <EN xml:lang="en">Detailed testing completed. Remedial action plan under development.</EN>
          <FR xml:lang="fr">Analyse détaillée terminée. Élaboration du plan d’assainissement en cours.</FR>
        </Description>
      </SiteStatus>
      <Classification>
        <Code>2</Code>
        <Name>
          <EN xml:lang="en">Medium Priority for Action</EN>
          <FR xml:lang="fr">Priorité d’intervention moyenne</FR>
        </Name>
      </Classification>
      <PropertyNumber>02716</PropertyNumber>
      <ReasonForFederalInvolvement>
        <EN xml:lang="en">Federal Real Property</EN>
        <FR xml:lang="fr">Biens immobiliers fédéraux</FR>
      </ReasonForFederalInvolvement>
      <Location sgc="3506008" fed="062">
        <MiniMapURL>http://www.tbs-sct.gc.ca/fcsi-rscf/minimap.aspx?fsi=00000013</MiniMapURL>
        <Latitude>45.413000</Latitude>
        <Longitude>-75.713000</Longitude>
        <Municipality>Ottawa</Municipality>
        <Province>Ontario</Province>
        <FederalElectoralDistrict>
          <EN xml:lang="en">Ottawa Centre</EN>
          <FR xml:lang="fr">Ottawa-Centre</FR>
        </FederalElectoralDistrict>
        <Country>
          <EN xml:lang="en">Canada</EN>
          <FR xml:lang="fr">Canada</FR>
        </Country>
      </Location>
      <ManagementStrategy>
        <ManagementType code="3">
          <EN xml:lang="en">Continous Monitoring</EN>
          <FR xml:lang="fr">Surveillance constante</FR>
        </ManagementType>
        <ManagementType code="5">
          <EN xml:lang="en">Additional assessment</EN>
          <FR xml:lang="fr">Évaluation complémentaire</FR>
        </ManagementType>
      </ManagementStrategy>
      <ContaminationDetails>
        <ContaminationEstimates>
          <Hectares>0.0535</Hectares>
        </ContaminationEstimates>
        <ContaminatedMedia>
          <Contamination code="11">
            <EN xml:lang="en">PHCs (petroleum hydrocarbons)</EN>
            <FR xml:lang="fr">HCP (hydrocarbures pétroliers)</FR>
          </Contamination>
          <Medium code="5">
            <EN xml:lang="en">Soil</EN>
            <FR xml:lang="fr">Sol</FR>
          </Medium>
        </ContaminatedMedia>
        <ContaminatedMedia>
          <Contamination code="13">
            <EN xml:lang="en">PAHs (polycyclic aromatic hydrocarbon)</EN>
            <FR xml:lang="fr">HAP (hydrocarbures aromatiques polycycliques)</FR>
          </Contamination>
          <Medium code="2">
            <EN xml:lang="en">Groundwater</EN>
            <FR xml:lang="fr">Eau souterraine</FR>
          </Medium>
        </ContaminatedMedia>
        <ContaminatedMedia>
          <Contamination code="13">
            <EN xml:lang="en">PAHs (polycyclic aromatic hydrocarbon)</EN>
            <FR xml:lang="fr">HAP (hydrocarbures aromatiques polycycliques)</FR>
          </Contamination>
          <Medium code="5">
            <EN xml:lang="en">Soil</EN>
            <FR xml:lang="fr">Sol</FR>
          </Medium>
        </ContaminatedMedia>
        <ContaminatedMedia>
          <Contamination code="21">
            <EN xml:lang="en">Metal, metalloid, and organometallic</EN>
            <FR xml:lang="fr">Métaux, métalloïdes, et organométalliques</FR>
          </Contamination>
          <Medium code="2">
            <EN xml:lang="en">Groundwater</EN>
            <FR xml:lang="fr">Eau souterraine</FR>
          </Medium>
        </ContaminatedMedia>
        <ContaminatedMedia>
          <Contamination code="21">
            <EN xml:lang="en">Metal, metalloid, and organometallic</EN>
            <FR xml:lang="fr">Métaux, métalloïdes, et organométalliques</FR>
          </Contamination>
          <Medium code="5">
            <EN xml:lang="en">Soil</EN>
            <FR xml:lang="fr">Sol</FR>
          </Medium>
        </ContaminatedMedia>
      </ContaminationDetails>
      <ActionPlan>
        <EN xml:lang="en">Phase III ESA and PQRA study is currrently under review by Health Canada and Environment Canada.</EN>
        <FR xml:lang="fr">Les études préliminaires quantitatives de risque et de Phase III sont actuellement revues par Santé et Environnement Canada.
</FR>
      </ActionPlan>
      <AdditionalInformation>
        <EN xml:lang="en" />
        <FR xml:lang="fr" />
      </AdditionalInformation>
      <PopulationCounts>
        <KM1>13960</KM1>
        <KM5>215058</KM5>
        <KM10>619738</KM10>
        <KM25>1147638</KM25>
        <KM50>1351916</KM50>
      </PopulationCounts>
      <AnnualData FiscalYear="2014-2015" ReportingOrganization="NCC">
        <HighestStepCompleted>06</HighestStepCompleted>
        <TotalAssessmentExpenditure>0.00</TotalAssessmentExpenditure>
        <TotalRemediationExpenditure>0.00</TotalRemediationExpenditure>
        <TotalCareMaintenanceExpenditure>0.00</TotalCareMaintenanceExpenditure>
        <TotalMonitoringExpenditure>0.00</TotalMonitoringExpenditure>
        <FCSAPAssessmentExpenditure>0.00</FCSAPAssessmentExpenditure>
        <FCSAPRemediationExpenditure>0.00</FCSAPRemediationExpenditure>
        <FCSAPCareMaintenanceExpenditure>0.00</FCSAPCareMaintenanceExpenditure>
        <FCSAPMonitoringExpenditure>0.00</FCSAPMonitoringExpenditure>
        <RemediationAmounts>
          <CubicMetres>0.0000</CubicMetres>
          <Hectares>0.0000</Hectares>
          <Tons>0.0000</Tons>
        </RemediationAmounts>
        <Closed>0</Closed>
      </AnnualData>
      <AnnualData FiscalYear="2013-2014" ReportingOrganization="NCC">
        <HighestStepCompleted>06</HighestStepCompleted>
        <PlannedCompletionDateStep7>2015-2016</PlannedCompletionDateStep7>
        <PlannedCompletionDateStep8>2016-2017</PlannedCompletionDateStep8>
        <PlannedCompletionDateStep9>2017-2018</PlannedCompletionDateStep9>
        <TotalAssessmentExpenditure>0.00</TotalAssessmentExpenditure>
        <TotalRemediationExpenditure>0.00</TotalRemediationExpenditure>
        <TotalCareMaintenanceExpenditure>0.00</TotalCareMaintenanceExpenditure>
        <TotalMonitoringExpenditure>0.00</TotalMonitoringExpenditure>
        <FCSAPAssessmentExpenditure>0.00</FCSAPAssessmentExpenditure>
        <FCSAPRemediationExpenditure>0.00</FCSAPRemediationExpenditure>
        <FCSAPCareMaintenanceExpenditure>0.00</FCSAPCareMaintenanceExpenditure>
        <FCSAPMonitoringExpenditure>0.00</FCSAPMonitoringExpenditure>
        <RemediationAmounts>
          <CubicMetres>0.0000</CubicMetres>
          <Hectares>0.0000</Hectares>
          <Tons>0.0000</Tons>
        </RemediationAmounts>
        <Closed>0</Closed>
      </AnnualData>
      <AnnualData FiscalYear="2012-2013" ReportingOrganization="NCC">
        <HighestStepCompleted>06</HighestStepCompleted>
        <TotalAssessmentExpenditure>916.00</TotalAssessmentExpenditure>
        <TotalRemediationExpenditure>0.00</TotalRemediationExpenditure>
        <TotalCareMaintenanceExpenditure>0.00</TotalCareMaintenanceExpenditure>
        <TotalMonitoringExpenditure>0.00</TotalMonitoringExpenditure>
        <FCSAPAssessmentExpenditure>732.80</FCSAPAssessmentExpenditure>
        <FCSAPRemediationExpenditure>0.00</FCSAPRemediationExpenditure>
        <FCSAPCareMaintenanceExpenditure>0.00</FCSAPCareMaintenanceExpenditure>
        <FCSAPMonitoringExpenditure>0.00</FCSAPMonitoringExpenditure>
        <RemediationAmounts>
          <CubicMetres>0.0000</CubicMetres>
          <Hectares>0.0000</Hectares>
          <Tons>0.0000</Tons>
        </RemediationAmounts>
        <Closed>0</Closed>
      </AnnualData>
      <AnnualData FiscalYear="2011-2012" ReportingOrganization="NCC">
        <HighestStepCompleted>06</HighestStepCompleted>
        <TotalAssessmentExpenditure>17557.00</TotalAssessmentExpenditure>
        <TotalRemediationExpenditure>0.00</TotalRemediationExpenditure>
        <TotalCareMaintenanceExpenditure>0.00</TotalCareMaintenanceExpenditure>
        <TotalMonitoringExpenditure>0.00</TotalMonitoringExpenditure>
        <FCSAPAssessmentExpenditure>14045.60</FCSAPAssessmentExpenditure>
        <FCSAPRemediationExpenditure>0.00</FCSAPRemediationExpenditure>
        <FCSAPCareMaintenanceExpenditure>0.00</FCSAPCareMaintenanceExpenditure>
        <FCSAPMonitoringExpenditure>0.00</FCSAPMonitoringExpenditure>
        <RemediationAmounts>
          <CubicMetres>0.0000</CubicMetres>
          <Hectares>0.0000</Hectares>
          <Tons>0.0000</Tons>
        </RemediationAmounts>
        <Closed>0</Closed>
      </AnnualData>
      <AnnualData FiscalYear="2010-2011" ReportingOrganization="NCC">
        <HighestStepCompleted>04</HighestStepCompleted>
        <TotalAssessmentExpenditure>0.00</TotalAssessmentExpenditure>
        <TotalRemediationExpenditure>0.00</TotalRemediationExpenditure>
        <TotalCareMaintenanceExpenditure>0.00</TotalCareMaintenanceExpenditure>
        <TotalMonitoringExpenditure>0.00</TotalMonitoringExpenditure>
        <FCSAPAssessmentExpenditure>0.00</FCSAPAssessmentExpenditure>
        <FCSAPRemediationExpenditure>0.00</FCSAPRemediationExpenditure>
        <FCSAPCareMaintenanceExpenditure>0.00</FCSAPCareMaintenanceExpenditure>
        <FCSAPMonitoringExpenditure>0.00</FCSAPMonitoringExpenditure>
        <RemediationAmounts>
          <CubicMetres>0.0000</CubicMetres>
          <Hectares>0.0000</Hectares>
          <Tons>0.0000</Tons>
        </RemediationAmounts>
        <Closed>0</Closed>
      </AnnualData>
      <AnnualData FiscalYear="2009-2010" ReportingOrganization="NCC">
        <HighestStepCompleted>04</HighestStepCompleted>
        <TotalAssessmentExpenditure>1101.00</TotalAssessmentExpenditure>
        <TotalRemediationExpenditure>0.00</TotalRemediationExpenditure>
        <TotalCareMaintenanceExpenditure>0.00</TotalCareMaintenanceExpenditure>
        <TotalMonitoringExpenditure>0.00</TotalMonitoringExpenditure>
        <FCSAPAssessmentExpenditure>1101.00</FCSAPAssessmentExpenditure>
        <FCSAPRemediationExpenditure>0.00</FCSAPRemediationExpenditure>
        <FCSAPCareMaintenanceExpenditure>0.00</FCSAPCareMaintenanceExpenditure>
        <FCSAPMonitoringExpenditure>0.00</FCSAPMonitoringExpenditure>
        <RemediationAmounts>
          <CubicMetres>0.0000</CubicMetres>
          <Hectares>0.0000</Hectares>
          <Tons>0.0000</Tons>
        </RemediationAmounts>
        <Closed>0</Closed>
      </AnnualData>
      <AnnualData FiscalYear="2008-2009" ReportingOrganization="NCC">
        <HighestStepCompleted>04</HighestStepCompleted>
        <TotalAssessmentExpenditure>0.00</TotalAssessmentExpenditure>
        <TotalRemediationExpenditure>1421.70</TotalRemediationExpenditure>
        <TotalCareMaintenanceExpenditure>0.00</TotalCareMaintenanceExpenditure>
        <TotalMonitoringExpenditure>0.00</TotalMonitoringExpenditure>
        <FCSAPAssessmentExpenditure>0.00</FCSAPAssessmentExpenditure>
        <FCSAPRemediationExpenditure>1137.36</FCSAPRemediationExpenditure>
        <FCSAPCareMaintenanceExpenditure>0.00</FCSAPCareMaintenanceExpenditure>
        <FCSAPMonitoringExpenditure>0.00</FCSAPMonitoringExpenditure>
        <RemediationAmounts>
          <CubicMetres>0.0000</CubicMetres>
          <Hectares>0.0000</Hectares>
          <Tons>0.0000</Tons>
        </RemediationAmounts>
        <Closed>0</Closed>
      </AnnualData>
      <AnnualData FiscalYear="2007-2008" ReportingOrganization="NCC">
        <HighestStepCompleted>04</HighestStepCompleted>
        <TotalAssessmentExpenditure>2013.00</TotalAssessmentExpenditure>
        <TotalRemediationExpenditure>0.00</TotalRemediationExpenditure>
        <TotalCareMaintenanceExpenditure>0.00</TotalCareMaintenanceExpenditure>
        <TotalMonitoringExpenditure>0.00</TotalMonitoringExpenditure>
        <FCSAPAssessmentExpenditure>1610.40</FCSAPAssessmentExpenditure>
        <FCSAPRemediationExpenditure>0.00</FCSAPRemediationExpenditure>
        <FCSAPCareMaintenanceExpenditure>0.00</FCSAPCareMaintenanceExpenditure>
        <FCSAPMonitoringExpenditure>0.00</FCSAPMonitoringExpenditure>
        <RemediationAmounts>
          <CubicMetres>0.0000</CubicMetres>
          <Hectares>0.0535</Hectares>
          <Tons>0.0000</Tons>
        </RemediationAmounts>
        <Closed>0</Closed>
      </AnnualData>
      <AnnualData FiscalYear="2006-2007" ReportingOrganization="NCC">
        <HighestStepCompleted>04</HighestStepCompleted>
        <TotalAssessmentExpenditure>4194.00</TotalAssessmentExpenditure>
        <TotalRemediationExpenditure>0.00</TotalRemediationExpenditure>
        <TotalCareMaintenanceExpenditure>0.00</TotalCareMaintenanceExpenditure>
        <TotalMonitoringExpenditure>0.00</TotalMonitoringExpenditure>
        <FCSAPAssessmentExpenditure>3355.20</FCSAPAssessmentExpenditure>
        <FCSAPRemediationExpenditure>0.00</FCSAPRemediationExpenditure>
        <FCSAPCareMaintenanceExpenditure>0.00</FCSAPCareMaintenanceExpenditure>
        <FCSAPMonitoringExpenditure>0.00</FCSAPMonitoringExpenditure>
        <RemediationAmounts>
          <CubicMetres>0.0000</CubicMetres>
          <Hectares>0.0000</Hectares>
          <Tons>0.0000</Tons>
        </RemediationAmounts>
        <Closed>0</Closed>
      </AnnualData>
      <AnnualData FiscalYear="2005-2006" ReportingOrganization="NCC">
        <HighestStepCompleted>01</HighestStepCompleted>
        <TotalAssessmentExpenditure>0.00</TotalAssessmentExpenditure>
        <TotalRemediationExpenditure>0.00</TotalRemediationExpenditure>
        <TotalCareMaintenanceExpenditure>0.00</TotalCareMaintenanceExpenditure>
        <TotalMonitoringExpenditure>0.00</TotalMonitoringExpenditure>
        <FCSAPAssessmentExpenditure>0.00</FCSAPAssessmentExpenditure>
        <FCSAPRemediationExpenditure>0.00</FCSAPRemediationExpenditure>
        <FCSAPCareMaintenanceExpenditure>0.00</FCSAPCareMaintenanceExpenditure>
        <FCSAPMonitoringExpenditure>0.00</FCSAPMonitoringExpenditure>
        <RemediationAmounts>
          <CubicMetres>0.0000</CubicMetres>
          <Hectares>0.0000</Hectares>
          <Tons>0.0000</Tons>
        </RemediationAmounts>
        <Closed>0</Closed>
      </AnnualData>
    </Site>
    <Site FederalSiteIdentifier="00000014" ReportingOrganization="NCC" Created="2006-02-06T13:56:00" LastModified="2013-07-26T15:40:08.170">
      <Name>
        <EN xml:lang="en" />
        <FR xml:lang="fr" />
      </Name>
      <SiteStatus>
        <Status>
          <EN xml:lang="en">Closed</EN>
          <FR xml:lang="fr">Fermé</FR>
        </Status>
        <Description>
          <EN xml:lang="en">Detailed testing completed. No further action required.</EN>
          <FR xml:lang="fr">Analyse détaillée terminée. Aucune autre mesure nécessaire.</FR>
        </Description>
      </SiteStatus>
      <Classification>
        <Code>2</Code>
        <Name>
          <EN xml:lang="en">Medium Priority for Action</EN>
          <FR xml:lang="fr">Priorité d’intervention moyenne</FR>
        </Name>
      </Classification>
      <PropertyNumber>01510</PropertyNumber>
      <ReasonForFederalInvolvement>
        <EN xml:lang="en">Federal Real Property</EN>
        <FR xml:lang="fr">Biens immobiliers fédéraux</FR>
      </ReasonForFederalInvolvement>
      <Location sgc="3506008" fed="062">
        <MiniMapURL>http://www.tbs-sct.gc.ca/fcsi-rscf/minimap.aspx?fsi=00000014</MiniMapURL>
        <Latitude>45.411740</Latitude>
        <Longitude>-75.715600</Longitude>
        <Municipality>Ottawa</Municipality>
        <Province>Ontario</Province>
        <FederalElectoralDistrict>
          <EN xml:lang="en">Ottawa Centre</EN>
          <FR xml:lang="fr">Ottawa-Centre</FR>
        </FederalElectoralDistrict>
        <Country>
          <EN xml:lang="en">Canada</EN>
          <FR xml:lang="fr">Canada</FR>
        </Country>
      </Location>
      <ActionPlan>
        <EN xml:lang="en" />
        <FR xml:lang="fr" />
      </ActionPlan>
      <AdditionalInformation>
        <EN xml:lang="en" />
        <FR xml:lang="fr" />
      </AdditionalInformation>
      <PopulationCounts>
        <KM1>12318</KM1>
        <KM5>213436</KM5>
        <KM10>621614</KM10>
        <KM25>1149912</KM25>
        <KM50>1352362</KM50>
      </PopulationCounts>
      <AnnualData FiscalYear="2007-2008" ReportingOrganization="NCC">
        <HighestStepCompleted>05</HighestStepCompleted>
        <TotalAssessmentExpenditure>1827.00</TotalAssessmentExpenditure>
        <TotalRemediationExpenditure>0.00</TotalRemediationExpenditure>
        <TotalCareMaintenanceExpenditure>0.00</TotalCareMaintenanceExpenditure>
        <TotalMonitoringExpenditure>0.00</TotalMonitoringExpenditure>
        <FCSAPAssessmentExpenditure>1461.60</FCSAPAssessmentExpenditure>
        <FCSAPRemediationExpenditure>0.00</FCSAPRemediationExpenditure>
        <FCSAPCareMaintenanceExpenditure>0.00</FCSAPCareMaintenanceExpenditure>
        <FCSAPMonitoringExpenditure>0.00</FCSAPMonitoringExpenditure>
        <RemediationAmounts>
          <CubicMetres>0.0000</CubicMetres>
          <Hectares>0.0000</Hectares>
          <Tons>0.0000</Tons>
        </RemediationAmounts>
        <Closed>1</Closed>
      </AnnualData>
      <AnnualData FiscalYear="2006-2007" ReportingOrganization="NCC">
        <HighestStepCompleted>04</HighestStepCompleted>
        <TotalAssessmentExpenditure>1398.00</TotalAssessmentExpenditure>
        <TotalRemediationExpenditure>0.00</TotalRemediationExpenditure>
        <TotalCareMaintenanceExpenditure>0.00</TotalCareMaintenanceExpenditure>
        <TotalMonitoringExpenditure>0.00</TotalMonitoringExpenditure>
        <FCSAPAssessmentExpenditure>1118.40</FCSAPAssessmentExpenditure>
        <FCSAPRemediationExpenditure>0.00</FCSAPRemediationExpenditure>
        <FCSAPCareMaintenanceExpenditure>0.00</FCSAPCareMaintenanceExpenditure>
        <FCSAPMonitoringExpenditure>0.00</FCSAPMonitoringExpenditure>
        <RemediationAmounts>
          <CubicMetres>0.0000</CubicMetres>
          <Hectares>0.0000</Hectares>
          <Tons>0.0000</Tons>
        </RemediationAmounts>
        <Closed>1</Closed>
      </AnnualData>
      <AnnualData FiscalYear="2005-2006" ReportingOrganization="NCC">
        <HighestStepCompleted>01</HighestStepCompleted>
        <TotalAssessmentExpenditure>0.00</TotalAssessmentExpenditure>
        <TotalRemediationExpenditure>0.00</TotalRemediationExpenditure>
        <TotalCareMaintenanceExpenditure>0.00</TotalCareMaintenanceExpenditure>
        <TotalMonitoringExpenditure>0.00</TotalMonitoringExpenditure>
        <FCSAPAssessmentExpenditure>0.00</FCSAPAssessmentExpenditure>
        <FCSAPRemediationExpenditure>0.00</FCSAPRemediationExpenditure>
        <FCSAPCareMaintenanceExpenditure>0.00</FCSAPCareMaintenanceExpenditure>
        <FCSAPMonitoringExpenditure>0.00</FCSAPMonitoringExpenditure>
        <RemediationAmounts>
          <CubicMetres>0.0000</CubicMetres>
          <Hectares>0.0000</Hectares>
          <Tons>0.0000</Tons>
        </RemediationAmounts>
        <Closed>0</Closed>
      </AnnualData>
    </Site>
    <Site FederalSiteIdentifier="00000015" ReportingOrganization="NCC" Created="2006-02-06T13:57:00" LastModified="2015-06-12T16:47:49.783">
      <Name>
        <EN xml:lang="en">LeBreton Flats - Nepean Bay</EN>
        <FR xml:lang="fr">Les plaines LeBreton - la baie Nepean</FR>
      </Name>
      <SiteStatus>
        <Status>
          <EN xml:lang="en">Active</EN>
          <FR xml:lang="fr">Active</FR>
        </Status>
        <Description>
          <EN xml:lang="en">Detailed testing completed. Remedial action plan under development.</EN>
          <FR xml:lang="fr">Analyse détaillée terminée. Élaboration du plan d’assainissement en cours.</FR>
        </Description>
      </SiteStatus>
      <Classification>
        <Code>2</Code>
        <Name>
          <EN xml:lang="en">Medium Priority for Action</EN>
          <FR xml:lang="fr">Priorité d’intervention moyenne</FR>
        </Name>
      </Classification>
      <PropertyNumber>02662</PropertyNumber>
      <ReasonForFederalInvolvement>
        <EN xml:lang="en">Federal Real Property</EN>
        <FR xml:lang="fr">Biens immobiliers fédéraux</FR>
      </ReasonForFederalInvolvement>
      <Location sgc="3506008" fed="062">
        <MiniMapURL>http://www.tbs-sct.gc.ca/fcsi-rscf/minimap.aspx?fsi=00000015</MiniMapURL>
        <Latitude>45.411530</Latitude>
        <Longitude>-75.719880</Longitude>
        <Municipality>Ottawa</Municipality>
        <Province>Ontario</Province>
        <FederalElectoralDistrict>
          <EN xml:lang="en">Ottawa Centre</EN>
          <FR xml:lang="fr">Ottawa-Centre</FR>
        </FederalElectoralDistrict>
        <Country>
          <EN xml:lang="en">Canada</EN>
          <FR xml:lang="fr">Canada</FR>
        </Country>
      </Location>
      <ManagementStrategy>
        <ManagementType code="5">
          <EN xml:lang="en">Additional assessment</EN>
          <FR xml:lang="fr">Évaluation complémentaire</FR>
        </ManagementType>
      </ManagementStrategy>
      <ContaminationDetails>
        <ContaminationEstimates>
          <Hectares>19.4615</Hectares>
        </ContaminationEstimates>
        <ContaminatedMedia>
          <Contamination code="11">
            <EN xml:lang="en">PHCs (petroleum hydrocarbons)</EN>
            <FR xml:lang="fr">HCP (hydrocarbures pétroliers)</FR>
          </Contamination>
          <Medium code="5">
            <EN xml:lang="en">Soil</EN>
            <FR xml:lang="fr">Sol</FR>
          </Medium>
        </ContaminatedMedia>
        <ContaminatedMedia>
          <Contamination code="13">
            <EN xml:lang="en">PAHs (polycyclic aromatic hydrocarbon)</EN>
            <FR xml:lang="fr">HAP (hydrocarbures aromatiques polycycliques)</FR>
          </Contamination>
          <Medium code="2">
            <EN xml:lang="en">Groundwater</EN>
            <FR xml:lang="fr">Eau souterraine</FR>
          </Medium>
        </ContaminatedMedia>
        <ContaminatedMedia>
          <Contamination code="13">
            <EN xml:lang="en">PAHs (polycyclic aromatic hydrocarbon)</EN>
            <FR xml:lang="fr">HAP (hydrocarbures aromatiques polycycliques)</FR>
          </Contamination>
          <Medium code="5">
            <EN xml:lang="en">Soil</EN>
            <FR xml:lang="fr">Sol</FR>
          </Medium>
        </ContaminatedMedia>
        <ContaminatedMedia>
          <Contamination code="21">
            <EN xml:lang="en">Metal, metalloid, and organometallic</EN>
            <FR xml:lang="fr">Métaux, métalloïdes, et organométalliques</FR>
          </Contamination>
          <Medium code="2">
            <EN xml:lang="en">Groundwater</EN>
            <FR xml:lang="fr">Eau souterraine</FR>
          </Medium>
        </ContaminatedMedia>
        <ContaminatedMedia>
          <Contamination code="21">
            <EN xml:lang="en">Metal, metalloid, and organometallic</EN>
            <FR xml:lang="fr">Métaux, métalloïdes, et organométalliques</FR>
          </Contamination>
          <Medium code="5">
            <EN xml:lang="en">Soil</EN>
            <FR xml:lang="fr">Sol</FR>
          </Medium>
        </ContaminatedMedia>
      </ContaminationDetails>
      <ActionPlan>
        <EN xml:lang="en" />
        <FR xml:lang="fr" />
      </ActionPlan>
      <AdditionalInformation>
        <EN xml:lang="en" />
        <FR xml:lang="fr" />
      </AdditionalInformation>
      <PopulationCounts>
        <KM1>9041</KM1>
        <KM5>208421</KM5>
        <KM10>622599</KM10>
        <KM25>1152380</KM25>
        <KM50>1352830</KM50>
      </PopulationCounts>
      <AnnualData FiscalYear="2014-2015" ReportingOrganization="NCC">
        <HighestStepCompleted>06</HighestStepCompleted>
        <TotalAssessmentExpenditure>13417.00</TotalAssessmentExpenditure>
        <TotalRemediationExpenditure>0.00</TotalRemediationExpenditure>
        <TotalCareMaintenanceExpenditure>0.00</TotalCareMaintenanceExpenditure>
        <TotalMonitoringExpenditure>0.00</TotalMonitoringExpenditure>
        <FCSAPAssessmentExpenditure>10734.00</FCSAPAssessmentExpenditure>
        <FCSAPRemediationExpenditure>0.00</FCSAPRemediationExpenditure>
        <FCSAPCareMaintenanceExpenditure>0.00</FCSAPCareMaintenanceExpenditure>
        <FCSAPMonitoringExpenditure>0.00</FCSAPMonitoringExpenditure>
        <RemediationAmounts>
          <CubicMetres>0.0000</CubicMetres>
          <Hectares>0.0000</Hectares>
          <Tons>0.0000</Tons>
        </RemediationAmounts>
        <Closed>0</Closed>
      </AnnualData>
      <AnnualData FiscalYear="2013-2014" ReportingOrganization="NCC">
        <HighestStepCompleted>06</HighestStepCompleted>
        <TotalAssessmentExpenditure>21992.00</TotalAssessmentExpenditure>
        <TotalRemediationExpenditure>0.00</TotalRemediationExpenditure>
        <TotalCareMaintenanceExpenditure>0.00</TotalCareMaintenanceExpenditure>
        <TotalMonitoringExpenditure>0.00</TotalMonitoringExpenditure>
        <FCSAPAssessmentExpenditure>17593.60</FCSAPAssessmentExpenditure>
        <FCSAPRemediationExpenditure>0.00</FCSAPRemediationExpenditure>
        <FCSAPCareMaintenanceExpenditure>0.00</FCSAPCareMaintenanceExpenditure>
        <FCSAPMonitoringExpenditure>0.00</FCSAPMonitoringExpenditure>
        <RemediationAmounts>
          <CubicMetres>0.0000</CubicMetres>
          <Hectares>0.0000</Hectares>
          <Tons>0.0000</Tons>
        </RemediationAmounts>
        <Closed>0</Closed>
      </AnnualData>
      <AnnualData FiscalYear="2012-2013" ReportingOrganization="NCC">
        <HighestStepCompleted>05</HighestStepCompleted>
        <TotalAssessmentExpenditure>19297.00</TotalAssessmentExpenditure>
        <TotalRemediationExpenditure>0.00</TotalRemediationExpenditure>
        <TotalCareMaintenanceExpenditure>0.00</TotalCareMaintenanceExpenditure>
        <TotalMonitoringExpenditure>0.00</TotalMonitoringExpenditure>
        <FCSAPAssessmentExpenditure>15437.60</FCSAPAssessmentExpenditure>
        <FCSAPRemediationExpenditure>0.00</FCSAPRemediationExpenditure>
        <FCSAPCareMaintenanceExpenditure>0.00</FCSAPCareMaintenanceExpenditure>
        <FCSAPMonitoringExpenditure>0.00</FCSAPMonitoringExpenditure>
        <RemediationAmounts>
          <CubicMetres>0.0000</CubicMetres>
          <Hectares>0.0000</Hectares>
          <Tons>0.0000</Tons>
        </RemediationAmounts>
        <Closed>0</Closed>
      </AnnualData>
      <AnnualData FiscalYear="2011-2012" ReportingOrganization="NCC">
        <HighestStepCompleted>05</HighestStepCompleted>
        <TotalAssessmentExpenditure>49280.00</TotalAssessmentExpenditure>
        <TotalRemediationExpenditure>0.00</TotalRemediationExpenditure>
        <TotalCareMaintenanceExpenditure>0.00</TotalCareMaintenanceExpenditure>
        <TotalMonitoringExpenditure>0.00</TotalMonitoringExpenditure>
        <FCSAPAssessmentExpenditure>39424.00</FCSAPAssessmentExpenditure>
        <FCSAPRemediationExpenditure>0.00</FCSAPRemediationExpenditure>
        <FCSAPCareMaintenanceExpenditure>0.00</FCSAPCareMaintenanceExpenditure>
        <FCSAPMonitoringExpenditure>0.00</FCSAPMonitoringExpenditure>
        <RemediationAmounts>
          <CubicMetres>0.0000</CubicMetres>
          <Hectares>0.0000</Hectares>
          <Tons>0.0000</Tons>
        </RemediationAmounts>
        <Closed>0</Closed>
      </AnnualData>
      <AnnualData FiscalYear="2010-2011" ReportingOrganization="NCC">
        <HighestStepCompleted>05</HighestStepCompleted>
        <PlannedCompletionDateStep7>2011-2012</PlannedCompletionDateStep7>
        <TotalAssessmentExpenditure>199826.00</TotalAssessmentExpenditure>
        <TotalRemediationExpenditure>0.00</TotalRemediationExpenditure>
        <TotalCareMaintenanceExpenditure>0.00</TotalCareMaintenanceExpenditure>
        <TotalMonitoringExpenditure>0.00</TotalMonitoringExpenditure>
        <FCSAPAssessmentExpenditure>199826.00</FCSAPAssessmentExpenditure>
        <FCSAPRemediationExpenditure>0.00</FCSAPRemediationExpenditure>
        <FCSAPCareMaintenanceExpenditure>0.00</FCSAPCareMaintenanceExpenditure>
        <FCSAPMonitoringExpenditure>0.00</FCSAPMonitoringExpenditure>
        <RemediationAmounts>
          <CubicMetres>0.0000</CubicMetres>
          <Hectares>0.0000</Hectares>
          <Tons>0.0000</Tons>
        </RemediationAmounts>
        <Closed>0</Closed>
      </AnnualData>
      <AnnualData FiscalYear="2009-2010" ReportingOrganization="NCC">
        <HighestStepCompleted>05</HighestStepCompleted>
        <TotalAssessmentExpenditure>93745.05</TotalAssessmentExpenditure>
        <TotalRemediationExpenditure>0.00</TotalRemediationExpenditure>
        <TotalCareMaintenanceExpenditure>0.00</TotalCareMaintenanceExpenditure>
        <TotalMonitoringExpenditure>0.00</TotalMonitoringExpenditure>
        <FCSAPAssessmentExpenditure>93745.05</FCSAPAssessmentExpenditure>
        <FCSAPRemediationExpenditure>0.00</FCSAPRemediationExpenditure>
        <FCSAPCareMaintenanceExpenditure>0.00</FCSAPCareMaintenanceExpenditure>
        <FCSAPMonitoringExpenditure>0.00</FCSAPMonitoringExpenditure>
        <RemediationAmounts>
          <CubicMetres>0.0000</CubicMetres>
          <Hectares>0.0000</Hectares>
          <Tons>0.0000</Tons>
        </RemediationAmounts>
        <Closed>0</Closed>
      </AnnualData>
      <AnnualData FiscalYear="2008-2009" ReportingOrganization="NCC">
        <HighestStepCompleted>05</HighestStepCompleted>
        <TotalAssessmentExpenditure>0.00</TotalAssessmentExpenditure>
        <TotalRemediationExpenditure>0.00</TotalRemediationExpenditure>
        <TotalCareMaintenanceExpenditure>0.00</TotalCareMaintenanceExpenditure>
        <TotalMonitoringExpenditure>0.00</TotalMonitoringExpenditure>
        <FCSAPAssessmentExpenditure>0.00</FCSAPAssessmentExpenditure>
        <FCSAPRemediationExpenditure>0.00</FCSAPRemediationExpenditure>
        <FCSAPCareMaintenanceExpenditure>0.00</FCSAPCareMaintenanceExpenditure>
        <FCSAPMonitoringExpenditure>0.00</FCSAPMonitoringExpenditure>
        <RemediationAmounts>
          <CubicMetres>0.0000</CubicMetres>
          <Hectares>0.0000</Hectares>
          <Tons>0.0000</Tons>
        </RemediationAmounts>
        <Closed>0</Closed>
      </AnnualData>
      <AnnualData FiscalYear="2007-2008" ReportingOrganization="NCC">
        <HighestStepCompleted>04</HighestStepCompleted>
        <TotalAssessmentExpenditure>3277.00</TotalAssessmentExpenditure>
        <TotalRemediationExpenditure>0.00</TotalRemediationExpenditure>
        <TotalCareMaintenanceExpenditure>0.00</TotalCareMaintenanceExpenditure>
        <TotalMonitoringExpenditure>0.00</TotalMonitoringExpenditure>
        <FCSAPAssessmentExpenditure>2621.30</FCSAPAssessmentExpenditure>
        <FCSAPRemediationExpenditure>0.00</FCSAPRemediationExpenditure>
        <FCSAPCareMaintenanceExpenditure>0.00</FCSAPCareMaintenanceExpenditure>
        <FCSAPMonitoringExpenditure>0.00</FCSAPMonitoringExpenditure>
        <RemediationAmounts>
          <CubicMetres>0.0000</CubicMetres>
          <Hectares>19.4615</Hectares>
          <Tons>0.0000</Tons>
        </RemediationAmounts>
        <Closed>0</Closed>
      </AnnualData>
      <AnnualData FiscalYear="2006-2007" ReportingOrganization="NCC">
        <HighestStepCompleted>04</HighestStepCompleted>
        <TotalAssessmentExpenditure>55925.00</TotalAssessmentExpenditure>
        <TotalRemediationExpenditure>0.00</TotalRemediationExpenditure>
        <TotalCareMaintenanceExpenditure>0.00</TotalCareMaintenanceExpenditure>
        <TotalMonitoringExpenditure>0.00</TotalMonitoringExpenditure>
        <FCSAPAssessmentExpenditure>44740.00</FCSAPAssessmentExpenditure>
        <FCSAPRemediationExpenditure>0.00</FCSAPRemediationExpenditure>
        <FCSAPCareMaintenanceExpenditure>0.00</FCSAPCareMaintenanceExpenditure>
        <FCSAPMonitoringExpenditure>0.00</FCSAPMonitoringExpenditure>
        <RemediationAmounts>
          <CubicMetres>0.0000</CubicMetres>
          <Hectares>0.0000</Hectares>
          <Tons>0.0000</Tons>
        </RemediationAmounts>
        <Closed>0</Closed>
      </AnnualData>
      <AnnualData FiscalYear="2005-2006" ReportingOrganization="NCC">
        <HighestStepCompleted>01</HighestStepCompleted>
        <TotalAssessmentExpenditure>0.00</TotalAssessmentExpenditure>
        <TotalRemediationExpenditure>0.00</TotalRemediationExpenditure>
        <TotalCareMaintenanceExpenditure>0.00</TotalCareMaintenanceExpenditure>
        <TotalMonitoringExpenditure>0.00</TotalMonitoringExpenditure>
        <FCSAPAssessmentExpenditure>0.00</FCSAPAssessmentExpenditure>
        <FCSAPRemediationExpenditure>0.00</FCSAPRemediationExpenditure>
        <FCSAPCareMaintenanceExpenditure>0.00</FCSAPCareMaintenanceExpenditure>
        <FCSAPMonitoringExpenditure>0.00</FCSAPMonitoringExpenditure>
        <RemediationAmounts>
          <CubicMetres>0.0000</CubicMetres>
          <Hectares>0.0000</Hectares>
          <Tons>0.0000</Tons>
        </RemediationAmounts>
        <Closed>0</Closed>
      </AnnualData>
    </Site>
    <Site FederalSiteIdentifier="00000016" ReportingOrganization="NCC" Created="2006-02-06T14:13:00" LastModified="2015-06-08T10:21:02.667">
      <Name>
        <EN xml:lang="en">Riverfront Park</EN>
        <FR xml:lang="fr">Parc Riverfront</FR>
      </Name>
      <SiteStatus>
        <Status>
          <EN xml:lang="en">Active</EN>
          <FR xml:lang="fr">Active</FR>
        </Status>
        <Description>
          <EN xml:lang="en">Confirmatory sampling completed. Long term monitoring underway.</EN>
          <FR xml:lang="fr">Échantillonnage de confirmation terminé. Suivi à long terme en cours.</FR>
        </Description>
      </SiteStatus>
      <Classification>
        <Code>2</Code>
        <Name>
          <EN xml:lang="en">Medium Priority for Action</EN>
          <FR xml:lang="fr">Priorité d’intervention moyenne</FR>
        </Name>
      </Classification>
      <PropertyNumber>06217</PropertyNumber>
      <ReasonForFederalInvolvement>
        <EN xml:lang="en">Federal Real Property</EN>
        <FR xml:lang="fr">Biens immobiliers fédéraux</FR>
      </ReasonForFederalInvolvement>
      <Location sgc="3506008" fed="062">
        <MiniMapURL>http://www.tbs-sct.gc.ca/fcsi-rscf/minimap.aspx?fsi=00000016</MiniMapURL>
        <Latitude>45.415740</Latitude>
        <Longitude>-75.717000</Longitude>
        <Municipality>Ottawa</Municipality>
        <Province>Ontario</Province>
        <FederalElectoralDistrict>
          <EN xml:lang="en">Ottawa Centre</EN>
          <FR xml:lang="fr">Ottawa-Centre</FR>
        </FederalElectoralDistrict>
        <Country>
          <EN xml:lang="en">Canada</EN>
          <FR xml:lang="fr">Canada</FR>
        </Country>
      </Location>
      <ManagementStrategy>
        <ManagementType code="2">
          <EN xml:lang="en">Remediation</EN>
          <FR xml:lang="fr">Restauration</FR>
        </ManagementType>
        <ManagementType code="3">
          <EN xml:lang="en">Continous Monitoring</EN>
          <FR xml:lang="fr">Surveillance constante</FR>
        </ManagementType>
        <ManagementType code="5">
          <EN xml:lang="en">Additional assessment</EN>
          <FR xml:lang="fr">Évaluation complémentaire</FR>
        </ManagementType>
      </ManagementStrategy>
      <ContaminationDetails>
        <ContaminationEstimates>
          <Hectares>8.9304</Hectares>
        </ContaminationEstimates>
        <ContaminatedMedia>
          <Contamination code="11">
            <EN xml:lang="en">PHCs (petroleum hydrocarbons)</EN>
            <FR xml:lang="fr">HCP (hydrocarbures pétroliers)</FR>
          </Contamination>
          <Medium code="5">
            <EN xml:lang="en">Soil</EN>
            <FR xml:lang="fr">Sol</FR>
          </Medium>
        </ContaminatedMedia>
        <ContaminatedMedia>
          <Contamination code="13">
            <EN xml:lang="en">PAHs (polycyclic aromatic hydrocarbon)</EN>
            <FR xml:lang="fr">HAP (hydrocarbures aromatiques polycycliques)</FR>
          </Contamination>
          <Medium code="2">
            <EN xml:lang="en">Groundwater</EN>
            <FR xml:lang="fr">Eau souterraine</FR>
          </Medium>
        </ContaminatedMedia>
        <ContaminatedMedia>
          <Contamination code="13">
            <EN xml:lang="en">PAHs (polycyclic aromatic hydrocarbon)</EN>
            <FR xml:lang="fr">HAP (hydrocarbures aromatiques polycycliques)</FR>
          </Contamination>
          <Medium code="5">
            <EN xml:lang="en">Soil</EN>
            <FR xml:lang="fr">Sol</FR>
          </Medium>
        </ContaminatedMedia>
        <ContaminatedMedia>
          <Contamination code="21">
            <EN xml:lang="en">Metal, metalloid, and organometallic</EN>
            <FR xml:lang="fr">Métaux, métalloïdes, et organométalliques</FR>
          </Contamination>
          <Medium code="2">
            <EN xml:lang="en">Groundwater</EN>
            <FR xml:lang="fr">Eau souterraine</FR>
          </Medium>
        </ContaminatedMedia>
        <ContaminatedMedia>
          <Contamination code="21">
            <EN xml:lang="en">Metal, metalloid, and organometallic</EN>
            <FR xml:lang="fr">Métaux, métalloïdes, et organométalliques</FR>
          </Contamination>
          <Medium code="5">
            <EN xml:lang="en">Soil</EN>
            <FR xml:lang="fr">Sol</FR>
          </Medium>
        </ContaminatedMedia>
      </ContaminationDetails>
      <ActionPlan>
        <EN xml:lang="en" />
        <FR xml:lang="fr" />
      </ActionPlan>
      <AdditionalInformation>
        <EN xml:lang="en" />
        <FR xml:lang="fr" />
      </AdditionalInformation>
      <PopulationCounts>
        <KM1>8111</KM1>
        <KM5>210719</KM5>
        <KM10>618662</KM10>
        <KM25>1147611</KM25>
        <KM50>1351884</KM50>
      </PopulationCounts>
      <AnnualData FiscalYear="2014-2015" ReportingOrganization="NCC">
        <HighestStepCompleted>09</HighestStepCompleted>
        <TotalAssessmentExpenditure>0.00</TotalAssessmentExpenditure>
        <TotalRemediationExpenditure>0.00</TotalRemediationExpenditure>
        <TotalCareMaintenanceExpenditure>0.00</TotalCareMaintenanceExpenditure>
        <TotalMonitoringExpenditure>0.00</TotalMonitoringExpenditure>
        <FCSAPAssessmentExpenditure>0.00</FCSAPAssessmentExpenditure>
        <FCSAPRemediationExpenditure>0.00</FCSAPRemediationExpenditure>
        <FCSAPCareMaintenanceExpenditure>0.00</FCSAPCareMaintenanceExpenditure>
        <FCSAPMonitoringExpenditure>0.00</FCSAPMonitoringExpenditure>
        <RemediationAmounts>
          <CubicMetres>0.0000</CubicMetres>
          <Hectares>0.0000</Hectares>
          <Tons>0.0000</Tons>
        </RemediationAmounts>
        <Closed>0</Closed>
      </AnnualData>
      <AnnualData FiscalYear="2013-2014" ReportingOrganization="NCC">
        <HighestStepCompleted>10</HighestStepCompleted>
        <PlannedCompletionDateStep9>2014-2015</PlannedCompletionDateStep9>
        <TotalAssessmentExpenditure>19197.00</TotalAssessmentExpenditure>
        <TotalRemediationExpenditure>0.00</TotalRemediationExpenditure>
        <TotalCareMaintenanceExpenditure>0.00</TotalCareMaintenanceExpenditure>
        <TotalMonitoringExpenditure>0.00</TotalMonitoringExpenditure>
        <FCSAPAssessmentExpenditure>15358.00</FCSAPAssessmentExpenditure>
        <FCSAPRemediationExpenditure>0.00</FCSAPRemediationExpenditure>
        <FCSAPCareMaintenanceExpenditure>0.00</FCSAPCareMaintenanceExpenditure>
        <FCSAPMonitoringExpenditure>0.00</FCSAPMonitoringExpenditure>
        <RemediationAmounts>
          <CubicMetres>0.0000</CubicMetres>
          <Hectares>0.0000</Hectares>
          <Tons>0.0000</Tons>
        </RemediationAmounts>
        <Closed>0</Closed>
      </AnnualData>
      <AnnualData FiscalYear="2012-2013" ReportingOrganization="NCC">
        <HighestStepCompleted>10</HighestStepCompleted>
        <TotalAssessmentExpenditure>0.00</TotalAssessmentExpenditure>
        <TotalRemediationExpenditure>0.00</TotalRemediationExpenditure>
        <TotalCareMaintenanceExpenditure>0.00</TotalCareMaintenanceExpenditure>
        <TotalMonitoringExpenditure>0.00</TotalMonitoringExpenditure>
        <FCSAPAssessmentExpenditure>0.00</FCSAPAssessmentExpenditure>
        <FCSAPRemediationExpenditure>0.00</FCSAPRemediationExpenditure>
        <FCSAPCareMaintenanceExpenditure>0.00</FCSAPCareMaintenanceExpenditure>
        <FCSAPMonitoringExpenditure>0.00</FCSAPMonitoringExpenditure>
        <RemediationAmounts>
          <CubicMetres>0.0000</CubicMetres>
          <Hectares>0.0000</Hectares>
          <Tons>0.0000</Tons>
        </RemediationAmounts>
        <Closed>0</Closed>
      </AnnualData>
      <AnnualData FiscalYear="2011-2012" ReportingOrganization="NCC">
        <HighestStepCompleted>10</HighestStepCompleted>
        <TotalAssessmentExpenditure>0.00</TotalAssessmentExpenditure>
        <TotalRemediationExpenditure>0.00</TotalRemediationExpenditure>
        <TotalCareMaintenanceExpenditure>0.00</TotalCareMaintenanceExpenditure>
        <TotalMonitoringExpenditure>0.00</TotalMonitoringExpenditure>
        <FCSAPAssessmentExpenditure>0.00</FCSAPAssessmentExpenditure>
        <FCSAPRemediationExpenditure>0.00</FCSAPRemediationExpenditure>
        <FCSAPCareMaintenanceExpenditure>0.00</FCSAPCareMaintenanceExpenditure>
        <FCSAPMonitoringExpenditure>0.00</FCSAPMonitoringExpenditure>
        <RemediationAmounts>
          <CubicMetres>0.0000</CubicMetres>
          <Hectares>0.0000</Hectares>
          <Tons>0.0000</Tons>
        </RemediationAmounts>
        <Closed>0</Closed>
      </AnnualData>
      <AnnualData FiscalYear="2010-2011" ReportingOrganization="NCC">
        <HighestStepCompleted>08</HighestStepCompleted>
        <PlannedCompletionDateStep9>2011-2012</PlannedCompletionDateStep9>
        <TotalAssessmentExpenditure>0.00</TotalAssessmentExpenditure>
        <TotalRemediationExpenditure>39303.00</TotalRemediationExpenditure>
        <TotalCareMaintenanceExpenditure>0.00</TotalCareMaintenanceExpenditure>
        <TotalMonitoringExpenditure>0.00</TotalMonitoringExpenditure>
        <FCSAPAssessmentExpenditure>0.00</FCSAPAssessmentExpenditure>
        <FCSAPRemediationExpenditure>39303.00</FCSAPRemediationExpenditure>
        <FCSAPCareMaintenanceExpenditure>0.00</FCSAPCareMaintenanceExpenditure>
        <FCSAPMonitoringExpenditure>0.00</FCSAPMonitoringExpenditure>
        <RemediationAmounts>
          <CubicMetres>0.0000</CubicMetres>
          <Hectares>0.0000</Hectares>
          <Tons>0.0000</Tons>
        </RemediationAmounts>
        <Closed>0</Closed>
      </AnnualData>
      <AnnualData FiscalYear="2009-2010" ReportingOrganization="NCC">
        <HighestStepCompleted>07</HighestStepCompleted>
        <TotalAssessmentExpenditure>0.00</TotalAssessmentExpenditure>
        <TotalRemediationExpenditure>386844.00</TotalRemediationExpenditure>
        <TotalCareMaintenanceExpenditure>0.00</TotalCareMaintenanceExpenditure>
        <TotalMonitoringExpenditure>0.00</TotalMonitoringExpenditure>
        <FCSAPAssessmentExpenditure>0.00</FCSAPAssessmentExpenditure>
        <FCSAPRemediationExpenditure>386844.00</FCSAPRemediationExpenditure>
        <FCSAPCareMaintenanceExpenditure>0.00</FCSAPCareMaintenanceExpenditure>
        <FCSAPMonitoringExpenditure>0.00</FCSAPMonitoringExpenditure>
        <RemediationAmounts>
          <CubicMetres>0.0000</CubicMetres>
          <Hectares>0.0000</Hectares>
          <Tons>0.0000</Tons>
        </RemediationAmounts>
        <Closed>0</Closed>
      </AnnualData>
      <AnnualData FiscalYear="2008-2009" ReportingOrganization="NCC">
        <HighestStepCompleted>06</HighestStepCompleted>
        <TotalAssessmentExpenditure>0.00</TotalAssessmentExpenditure>
        <TotalRemediationExpenditure>0.00</TotalRemediationExpenditure>
        <TotalCareMaintenanceExpenditure>0.00</TotalCareMaintenanceExpenditure>
        <TotalMonitoringExpenditure>0.00</TotalMonitoringExpenditure>
        <FCSAPAssessmentExpenditure>0.00</FCSAPAssessmentExpenditure>
        <FCSAPRemediationExpenditure>0.00</FCSAPRemediationExpenditure>
        <FCSAPCareMaintenanceExpenditure>0.00</FCSAPCareMaintenanceExpenditure>
        <FCSAPMonitoringExpenditure>0.00</FCSAPMonitoringExpenditure>
        <RemediationAmounts>
          <CubicMetres>0.0000</CubicMetres>
          <Hectares>0.0000</Hectares>
          <Tons>0.0000</Tons>
        </RemediationAmounts>
        <Closed>0</Closed>
      </AnnualData>
      <AnnualData FiscalYear="2007-2008" ReportingOrganization="NCC">
        <HighestStepCompleted>06</HighestStepCompleted>
        <TotalAssessmentExpenditure>8477.00</TotalAssessmentExpenditure>
        <TotalRemediationExpenditure>0.00</TotalRemediationExpenditure>
        <TotalCareMaintenanceExpenditure>0.00</TotalCareMaintenanceExpenditure>
        <TotalMonitoringExpenditure>0.00</TotalMonitoringExpenditure>
        <FCSAPAssessmentExpenditure>6781.60</FCSAPAssessmentExpenditure>
        <FCSAPRemediationExpenditure>0.00</FCSAPRemediationExpenditure>
        <FCSAPCareMaintenanceExpenditure>0.00</FCSAPCareMaintenanceExpenditure>
        <FCSAPMonitoringExpenditure>0.00</FCSAPMonitoringExpenditure>
        <RemediationAmounts>
          <CubicMetres>0.0000</CubicMetres>
          <Hectares>8.9304</Hectares>
          <Tons>0.0000</Tons>
        </RemediationAmounts>
        <Closed>0</Closed>
      </AnnualData>
      <AnnualData FiscalYear="2006-2007" ReportingOrganization="NCC">
        <HighestStepCompleted>04</HighestStepCompleted>
        <TotalAssessmentExpenditure>19505.00</TotalAssessmentExpenditure>
        <TotalRemediationExpenditure>0.00</TotalRemediationExpenditure>
        <TotalCareMaintenanceExpenditure>0.00</TotalCareMaintenanceExpenditure>
        <TotalMonitoringExpenditure>0.00</TotalMonitoringExpenditure>
        <FCSAPAssessmentExpenditure>15604.00</FCSAPAssessmentExpenditure>
        <FCSAPRemediationExpenditure>0.00</FCSAPRemediationExpenditure>
        <FCSAPCareMaintenanceExpenditure>0.00</FCSAPCareMaintenanceExpenditure>
        <FCSAPMonitoringExpenditure>0.00</FCSAPMonitoringExpenditure>
        <RemediationAmounts>
          <CubicMetres>0.0000</CubicMetres>
          <Hectares>0.0000</Hectares>
          <Tons>0.0000</Tons>
        </RemediationAmounts>
        <Closed>0</Closed>
      </AnnualData>
      <AnnualData FiscalYear="2005-2006" ReportingOrganization="NCC">
        <HighestStepCompleted>01</HighestStepCompleted>
        <TotalAssessmentExpenditure>0.00</TotalAssessmentExpenditure>
        <TotalRemediationExpenditure>0.00</TotalRemediationExpenditure>
        <TotalCareMaintenanceExpenditure>0.00</TotalCareMaintenanceExpenditure>
        <TotalMonitoringExpenditure>0.00</TotalMonitoringExpenditure>
        <FCSAPAssessmentExpenditure>0.00</FCSAPAssessmentExpenditure>
        <FCSAPRemediationExpenditure>0.00</FCSAPRemediationExpenditure>
        <FCSAPCareMaintenanceExpenditure>0.00</FCSAPCareMaintenanceExpenditure>
        <FCSAPMonitoringExpenditure>0.00</FCSAPMonitoringExpenditure>
        <RemediationAmounts>
          <CubicMetres>0.0000</CubicMetres>
          <Hectares>0.0000</Hectares>
          <Tons>0.0000</Tons>
        </RemediationAmounts>
        <Closed>0</Closed>
      </AnnualData>
    </Site>
    <Site FederalSiteIdentifier="00000017" ReportingOrganization="NOR" Created="2007-09-25T10:50:00" LastModified="2015-05-15T14:49:00">
      <Name>
        <EN xml:lang="en">THOMPSON-LUNDMARK MINE (WACO, KIM)</EN>
        <FR xml:lang="fr">MINE DE THOMPSON-LUNDMARK</FR>
      </Name>
      <SiteStatus>
        <Status>
          <EN xml:lang="en">Active</EN>
          <FR xml:lang="fr">Active</FR>
        </Status>
        <Description>
          <EN xml:lang="en">Initial testing completed. Detailed testing underway.</EN>
          <FR xml:lang="fr">Première analyse terminée. Analyse détaillée en cours.</FR>
        </Description>
      </SiteStatus>
      <Classification>
        <Code>1</Code>
        <Name>
          <EN xml:lang="en">High Priority for Action</EN>
          <FR xml:lang="fr">Priorité d’intervention élevée</FR>
        </Name>
      </Classification>
      <ReasonForFederalInvolvement>
        <EN xml:lang="en">Other Canada Lands</EN>
        <FR xml:lang="fr">Autres Terres du Canada</FR>
      </ReasonForFederalInvolvement>
      <Location sgc="6106097" fed="001">
        <MiniMapURL>http://www.tbs-sct.gc.ca/fcsi-rscf/minimap.aspx?fsi=00000017</MiniMapURL>
        <Latitude>62.606667</Latitude>
        <Longitude>-113.465556</Longitude>
        <Municipality>Region 6, Unorganized </Municipality>
        <Province>Northwest Territories</Province>
        <FederalElectoralDistrict>
          <EN xml:lang="en">Northwest Territories</EN>
          <FR xml:lang="fr">Territoires du Nord-Ouest</FR>
        </FederalElectoralDistrict>
        <Country>
          <EN xml:lang="en">Canada</EN>
          <FR xml:lang="fr">Canada</FR>
        </Country>
      </Location>
      <ManagementStrategy>
        <ManagementType code="5">
          <EN xml:lang="en">Additional assessment</EN>
          <FR xml:lang="fr">Évaluation complémentaire</FR>
        </ManagementType>
      </ManagementStrategy>
      <ContaminationDetails>
        <ContaminationEstimates>
          <CubicMetres>1100.0000</CubicMetres>
          <Hectares>0.0000</Hectares>
          <Tons>0.0000</Tons>
        </ContaminationEstimates>
        <ContaminatedMedia>
          <Contamination code="11">
            <EN xml:lang="en">PHCs (petroleum hydrocarbons)</EN>
            <FR xml:lang="fr">HCP (hydrocarbures pétroliers)</FR>
          </Contamination>
          <Medium code="5">
            <EN xml:lang="en">Soil</EN>
            <FR xml:lang="fr">Sol</FR>
          </Medium>
        </ContaminatedMedia>
        <ContaminatedMedia>
          <Contamination code="21">
            <EN xml:lang="en">Metal, metalloid, and organometallic</EN>
            <FR xml:lang="fr">Métaux, métalloïdes, et organométalliques</FR>
          </Contamination>
          <Medium code="1">
            <EN xml:lang="en">Surface water</EN>
            <FR xml:lang="fr">Eau de surface</FR>
          </Medium>
        </ContaminatedMedia>
        <ContaminatedMedia>
          <Contamination code="21">
            <EN xml:lang="en">Metal, metalloid, and organometallic</EN>
            <FR xml:lang="fr">Métaux, métalloïdes, et organométalliques</FR>
          </Contamination>
          <Medium code="3">
            <EN xml:lang="en">Sediment</EN>
            <FR xml:lang="fr">Sédiment</FR>
          </Medium>
        </ContaminatedMedia>
        <ContaminatedMedia>
          <Contamination code="21">
            <EN xml:lang="en">Metal, metalloid, and organometallic</EN>
            <FR xml:lang="fr">Métaux, métalloïdes, et organométalliques</FR>
          </Contamination>
          <Medium code="5">
            <EN xml:lang="en">Soil</EN>
            <FR xml:lang="fr">Sol</FR>
          </Medium>
        </ContaminatedMedia>
      </ContaminationDetails>
      <ActionPlan>
        <EN xml:lang="en" />
        <FR xml:lang="fr" />
      </ActionPlan>
      <AdditionalInformation>
        <EN xml:lang="en" />
        <FR xml:lang="fr" />
      </AdditionalInformation>
      <PopulationCounts>
        <KM1>0</KM1>
        <KM5>0</KM5>
        <KM10>0</KM10>
        <KM25>0</KM25>
        <KM50>5307</KM50>
      </PopulationCounts>
      <AnnualData FiscalYear="2014-2015" ReportingOrganization="NOR">
        <HighestStepCompleted>04</HighestStepCompleted>
        <TotalAssessmentExpenditure>0.00</TotalAssessmentExpenditure>
        <TotalRemediationExpenditure>0.00</TotalRemediationExpenditure>
        <TotalCareMaintenanceExpenditure>0.00</TotalCareMaintenanceExpenditure>
        <TotalMonitoringExpenditure>0.00</TotalMonitoringExpenditure>
        <FCSAPAssessmentExpenditure>0.00</FCSAPAssessmentExpenditure>
        <FCSAPRemediationExpenditure>0.00</FCSAPRemediationExpenditure>
        <FCSAPCareMaintenanceExpenditure>0.00</FCSAPCareMaintenanceExpenditure>
        <FCSAPMonitoringExpenditure>0.00</FCSAPMonitoringExpenditure>
        <RemediationAmounts>
          <CubicMetres>0.0000</CubicMetres>
          <Hectares>0.0000</Hectares>
          <Tons>0.0000</Tons>
        </RemediationAmounts>
        <Closed>0</Closed>
      </AnnualData>
      <AnnualData FiscalYear="2013-2014" ReportingOrganization="NOR">
        <HighestStepCompleted>03</HighestStepCompleted>
        <TotalAssessmentExpenditure>0.00</TotalAssessmentExpenditure>
        <TotalRemediationExpenditure>0.00</TotalRemediationExpenditure>
        <TotalCareMaintenanceExpenditure>0.00</TotalCareMaintenanceExpenditure>
        <TotalMonitoringExpenditure>0.00</TotalMonitoringExpenditure>
        <FCSAPAssessmentExpenditure>0.00</FCSAPAssessmentExpenditure>
        <FCSAPRemediationExpenditure>0.00</FCSAPRemediationExpenditure>
        <FCSAPCareMaintenanceExpenditure>0.00</FCSAPCareMaintenanceExpenditure>
        <FCSAPMonitoringExpenditure>0.00</FCSAPMonitoringExpenditure>
        <RemediationAmounts>
          <CubicMetres>0.0000</CubicMetres>
          <Hectares>0.0000</Hectares>
          <Tons>0.0000</Tons>
        </RemediationAmounts>
        <Closed>0</Closed>
      </AnnualData>
      <AnnualData FiscalYear="2012-2013" ReportingOrganization="NOR">
        <HighestStepCompleted>03</HighestStepCompleted>
        <TotalAssessmentExpenditure>81522.27</TotalAssessmentExpenditure>
        <TotalRemediationExpenditure>0.00</TotalRemediationExpenditure>
        <TotalCareMaintenanceExpenditure>0.00</TotalCareMaintenanceExpenditure>
        <TotalMonitoringExpenditure>0.00</TotalMonitoringExpenditure>
        <FCSAPAssessmentExpenditure>65217.82</FCSAPAssessmentExpenditure>
        <FCSAPRemediationExpenditure>0.00</FCSAPRemediationExpenditure>
        <FCSAPCareMaintenanceExpenditure>0.00</FCSAPCareMaintenanceExpenditure>
        <FCSAPMonitoringExpenditure>0.00</FCSAPMonitoringExpenditure>
        <RemediationAmounts>
          <CubicMetres>0.0000</CubicMetres>
          <Hectares>0.0000</Hectares>
          <Tons>0.0000</Tons>
        </RemediationAmounts>
        <Closed>0</Closed>
      </AnnualData>
      <AnnualData FiscalYear="2011-2012" ReportingOrganization="NOR">
        <HighestStepCompleted>02</HighestStepCompleted>
        <PlannedCompletionDateStep7>2007-2008</PlannedCompletionDateStep7>
        <TotalAssessmentExpenditure>7757.92</TotalAssessmentExpenditure>
        <TotalRemediationExpenditure>0.00</TotalRemediationExpenditure>
        <TotalCareMaintenanceExpenditure>0.00</TotalCareMaintenanceExpenditure>
        <TotalMonitoringExpenditure>0.00</TotalMonitoringExpenditure>
        <FCSAPAssessmentExpenditure>6206.34</FCSAPAssessmentExpenditure>
        <FCSAPRemediationExpenditure>0.00</FCSAPRemediationExpenditure>
        <FCSAPCareMaintenanceExpenditure>0.00</FCSAPCareMaintenanceExpenditure>
        <FCSAPMonitoringExpenditure>0.00</FCSAPMonitoringExpenditure>
        <RemediationAmounts>
          <CubicMetres>0.0000</CubicMetres>
          <Hectares>0.0000</Hectares>
          <Tons>0.0000</Tons>
        </RemediationAmounts>
        <Closed>0</Closed>
      </AnnualData>
      <AnnualData FiscalYear="2010-2011" ReportingOrganization="NOR">
        <HighestStepCompleted>02</HighestStepCompleted>
        <PlannedCompletionDateStep7>2007-2008</PlannedCompletionDateStep7>
        <TotalAssessmentExpenditure>0.00</TotalAssessmentExpenditure>
        <TotalRemediationExpenditure>0.00</TotalRemediationExpenditure>
        <TotalCareMaintenanceExpenditure>0.00</TotalCareMaintenanceExpenditure>
        <TotalMonitoringExpenditure>0.00</TotalMonitoringExpenditure>
        <FCSAPAssessmentExpenditure>0.00</FCSAPAssessmentExpenditure>
        <FCSAPRemediationExpenditure>0.00</FCSAPRemediationExpenditure>
        <FCSAPCareMaintenanceExpenditure>0.00</FCSAPCareMaintenanceExpenditure>
        <FCSAPMonitoringExpenditure>0.00</FCSAPMonitoringExpenditure>
        <RemediationAmounts>
          <CubicMetres>0.0000</CubicMetres>
          <Hectares>0.0000</Hectares>
          <Tons>0.0000</Tons>
        </RemediationAmounts>
        <Closed>0</Closed>
      </AnnualData>
      <AnnualData FiscalYear="2009-2010" ReportingOrganization="NOR">
        <HighestStepCompleted>02</HighestStepCompleted>
        <PlannedCompletionDateStep7>2007-2008</PlannedCompletionDateStep7>
        <TotalAssessmentExpenditure>0.00</TotalAssessmentExpenditure>
        <TotalRemediationExpenditure>0.00</TotalRemediationExpenditure>
        <TotalCareMaintenanceExpenditure>0.00</TotalCareMaintenanceExpenditure>
        <TotalMonitoringExpenditure>0.00</TotalMonitoringExpenditure>
        <FCSAPAssessmentExpenditure>0.00</FCSAPAssessmentExpenditure>
        <FCSAPRemediationExpenditure>0.00</FCSAPRemediationExpenditure>
        <FCSAPCareMaintenanceExpenditure>0.00</FCSAPCareMaintenanceExpenditure>
        <FCSAPMonitoringExpenditure>0.00</FCSAPMonitoringExpenditure>
        <RemediationAmounts>
          <CubicMetres>0.0000</CubicMetres>
          <Hectares>0.0000</Hectares>
          <Tons>0.0000</Tons>
        </RemediationAmounts>
        <Closed>0</Closed>
      </AnnualData>
      <AnnualData FiscalYear="2008-2009" ReportingOrganization="NOR">
        <HighestStepCompleted>02</HighestStepCompleted>
        <PlannedCompletionDateStep7>2007-2008</PlannedCompletionDateStep7>
        <TotalAssessmentExpenditure>46907.00</TotalAssessmentExpenditure>
        <TotalRemediationExpenditure>0.00</TotalRemediationExpenditure>
        <TotalCareMaintenanceExpenditure>0.00</TotalCareMaintenanceExpenditure>
        <TotalMonitoringExpenditure>0.00</TotalMonitoringExpenditure>
        <FCSAPAssessmentExpenditure>37525.00</FCSAPAssessmentExpenditure>
        <FCSAPRemediationExpenditure>0.00</FCSAPRemediationExpenditure>
        <FCSAPCareMaintenanceExpenditure>0.00</FCSAPCareMaintenanceExpenditure>
        <FCSAPMonitoringExpenditure>0.00</FCSAPMonitoringExpenditure>
        <RemediationAmounts>
          <CubicMetres>0.0000</CubicMetres>
          <Hectares>0.0000</Hectares>
          <Tons>0.0000</Tons>
        </RemediationAmounts>
        <Closed>0</Closed>
      </AnnualData>
      <AnnualData FiscalYear="2007-2008" ReportingOrganization="NOR">
        <HighestStepCompleted>02</HighestStepCompleted>
        <PlannedCompletionDateStep7>2007-2008</PlannedCompletionDateStep7>
        <TotalAssessmentExpenditure>46907.00</TotalAssessmentExpenditure>
        <TotalRemediationExpenditure>0.00</TotalRemediationExpenditure>
        <TotalCareMaintenanceExpenditure>0.00</TotalCareMaintenanceExpenditure>
        <TotalMonitoringExpenditure>0.00</TotalMonitoringExpenditure>
        <FCSAPAssessmentExpenditure>37525.00</FCSAPAssessmentExpenditure>
        <FCSAPRemediationExpenditure>0.00</FCSAPRemediationExpenditure>
        <FCSAPCareMaintenanceExpenditure>0.00</FCSAPCareMaintenanceExpenditure>
        <FCSAPMonitoringExpenditure>0.00</FCSAPMonitoringExpenditure>
        <RemediationAmounts>
          <CubicMetres>0.0000</CubicMetres>
          <Hectares>0.0000</Hectares>
          <Tons>0.0000</Tons>
        </RemediationAmounts>
        <Closed>0</Closed>
      </AnnualData>
    </Site>
    <Site FederalSiteIdentifier="00000018" ReportingOrganization="NOR" Created="2008-01-31T14:13:00" LastModified="2015-05-12T16:37:00">
      <Name>
        <EN xml:lang="en">CORONATION GULF</EN>
        <FR xml:lang="fr">GOLFE CORONATION</FR>
      </Name>
      <SiteStatus>
        <Status>
          <EN xml:lang="en">Active</EN>
          <FR xml:lang="fr">Active</FR>
        </Status>
        <Description>
          <EN xml:lang="en">Initial testing completed. Detailed testing underway.</EN>
          <FR xml:lang="fr">Première analyse terminée. Analyse détaillée en cours.</FR>
        </Description>
      </SiteStatus>
      <Classification>
        <Name>
          <EN xml:lang="en" />
          <FR xml:lang="fr" />
        </Name>
      </Classification>
      <ReasonForFederalInvolvement>
        <EN xml:lang="en">Other Canada Lands</EN>
        <FR xml:lang="fr">Autres Terres du Canada</FR>
      </ReasonForFederalInvolvement>
      <Location sgc="6208059" fed="001">
        <MiniMapURL>http://www.tbs-sct.gc.ca/fcsi-rscf/minimap.aspx?fsi=00000018</MiniMapURL>
        <Latitude>67.828889</Latitude>
        <Longitude>-115.006389</Longitude>
        <Municipality>Kugluktuk</Municipality>
        <Province>Nunavut</Province>
        <FederalElectoralDistrict>
          <EN xml:lang="en">Nunavut</EN>
          <FR xml:lang="fr">Nunavut</FR>
        </FederalElectoralDistrict>
        <Country>
          <EN xml:lang="en">Canada</EN>
          <FR xml:lang="fr">Canada</FR>
        </Country>
      </Location>
      <ContaminationDetails>
        <ContaminationEstimates>
          <CubicMetres>0.0000</CubicMetres>
          <Hectares>0.0000</Hectares>
          <Tons>0.0000</Tons>
        </ContaminationEstimates>
      </ContaminationDetails>
      <ActionPlan>
        <EN xml:lang="en" />
        <FR xml:lang="fr" />
      </ActionPlan>
      <AdditionalInformation>
        <EN xml:lang="en" />
        <FR xml:lang="fr" />
      </AdditionalInformation>
      <PopulationCounts>
        <KM1>9</KM1>
        <KM5>222</KM5>
        <KM10>687</KM10>
        <KM25>1831</KM25>
        <KM50>2050</KM50>
      </PopulationCounts>
      <AnnualData FiscalYear="2014-2015" ReportingOrganization="NOR">
        <HighestStepCompleted>03</HighestStepCompleted>
        <TotalAssessmentExpenditure>0.00</TotalAssessmentExpenditure>
        <TotalRemediationExpenditure>0.00</TotalRemediationExpenditure>
        <TotalCareMaintenanceExpenditure>0.00</TotalCareMaintenanceExpenditure>
        <TotalMonitoringExpenditure>0.00</TotalMonitoringExpenditure>
        <FCSAPAssessmentExpenditure>0.00</FCSAPAssessmentExpenditure>
        <FCSAPRemediationExpenditure>0.00</FCSAPRemediationExpenditure>
        <FCSAPCareMaintenanceExpenditure>0.00</FCSAPCareMaintenanceExpenditure>
        <FCSAPMonitoringExpenditure>0.00</FCSAPMonitoringExpenditure>
        <RemediationAmounts>
          <CubicMetres>0.0000</CubicMetres>
          <Hectares>0.0000</Hectares>
          <Tons>0.0000</Tons>
        </RemediationAmounts>
        <Closed>0</Closed>
      </AnnualData>
      <AnnualData FiscalYear="2013-2014" ReportingOrganization="NOR">
        <HighestStepCompleted>02</HighestStepCompleted>
        <TotalAssessmentExpenditure>0.00</TotalAssessmentExpenditure>
        <TotalRemediationExpenditure>0.00</TotalRemediationExpenditure>
        <TotalCareMaintenanceExpenditure>0.00</TotalCareMaintenanceExpenditure>
        <TotalMonitoringExpenditure>0.00</TotalMonitoringExpenditure>
        <FCSAPAssessmentExpenditure>0.00</FCSAPAssessmentExpenditure>
        <FCSAPRemediationExpenditure>0.00</FCSAPRemediationExpenditure>
        <FCSAPCareMaintenanceExpenditure>0.00</FCSAPCareMaintenanceExpenditure>
        <FCSAPMonitoringExpenditure>0.00</FCSAPMonitoringExpenditure>
        <RemediationAmounts>
          <CubicMetres>0.0000</CubicMetres>
          <Hectares>0.0000</Hectares>
          <Tons>0.0000</Tons>
        </RemediationAmounts>
        <Closed>0</Closed>
      </AnnualData>
      <AnnualData FiscalYear="2012-2013" ReportingOrganization="NOR">
        <HighestStepCompleted>02</HighestStepCompleted>
        <TotalAssessmentExpenditure>0.00</TotalAssessmentExpenditure>
        <TotalRemediationExpenditure>0.00</TotalRemediationExpenditure>
        <TotalCareMaintenanceExpenditure>0.00</TotalCareMaintenanceExpenditure>
        <TotalMonitoringExpenditure>0.00</TotalMonitoringExpenditure>
        <FCSAPAssessmentExpenditure>0.00</FCSAPAssessmentExpenditure>
        <FCSAPRemediationExpenditure>0.00</FCSAPRemediationExpenditure>
        <FCSAPCareMaintenanceExpenditure>0.00</FCSAPCareMaintenanceExpenditure>
        <FCSAPMonitoringExpenditure>0.00</FCSAPMonitoringExpenditure>
        <RemediationAmounts>
          <CubicMetres>0.0000</CubicMetres>
          <Hectares>0.0000</Hectares>
          <Tons>0.0000</Tons>
        </RemediationAmounts>
        <Closed>0</Closed>
      </AnnualData>
      <AnnualData FiscalYear="2011-2012" ReportingOrganization="NOR">
        <HighestStepCompleted>02</HighestStepCompleted>
        <TotalAssessmentExpenditure>0.00</TotalAssessmentExpenditure>
        <TotalRemediationExpenditure>0.00</TotalRemediationExpenditure>
        <TotalCareMaintenanceExpenditure>0.00</TotalCareMaintenanceExpenditure>
        <TotalMonitoringExpenditure>0.00</TotalMonitoringExpenditure>
        <FCSAPAssessmentExpenditure>0.00</FCSAPAssessmentExpenditure>
        <FCSAPRemediationExpenditure>0.00</FCSAPRemediationExpenditure>
        <FCSAPCareMaintenanceExpenditure>0.00</FCSAPCareMaintenanceExpenditure>
        <FCSAPMonitoringExpenditure>0.00</FCSAPMonitoringExpenditure>
        <RemediationAmounts>
          <CubicMetres>0.0000</CubicMetres>
          <Hectares>0.0000</Hectares>
          <Tons>0.0000</Tons>
        </RemediationAmounts>
        <Closed>0</Closed>
      </AnnualData>
      <AnnualData FiscalYear="2010-2011" ReportingOrganization="NOR">
        <HighestStepCompleted>02</HighestStepCompleted>
        <TotalAssessmentExpenditure>0.00</TotalAssessmentExpenditure>
        <TotalRemediationExpenditure>0.00</TotalRemediationExpenditure>
        <TotalCareMaintenanceExpenditure>0.00</TotalCareMaintenanceExpenditure>
        <TotalMonitoringExpenditure>0.00</TotalMonitoringExpenditure>
        <FCSAPAssessmentExpenditure>0.00</FCSAPAssessmentExpenditure>
        <FCSAPRemediationExpenditure>0.00</FCSAPRemediationExpenditure>
        <FCSAPCareMaintenanceExpenditure>0.00</FCSAPCareMaintenanceExpenditure>
        <FCSAPMonitoringExpenditure>0.00</FCSAPMonitoringExpenditure>
        <RemediationAmounts>
          <CubicMetres>0.0000</CubicMetres>
          <Hectares>0.0000</Hectares>
          <Tons>0.0000</Tons>
        </RemediationAmounts>
        <Closed>0</Closed>
      </AnnualData>
      <AnnualData FiscalYear="2009-2010" ReportingOrganization="NOR">
        <HighestStepCompleted>02</HighestStepCompleted>
        <TotalAssessmentExpenditure>0.00</TotalAssessmentExpenditure>
        <TotalRemediationExpenditure>0.00</TotalRemediationExpenditure>
        <TotalCareMaintenanceExpenditure>0.00</TotalCareMaintenanceExpenditure>
        <TotalMonitoringExpenditure>0.00</TotalMonitoringExpenditure>
        <FCSAPAssessmentExpenditure>0.00</FCSAPAssessmentExpenditure>
        <FCSAPRemediationExpenditure>0.00</FCSAPRemediationExpenditure>
        <FCSAPCareMaintenanceExpenditure>0.00</FCSAPCareMaintenanceExpenditure>
        <FCSAPMonitoringExpenditure>0.00</FCSAPMonitoringExpenditure>
        <RemediationAmounts>
          <CubicMetres>0.0000</CubicMetres>
          <Hectares>0.0000</Hectares>
          <Tons>0.0000</Tons>
        </RemediationAmounts>
        <Closed>0</Closed>
      </AnnualData>
      <AnnualData FiscalYear="2008-2009" ReportingOrganization="NOR">
        <HighestStepCompleted>02</HighestStepCompleted>
        <TotalAssessmentExpenditure>8826.70</TotalAssessmentExpenditure>
        <TotalRemediationExpenditure>0.00</TotalRemediationExpenditure>
        <TotalCareMaintenanceExpenditure>0.00</TotalCareMaintenanceExpenditure>
        <TotalMonitoringExpenditure>0.00</TotalMonitoringExpenditure>
        <FCSAPAssessmentExpenditure>0.00</FCSAPAssessmentExpenditure>
        <FCSAPRemediationExpenditure>0.00</FCSAPRemediationExpenditure>
        <FCSAPCareMaintenanceExpenditure>0.00</FCSAPCareMaintenanceExpenditure>
        <FCSAPMonitoringExpenditure>0.00</FCSAPMonitoringExpenditure>
        <RemediationAmounts>
          <CubicMetres>0.0000</CubicMetres>
          <Hectares>0.0000</Hectares>
          <Tons>0.0000</Tons>
        </RemediationAmounts>
        <Closed>0</Closed>
      </AnnualData>
      <AnnualData FiscalYear="2007-2008" ReportingOrganization="NOR">
        <HighestStepCompleted>01</HighestStepCompleted>
        <TotalAssessmentExpenditure>928.82</TotalAssessmentExpenditure>
        <TotalRemediationExpenditure>0.00</TotalRemediationExpenditure>
        <TotalCareMaintenanceExpenditure>0.00</TotalCareMaintenanceExpenditure>
        <TotalMonitoringExpenditure>0.00</TotalMonitoringExpenditure>
        <FCSAPAssessmentExpenditure>743.06</FCSAPAssessmentExpenditure>
        <FCSAPRemediationExpenditure>0.00</FCSAPRemediationExpenditure>
        <FCSAPCareMaintenanceExpenditure>0.00</FCSAPCareMaintenanceExpenditure>
        <FCSAPMonitoringExpenditure>0.00</FCSAPMonitoringExpenditure>
        <RemediationAmounts>
          <CubicMetres>0.0000</CubicMetres>
          <Hectares>0.0000</Hectares>
          <Tons>0.0000</Tons>
        </RemediationAmounts>
        <Closed>0</Closed>
      </AnnualData>
    </Site>
    <Site FederalSiteIdentifier="00000019" ReportingOrganization="NOR" Created="2008-01-31T14:18:00" LastModified="2014-05-06T15:33:52.170">
      <Name>
        <EN xml:lang="en">CORONATION GULF</EN>
        <FR xml:lang="fr">GOLFE CORONATION</FR>
      </Name>
      <SiteStatus>
        <Status>
          <EN xml:lang="en">Closed</EN>
          <FR xml:lang="fr">Fermé</FR>
        </Status>
        <Description>
          <EN xml:lang="en">Historical review not required.</EN>
          <FR xml:lang="fr">Aucun examen historique nécessaire.</FR>
        </Description>
      </SiteStatus>
      <Classification>
        <Code>N</Code>
        <Name>
          <EN xml:lang="en">Not a Priority for Action</EN>
          <FR xml:lang="fr">Priorité d’intervention nulle</FR>
        </Name>
      </Classification>
      <ReasonForFederalInvolvement>
        <EN xml:lang="en">Other Canada Lands</EN>
        <FR xml:lang="fr">Autres Terres du Canada</FR>
      </ReasonForFederalInvolvement>
      <Location sgc="6208059" fed="001">
        <MiniMapURL>http://www.tbs-sct.gc.ca/fcsi-rscf/minimap.aspx?fsi=00000019</MiniMapURL>
        <Latitude>67.828889</Latitude>
        <Longitude>-115.006389</Longitude>
        <Municipality>Kugluktuk</Municipality>
        <Province>Nunavut</Province>
        <FederalElectoralDistrict>
          <EN xml:lang="en">Nunavut</EN>
          <FR xml:lang="fr">Nunavut</FR>
        </FederalElectoralDistrict>
        <Country>
          <EN xml:lang="en">Canada</EN>
          <FR xml:lang="fr">Canada</FR>
        </Country>
      </Location>
      <ContaminationDetails>
        <ContaminationEstimates>
          <CubicMetres>0.0000</CubicMetres>
          <Hectares>0.0000</Hectares>
          <Tons>0.0000</Tons>
        </ContaminationEstimates>
      </ContaminationDetails>
      <ActionPlan>
        <EN xml:lang="en" />
        <FR xml:lang="fr" />
      </ActionPlan>
      <AdditionalInformation>
        <EN xml:lang="en" />
        <FR xml:lang="fr" />
      </AdditionalInformation>
      <PopulationCounts>
        <KM1>9</KM1>
        <KM5>222</KM5>
        <KM10>687</KM10>
        <KM25>1831</KM25>
        <KM50>2050</KM50>
      </PopulationCounts>
      <AnnualData FiscalYear="2013-2014" ReportingOrganization="NOR">
        <HighestStepCompleted>01</HighestStepCompleted>
        <TotalAssessmentExpenditure>0.00</TotalAssessmentExpenditure>
        <TotalRemediationExpenditure>0.00</TotalRemediationExpenditure>
        <TotalCareMaintenanceExpenditure>0.00</TotalCareMaintenanceExpenditure>
        <TotalMonitoringExpenditure>0.00</TotalMonitoringExpenditure>
        <FCSAPAssessmentExpenditure>0.00</FCSAPAssessmentExpenditure>
        <FCSAPRemediationExpenditure>0.00</FCSAPRemediationExpenditure>
        <FCSAPCareMaintenanceExpenditure>0.00</FCSAPCareMaintenanceExpenditure>
        <FCSAPMonitoringExpenditure>0.00</FCSAPMonitoringExpenditure>
        <RemediationAmounts>
          <CubicMetres>0.0000</CubicMetres>
          <Hectares>0.0000</Hectares>
          <Tons>0.0000</Tons>
        </RemediationAmounts>
        <Closed>1</Closed>
      </AnnualData>
      <AnnualData FiscalYear="2012-2013" ReportingOrganization="NOR">
        <HighestStepCompleted>01</HighestStepCompleted>
        <TotalAssessmentExpenditure>0.00</TotalAssessmentExpenditure>
        <TotalRemediationExpenditure>0.00</TotalRemediationExpenditure>
        <TotalCareMaintenanceExpenditure>0.00</TotalCareMaintenanceExpenditure>
        <TotalMonitoringExpenditure>0.00</TotalMonitoringExpenditure>
        <FCSAPAssessmentExpenditure>0.00</FCSAPAssessmentExpenditure>
        <FCSAPRemediationExpenditure>0.00</FCSAPRemediationExpenditure>
        <FCSAPCareMaintenanceExpenditure>0.00</FCSAPCareMaintenanceExpenditure>
        <FCSAPMonitoringExpenditure>0.00</FCSAPMonitoringExpenditure>
        <RemediationAmounts>
          <CubicMetres>0.0000</CubicMetres>
          <Hectares>0.0000</Hectares>
          <Tons>0.0000</Tons>
        </RemediationAmounts>
        <Closed>0</Closed>
      </AnnualData>
      <AnnualData FiscalYear="2011-2012" ReportingOrganization="NOR">
        <HighestStepCompleted>01</HighestStepCompleted>
        <TotalAssessmentExpenditure>0.00</TotalAssessmentExpenditure>
        <TotalRemediationExpenditure>0.00</TotalRemediationExpenditure>
        <TotalCareMaintenanceExpenditure>0.00</TotalCareMaintenanceExpenditure>
        <TotalMonitoringExpenditure>0.00</TotalMonitoringExpenditure>
        <FCSAPAssessmentExpenditure>0.00</FCSAPAssessmentExpenditure>
        <FCSAPRemediationExpenditure>0.00</FCSAPRemediationExpenditure>
        <FCSAPCareMaintenanceExpenditure>0.00</FCSAPCareMaintenanceExpenditure>
        <FCSAPMonitoringExpenditure>0.00</FCSAPMonitoringExpenditure>
        <RemediationAmounts>
          <CubicMetres>0.0000</CubicMetres>
          <Hectares>0.0000</Hectares>
          <Tons>0.0000</Tons>
        </RemediationAmounts>
        <Closed>0</Closed>
      </AnnualData>
      <AnnualData FiscalYear="2010-2011" ReportingOrganization="NOR">
        <HighestStepCompleted>01</HighestStepCompleted>
        <TotalAssessmentExpenditure>0.00</TotalAssessmentExpenditure>
        <TotalRemediationExpenditure>0.00</TotalRemediationExpenditure>
        <TotalCareMaintenanceExpenditure>0.00</TotalCareMaintenanceExpenditure>
        <TotalMonitoringExpenditure>0.00</TotalMonitoringExpenditure>
        <FCSAPAssessmentExpenditure>0.00</FCSAPAssessmentExpenditure>
        <FCSAPRemediationExpenditure>0.00</FCSAPRemediationExpenditure>
        <FCSAPCareMaintenanceExpenditure>0.00</FCSAPCareMaintenanceExpenditure>
        <FCSAPMonitoringExpenditure>0.00</FCSAPMonitoringExpenditure>
        <RemediationAmounts>
          <CubicMetres>0.0000</CubicMetres>
          <Hectares>0.0000</Hectares>
          <Tons>0.0000</Tons>
        </RemediationAmounts>
        <Closed>0</Closed>
      </AnnualData>
      <AnnualData FiscalYear="2009-2010" ReportingOrganization="NOR">
        <HighestStepCompleted>01</HighestStepCompleted>
        <TotalAssessmentExpenditure>0.00</TotalAssessmentExpenditure>
        <TotalRemediationExpenditure>0.00</TotalRemediationExpenditure>
        <TotalCareMaintenanceExpenditure>0.00</TotalCareMaintenanceExpenditure>
        <TotalMonitoringExpenditure>0.00</TotalMonitoringExpenditure>
        <FCSAPAssessmentExpenditure>0.00</FCSAPAssessmentExpenditure>
        <FCSAPRemediationExpenditure>0.00</FCSAPRemediationExpenditure>
        <FCSAPCareMaintenanceExpenditure>0.00</FCSAPCareMaintenanceExpenditure>
        <FCSAPMonitoringExpenditure>0.00</FCSAPMonitoringExpenditure>
        <RemediationAmounts>
          <CubicMetres>0.0000</CubicMetres>
          <Hectares>0.0000</Hectares>
          <Tons>0.0000</Tons>
        </RemediationAmounts>
        <Closed>0</Closed>
      </AnnualData>
      <AnnualData FiscalYear="2008-2009" ReportingOrganization="NOR">
        <HighestStepCompleted>01</HighestStepCompleted>
        <TotalAssessmentExpenditure>8826.70</TotalAssessmentExpenditure>
        <TotalRemediationExpenditure>0.00</TotalRemediationExpenditure>
        <TotalCareMaintenanceExpenditure>0.00</TotalCareMaintenanceExpenditure>
        <TotalMonitoringExpenditure>0.00</TotalMonitoringExpenditure>
        <FCSAPAssessmentExpenditure>0.00</FCSAPAssessmentExpenditure>
        <FCSAPRemediationExpenditure>0.00</FCSAPRemediationExpenditure>
        <FCSAPCareMaintenanceExpenditure>0.00</FCSAPCareMaintenanceExpenditure>
        <FCSAPMonitoringExpenditure>0.00</FCSAPMonitoringExpenditure>
        <RemediationAmounts>
          <CubicMetres>0.0000</CubicMetres>
          <Hectares>0.0000</Hectares>
          <Tons>0.0000</Tons>
        </RemediationAmounts>
        <Closed>0</Closed>
      </AnnualData>
      <AnnualData FiscalYear="2007-2008" ReportingOrganization="NOR">
        <HighestStepCompleted>01</HighestStepCompleted>
        <TotalAssessmentExpenditure>928.82</TotalAssessmentExpenditure>
        <TotalRemediationExpenditure>0.00</TotalRemediationExpenditure>
        <TotalCareMaintenanceExpenditure>0.00</TotalCareMaintenanceExpenditure>
        <TotalMonitoringExpenditure>0.00</TotalMonitoringExpenditure>
        <FCSAPAssessmentExpenditure>743.06</FCSAPAssessmentExpenditure>
        <FCSAPRemediationExpenditure>0.00</FCSAPRemediationExpenditure>
        <FCSAPCareMaintenanceExpenditure>0.00</FCSAPCareMaintenanceExpenditure>
        <FCSAPMonitoringExpenditure>0.00</FCSAPMonitoringExpenditure>
        <RemediationAmounts>
          <CubicMetres>0.0000</CubicMetres>
          <Hectares>0.0000</Hectares>
          <Tons>0.0000</Tons>
        </RemediationAmounts>
        <Closed>0</Closed>
      </AnnualData>
    </Site>
    <Site FederalSiteIdentifier="00000020" ReportingOrganization="NOR" Created="2008-01-31T14:24:00" LastModified="2015-06-15T09:04:56.927">
      <Name>
        <EN xml:lang="en">CORONATION GULF</EN>
        <FR xml:lang="fr">GOLFE CORONATION</FR>
      </Name>
      <SiteStatus>
        <Status>
          <EN xml:lang="en">Closed</EN>
          <FR xml:lang="fr">Fermé</FR>
        </Status>
        <Description>
          <EN xml:lang="en">Initial testing completed. No further action required.</EN>
          <FR xml:lang="fr">Première analyse terminée. Aucune autre mesure nécessaire.</FR>
        </Description>
      </SiteStatus>
      <Classification>
        <Code>N</Code>
        <Name>
          <EN xml:lang="en">Not a Priority for Action</EN>
          <FR xml:lang="fr">Priorité d’intervention nulle</FR>
        </Name>
      </Classification>
      <ReasonForFederalInvolvement>
        <EN xml:lang="en">Other Canada Lands</EN>
        <FR xml:lang="fr">Autres Terres du Canada</FR>
      </ReasonForFederalInvolvement>
      <Location sgc="6208059" fed="001">
        <MiniMapURL>http://www.tbs-sct.gc.ca/fcsi-rscf/minimap.aspx?fsi=00000020</MiniMapURL>
        <Latitude>67.828889</Latitude>
        <Longitude>-115.006389</Longitude>
        <Municipality>Kugluktuk</Municipality>
        <Province>Nunavut</Province>
        <FederalElectoralDistrict>
          <EN xml:lang="en">Nunavut</EN>
          <FR xml:lang="fr">Nunavut</FR>
        </FederalElectoralDistrict>
        <Country>
          <EN xml:lang="en">Canada</EN>
          <FR xml:lang="fr">Canada</FR>
        </Country>
      </Location>
      <ContaminationDetails>
        <ContaminationEstimates>
          <CubicMetres>0.0000</CubicMetres>
          <Hectares>0.0000</Hectares>
          <Tons>0.0000</Tons>
        </ContaminationEstimates>
      </ContaminationDetails>
      <ActionPlan>
        <EN xml:lang="en" />
        <FR xml:lang="fr" />
      </ActionPlan>
      <AdditionalInformation>
        <EN xml:lang="en" />
        <FR xml:lang="fr" />
      </AdditionalInformation>
      <PopulationCounts>
        <KM1>9</KM1>
        <KM5>222</KM5>
        <KM10>687</KM10>
        <KM25>1831</KM25>
        <KM50>2050</KM50>
      </PopulationCounts>
      <AnnualData FiscalYear="2014-2015" ReportingOrganization="NOR">
        <HighestStepCompleted>03</HighestStepCompleted>
        <TotalAssessmentExpenditure>0.00</TotalAssessmentExpenditure>
        <TotalRemediationExpenditure>0.00</TotalRemediationExpenditure>
        <TotalCareMaintenanceExpenditure>0.00</TotalCareMaintenanceExpenditure>
        <TotalMonitoringExpenditure>0.00</TotalMonitoringExpenditure>
        <FCSAPAssessmentExpenditure>0.00</FCSAPAssessmentExpenditure>
        <FCSAPRemediationExpenditure>0.00</FCSAPRemediationExpenditure>
        <FCSAPCareMaintenanceExpenditure>0.00</FCSAPCareMaintenanceExpenditure>
        <FCSAPMonitoringExpenditure>0.00</FCSAPMonitoringExpenditure>
        <RemediationAmounts>
          <CubicMetres>0.0000</CubicMetres>
          <Hectares>0.0000</Hectares>
          <Tons>0.0000</Tons>
        </RemediationAmounts>
        <Closed>1</Closed>
      </AnnualData>
      <AnnualData FiscalYear="2013-2014" ReportingOrganization="NOR">
        <HighestStepCompleted>03</HighestStepCompleted>
        <TotalAssessmentExpenditure>0.00</TotalAssessmentExpenditure>
        <TotalRemediationExpenditure>0.00</TotalRemediationExpenditure>
        <TotalCareMaintenanceExpenditure>0.00</TotalCareMaintenanceExpenditure>
        <TotalMonitoringExpenditure>0.00</TotalMonitoringExpenditure>
        <FCSAPAssessmentExpenditure>0.00</FCSAPAssessmentExpenditure>
        <FCSAPRemediationExpenditure>0.00</FCSAPRemediationExpenditure>
        <FCSAPCareMaintenanceExpenditure>0.00</FCSAPCareMaintenanceExpenditure>
        <FCSAPMonitoringExpenditure>0.00</FCSAPMonitoringExpenditure>
        <RemediationAmounts>
          <CubicMetres>0.0000</CubicMetres>
          <Hectares>0.0000</Hectares>
          <Tons>0.0000</Tons>
        </RemediationAmounts>
        <Closed>0</Closed>
      </AnnualData>
      <AnnualData FiscalYear="2012-2013" ReportingOrganization="NOR">
        <HighestStepCompleted>03</HighestStepCompleted>
        <TotalAssessmentExpenditure>0.00</TotalAssessmentExpenditure>
        <TotalRemediationExpenditure>0.00</TotalRemediationExpenditure>
        <TotalCareMaintenanceExpenditure>0.00</TotalCareMaintenanceExpenditure>
        <TotalMonitoringExpenditure>0.00</TotalMonitoringExpenditure>
        <FCSAPAssessmentExpenditure>0.00</FCSAPAssessmentExpenditure>
        <FCSAPRemediationExpenditure>0.00</FCSAPRemediationExpenditure>
        <FCSAPCareMaintenanceExpenditure>0.00</FCSAPCareMaintenanceExpenditure>
        <FCSAPMonitoringExpenditure>0.00</FCSAPMonitoringExpenditure>
        <RemediationAmounts>
          <CubicMetres>0.0000</CubicMetres>
          <Hectares>0.0000</Hectares>
          <Tons>0.0000</Tons>
        </RemediationAmounts>
        <Closed>0</Closed>
      </AnnualData>
      <AnnualData FiscalYear="2011-2012" ReportingOrganization="NOR">
        <HighestStepCompleted>03</HighestStepCompleted>
        <TotalAssessmentExpenditure>0.00</TotalAssessmentExpenditure>
        <TotalRemediationExpenditure>0.00</TotalRemediationExpenditure>
        <TotalCareMaintenanceExpenditure>0.00</TotalCareMaintenanceExpenditure>
        <TotalMonitoringExpenditure>0.00</TotalMonitoringExpenditure>
        <FCSAPAssessmentExpenditure>0.00</FCSAPAssessmentExpenditure>
        <FCSAPRemediationExpenditure>0.00</FCSAPRemediationExpenditure>
        <FCSAPCareMaintenanceExpenditure>0.00</FCSAPCareMaintenanceExpenditure>
        <FCSAPMonitoringExpenditure>0.00</FCSAPMonitoringExpenditure>
        <RemediationAmounts>
          <CubicMetres>0.0000</CubicMetres>
          <Hectares>0.0000</Hectares>
          <Tons>0.0000</Tons>
        </RemediationAmounts>
        <Closed>0</Closed>
      </AnnualData>
      <AnnualData FiscalYear="2010-2011" ReportingOrganization="NOR">
        <HighestStepCompleted>03</HighestStepCompleted>
        <TotalAssessmentExpenditure>0.00</TotalAssessmentExpenditure>
        <TotalRemediationExpenditure>0.00</TotalRemediationExpenditure>
        <TotalCareMaintenanceExpenditure>0.00</TotalCareMaintenanceExpenditure>
        <TotalMonitoringExpenditure>0.00</TotalMonitoringExpenditure>
        <FCSAPAssessmentExpenditure>0.00</FCSAPAssessmentExpenditure>
        <FCSAPRemediationExpenditure>0.00</FCSAPRemediationExpenditure>
        <FCSAPCareMaintenanceExpenditure>0.00</FCSAPCareMaintenanceExpenditure>
        <FCSAPMonitoringExpenditure>0.00</FCSAPMonitoringExpenditure>
        <RemediationAmounts>
          <CubicMetres>0.0000</CubicMetres>
          <Hectares>0.0000</Hectares>
          <Tons>0.0000</Tons>
        </RemediationAmounts>
        <Closed>0</Closed>
      </AnnualData>
      <AnnualData FiscalYear="2009-2010" ReportingOrganization="NOR">
        <HighestStepCompleted>03</HighestStepCompleted>
        <TotalAssessmentExpenditure>0.00</TotalAssessmentExpenditure>
        <TotalRemediationExpenditure>0.00</TotalRemediationExpenditure>
        <TotalCareMaintenanceExpenditure>0.00</TotalCareMaintenanceExpenditure>
        <TotalMonitoringExpenditure>0.00</TotalMonitoringExpenditure>
        <FCSAPAssessmentExpenditure>0.00</FCSAPAssessmentExpenditure>
        <FCSAPRemediationExpenditure>0.00</FCSAPRemediationExpenditure>
        <FCSAPCareMaintenanceExpenditure>0.00</FCSAPCareMaintenanceExpenditure>
        <FCSAPMonitoringExpenditure>0.00</FCSAPMonitoringExpenditure>
        <RemediationAmounts>
          <CubicMetres>0.0000</CubicMetres>
          <Hectares>0.0000</Hectares>
          <Tons>0.0000</Tons>
        </RemediationAmounts>
        <Closed>0</Closed>
      </AnnualData>
      <AnnualData FiscalYear="2008-2009" ReportingOrganization="NOR">
        <HighestStepCompleted>03</HighestStepCompleted>
        <TotalAssessmentExpenditure>8826.70</TotalAssessmentExpenditure>
        <TotalRemediationExpenditure>0.00</TotalRemediationExpenditure>
        <TotalCareMaintenanceExpenditure>0.00</TotalCareMaintenanceExpenditure>
        <TotalMonitoringExpenditure>0.00</TotalMonitoringExpenditure>
        <FCSAPAssessmentExpenditure>0.00</FCSAPAssessmentExpenditure>
        <FCSAPRemediationExpenditure>0.00</FCSAPRemediationExpenditure>
        <FCSAPCareMaintenanceExpenditure>0.00</FCSAPCareMaintenanceExpenditure>
        <FCSAPMonitoringExpenditure>0.00</FCSAPMonitoringExpenditure>
        <RemediationAmounts>
          <CubicMetres>0.0000</CubicMetres>
          <Hectares>0.0000</Hectares>
          <Tons>0.0000</Tons>
        </RemediationAmounts>
        <Closed>0</Closed>
      </AnnualData>
      <AnnualData FiscalYear="2007-2008" ReportingOrganization="NOR">
        <HighestStepCompleted>01</HighestStepCompleted>
        <TotalAssessmentExpenditure>928.82</TotalAssessmentExpenditure>
        <TotalRemediationExpenditure>0.00</TotalRemediationExpenditure>
        <TotalCareMaintenanceExpenditure>0.00</TotalCareMaintenanceExpenditure>
        <TotalMonitoringExpenditure>0.00</TotalMonitoringExpenditure>
        <FCSAPAssessmentExpenditure>743.06</FCSAPAssessmentExpenditure>
        <FCSAPRemediationExpenditure>0.00</FCSAPRemediationExpenditure>
        <FCSAPCareMaintenanceExpenditure>0.00</FCSAPCareMaintenanceExpenditure>
        <FCSAPMonitoringExpenditure>0.00</FCSAPMonitoringExpenditure>
        <RemediationAmounts>
          <CubicMetres>0.0000</CubicMetres>
          <Hectares>0.0000</Hectares>
          <Tons>0.0000</Tons>
        </RemediationAmounts>
        <Closed>0</Closed>
      </AnnualData>
    </Site>
    <Site FederalSiteIdentifier="00000021" ReportingOrganization="NOR" Created="2008-02-13T16:21:00" LastModified="2013-07-24T15:42:18.907">
      <Name>
        <EN xml:lang="en">VICTORIA ISLAND L17</EN>
        <FR xml:lang="fr">VICTORIA ISLAND L17</FR>
      </Name>
      <SiteStatus>
        <Status>
          <EN xml:lang="en">Closed</EN>
          <FR xml:lang="fr">Fermé</FR>
        </Status>
        <Description>
          <EN xml:lang="en">Confirmatory sampling completed. No further action required.</EN>
          <FR xml:lang="fr">Échantillonnage de confirmation terminé. Aucune autre mesure nécessaire.</FR>
        </Description>
      </SiteStatus>
      <Classification>
        <Code>2</Code>
        <Name>
          <EN xml:lang="en">Medium Priority for Action</EN>
          <FR xml:lang="fr">Priorité d’intervention moyenne</FR>
        </Name>
      </Classification>
      <ReasonForFederalInvolvement>
        <EN xml:lang="en">Other Canada Lands</EN>
        <FR xml:lang="fr">Autres Terres du Canada</FR>
      </ReasonForFederalInvolvement>
      <Location sgc="6101063" fed="001">
        <MiniMapURL>http://www.tbs-sct.gc.ca/fcsi-rscf/minimap.aspx?fsi=00000021</MiniMapURL>
        <Latitude>71.922170</Latitude>
        <Longitude>-113.043490</Longitude>
        <Municipality>Region 1, Unorganized </Municipality>
        <Province>Northwest Territories</Province>
        <FederalElectoralDistrict>
          <EN xml:lang="en">Northwest Territories</EN>
          <FR xml:lang="fr">Territoires du Nord-Ouest</FR>
        </FederalElectoralDistrict>
        <Country>
          <EN xml:lang="en">Canada</EN>
          <FR xml:lang="fr">Canada</FR>
        </Country>
      </Location>
      <ManagementStrategy>
        <ManagementType code="2">
          <EN xml:lang="en">Remediation</EN>
          <FR xml:lang="fr">Restauration</FR>
        </ManagementType>
      </ManagementStrategy>
      <ContaminationDetails>
        <ContaminationEstimates>
          <CubicMetres>4.0000</CubicMetres>
          <Hectares>0.0000</Hectares>
          <Tons>0.0000</Tons>
        </ContaminationEstimates>
        <ContaminatedMedia>
          <Contamination code="11">
            <EN xml:lang="en">PHCs (petroleum hydrocarbons)</EN>
            <FR xml:lang="fr">HCP (hydrocarbures pétroliers)</FR>
          </Contamination>
          <Medium code="5">
            <EN xml:lang="en">Soil</EN>
            <FR xml:lang="fr">Sol</FR>
          </Medium>
        </ContaminatedMedia>
      </ContaminationDetails>
      <ActionPlan>
        <EN xml:lang="en" />
        <FR xml:lang="fr" />
      </ActionPlan>
      <AdditionalInformation>
        <EN xml:lang="en" />
        <FR xml:lang="fr" />
      </AdditionalInformation>
      <AnnualData FiscalYear="2011-2012" ReportingOrganization="NOR">
        <HighestStepCompleted>09</HighestStepCompleted>
        <PlannedCompletionDateStep7>2009-2010</PlannedCompletionDateStep7>
        <PlannedCompletionDateStep8>2010-2011</PlannedCompletionDateStep8>
        <PlannedCompletionDateStep9>2011-2012</PlannedCompletionDateStep9>
        <TotalAssessmentExpenditure>0.00</TotalAssessmentExpenditure>
        <TotalRemediationExpenditure>0.00</TotalRemediationExpenditure>
        <TotalCareMaintenanceExpenditure>0.00</TotalCareMaintenanceExpenditure>
        <TotalMonitoringExpenditure>0.00</TotalMonitoringExpenditure>
        <FCSAPAssessmentExpenditure>0.00</FCSAPAssessmentExpenditure>
        <FCSAPRemediationExpenditure>0.00</FCSAPRemediationExpenditure>
        <FCSAPCareMaintenanceExpenditure>0.00</FCSAPCareMaintenanceExpenditure>
        <FCSAPMonitoringExpenditure>0.00</FCSAPMonitoringExpenditure>
        <RemediationAmounts>
          <CubicMetres>0.0000</CubicMetres>
          <Hectares>0.0000</Hectares>
          <Tons>0.0000</Tons>
        </RemediationAmounts>
        <Closed>1</Closed>
      </AnnualData>
      <AnnualData FiscalYear="2010-2011" ReportingOrganization="NOR">
        <HighestStepCompleted>05</HighestStepCompleted>
        <PlannedCompletionDateStep7>2009-2010</PlannedCompletionDateStep7>
        <PlannedCompletionDateStep8>2010-2011</PlannedCompletionDateStep8>
        <PlannedCompletionDateStep9>2011-2012</PlannedCompletionDateStep9>
        <TotalAssessmentExpenditure>0.00</TotalAssessmentExpenditure>
        <TotalRemediationExpenditure>0.00</TotalRemediationExpenditure>
        <TotalCareMaintenanceExpenditure>0.00</TotalCareMaintenanceExpenditure>
        <TotalMonitoringExpenditure>0.00</TotalMonitoringExpenditure>
        <FCSAPAssessmentExpenditure>0.00</FCSAPAssessmentExpenditure>
        <FCSAPRemediationExpenditure>0.00</FCSAPRemediationExpenditure>
        <FCSAPCareMaintenanceExpenditure>0.00</FCSAPCareMaintenanceExpenditure>
        <FCSAPMonitoringExpenditure>0.00</FCSAPMonitoringExpenditure>
        <RemediationAmounts>
          <CubicMetres>0.0000</CubicMetres>
          <Hectares>0.0000</Hectares>
          <Tons>0.0000</Tons>
        </RemediationAmounts>
        <Closed>0</Closed>
      </AnnualData>
      <AnnualData FiscalYear="2009-2010" ReportingOrganization="NOR">
        <HighestStepCompleted>05</HighestStepCompleted>
        <PlannedCompletionDateStep7>2009-2010</PlannedCompletionDateStep7>
        <PlannedCompletionDateStep8>2010-2011</PlannedCompletionDateStep8>
        <PlannedCompletionDateStep9>2011-2012</PlannedCompletionDateStep9>
        <TotalAssessmentExpenditure>156174.00</TotalAssessmentExpenditure>
        <TotalRemediationExpenditure>0.00</TotalRemediationExpenditure>
        <TotalCareMaintenanceExpenditure>0.00</TotalCareMaintenanceExpenditure>
        <TotalMonitoringExpenditure>0.00</TotalMonitoringExpenditure>
        <FCSAPAssessmentExpenditure>156174.00</FCSAPAssessmentExpenditure>
        <FCSAPRemediationExpenditure>0.00</FCSAPRemediationExpenditure>
        <FCSAPCareMaintenanceExpenditure>0.00</FCSAPCareMaintenanceExpenditure>
        <FCSAPMonitoringExpenditure>0.00</FCSAPMonitoringExpenditure>
        <RemediationAmounts>
          <CubicMetres>0.0000</CubicMetres>
          <Hectares>0.0000</Hectares>
          <Tons>0.0000</Tons>
        </RemediationAmounts>
        <Closed>0</Closed>
      </AnnualData>
      <AnnualData FiscalYear="2008-2009" ReportingOrganization="NOR">
        <HighestStepCompleted>01</HighestStepCompleted>
        <TotalAssessmentExpenditure>0.00</TotalAssessmentExpenditure>
        <TotalRemediationExpenditure>0.00</TotalRemediationExpenditure>
        <TotalCareMaintenanceExpenditure>0.00</TotalCareMaintenanceExpenditure>
        <TotalMonitoringExpenditure>0.00</TotalMonitoringExpenditure>
        <FCSAPAssessmentExpenditure>0.00</FCSAPAssessmentExpenditure>
        <FCSAPRemediationExpenditure>0.00</FCSAPRemediationExpenditure>
        <FCSAPCareMaintenanceExpenditure>0.00</FCSAPCareMaintenanceExpenditure>
        <FCSAPMonitoringExpenditure>0.00</FCSAPMonitoringExpenditure>
        <RemediationAmounts>
          <CubicMetres>0.0000</CubicMetres>
          <Hectares>0.0000</Hectares>
          <Tons>0.0000</Tons>
        </RemediationAmounts>
        <Closed>0</Closed>
      </AnnualData>
      <AnnualData FiscalYear="2007-2008" ReportingOrganization="NOR">
        <HighestStepCompleted>01</HighestStepCompleted>
        <TotalAssessmentExpenditure>0.00</TotalAssessmentExpenditure>
        <TotalRemediationExpenditure>0.00</TotalRemediationExpenditure>
        <TotalCareMaintenanceExpenditure>0.00</TotalCareMaintenanceExpenditure>
        <TotalMonitoringExpenditure>0.00</TotalMonitoringExpenditure>
        <FCSAPAssessmentExpenditure>0.00</FCSAPAssessmentExpenditure>
        <FCSAPRemediationExpenditure>0.00</FCSAPRemediationExpenditure>
        <FCSAPCareMaintenanceExpenditure>0.00</FCSAPCareMaintenanceExpenditure>
        <FCSAPMonitoringExpenditure>0.00</FCSAPMonitoringExpenditure>
        <RemediationAmounts>
          <CubicMetres>0.0000</CubicMetres>
          <Hectares>0.0000</Hectares>
          <Tons>0.0000</Tons>
        </RemediationAmounts>
        <Closed>0</Closed>
      </AnnualData>
    </Site>
    <Site FederalSiteIdentifier="00000022" ReportingOrganization="NOR" Created="2008-02-13T16:21:00" LastModified="2015-05-12T16:37:00">
      <Name>
        <EN xml:lang="en">BOREALIS EAST &amp; WEST</EN>
        <FR xml:lang="fr">BOREALIS EST et OUEST</FR>
      </Name>
      <SiteStatus>
        <Status>
          <EN xml:lang="en">Suspected</EN>
          <FR xml:lang="fr">Suspectée</FR>
        </Status>
        <Description>
          <EN xml:lang="en">Historical review planned.</EN>
          <FR xml:lang="fr">Examen historique prévu.</FR>
        </Description>
      </SiteStatus>
      <Classification>
        <Name>
          <EN xml:lang="en" />
          <FR xml:lang="fr" />
        </Name>
      </Classification>
      <ReasonForFederalInvolvement>
        <EN xml:lang="en">Other Canada Lands</EN>
        <FR xml:lang="fr">Autres Terres du Canada</FR>
      </ReasonForFederalInvolvement>
      <Location sgc="6205033" fed="001">
        <MiniMapURL>http://www.tbs-sct.gc.ca/fcsi-rscf/minimap.aspx?fsi=00000022</MiniMapURL>
        <Latitude>61.200000</Latitude>
        <Longitude>-97.916667</Longitude>
        <Municipality>Keewatin, Unorganized</Municipality>
        <Province>Nunavut</Province>
        <FederalElectoralDistrict>
          <EN xml:lang="en">Nunavut</EN>
          <FR xml:lang="fr">Nunavut</FR>
        </FederalElectoralDistrict>
        <Country>
          <EN xml:lang="en">Canada</EN>
          <FR xml:lang="fr">Canada</FR>
        </Country>
      </Location>
      <ContaminationDetails>
        <ContaminationEstimates>
          <CubicMetres>0.0000</CubicMetres>
          <Hectares>0.0000</Hectares>
          <Tons>0.0000</Tons>
        </ContaminationEstimates>
      </ContaminationDetails>
      <ActionPlan>
        <EN xml:lang="en" />
        <FR xml:lang="fr" />
      </ActionPlan>
      <AdditionalInformation>
        <EN xml:lang="en" />
        <FR xml:lang="fr" />
      </AdditionalInformation>
      <AnnualData FiscalYear="2014-2015" ReportingOrganization="NOR">
        <HighestStepCompleted>01</HighestStepCompleted>
        <TotalAssessmentExpenditure>0.00</TotalAssessmentExpenditure>
        <TotalRemediationExpenditure>0.00</TotalRemediationExpenditure>
        <TotalCareMaintenanceExpenditure>0.00</TotalCareMaintenanceExpenditure>
        <TotalMonitoringExpenditure>0.00</TotalMonitoringExpenditure>
        <FCSAPAssessmentExpenditure>0.00</FCSAPAssessmentExpenditure>
        <FCSAPRemediationExpenditure>0.00</FCSAPRemediationExpenditure>
        <FCSAPCareMaintenanceExpenditure>0.00</FCSAPCareMaintenanceExpenditure>
        <FCSAPMonitoringExpenditure>0.00</FCSAPMonitoringExpenditure>
        <RemediationAmounts>
          <CubicMetres>0.0000</CubicMetres>
          <Hectares>0.0000</Hectares>
          <Tons>0.0000</Tons>
        </RemediationAmounts>
        <Closed>0</Closed>
      </AnnualData>
      <AnnualData FiscalYear="2013-2014" ReportingOrganization="NOR">
        <HighestStepCompleted>01</HighestStepCompleted>
        <TotalAssessmentExpenditure>0.00</TotalAssessmentExpenditure>
        <TotalRemediationExpenditure>0.00</TotalRemediationExpenditure>
        <TotalCareMaintenanceExpenditure>0.00</TotalCareMaintenanceExpenditure>
        <TotalMonitoringExpenditure>0.00</TotalMonitoringExpenditure>
        <FCSAPAssessmentExpenditure>0.00</FCSAPAssessmentExpenditure>
        <FCSAPRemediationExpenditure>0.00</FCSAPRemediationExpenditure>
        <FCSAPCareMaintenanceExpenditure>0.00</FCSAPCareMaintenanceExpenditure>
        <FCSAPMonitoringExpenditure>0.00</FCSAPMonitoringExpenditure>
        <RemediationAmounts>
          <CubicMetres>0.0000</CubicMetres>
          <Hectares>0.0000</Hectares>
          <Tons>0.0000</Tons>
        </RemediationAmounts>
        <Closed>0</Closed>
      </AnnualData>
      <AnnualData FiscalYear="2012-2013" ReportingOrganization="NOR">
        <HighestStepCompleted>01</HighestStepCompleted>
        <TotalAssessmentExpenditure>0.00</TotalAssessmentExpenditure>
        <TotalRemediationExpenditure>0.00</TotalRemediationExpenditure>
        <TotalCareMaintenanceExpenditure>0.00</TotalCareMaintenanceExpenditure>
        <TotalMonitoringExpenditure>0.00</TotalMonitoringExpenditure>
        <FCSAPAssessmentExpenditure>0.00</FCSAPAssessmentExpenditure>
        <FCSAPRemediationExpenditure>0.00</FCSAPRemediationExpenditure>
        <FCSAPCareMaintenanceExpenditure>0.00</FCSAPCareMaintenanceExpenditure>
        <FCSAPMonitoringExpenditure>0.00</FCSAPMonitoringExpenditure>
        <RemediationAmounts>
          <CubicMetres>0.0000</CubicMetres>
          <Hectares>0.0000</Hectares>
          <Tons>0.0000</Tons>
        </RemediationAmounts>
        <Closed>0</Closed>
      </AnnualData>
      <AnnualData FiscalYear="2011-2012" ReportingOrganization="NOR">
        <HighestStepCompleted>01</HighestStepCompleted>
        <TotalAssessmentExpenditure>27515.78</TotalAssessmentExpenditure>
        <TotalRemediationExpenditure>0.00</TotalRemediationExpenditure>
        <TotalCareMaintenanceExpenditure>0.00</TotalCareMaintenanceExpenditure>
        <TotalMonitoringExpenditure>0.00</TotalMonitoringExpenditure>
        <FCSAPAssessmentExpenditure>22012.62</FCSAPAssessmentExpenditure>
        <FCSAPRemediationExpenditure>0.00</FCSAPRemediationExpenditure>
        <FCSAPCareMaintenanceExpenditure>0.00</FCSAPCareMaintenanceExpenditure>
        <FCSAPMonitoringExpenditure>0.00</FCSAPMonitoringExpenditure>
        <RemediationAmounts>
          <CubicMetres>0.0000</CubicMetres>
          <Hectares>0.0000</Hectares>
          <Tons>0.0000</Tons>
        </RemediationAmounts>
        <Closed>0</Closed>
      </AnnualData>
      <AnnualData FiscalYear="2010-2011" ReportingOrganization="NOR">
        <HighestStepCompleted>01</HighestStepCompleted>
        <TotalAssessmentExpenditure>0.00</TotalAssessmentExpenditure>
        <TotalRemediationExpenditure>0.00</TotalRemediationExpenditure>
        <TotalCareMaintenanceExpenditure>0.00</TotalCareMaintenanceExpenditure>
        <TotalMonitoringExpenditure>0.00</TotalMonitoringExpenditure>
        <FCSAPAssessmentExpenditure>0.00</FCSAPAssessmentExpenditure>
        <FCSAPRemediationExpenditure>0.00</FCSAPRemediationExpenditure>
        <FCSAPCareMaintenanceExpenditure>0.00</FCSAPCareMaintenanceExpenditure>
        <FCSAPMonitoringExpenditure>0.00</FCSAPMonitoringExpenditure>
        <RemediationAmounts>
          <CubicMetres>0.0000</CubicMetres>
          <Hectares>0.0000</Hectares>
          <Tons>0.0000</Tons>
        </RemediationAmounts>
        <Closed>0</Closed>
      </AnnualData>
      <AnnualData FiscalYear="2009-2010" ReportingOrganization="NOR">
        <HighestStepCompleted>01</HighestStepCompleted>
        <TotalAssessmentExpenditure>0.00</TotalAssessmentExpenditure>
        <TotalRemediationExpenditure>0.00</TotalRemediationExpenditure>
        <TotalCareMaintenanceExpenditure>0.00</TotalCareMaintenanceExpenditure>
        <TotalMonitoringExpenditure>0.00</TotalMonitoringExpenditure>
        <FCSAPAssessmentExpenditure>0.00</FCSAPAssessmentExpenditure>
        <FCSAPRemediationExpenditure>0.00</FCSAPRemediationExpenditure>
        <FCSAPCareMaintenanceExpenditure>0.00</FCSAPCareMaintenanceExpenditure>
        <FCSAPMonitoringExpenditure>0.00</FCSAPMonitoringExpenditure>
        <RemediationAmounts>
          <CubicMetres>0.0000</CubicMetres>
          <Hectares>0.0000</Hectares>
          <Tons>0.0000</Tons>
        </RemediationAmounts>
        <Closed>0</Closed>
      </AnnualData>
      <AnnualData FiscalYear="2008-2009" ReportingOrganization="NOR">
        <HighestStepCompleted>01</HighestStepCompleted>
        <TotalAssessmentExpenditure>0.00</TotalAssessmentExpenditure>
        <TotalRemediationExpenditure>0.00</TotalRemediationExpenditure>
        <TotalCareMaintenanceExpenditure>0.00</TotalCareMaintenanceExpenditure>
        <TotalMonitoringExpenditure>0.00</TotalMonitoringExpenditure>
        <FCSAPAssessmentExpenditure>0.00</FCSAPAssessmentExpenditure>
        <FCSAPRemediationExpenditure>0.00</FCSAPRemediationExpenditure>
        <FCSAPCareMaintenanceExpenditure>0.00</FCSAPCareMaintenanceExpenditure>
        <FCSAPMonitoringExpenditure>0.00</FCSAPMonitoringExpenditure>
        <RemediationAmounts>
          <CubicMetres>0.0000</CubicMetres>
          <Hectares>0.0000</Hectares>
          <Tons>0.0000</Tons>
        </RemediationAmounts>
        <Closed>0</Closed>
      </AnnualData>
      <AnnualData FiscalYear="2007-2008" ReportingOrganization="NOR">
        <HighestStepCompleted>01</HighestStepCompleted>
        <TotalAssessmentExpenditure>0.00</TotalAssessmentExpenditure>
        <TotalRemediationExpenditure>0.00</TotalRemediationExpenditure>
        <TotalCareMaintenanceExpenditure>0.00</TotalCareMaintenanceExpenditure>
        <TotalMonitoringExpenditure>0.00</TotalMonitoringExpenditure>
        <FCSAPAssessmentExpenditure>0.00</FCSAPAssessmentExpenditure>
        <FCSAPRemediationExpenditure>0.00</FCSAPRemediationExpenditure>
        <FCSAPCareMaintenanceExpenditure>0.00</FCSAPCareMaintenanceExpenditure>
        <FCSAPMonitoringExpenditure>0.00</FCSAPMonitoringExpenditure>
        <RemediationAmounts>
          <CubicMetres>0.0000</CubicMetres>
          <Hectares>0.0000</Hectares>
          <Tons>0.0000</Tons>
        </RemediationAmounts>
        <Closed>0</Closed>
      </AnnualData>
    </Site>
    <Site FederalSiteIdentifier="00000023" ReportingOrganization="NOR" Created="2008-02-13T16:22:00" LastModified="2015-06-12T11:52:16.697">
      <Name>
        <EN xml:lang="en">GENERATOR LK./INUGSUIN FIORD</EN>
        <FR xml:lang="fr">LAC GENERATOR/FJORD INUGSUIN</FR>
      </Name>
      <SiteStatus>
        <Status>
          <EN xml:lang="en">Suspected</EN>
          <FR xml:lang="fr">Suspectée</FR>
        </Status>
        <Description>
          <EN xml:lang="en">Historical review completed. Initial testing underway.</EN>
          <FR xml:lang="fr">Examen historique terminé. Première analyse en cours.</FR>
        </Description>
      </SiteStatus>
      <Classification>
        <Name>
          <EN xml:lang="en" />
          <FR xml:lang="fr" />
        </Name>
      </Classification>
      <ReasonForFederalInvolvement>
        <EN xml:lang="en">Other Canada Lands</EN>
        <FR xml:lang="fr">Autres Terres du Canada</FR>
      </ReasonForFederalInvolvement>
      <Location sgc="6204030" fed="001">
        <MiniMapURL>http://www.tbs-sct.gc.ca/fcsi-rscf/minimap.aspx?fsi=00000023</MiniMapURL>
        <Latitude>71.689000</Latitude>
        <Longitude>-69.609000</Longitude>
        <Municipality>Baffin, Unorganized</Municipality>
        <Province>Nunavut</Province>
        <FederalElectoralDistrict>
          <EN xml:lang="en">Nunavut</EN>
          <FR xml:lang="fr">Nunavut</FR>
        </FederalElectoralDistrict>
        <Country>
          <EN xml:lang="en">Canada</EN>
          <FR xml:lang="fr">Canada</FR>
        </Country>
      </Location>
      <ContaminationDetails>
        <ContaminationEstimates>
          <CubicMetres>0.0000</CubicMetres>
          <Hectares>0.0000</Hectares>
          <Tons>0.0000</Tons>
        </ContaminationEstimates>
        <ContaminatedMedia>
          <Contamination code="11">
            <EN xml:lang="en">PHCs (petroleum hydrocarbons)</EN>
            <FR xml:lang="fr">HCP (hydrocarbures pétroliers)</FR>
          </Contamination>
          <Medium code="5">
            <EN xml:lang="en">Soil</EN>
            <FR xml:lang="fr">Sol</FR>
          </Medium>
        </ContaminatedMedia>
      </ContaminationDetails>
      <ActionPlan>
        <EN xml:lang="en" />
        <FR xml:lang="fr" />
      </ActionPlan>
      <AdditionalInformation>
        <EN xml:lang="en" />
        <FR xml:lang="fr" />
      </AdditionalInformation>
      <AnnualData FiscalYear="2014-2015" ReportingOrganization="NOR">
        <HighestStepCompleted>02</HighestStepCompleted>
        <TotalAssessmentExpenditure>0.00</TotalAssessmentExpenditure>
        <TotalRemediationExpenditure>0.00</TotalRemediationExpenditure>
        <TotalCareMaintenanceExpenditure>0.00</TotalCareMaintenanceExpenditure>
        <TotalMonitoringExpenditure>0.00</TotalMonitoringExpenditure>
        <FCSAPAssessmentExpenditure>0.00</FCSAPAssessmentExpenditure>
        <FCSAPRemediationExpenditure>0.00</FCSAPRemediationExpenditure>
        <FCSAPCareMaintenanceExpenditure>0.00</FCSAPCareMaintenanceExpenditure>
        <FCSAPMonitoringExpenditure>0.00</FCSAPMonitoringExpenditure>
        <RemediationAmounts>
          <CubicMetres>0.0000</CubicMetres>
          <Hectares>0.0000</Hectares>
          <Tons>0.0000</Tons>
        </RemediationAmounts>
        <Closed>0</Closed>
      </AnnualData>
      <AnnualData FiscalYear="2013-2014" ReportingOrganization="NOR">
        <HighestStepCompleted>02</HighestStepCompleted>
        <TotalAssessmentExpenditure>0.00</TotalAssessmentExpenditure>
        <TotalRemediationExpenditure>0.00</TotalRemediationExpenditure>
        <TotalCareMaintenanceExpenditure>0.00</TotalCareMaintenanceExpenditure>
        <TotalMonitoringExpenditure>0.00</TotalMonitoringExpenditure>
        <FCSAPAssessmentExpenditure>0.00</FCSAPAssessmentExpenditure>
        <FCSAPRemediationExpenditure>0.00</FCSAPRemediationExpenditure>
        <FCSAPCareMaintenanceExpenditure>0.00</FCSAPCareMaintenanceExpenditure>
        <FCSAPMonitoringExpenditure>0.00</FCSAPMonitoringExpenditure>
        <RemediationAmounts>
          <CubicMetres>0.0000</CubicMetres>
          <Hectares>0.0000</Hectares>
          <Tons>0.0000</Tons>
        </RemediationAmounts>
        <Closed>0</Closed>
      </AnnualData>
      <AnnualData FiscalYear="2012-2013" ReportingOrganization="NOR">
        <HighestStepCompleted>02</HighestStepCompleted>
        <TotalAssessmentExpenditure>0.00</TotalAssessmentExpenditure>
        <TotalRemediationExpenditure>0.00</TotalRemediationExpenditure>
        <TotalCareMaintenanceExpenditure>0.00</TotalCareMaintenanceExpenditure>
        <TotalMonitoringExpenditure>0.00</TotalMonitoringExpenditure>
        <FCSAPAssessmentExpenditure>0.00</FCSAPAssessmentExpenditure>
        <FCSAPRemediationExpenditure>0.00</FCSAPRemediationExpenditure>
        <FCSAPCareMaintenanceExpenditure>0.00</FCSAPCareMaintenanceExpenditure>
        <FCSAPMonitoringExpenditure>0.00</FCSAPMonitoringExpenditure>
        <RemediationAmounts>
          <CubicMetres>0.0000</CubicMetres>
          <Hectares>0.0000</Hectares>
          <Tons>0.0000</Tons>
        </RemediationAmounts>
        <Closed>0</Closed>
      </AnnualData>
      <AnnualData FiscalYear="2011-2012" ReportingOrganization="NOR">
        <HighestStepCompleted>02</HighestStepCompleted>
        <TotalAssessmentExpenditure>0.00</TotalAssessmentExpenditure>
        <TotalRemediationExpenditure>0.00</TotalRemediationExpenditure>
        <TotalCareMaintenanceExpenditure>0.00</TotalCareMaintenanceExpenditure>
        <TotalMonitoringExpenditure>0.00</TotalMonitoringExpenditure>
        <FCSAPAssessmentExpenditure>0.00</FCSAPAssessmentExpenditure>
        <FCSAPRemediationExpenditure>0.00</FCSAPRemediationExpenditure>
        <FCSAPCareMaintenanceExpenditure>0.00</FCSAPCareMaintenanceExpenditure>
        <FCSAPMonitoringExpenditure>0.00</FCSAPMonitoringExpenditure>
        <RemediationAmounts>
          <CubicMetres>0.0000</CubicMetres>
          <Hectares>0.0000</Hectares>
          <Tons>0.0000</Tons>
        </RemediationAmounts>
        <Closed>0</Closed>
      </AnnualData>
      <AnnualData FiscalYear="2010-2011" ReportingOrganization="NOR">
        <HighestStepCompleted>02</HighestStepCompleted>
        <TotalAssessmentExpenditure>0.00</TotalAssessmentExpenditure>
        <TotalRemediationExpenditure>0.00</TotalRemediationExpenditure>
        <TotalCareMaintenanceExpenditure>0.00</TotalCareMaintenanceExpenditure>
        <TotalMonitoringExpenditure>0.00</TotalMonitoringExpenditure>
        <FCSAPAssessmentExpenditure>0.00</FCSAPAssessmentExpenditure>
        <FCSAPRemediationExpenditure>0.00</FCSAPRemediationExpenditure>
        <FCSAPCareMaintenanceExpenditure>0.00</FCSAPCareMaintenanceExpenditure>
        <FCSAPMonitoringExpenditure>0.00</FCSAPMonitoringExpenditure>
        <RemediationAmounts>
          <CubicMetres>0.0000</CubicMetres>
          <Hectares>0.0000</Hectares>
          <Tons>0.0000</Tons>
        </RemediationAmounts>
        <Closed>0</Closed>
      </AnnualData>
      <AnnualData FiscalYear="2009-2010" ReportingOrganization="NOR">
        <HighestStepCompleted>02</HighestStepCompleted>
        <TotalAssessmentExpenditure>42143.00</TotalAssessmentExpenditure>
        <TotalRemediationExpenditure>0.00</TotalRemediationExpenditure>
        <TotalCareMaintenanceExpenditure>0.00</TotalCareMaintenanceExpenditure>
        <TotalMonitoringExpenditure>0.00</TotalMonitoringExpenditure>
        <FCSAPAssessmentExpenditure>42143.00</FCSAPAssessmentExpenditure>
        <FCSAPRemediationExpenditure>0.00</FCSAPRemediationExpenditure>
        <FCSAPCareMaintenanceExpenditure>0.00</FCSAPCareMaintenanceExpenditure>
        <FCSAPMonitoringExpenditure>0.00</FCSAPMonitoringExpenditure>
        <RemediationAmounts>
          <CubicMetres>0.0000</CubicMetres>
          <Hectares>0.0000</Hectares>
          <Tons>0.0000</Tons>
        </RemediationAmounts>
        <Closed>0</Closed>
      </AnnualData>
      <AnnualData FiscalYear="2008-2009" ReportingOrganization="NOR">
        <HighestStepCompleted>01</HighestStepCompleted>
        <TotalAssessmentExpenditure>0.00</TotalAssessmentExpenditure>
        <TotalRemediationExpenditure>0.00</TotalRemediationExpenditure>
        <TotalCareMaintenanceExpenditure>0.00</TotalCareMaintenanceExpenditure>
        <TotalMonitoringExpenditure>0.00</TotalMonitoringExpenditure>
        <FCSAPAssessmentExpenditure>0.00</FCSAPAssessmentExpenditure>
        <FCSAPRemediationExpenditure>0.00</FCSAPRemediationExpenditure>
        <FCSAPCareMaintenanceExpenditure>0.00</FCSAPCareMaintenanceExpenditure>
        <FCSAPMonitoringExpenditure>0.00</FCSAPMonitoringExpenditure>
        <RemediationAmounts>
          <CubicMetres>0.0000</CubicMetres>
          <Hectares>0.0000</Hectares>
          <Tons>0.0000</Tons>
        </RemediationAmounts>
        <Closed>0</Closed>
      </AnnualData>
      <AnnualData FiscalYear="2007-2008" ReportingOrganization="NOR">
        <HighestStepCompleted>01</HighestStepCompleted>
        <TotalAssessmentExpenditure>0.00</TotalAssessmentExpenditure>
        <TotalRemediationExpenditure>0.00</TotalRemediationExpenditure>
        <TotalCareMaintenanceExpenditure>0.00</TotalCareMaintenanceExpenditure>
        <TotalMonitoringExpenditure>0.00</TotalMonitoringExpenditure>
        <FCSAPAssessmentExpenditure>0.00</FCSAPAssessmentExpenditure>
        <FCSAPRemediationExpenditure>0.00</FCSAPRemediationExpenditure>
        <FCSAPCareMaintenanceExpenditure>0.00</FCSAPCareMaintenanceExpenditure>
        <FCSAPMonitoringExpenditure>0.00</FCSAPMonitoringExpenditure>
        <RemediationAmounts>
          <CubicMetres>0.0000</CubicMetres>
          <Hectares>0.0000</Hectares>
          <Tons>0.0000</Tons>
        </RemediationAmounts>
        <Closed>0</Closed>
      </AnnualData>
    </Site>
    <Site FederalSiteIdentifier="00000024" ReportingOrganization="NOR" Created="2008-02-13T16:22:00" LastModified="2015-05-12T16:37:00">
      <Name>
        <EN xml:lang="en">COPPERMINE/DISMAL LAKE #1</EN>
        <FR xml:lang="fr">Coppermine/LAC DISMAL No 1</FR>
      </Name>
      <SiteStatus>
        <Status>
          <EN xml:lang="en">Active</EN>
          <FR xml:lang="fr">Active</FR>
        </Status>
        <Description>
          <EN xml:lang="en">Initial testing completed. Detailed testing underway.</EN>
          <FR xml:lang="fr">Première analyse terminée. Analyse détaillée en cours.</FR>
        </Description>
      </SiteStatus>
      <Classification>
        <Name>
          <EN xml:lang="en" />
          <FR xml:lang="fr" />
        </Name>
      </Classification>
      <ReasonForFederalInvolvement>
        <EN xml:lang="en">Other Canada Lands</EN>
        <FR xml:lang="fr">Autres Terres du Canada</FR>
      </ReasonForFederalInvolvement>
      <Location sgc="6208098" fed="001">
        <MiniMapURL>http://www.tbs-sct.gc.ca/fcsi-rscf/minimap.aspx?fsi=00000024</MiniMapURL>
        <Latitude>66.851389</Latitude>
        <Longitude>-116.304444</Longitude>
        <Municipality>Kitikmeot, Unorganized</Municipality>
        <Province>Nunavut</Province>
        <FederalElectoralDistrict>
          <EN xml:lang="en">Nunavut</EN>
          <FR xml:lang="fr">Nunavut</FR>
        </FederalElectoralDistrict>
        <Country>
          <EN xml:lang="en">Canada</EN>
          <FR xml:lang="fr">Canada</FR>
        </Country>
      </Location>
      <ContaminationDetails>
        <ContaminationEstimates>
          <CubicMetres>0.0000</CubicMetres>
          <Hectares>0.0000</Hectares>
          <Tons>0.0000</Tons>
        </ContaminationEstimates>
      </ContaminationDetails>
      <ActionPlan>
        <EN xml:lang="en" />
        <FR xml:lang="fr" />
      </ActionPlan>
      <AdditionalInformation>
        <EN xml:lang="en" />
        <FR xml:lang="fr" />
      </AdditionalInformation>
      <AnnualData FiscalYear="2014-2015" ReportingOrganization="NOR">
        <HighestStepCompleted>03</HighestStepCompleted>
        <TotalAssessmentExpenditure>0.00</TotalAssessmentExpenditure>
        <TotalRemediationExpenditure>0.00</TotalRemediationExpenditure>
        <TotalCareMaintenanceExpenditure>0.00</TotalCareMaintenanceExpenditure>
        <TotalMonitoringExpenditure>0.00</TotalMonitoringExpenditure>
        <FCSAPAssessmentExpenditure>0.00</FCSAPAssessmentExpenditure>
        <FCSAPRemediationExpenditure>0.00</FCSAPRemediationExpenditure>
        <FCSAPCareMaintenanceExpenditure>0.00</FCSAPCareMaintenanceExpenditure>
        <FCSAPMonitoringExpenditure>0.00</FCSAPMonitoringExpenditure>
        <RemediationAmounts>
          <CubicMetres>0.0000</CubicMetres>
          <Hectares>0.0000</Hectares>
          <Tons>0.0000</Tons>
        </RemediationAmounts>
        <Closed>0</Closed>
      </AnnualData>
      <AnnualData FiscalYear="2013-2014" ReportingOrganization="NOR">
        <HighestStepCompleted>02</HighestStepCompleted>
        <TotalAssessmentExpenditure>0.00</TotalAssessmentExpenditure>
        <TotalRemediationExpenditure>0.00</TotalRemediationExpenditure>
        <TotalCareMaintenanceExpenditure>0.00</TotalCareMaintenanceExpenditure>
        <TotalMonitoringExpenditure>0.00</TotalMonitoringExpenditure>
        <FCSAPAssessmentExpenditure>0.00</FCSAPAssessmentExpenditure>
        <FCSAPRemediationExpenditure>0.00</FCSAPRemediationExpenditure>
        <FCSAPCareMaintenanceExpenditure>0.00</FCSAPCareMaintenanceExpenditure>
        <FCSAPMonitoringExpenditure>0.00</FCSAPMonitoringExpenditure>
        <RemediationAmounts>
          <CubicMetres>0.0000</CubicMetres>
          <Hectares>0.0000</Hectares>
          <Tons>0.0000</Tons>
        </RemediationAmounts>
        <Closed>0</Closed>
      </AnnualData>
      <AnnualData FiscalYear="2012-2013" ReportingOrganization="NOR">
        <HighestStepCompleted>02</HighestStepCompleted>
        <TotalAssessmentExpenditure>0.00</TotalAssessmentExpenditure>
        <TotalRemediationExpenditure>0.00</TotalRemediationExpenditure>
        <TotalCareMaintenanceExpenditure>0.00</TotalCareMaintenanceExpenditure>
        <TotalMonitoringExpenditure>0.00</TotalMonitoringExpenditure>
        <FCSAPAssessmentExpenditure>0.00</FCSAPAssessmentExpenditure>
        <FCSAPRemediationExpenditure>0.00</FCSAPRemediationExpenditure>
        <FCSAPCareMaintenanceExpenditure>0.00</FCSAPCareMaintenanceExpenditure>
        <FCSAPMonitoringExpenditure>0.00</FCSAPMonitoringExpenditure>
        <RemediationAmounts>
          <CubicMetres>0.0000</CubicMetres>
          <Hectares>0.0000</Hectares>
          <Tons>0.0000</Tons>
        </RemediationAmounts>
        <Closed>0</Closed>
      </AnnualData>
      <AnnualData FiscalYear="2011-2012" ReportingOrganization="NOR">
        <HighestStepCompleted>02</HighestStepCompleted>
        <TotalAssessmentExpenditure>0.00</TotalAssessmentExpenditure>
        <TotalRemediationExpenditure>0.00</TotalRemediationExpenditure>
        <TotalCareMaintenanceExpenditure>0.00</TotalCareMaintenanceExpenditure>
        <TotalMonitoringExpenditure>0.00</TotalMonitoringExpenditure>
        <FCSAPAssessmentExpenditure>0.00</FCSAPAssessmentExpenditure>
        <FCSAPRemediationExpenditure>0.00</FCSAPRemediationExpenditure>
        <FCSAPCareMaintenanceExpenditure>0.00</FCSAPCareMaintenanceExpenditure>
        <FCSAPMonitoringExpenditure>0.00</FCSAPMonitoringExpenditure>
        <RemediationAmounts>
          <CubicMetres>0.0000</CubicMetres>
          <Hectares>0.0000</Hectares>
          <Tons>0.0000</Tons>
        </RemediationAmounts>
        <Closed>0</Closed>
      </AnnualData>
      <AnnualData FiscalYear="2010-2011" ReportingOrganization="NOR">
        <HighestStepCompleted>02</HighestStepCompleted>
        <TotalAssessmentExpenditure>0.00</TotalAssessmentExpenditure>
        <TotalRemediationExpenditure>0.00</TotalRemediationExpenditure>
        <TotalCareMaintenanceExpenditure>0.00</TotalCareMaintenanceExpenditure>
        <TotalMonitoringExpenditure>0.00</TotalMonitoringExpenditure>
        <FCSAPAssessmentExpenditure>0.00</FCSAPAssessmentExpenditure>
        <FCSAPRemediationExpenditure>0.00</FCSAPRemediationExpenditure>
        <FCSAPCareMaintenanceExpenditure>0.00</FCSAPCareMaintenanceExpenditure>
        <FCSAPMonitoringExpenditure>0.00</FCSAPMonitoringExpenditure>
        <RemediationAmounts>
          <CubicMetres>0.0000</CubicMetres>
          <Hectares>0.0000</Hectares>
          <Tons>0.0000</Tons>
        </RemediationAmounts>
        <Closed>0</Closed>
      </AnnualData>
      <AnnualData FiscalYear="2009-2010" ReportingOrganization="NOR">
        <HighestStepCompleted>02</HighestStepCompleted>
        <TotalAssessmentExpenditure>0.00</TotalAssessmentExpenditure>
        <TotalRemediationExpenditure>0.00</TotalRemediationExpenditure>
        <TotalCareMaintenanceExpenditure>0.00</TotalCareMaintenanceExpenditure>
        <TotalMonitoringExpenditure>0.00</TotalMonitoringExpenditure>
        <FCSAPAssessmentExpenditure>0.00</FCSAPAssessmentExpenditure>
        <FCSAPRemediationExpenditure>0.00</FCSAPRemediationExpenditure>
        <FCSAPCareMaintenanceExpenditure>0.00</FCSAPCareMaintenanceExpenditure>
        <FCSAPMonitoringExpenditure>0.00</FCSAPMonitoringExpenditure>
        <RemediationAmounts>
          <CubicMetres>0.0000</CubicMetres>
          <Hectares>0.0000</Hectares>
          <Tons>0.0000</Tons>
        </RemediationAmounts>
        <Closed>0</Closed>
      </AnnualData>
      <AnnualData FiscalYear="2008-2009" ReportingOrganization="NOR">
        <HighestStepCompleted>02</HighestStepCompleted>
        <TotalAssessmentExpenditure>0.00</TotalAssessmentExpenditure>
        <TotalRemediationExpenditure>0.00</TotalRemediationExpenditure>
        <TotalCareMaintenanceExpenditure>0.00</TotalCareMaintenanceExpenditure>
        <TotalMonitoringExpenditure>0.00</TotalMonitoringExpenditure>
        <FCSAPAssessmentExpenditure>0.00</FCSAPAssessmentExpenditure>
        <FCSAPRemediationExpenditure>0.00</FCSAPRemediationExpenditure>
        <FCSAPCareMaintenanceExpenditure>0.00</FCSAPCareMaintenanceExpenditure>
        <FCSAPMonitoringExpenditure>0.00</FCSAPMonitoringExpenditure>
        <RemediationAmounts>
          <CubicMetres>0.0000</CubicMetres>
          <Hectares>0.0000</Hectares>
          <Tons>0.0000</Tons>
        </RemediationAmounts>
        <Closed>0</Closed>
      </AnnualData>
      <AnnualData FiscalYear="2007-2008" ReportingOrganization="NOR">
        <HighestStepCompleted>01</HighestStepCompleted>
        <TotalAssessmentExpenditure>0.00</TotalAssessmentExpenditure>
        <TotalRemediationExpenditure>0.00</TotalRemediationExpenditure>
        <TotalCareMaintenanceExpenditure>0.00</TotalCareMaintenanceExpenditure>
        <TotalMonitoringExpenditure>0.00</TotalMonitoringExpenditure>
        <FCSAPAssessmentExpenditure>0.00</FCSAPAssessmentExpenditure>
        <FCSAPRemediationExpenditure>0.00</FCSAPRemediationExpenditure>
        <FCSAPCareMaintenanceExpenditure>0.00</FCSAPCareMaintenanceExpenditure>
        <FCSAPMonitoringExpenditure>0.00</FCSAPMonitoringExpenditure>
        <RemediationAmounts>
          <CubicMetres>0.0000</CubicMetres>
          <Hectares>0.0000</Hectares>
          <Tons>0.0000</Tons>
        </RemediationAmounts>
        <Closed>0</Closed>
      </AnnualData>
    </Site>
    <Site FederalSiteIdentifier="00000025" ReportingOrganization="NOR" Created="2008-02-13T16:22:00" LastModified="2015-06-12T11:55:10.583">
      <Name>
        <EN xml:lang="en">CORONATION GULF/FOUR MILE BAY</EN>
        <FR xml:lang="fr">GOLFE CORONATION/BAIE FOUR MILE</FR>
      </Name>
      <SiteStatus>
        <Status>
          <EN xml:lang="en">Closed</EN>
          <FR xml:lang="fr">Fermé</FR>
        </Status>
        <Description>
          <EN xml:lang="en">Historical review completed. No further action required.</EN>
          <FR xml:lang="fr">Examen historique terminé. Aucune autre mesure nécessaire.</FR>
        </Description>
      </SiteStatus>
      <Classification>
        <Name>
          <EN xml:lang="en" />
          <FR xml:lang="fr" />
        </Name>
      </Classification>
      <ReasonForFederalInvolvement>
        <EN xml:lang="en">Other Canada Lands</EN>
        <FR xml:lang="fr">Autres Terres du Canada</FR>
      </ReasonForFederalInvolvement>
      <Location sgc="6208059" fed="001">
        <MiniMapURL>http://www.tbs-sct.gc.ca/fcsi-rscf/minimap.aspx?fsi=00000025</MiniMapURL>
        <Latitude>67.847778</Latitude>
        <Longitude>-115.295000</Longitude>
        <Municipality>Kugluktuk</Municipality>
        <Province>Nunavut</Province>
        <FederalElectoralDistrict>
          <EN xml:lang="en">Nunavut</EN>
          <FR xml:lang="fr">Nunavut</FR>
        </FederalElectoralDistrict>
        <Country>
          <EN xml:lang="en">Canada</EN>
          <FR xml:lang="fr">Canada</FR>
        </Country>
      </Location>
      <ContaminationDetails>
        <ContaminationEstimates>
          <CubicMetres>0.0000</CubicMetres>
          <Hectares>0.0000</Hectares>
          <Tons>0.0000</Tons>
        </ContaminationEstimates>
      </ContaminationDetails>
      <ActionPlan>
        <EN xml:lang="en" />
        <FR xml:lang="fr" />
      </ActionPlan>
      <AdditionalInformation>
        <EN xml:lang="en" />
        <FR xml:lang="fr" />
      </AdditionalInformation>
      <PopulationCounts>
        <KM1>6</KM1>
        <KM5>153</KM5>
        <KM10>648</KM10>
        <KM25>2050</KM25>
        <KM50>2050</KM50>
      </PopulationCounts>
      <AnnualData FiscalYear="2014-2015" ReportingOrganization="NOR">
        <HighestStepCompleted>02</HighestStepCompleted>
        <TotalAssessmentExpenditure>0.00</TotalAssessmentExpenditure>
        <TotalRemediationExpenditure>0.00</TotalRemediationExpenditure>
        <TotalCareMaintenanceExpenditure>0.00</TotalCareMaintenanceExpenditure>
        <TotalMonitoringExpenditure>0.00</TotalMonitoringExpenditure>
        <FCSAPAssessmentExpenditure>0.00</FCSAPAssessmentExpenditure>
        <FCSAPRemediationExpenditure>0.00</FCSAPRemediationExpenditure>
        <FCSAPCareMaintenanceExpenditure>0.00</FCSAPCareMaintenanceExpenditure>
        <FCSAPMonitoringExpenditure>0.00</FCSAPMonitoringExpenditure>
        <RemediationAmounts>
          <CubicMetres>0.0000</CubicMetres>
          <Hectares>0.0000</Hectares>
          <Tons>0.0000</Tons>
        </RemediationAmounts>
        <Closed>1</Closed>
      </AnnualData>
      <AnnualData FiscalYear="2013-2014" ReportingOrganization="NOR">
        <HighestStepCompleted>02</HighestStepCompleted>
        <TotalAssessmentExpenditure>0.00</TotalAssessmentExpenditure>
        <TotalRemediationExpenditure>0.00</TotalRemediationExpenditure>
        <TotalCareMaintenanceExpenditure>0.00</TotalCareMaintenanceExpenditure>
        <TotalMonitoringExpenditure>0.00</TotalMonitoringExpenditure>
        <FCSAPAssessmentExpenditure>0.00</FCSAPAssessmentExpenditure>
        <FCSAPRemediationExpenditure>0.00</FCSAPRemediationExpenditure>
        <FCSAPCareMaintenanceExpenditure>0.00</FCSAPCareMaintenanceExpenditure>
        <FCSAPMonitoringExpenditure>0.00</FCSAPMonitoringExpenditure>
        <RemediationAmounts>
          <CubicMetres>0.0000</CubicMetres>
          <Hectares>0.0000</Hectares>
          <Tons>0.0000</Tons>
        </RemediationAmounts>
        <Closed>0</Closed>
      </AnnualData>
      <AnnualData FiscalYear="2012-2013" ReportingOrganization="NOR">
        <HighestStepCompleted>02</HighestStepCompleted>
        <TotalAssessmentExpenditure>0.00</TotalAssessmentExpenditure>
        <TotalRemediationExpenditure>0.00</TotalRemediationExpenditure>
        <TotalCareMaintenanceExpenditure>0.00</TotalCareMaintenanceExpenditure>
        <TotalMonitoringExpenditure>0.00</TotalMonitoringExpenditure>
        <FCSAPAssessmentExpenditure>0.00</FCSAPAssessmentExpenditure>
        <FCSAPRemediationExpenditure>0.00</FCSAPRemediationExpenditure>
        <FCSAPCareMaintenanceExpenditure>0.00</FCSAPCareMaintenanceExpenditure>
        <FCSAPMonitoringExpenditure>0.00</FCSAPMonitoringExpenditure>
        <RemediationAmounts>
          <CubicMetres>0.0000</CubicMetres>
          <Hectares>0.0000</Hectares>
          <Tons>0.0000</Tons>
        </RemediationAmounts>
        <Closed>0</Closed>
      </AnnualData>
      <AnnualData FiscalYear="2011-2012" ReportingOrganization="NOR">
        <HighestStepCompleted>02</HighestStepCompleted>
        <TotalAssessmentExpenditure>0.00</TotalAssessmentExpenditure>
        <TotalRemediationExpenditure>0.00</TotalRemediationExpenditure>
        <TotalCareMaintenanceExpenditure>0.00</TotalCareMaintenanceExpenditure>
        <TotalMonitoringExpenditure>0.00</TotalMonitoringExpenditure>
        <FCSAPAssessmentExpenditure>0.00</FCSAPAssessmentExpenditure>
        <FCSAPRemediationExpenditure>0.00</FCSAPRemediationExpenditure>
        <FCSAPCareMaintenanceExpenditure>0.00</FCSAPCareMaintenanceExpenditure>
        <FCSAPMonitoringExpenditure>0.00</FCSAPMonitoringExpenditure>
        <RemediationAmounts>
          <CubicMetres>0.0000</CubicMetres>
          <Hectares>0.0000</Hectares>
          <Tons>0.0000</Tons>
        </RemediationAmounts>
        <Closed>0</Closed>
      </AnnualData>
      <AnnualData FiscalYear="2010-2011" ReportingOrganization="NOR">
        <HighestStepCompleted>03</HighestStepCompleted>
        <TotalAssessmentExpenditure>0.00</TotalAssessmentExpenditure>
        <TotalRemediationExpenditure>0.00</TotalRemediationExpenditure>
        <TotalCareMaintenanceExpenditure>0.00</TotalCareMaintenanceExpenditure>
        <TotalMonitoringExpenditure>0.00</TotalMonitoringExpenditure>
        <FCSAPAssessmentExpenditure>0.00</FCSAPAssessmentExpenditure>
        <FCSAPRemediationExpenditure>0.00</FCSAPRemediationExpenditure>
        <FCSAPCareMaintenanceExpenditure>0.00</FCSAPCareMaintenanceExpenditure>
        <FCSAPMonitoringExpenditure>0.00</FCSAPMonitoringExpenditure>
        <RemediationAmounts>
          <CubicMetres>0.0000</CubicMetres>
          <Hectares>0.0000</Hectares>
          <Tons>0.0000</Tons>
        </RemediationAmounts>
        <Closed>0</Closed>
      </AnnualData>
      <AnnualData FiscalYear="2009-2010" ReportingOrganization="NOR">
        <HighestStepCompleted>03</HighestStepCompleted>
        <TotalAssessmentExpenditure>0.00</TotalAssessmentExpenditure>
        <TotalRemediationExpenditure>0.00</TotalRemediationExpenditure>
        <TotalCareMaintenanceExpenditure>0.00</TotalCareMaintenanceExpenditure>
        <TotalMonitoringExpenditure>0.00</TotalMonitoringExpenditure>
        <FCSAPAssessmentExpenditure>0.00</FCSAPAssessmentExpenditure>
        <FCSAPRemediationExpenditure>0.00</FCSAPRemediationExpenditure>
        <FCSAPCareMaintenanceExpenditure>0.00</FCSAPCareMaintenanceExpenditure>
        <FCSAPMonitoringExpenditure>0.00</FCSAPMonitoringExpenditure>
        <RemediationAmounts>
          <CubicMetres>0.0000</CubicMetres>
          <Hectares>0.0000</Hectares>
          <Tons>0.0000</Tons>
        </RemediationAmounts>
        <Closed>0</Closed>
      </AnnualData>
      <AnnualData FiscalYear="2008-2009" ReportingOrganization="NOR">
        <HighestStepCompleted>03</HighestStepCompleted>
        <TotalAssessmentExpenditure>8826.70</TotalAssessmentExpenditure>
        <TotalRemediationExpenditure>0.00</TotalRemediationExpenditure>
        <TotalCareMaintenanceExpenditure>0.00</TotalCareMaintenanceExpenditure>
        <TotalMonitoringExpenditure>0.00</TotalMonitoringExpenditure>
        <FCSAPAssessmentExpenditure>0.00</FCSAPAssessmentExpenditure>
        <FCSAPRemediationExpenditure>0.00</FCSAPRemediationExpenditure>
        <FCSAPCareMaintenanceExpenditure>0.00</FCSAPCareMaintenanceExpenditure>
        <FCSAPMonitoringExpenditure>0.00</FCSAPMonitoringExpenditure>
        <RemediationAmounts>
          <CubicMetres>0.0000</CubicMetres>
          <Hectares>0.0000</Hectares>
          <Tons>0.0000</Tons>
        </RemediationAmounts>
        <Closed>0</Closed>
      </AnnualData>
      <AnnualData FiscalYear="2007-2008" ReportingOrganization="NOR">
        <HighestStepCompleted>01</HighestStepCompleted>
        <TotalAssessmentExpenditure>928.82</TotalAssessmentExpenditure>
        <TotalRemediationExpenditure>0.00</TotalRemediationExpenditure>
        <TotalCareMaintenanceExpenditure>0.00</TotalCareMaintenanceExpenditure>
        <TotalMonitoringExpenditure>0.00</TotalMonitoringExpenditure>
        <FCSAPAssessmentExpenditure>743.06</FCSAPAssessmentExpenditure>
        <FCSAPRemediationExpenditure>0.00</FCSAPRemediationExpenditure>
        <FCSAPCareMaintenanceExpenditure>0.00</FCSAPCareMaintenanceExpenditure>
        <FCSAPMonitoringExpenditure>0.00</FCSAPMonitoringExpenditure>
        <RemediationAmounts>
          <CubicMetres>0.0000</CubicMetres>
          <Hectares>0.0000</Hectares>
          <Tons>0.0000</Tons>
        </RemediationAmounts>
        <Closed>0</Closed>
      </AnnualData>
    </Site>
    <Site FederalSiteIdentifier="00000026" ReportingOrganization="NOR" Created="2008-02-13T16:22:00" LastModified="2014-05-06T15:12:00">
      <Name>
        <EN xml:lang="en">CORONATION GULF/S-LAKE</EN>
        <FR xml:lang="fr">GOLFE CORONATION/LAC-S</FR>
      </Name>
      <SiteStatus>
        <Status>
          <EN xml:lang="en">Closed</EN>
          <FR xml:lang="fr">Fermé</FR>
        </Status>
        <Description>
          <EN xml:lang="en">Historical review not required.</EN>
          <FR xml:lang="fr">Aucun examen historique nécessaire.</FR>
        </Description>
      </SiteStatus>
      <Classification>
        <Code>N</Code>
        <Name>
          <EN xml:lang="en">Not a Priority for Action</EN>
          <FR xml:lang="fr">Priorité d’intervention nulle</FR>
        </Name>
      </Classification>
      <ReasonForFederalInvolvement>
        <EN xml:lang="en">Other Canada Lands</EN>
        <FR xml:lang="fr">Autres Terres du Canada</FR>
      </ReasonForFederalInvolvement>
      <Location sgc="6208098" fed="001">
        <MiniMapURL>http://www.tbs-sct.gc.ca/fcsi-rscf/minimap.aspx?fsi=00000026</MiniMapURL>
        <Latitude>68.647222</Latitude>
        <Longitude>-105.595833</Longitude>
        <Municipality>Kitikmeot, Unorganized</Municipality>
        <Province>Nunavut</Province>
        <FederalElectoralDistrict>
          <EN xml:lang="en">Nunavut</EN>
          <FR xml:lang="fr">Nunavut</FR>
        </FederalElectoralDistrict>
        <Country>
          <EN xml:lang="en">Canada</EN>
          <FR xml:lang="fr">Canada</FR>
        </Country>
      </Location>
      <ContaminationDetails>
        <ContaminationEstimates>
          <CubicMetres>0.0000</CubicMetres>
          <Hectares>0.0000</Hectares>
          <Tons>0.0000</Tons>
        </ContaminationEstimates>
      </ContaminationDetails>
      <ActionPlan>
        <EN xml:lang="en" />
        <FR xml:lang="fr" />
      </ActionPlan>
      <AdditionalInformation>
        <EN xml:lang="en" />
        <FR xml:lang="fr" />
      </AdditionalInformation>
      <PopulationCounts>
        <KM1>0</KM1>
        <KM5>0</KM5>
        <KM10>0</KM10>
        <KM25>0</KM25>
        <KM50>53</KM50>
      </PopulationCounts>
      <AnnualData FiscalYear="2013-2014" ReportingOrganization="NOR">
        <HighestStepCompleted>01</HighestStepCompleted>
        <TotalAssessmentExpenditure>0.00</TotalAssessmentExpenditure>
        <TotalRemediationExpenditure>0.00</TotalRemediationExpenditure>
        <TotalCareMaintenanceExpenditure>0.00</TotalCareMaintenanceExpenditure>
        <TotalMonitoringExpenditure>0.00</TotalMonitoringExpenditure>
        <FCSAPAssessmentExpenditure>0.00</FCSAPAssessmentExpenditure>
        <FCSAPRemediationExpenditure>0.00</FCSAPRemediationExpenditure>
        <FCSAPCareMaintenanceExpenditure>0.00</FCSAPCareMaintenanceExpenditure>
        <FCSAPMonitoringExpenditure>0.00</FCSAPMonitoringExpenditure>
        <RemediationAmounts>
          <CubicMetres>0.0000</CubicMetres>
          <Hectares>0.0000</Hectares>
          <Tons>0.0000</Tons>
        </RemediationAmounts>
        <Closed>1</Closed>
      </AnnualData>
      <AnnualData FiscalYear="2012-2013" ReportingOrganization="NOR">
        <HighestStepCompleted>01</HighestStepCompleted>
        <TotalAssessmentExpenditure>0.00</TotalAssessmentExpenditure>
        <TotalRemediationExpenditure>0.00</TotalRemediationExpenditure>
        <TotalCareMaintenanceExpenditure>0.00</TotalCareMaintenanceExpenditure>
        <TotalMonitoringExpenditure>0.00</TotalMonitoringExpenditure>
        <FCSAPAssessmentExpenditure>0.00</FCSAPAssessmentExpenditure>
        <FCSAPRemediationExpenditure>0.00</FCSAPRemediationExpenditure>
        <FCSAPCareMaintenanceExpenditure>0.00</FCSAPCareMaintenanceExpenditure>
        <FCSAPMonitoringExpenditure>0.00</FCSAPMonitoringExpenditure>
        <RemediationAmounts>
          <CubicMetres>0.0000</CubicMetres>
          <Hectares>0.0000</Hectares>
          <Tons>0.0000</Tons>
        </RemediationAmounts>
        <Closed>0</Closed>
      </AnnualData>
      <AnnualData FiscalYear="2011-2012" ReportingOrganization="NOR">
        <HighestStepCompleted>01</HighestStepCompleted>
        <TotalAssessmentExpenditure>0.00</TotalAssessmentExpenditure>
        <TotalRemediationExpenditure>0.00</TotalRemediationExpenditure>
        <TotalCareMaintenanceExpenditure>0.00</TotalCareMaintenanceExpenditure>
        <TotalMonitoringExpenditure>0.00</TotalMonitoringExpenditure>
        <FCSAPAssessmentExpenditure>0.00</FCSAPAssessmentExpenditure>
        <FCSAPRemediationExpenditure>0.00</FCSAPRemediationExpenditure>
        <FCSAPCareMaintenanceExpenditure>0.00</FCSAPCareMaintenanceExpenditure>
        <FCSAPMonitoringExpenditure>0.00</FCSAPMonitoringExpenditure>
        <RemediationAmounts>
          <CubicMetres>0.0000</CubicMetres>
          <Hectares>0.0000</Hectares>
          <Tons>0.0000</Tons>
        </RemediationAmounts>
        <Closed>0</Closed>
      </AnnualData>
      <AnnualData FiscalYear="2010-2011" ReportingOrganization="NOR">
        <HighestStepCompleted>01</HighestStepCompleted>
        <TotalAssessmentExpenditure>0.00</TotalAssessmentExpenditure>
        <TotalRemediationExpenditure>0.00</TotalRemediationExpenditure>
        <TotalCareMaintenanceExpenditure>0.00</TotalCareMaintenanceExpenditure>
        <TotalMonitoringExpenditure>0.00</TotalMonitoringExpenditure>
        <FCSAPAssessmentExpenditure>0.00</FCSAPAssessmentExpenditure>
        <FCSAPRemediationExpenditure>0.00</FCSAPRemediationExpenditure>
        <FCSAPCareMaintenanceExpenditure>0.00</FCSAPCareMaintenanceExpenditure>
        <FCSAPMonitoringExpenditure>0.00</FCSAPMonitoringExpenditure>
        <RemediationAmounts>
          <CubicMetres>0.0000</CubicMetres>
          <Hectares>0.0000</Hectares>
          <Tons>0.0000</Tons>
        </RemediationAmounts>
        <Closed>0</Closed>
      </AnnualData>
      <AnnualData FiscalYear="2009-2010" ReportingOrganization="NOR">
        <HighestStepCompleted>01</HighestStepCompleted>
        <TotalAssessmentExpenditure>0.00</TotalAssessmentExpenditure>
        <TotalRemediationExpenditure>0.00</TotalRemediationExpenditure>
        <TotalCareMaintenanceExpenditure>0.00</TotalCareMaintenanceExpenditure>
        <TotalMonitoringExpenditure>0.00</TotalMonitoringExpenditure>
        <FCSAPAssessmentExpenditure>0.00</FCSAPAssessmentExpenditure>
        <FCSAPRemediationExpenditure>0.00</FCSAPRemediationExpenditure>
        <FCSAPCareMaintenanceExpenditure>0.00</FCSAPCareMaintenanceExpenditure>
        <FCSAPMonitoringExpenditure>0.00</FCSAPMonitoringExpenditure>
        <RemediationAmounts>
          <CubicMetres>0.0000</CubicMetres>
          <Hectares>0.0000</Hectares>
          <Tons>0.0000</Tons>
        </RemediationAmounts>
        <Closed>0</Closed>
      </AnnualData>
      <AnnualData FiscalYear="2008-2009" ReportingOrganization="NOR">
        <HighestStepCompleted>01</HighestStepCompleted>
        <TotalAssessmentExpenditure>8826.70</TotalAssessmentExpenditure>
        <TotalRemediationExpenditure>0.00</TotalRemediationExpenditure>
        <TotalCareMaintenanceExpenditure>0.00</TotalCareMaintenanceExpenditure>
        <TotalMonitoringExpenditure>0.00</TotalMonitoringExpenditure>
        <FCSAPAssessmentExpenditure>0.00</FCSAPAssessmentExpenditure>
        <FCSAPRemediationExpenditure>0.00</FCSAPRemediationExpenditure>
        <FCSAPCareMaintenanceExpenditure>0.00</FCSAPCareMaintenanceExpenditure>
        <FCSAPMonitoringExpenditure>0.00</FCSAPMonitoringExpenditure>
        <RemediationAmounts>
          <CubicMetres>0.0000</CubicMetres>
          <Hectares>0.0000</Hectares>
          <Tons>0.0000</Tons>
        </RemediationAmounts>
        <Closed>0</Closed>
      </AnnualData>
      <AnnualData FiscalYear="2007-2008" ReportingOrganization="NOR">
        <HighestStepCompleted>01</HighestStepCompleted>
        <TotalAssessmentExpenditure>928.82</TotalAssessmentExpenditure>
        <TotalRemediationExpenditure>0.00</TotalRemediationExpenditure>
        <TotalCareMaintenanceExpenditure>0.00</TotalCareMaintenanceExpenditure>
        <TotalMonitoringExpenditure>0.00</TotalMonitoringExpenditure>
        <FCSAPAssessmentExpenditure>743.06</FCSAPAssessmentExpenditure>
        <FCSAPRemediationExpenditure>0.00</FCSAPRemediationExpenditure>
        <FCSAPCareMaintenanceExpenditure>0.00</FCSAPCareMaintenanceExpenditure>
        <FCSAPMonitoringExpenditure>0.00</FCSAPMonitoringExpenditure>
        <RemediationAmounts>
          <CubicMetres>0.0000</CubicMetres>
          <Hectares>0.0000</Hectares>
          <Tons>0.0000</Tons>
        </RemediationAmounts>
        <Closed>0</Closed>
      </AnnualData>
    </Site>
    <Site FederalSiteIdentifier="00000027" ReportingOrganization="NOR" Created="2008-02-13T16:23:00" LastModified="2014-05-06T15:33:00">
      <Name>
        <EN xml:lang="en">CORONATION GULF/S-LAKE</EN>
        <FR xml:lang="fr">GOLFE CORONATION/LAC-S</FR>
      </Name>
      <SiteStatus>
        <Status>
          <EN xml:lang="en">Closed</EN>
          <FR xml:lang="fr">Fermé</FR>
        </Status>
        <Description>
          <EN xml:lang="en">Historical review not required.</EN>
          <FR xml:lang="fr">Aucun examen historique nécessaire.</FR>
        </Description>
      </SiteStatus>
      <Classification>
        <Code>N</Code>
        <Name>
          <EN xml:lang="en">Not a Priority for Action</EN>
          <FR xml:lang="fr">Priorité d’intervention nulle</FR>
        </Name>
      </Classification>
      <ReasonForFederalInvolvement>
        <EN xml:lang="en">Other Canada Lands</EN>
        <FR xml:lang="fr">Autres Terres du Canada</FR>
      </ReasonForFederalInvolvement>
      <Location sgc="6208098" fed="001">
        <MiniMapURL>http://www.tbs-sct.gc.ca/fcsi-rscf/minimap.aspx?fsi=00000027</MiniMapURL>
        <Latitude>68.647222</Latitude>
        <Longitude>-105.595833</Longitude>
        <Municipality>Kitikmeot, Unorganized</Municipality>
        <Province>Nunavut</Province>
        <FederalElectoralDistrict>
          <EN xml:lang="en">Nunavut</EN>
          <FR xml:lang="fr">Nunavut</FR>
        </FederalElectoralDistrict>
        <Country>
          <EN xml:lang="en">Canada</EN>
          <FR xml:lang="fr">Canada</FR>
        </Country>
      </Location>
      <ContaminationDetails>
        <ContaminationEstimates>
          <CubicMetres>0.0000</CubicMetres>
          <Hectares>0.0000</Hectares>
          <Tons>0.0000</Tons>
        </ContaminationEstimates>
      </ContaminationDetails>
      <ActionPlan>
        <EN xml:lang="en" />
        <FR xml:lang="fr" />
      </ActionPlan>
      <AdditionalInformation>
        <EN xml:lang="en" />
        <FR xml:lang="fr" />
      </AdditionalInformation>
      <PopulationCounts>
        <KM1>0</KM1>
        <KM5>0</KM5>
        <KM10>0</KM10>
        <KM25>0</KM25>
        <KM50>53</KM50>
      </PopulationCounts>
      <AnnualData FiscalYear="2013-2014" ReportingOrganization="NOR">
        <HighestStepCompleted>01</HighestStepCompleted>
        <TotalAssessmentExpenditure>0.00</TotalAssessmentExpenditure>
        <TotalRemediationExpenditure>0.00</TotalRemediationExpenditure>
        <TotalCareMaintenanceExpenditure>0.00</TotalCareMaintenanceExpenditure>
        <TotalMonitoringExpenditure>0.00</TotalMonitoringExpenditure>
        <FCSAPAssessmentExpenditure>0.00</FCSAPAssessmentExpenditure>
        <FCSAPRemediationExpenditure>0.00</FCSAPRemediationExpenditure>
        <FCSAPCareMaintenanceExpenditure>0.00</FCSAPCareMaintenanceExpenditure>
        <FCSAPMonitoringExpenditure>0.00</FCSAPMonitoringExpenditure>
        <RemediationAmounts>
          <CubicMetres>0.0000</CubicMetres>
          <Hectares>0.0000</Hectares>
          <Tons>0.0000</Tons>
        </RemediationAmounts>
        <Closed>1</Closed>
      </AnnualData>
      <AnnualData FiscalYear="2012-2013" ReportingOrganization="NOR">
        <HighestStepCompleted>01</HighestStepCompleted>
        <TotalAssessmentExpenditure>0.00</TotalAssessmentExpenditure>
        <TotalRemediationExpenditure>0.00</TotalRemediationExpenditure>
        <TotalCareMaintenanceExpenditure>0.00</TotalCareMaintenanceExpenditure>
        <TotalMonitoringExpenditure>0.00</TotalMonitoringExpenditure>
        <FCSAPAssessmentExpenditure>0.00</FCSAPAssessmentExpenditure>
        <FCSAPRemediationExpenditure>0.00</FCSAPRemediationExpenditure>
        <FCSAPCareMaintenanceExpenditure>0.00</FCSAPCareMaintenanceExpenditure>
        <FCSAPMonitoringExpenditure>0.00</FCSAPMonitoringExpenditure>
        <RemediationAmounts>
          <CubicMetres>0.0000</CubicMetres>
          <Hectares>0.0000</Hectares>
          <Tons>0.0000</Tons>
        </RemediationAmounts>
        <Closed>0</Closed>
      </AnnualData>
      <AnnualData FiscalYear="2011-2012" ReportingOrganization="NOR">
        <HighestStepCompleted>01</HighestStepCompleted>
        <TotalAssessmentExpenditure>0.00</TotalAssessmentExpenditure>
        <TotalRemediationExpenditure>0.00</TotalRemediationExpenditure>
        <TotalCareMaintenanceExpenditure>0.00</TotalCareMaintenanceExpenditure>
        <TotalMonitoringExpenditure>0.00</TotalMonitoringExpenditure>
        <FCSAPAssessmentExpenditure>0.00</FCSAPAssessmentExpenditure>
        <FCSAPRemediationExpenditure>0.00</FCSAPRemediationExpenditure>
        <FCSAPCareMaintenanceExpenditure>0.00</FCSAPCareMaintenanceExpenditure>
        <FCSAPMonitoringExpenditure>0.00</FCSAPMonitoringExpenditure>
        <RemediationAmounts>
          <CubicMetres>0.0000</CubicMetres>
          <Hectares>0.0000</Hectares>
          <Tons>0.0000</Tons>
        </RemediationAmounts>
        <Closed>0</Closed>
      </AnnualData>
      <AnnualData FiscalYear="2010-2011" ReportingOrganization="NOR">
        <HighestStepCompleted>01</HighestStepCompleted>
        <TotalAssessmentExpenditure>0.00</TotalAssessmentExpenditure>
        <TotalRemediationExpenditure>0.00</TotalRemediationExpenditure>
        <TotalCareMaintenanceExpenditure>0.00</TotalCareMaintenanceExpenditure>
        <TotalMonitoringExpenditure>0.00</TotalMonitoringExpenditure>
        <FCSAPAssessmentExpenditure>0.00</FCSAPAssessmentExpenditure>
        <FCSAPRemediationExpenditure>0.00</FCSAPRemediationExpenditure>
        <FCSAPCareMaintenanceExpenditure>0.00</FCSAPCareMaintenanceExpenditure>
        <FCSAPMonitoringExpenditure>0.00</FCSAPMonitoringExpenditure>
        <RemediationAmounts>
          <CubicMetres>0.0000</CubicMetres>
          <Hectares>0.0000</Hectares>
          <Tons>0.0000</Tons>
        </RemediationAmounts>
        <Closed>0</Closed>
      </AnnualData>
      <AnnualData FiscalYear="2009-2010" ReportingOrganization="NOR">
        <HighestStepCompleted>01</HighestStepCompleted>
        <TotalAssessmentExpenditure>0.00</TotalAssessmentExpenditure>
        <TotalRemediationExpenditure>0.00</TotalRemediationExpenditure>
        <TotalCareMaintenanceExpenditure>0.00</TotalCareMaintenanceExpenditure>
        <TotalMonitoringExpenditure>0.00</TotalMonitoringExpenditure>
        <FCSAPAssessmentExpenditure>0.00</FCSAPAssessmentExpenditure>
        <FCSAPRemediationExpenditure>0.00</FCSAPRemediationExpenditure>
        <FCSAPCareMaintenanceExpenditure>0.00</FCSAPCareMaintenanceExpenditure>
        <FCSAPMonitoringExpenditure>0.00</FCSAPMonitoringExpenditure>
        <RemediationAmounts>
          <CubicMetres>0.0000</CubicMetres>
          <Hectares>0.0000</Hectares>
          <Tons>0.0000</Tons>
        </RemediationAmounts>
        <Closed>0</Closed>
      </AnnualData>
      <AnnualData FiscalYear="2008-2009" ReportingOrganization="NOR">
        <HighestStepCompleted>01</HighestStepCompleted>
        <TotalAssessmentExpenditure>8826.70</TotalAssessmentExpenditure>
        <TotalRemediationExpenditure>0.00</TotalRemediationExpenditure>
        <TotalCareMaintenanceExpenditure>0.00</TotalCareMaintenanceExpenditure>
        <TotalMonitoringExpenditure>0.00</TotalMonitoringExpenditure>
        <FCSAPAssessmentExpenditure>0.00</FCSAPAssessmentExpenditure>
        <FCSAPRemediationExpenditure>0.00</FCSAPRemediationExpenditure>
        <FCSAPCareMaintenanceExpenditure>0.00</FCSAPCareMaintenanceExpenditure>
        <FCSAPMonitoringExpenditure>0.00</FCSAPMonitoringExpenditure>
        <RemediationAmounts>
          <CubicMetres>0.0000</CubicMetres>
          <Hectares>0.0000</Hectares>
          <Tons>0.0000</Tons>
        </RemediationAmounts>
        <Closed>0</Closed>
      </AnnualData>
      <AnnualData FiscalYear="2007-2008" ReportingOrganization="NOR">
        <HighestStepCompleted>01</HighestStepCompleted>
        <TotalAssessmentExpenditure>928.82</TotalAssessmentExpenditure>
        <TotalRemediationExpenditure>0.00</TotalRemediationExpenditure>
        <TotalCareMaintenanceExpenditure>0.00</TotalCareMaintenanceExpenditure>
        <TotalMonitoringExpenditure>0.00</TotalMonitoringExpenditure>
        <FCSAPAssessmentExpenditure>743.06</FCSAPAssessmentExpenditure>
        <FCSAPRemediationExpenditure>0.00</FCSAPRemediationExpenditure>
        <FCSAPCareMaintenanceExpenditure>0.00</FCSAPCareMaintenanceExpenditure>
        <FCSAPMonitoringExpenditure>0.00</FCSAPMonitoringExpenditure>
        <RemediationAmounts>
          <CubicMetres>0.0000</CubicMetres>
          <Hectares>0.0000</Hectares>
          <Tons>0.0000</Tons>
        </RemediationAmounts>
        <Closed>0</Closed>
      </AnnualData>
    </Site>
    <Site FederalSiteIdentifier="00000028" ReportingOrganization="NOR" Created="2008-02-13T16:23:00" LastModified="2014-05-06T15:38:00">
      <Name>
        <EN xml:lang="en">CORONATION GULF</EN>
        <FR xml:lang="fr">GOLFE CORONATION</FR>
      </Name>
      <SiteStatus>
        <Status>
          <EN xml:lang="en">Closed</EN>
          <FR xml:lang="fr">Fermé</FR>
        </Status>
        <Description>
          <EN xml:lang="en">Historical review not required.</EN>
          <FR xml:lang="fr">Aucun examen historique nécessaire.</FR>
        </Description>
      </SiteStatus>
      <Classification>
        <Code>N</Code>
        <Name>
          <EN xml:lang="en">Not a Priority for Action</EN>
          <FR xml:lang="fr">Priorité d’intervention nulle</FR>
        </Name>
      </Classification>
      <ReasonForFederalInvolvement>
        <EN xml:lang="en">Other Canada Lands</EN>
        <FR xml:lang="fr">Autres Terres du Canada</FR>
      </ReasonForFederalInvolvement>
      <Location sgc="6208059" fed="001">
        <MiniMapURL>http://www.tbs-sct.gc.ca/fcsi-rscf/minimap.aspx?fsi=00000028</MiniMapURL>
        <Latitude>67.828889</Latitude>
        <Longitude>-115.006389</Longitude>
        <Municipality>Kugluktuk</Municipality>
        <Province>Nunavut</Province>
        <FederalElectoralDistrict>
          <EN xml:lang="en">Nunavut</EN>
          <FR xml:lang="fr">Nunavut</FR>
        </FederalElectoralDistrict>
        <Country>
          <EN xml:lang="en">Canada</EN>
          <FR xml:lang="fr">Canada</FR>
        </Country>
      </Location>
      <ContaminationDetails>
        <ContaminationEstimates>
          <CubicMetres>0.0000</CubicMetres>
          <Hectares>0.0000</Hectares>
          <Tons>0.0000</Tons>
        </ContaminationEstimates>
      </ContaminationDetails>
      <ActionPlan>
        <EN xml:lang="en" />
        <FR xml:lang="fr" />
      </ActionPlan>
      <AdditionalInformation>
        <EN xml:lang="en" />
        <FR xml:lang="fr" />
      </AdditionalInformation>
      <PopulationCounts>
        <KM1>9</KM1>
        <KM5>222</KM5>
        <KM10>687</KM10>
        <KM25>1831</KM25>
        <KM50>2050</KM50>
      </PopulationCounts>
      <AnnualData FiscalYear="2013-2014" ReportingOrganization="NOR">
        <HighestStepCompleted>01</HighestStepCompleted>
        <TotalAssessmentExpenditure>0.00</TotalAssessmentExpenditure>
        <TotalRemediationExpenditure>0.00</TotalRemediationExpenditure>
        <TotalCareMaintenanceExpenditure>0.00</TotalCareMaintenanceExpenditure>
        <TotalMonitoringExpenditure>0.00</TotalMonitoringExpenditure>
        <FCSAPAssessmentExpenditure>0.00</FCSAPAssessmentExpenditure>
        <FCSAPRemediationExpenditure>0.00</FCSAPRemediationExpenditure>
        <FCSAPCareMaintenanceExpenditure>0.00</FCSAPCareMaintenanceExpenditure>
        <FCSAPMonitoringExpenditure>0.00</FCSAPMonitoringExpenditure>
        <RemediationAmounts>
          <CubicMetres>0.0000</CubicMetres>
          <Hectares>0.0000</Hectares>
          <Tons>0.0000</Tons>
        </RemediationAmounts>
        <Closed>1</Closed>
      </AnnualData>
      <AnnualData FiscalYear="2012-2013" ReportingOrganization="NOR">
        <HighestStepCompleted>01</HighestStepCompleted>
        <TotalAssessmentExpenditure>0.00</TotalAssessmentExpenditure>
        <TotalRemediationExpenditure>0.00</TotalRemediationExpenditure>
        <TotalCareMaintenanceExpenditure>0.00</TotalCareMaintenanceExpenditure>
        <TotalMonitoringExpenditure>0.00</TotalMonitoringExpenditure>
        <FCSAPAssessmentExpenditure>0.00</FCSAPAssessmentExpenditure>
        <FCSAPRemediationExpenditure>0.00</FCSAPRemediationExpenditure>
        <FCSAPCareMaintenanceExpenditure>0.00</FCSAPCareMaintenanceExpenditure>
        <FCSAPMonitoringExpenditure>0.00</FCSAPMonitoringExpenditure>
        <RemediationAmounts>
          <CubicMetres>0.0000</CubicMetres>
          <Hectares>0.0000</Hectares>
          <Tons>0.0000</Tons>
        </RemediationAmounts>
        <Closed>0</Closed>
      </AnnualData>
      <AnnualData FiscalYear="2011-2012" ReportingOrganization="NOR">
        <HighestStepCompleted>01</HighestStepCompleted>
        <TotalAssessmentExpenditure>0.00</TotalAssessmentExpenditure>
        <TotalRemediationExpenditure>0.00</TotalRemediationExpenditure>
        <TotalCareMaintenanceExpenditure>0.00</TotalCareMaintenanceExpenditure>
        <TotalMonitoringExpenditure>0.00</TotalMonitoringExpenditure>
        <FCSAPAssessmentExpenditure>0.00</FCSAPAssessmentExpenditure>
        <FCSAPRemediationExpenditure>0.00</FCSAPRemediationExpenditure>
        <FCSAPCareMaintenanceExpenditure>0.00</FCSAPCareMaintenanceExpenditure>
        <FCSAPMonitoringExpenditure>0.00</FCSAPMonitoringExpenditure>
        <RemediationAmounts>
          <CubicMetres>0.0000</CubicMetres>
          <Hectares>0.0000</Hectares>
          <Tons>0.0000</Tons>
        </RemediationAmounts>
        <Closed>0</Closed>
      </AnnualData>
      <AnnualData FiscalYear="2010-2011" ReportingOrganization="NOR">
        <HighestStepCompleted>01</HighestStepCompleted>
        <TotalAssessmentExpenditure>0.00</TotalAssessmentExpenditure>
        <TotalRemediationExpenditure>0.00</TotalRemediationExpenditure>
        <TotalCareMaintenanceExpenditure>0.00</TotalCareMaintenanceExpenditure>
        <TotalMonitoringExpenditure>0.00</TotalMonitoringExpenditure>
        <FCSAPAssessmentExpenditure>0.00</FCSAPAssessmentExpenditure>
        <FCSAPRemediationExpenditure>0.00</FCSAPRemediationExpenditure>
        <FCSAPCareMaintenanceExpenditure>0.00</FCSAPCareMaintenanceExpenditure>
        <FCSAPMonitoringExpenditure>0.00</FCSAPMonitoringExpenditure>
        <RemediationAmounts>
          <CubicMetres>0.0000</CubicMetres>
          <Hectares>0.0000</Hectares>
          <Tons>0.0000</Tons>
        </RemediationAmounts>
        <Closed>0</Closed>
      </AnnualData>
      <AnnualData FiscalYear="2009-2010" ReportingOrganization="NOR">
        <HighestStepCompleted>01</HighestStepCompleted>
        <TotalAssessmentExpenditure>0.00</TotalAssessmentExpenditure>
        <TotalRemediationExpenditure>0.00</TotalRemediationExpenditure>
        <TotalCareMaintenanceExpenditure>0.00</TotalCareMaintenanceExpenditure>
        <TotalMonitoringExpenditure>0.00</TotalMonitoringExpenditure>
        <FCSAPAssessmentExpenditure>0.00</FCSAPAssessmentExpenditure>
        <FCSAPRemediationExpenditure>0.00</FCSAPRemediationExpenditure>
        <FCSAPCareMaintenanceExpenditure>0.00</FCSAPCareMaintenanceExpenditure>
        <FCSAPMonitoringExpenditure>0.00</FCSAPMonitoringExpenditure>
        <RemediationAmounts>
          <CubicMetres>0.0000</CubicMetres>
          <Hectares>0.0000</Hectares>
          <Tons>0.0000</Tons>
        </RemediationAmounts>
        <Closed>0</Closed>
      </AnnualData>
      <AnnualData FiscalYear="2008-2009" ReportingOrganization="NOR">
        <HighestStepCompleted>01</HighestStepCompleted>
        <TotalAssessmentExpenditure>8826.70</TotalAssessmentExpenditure>
        <TotalRemediationExpenditure>0.00</TotalRemediationExpenditure>
        <TotalCareMaintenanceExpenditure>0.00</TotalCareMaintenanceExpenditure>
        <TotalMonitoringExpenditure>0.00</TotalMonitoringExpenditure>
        <FCSAPAssessmentExpenditure>0.00</FCSAPAssessmentExpenditure>
        <FCSAPRemediationExpenditure>0.00</FCSAPRemediationExpenditure>
        <FCSAPCareMaintenanceExpenditure>0.00</FCSAPCareMaintenanceExpenditure>
        <FCSAPMonitoringExpenditure>0.00</FCSAPMonitoringExpenditure>
        <RemediationAmounts>
          <CubicMetres>0.0000</CubicMetres>
          <Hectares>0.0000</Hectares>
          <Tons>0.0000</Tons>
        </RemediationAmounts>
        <Closed>0</Closed>
      </AnnualData>
      <AnnualData FiscalYear="2007-2008" ReportingOrganization="NOR">
        <HighestStepCompleted>01</HighestStepCompleted>
        <TotalAssessmentExpenditure>928.82</TotalAssessmentExpenditure>
        <TotalRemediationExpenditure>0.00</TotalRemediationExpenditure>
        <TotalCareMaintenanceExpenditure>0.00</TotalCareMaintenanceExpenditure>
        <TotalMonitoringExpenditure>0.00</TotalMonitoringExpenditure>
        <FCSAPAssessmentExpenditure>743.06</FCSAPAssessmentExpenditure>
        <FCSAPRemediationExpenditure>0.00</FCSAPRemediationExpenditure>
        <FCSAPCareMaintenanceExpenditure>0.00</FCSAPCareMaintenanceExpenditure>
        <FCSAPMonitoringExpenditure>0.00</FCSAPMonitoringExpenditure>
        <RemediationAmounts>
          <CubicMetres>0.0000</CubicMetres>
          <Hectares>0.0000</Hectares>
          <Tons>0.0000</Tons>
        </RemediationAmounts>
        <Closed>0</Closed>
      </AnnualData>
    </Site>
    <Site FederalSiteIdentifier="00000029" ReportingOrganization="NOR" Created="2008-02-13T16:23:00" LastModified="2014-05-06T15:39:00">
      <Name>
        <EN xml:lang="en">CORONATION GULF</EN>
        <FR xml:lang="fr">GOLFE CORONATION</FR>
      </Name>
      <SiteStatus>
        <Status>
          <EN xml:lang="en">Closed</EN>
          <FR xml:lang="fr">Fermé</FR>
        </Status>
        <Description>
          <EN xml:lang="en">Historical review not required.</EN>
          <FR xml:lang="fr">Aucun examen historique nécessaire.</FR>
        </Description>
      </SiteStatus>
      <Classification>
        <Code>N</Code>
        <Name>
          <EN xml:lang="en">Not a Priority for Action</EN>
          <FR xml:lang="fr">Priorité d’intervention nulle</FR>
        </Name>
      </Classification>
      <ReasonForFederalInvolvement>
        <EN xml:lang="en">Other Canada Lands</EN>
        <FR xml:lang="fr">Autres Terres du Canada</FR>
      </ReasonForFederalInvolvement>
      <Location sgc="6208059" fed="001">
        <MiniMapURL>http://www.tbs-sct.gc.ca/fcsi-rscf/minimap.aspx?fsi=00000029</MiniMapURL>
        <Latitude>67.828889</Latitude>
        <Longitude>-115.006389</Longitude>
        <Municipality>Kugluktuk</Municipality>
        <Province>Nunavut</Province>
        <FederalElectoralDistrict>
          <EN xml:lang="en">Nunavut</EN>
          <FR xml:lang="fr">Nunavut</FR>
        </FederalElectoralDistrict>
        <Country>
          <EN xml:lang="en">Canada</EN>
          <FR xml:lang="fr">Canada</FR>
        </Country>
      </Location>
      <ContaminationDetails>
        <ContaminationEstimates>
          <CubicMetres>0.0000</CubicMetres>
          <Hectares>0.0000</Hectares>
          <Tons>0.0000</Tons>
        </ContaminationEstimates>
      </ContaminationDetails>
      <ActionPlan>
        <EN xml:lang="en" />
        <FR xml:lang="fr" />
      </ActionPlan>
      <AdditionalInformation>
        <EN xml:lang="en" />
        <FR xml:lang="fr" />
      </AdditionalInformation>
      <PopulationCounts>
        <KM1>9</KM1>
        <KM5>222</KM5>
        <KM10>687</KM10>
        <KM25>1831</KM25>
        <KM50>2050</KM50>
      </PopulationCounts>
      <AnnualData FiscalYear="2013-2014" ReportingOrganization="NOR">
        <HighestStepCompleted>01</HighestStepCompleted>
        <TotalAssessmentExpenditure>0.00</TotalAssessmentExpenditure>
        <TotalRemediationExpenditure>0.00</TotalRemediationExpenditure>
        <TotalCareMaintenanceExpenditure>0.00</TotalCareMaintenanceExpenditure>
        <TotalMonitoringExpenditure>0.00</TotalMonitoringExpenditure>
        <FCSAPAssessmentExpenditure>0.00</FCSAPAssessmentExpenditure>
        <FCSAPRemediationExpenditure>0.00</FCSAPRemediationExpenditure>
        <FCSAPCareMaintenanceExpenditure>0.00</FCSAPCareMaintenanceExpenditure>
        <FCSAPMonitoringExpenditure>0.00</FCSAPMonitoringExpenditure>
        <RemediationAmounts>
          <CubicMetres>0.0000</CubicMetres>
          <Hectares>0.0000</Hectares>
          <Tons>0.0000</Tons>
        </RemediationAmounts>
        <Closed>1</Closed>
      </AnnualData>
      <AnnualData FiscalYear="2012-2013" ReportingOrganization="NOR">
        <HighestStepCompleted>01</HighestStepCompleted>
        <TotalAssessmentExpenditure>0.00</TotalAssessmentExpenditure>
        <TotalRemediationExpenditure>0.00</TotalRemediationExpenditure>
        <TotalCareMaintenanceExpenditure>0.00</TotalCareMaintenanceExpenditure>
        <TotalMonitoringExpenditure>0.00</TotalMonitoringExpenditure>
        <FCSAPAssessmentExpenditure>0.00</FCSAPAssessmentExpenditure>
        <FCSAPRemediationExpenditure>0.00</FCSAPRemediationExpenditure>
        <FCSAPCareMaintenanceExpenditure>0.00</FCSAPCareMaintenanceExpenditure>
        <FCSAPMonitoringExpenditure>0.00</FCSAPMonitoringExpenditure>
        <RemediationAmounts>
          <CubicMetres>0.0000</CubicMetres>
          <Hectares>0.0000</Hectares>
          <Tons>0.0000</Tons>
        </RemediationAmounts>
        <Closed>0</Closed>
      </AnnualData>
      <AnnualData FiscalYear="2011-2012" ReportingOrganization="NOR">
        <HighestStepCompleted>01</HighestStepCompleted>
        <TotalAssessmentExpenditure>0.00</TotalAssessmentExpenditure>
        <TotalRemediationExpenditure>0.00</TotalRemediationExpenditure>
        <TotalCareMaintenanceExpenditure>0.00</TotalCareMaintenanceExpenditure>
        <TotalMonitoringExpenditure>0.00</TotalMonitoringExpenditure>
        <FCSAPAssessmentExpenditure>0.00</FCSAPAssessmentExpenditure>
        <FCSAPRemediationExpenditure>0.00</FCSAPRemediationExpenditure>
        <FCSAPCareMaintenanceExpenditure>0.00</FCSAPCareMaintenanceExpenditure>
        <FCSAPMonitoringExpenditure>0.00</FCSAPMonitoringExpenditure>
        <RemediationAmounts>
          <CubicMetres>0.0000</CubicMetres>
          <Hectares>0.0000</Hectares>
          <Tons>0.0000</Tons>
        </RemediationAmounts>
        <Closed>0</Closed>
      </AnnualData>
      <AnnualData FiscalYear="2010-2011" ReportingOrganization="NOR">
        <HighestStepCompleted>01</HighestStepCompleted>
        <TotalAssessmentExpenditure>0.00</TotalAssessmentExpenditure>
        <TotalRemediationExpenditure>0.00</TotalRemediationExpenditure>
        <TotalCareMaintenanceExpenditure>0.00</TotalCareMaintenanceExpenditure>
        <TotalMonitoringExpenditure>0.00</TotalMonitoringExpenditure>
        <FCSAPAssessmentExpenditure>0.00</FCSAPAssessmentExpenditure>
        <FCSAPRemediationExpenditure>0.00</FCSAPRemediationExpenditure>
        <FCSAPCareMaintenanceExpenditure>0.00</FCSAPCareMaintenanceExpenditure>
        <FCSAPMonitoringExpenditure>0.00</FCSAPMonitoringExpenditure>
        <RemediationAmounts>
          <CubicMetres>0.0000</CubicMetres>
          <Hectares>0.0000</Hectares>
          <Tons>0.0000</Tons>
        </RemediationAmounts>
        <Closed>0</Closed>
      </AnnualData>
      <AnnualData FiscalYear="2009-2010" ReportingOrganization="NOR">
        <HighestStepCompleted>01</HighestStepCompleted>
        <TotalAssessmentExpenditure>0.00</TotalAssessmentExpenditure>
        <TotalRemediationExpenditure>0.00</TotalRemediationExpenditure>
        <TotalCareMaintenanceExpenditure>0.00</TotalCareMaintenanceExpenditure>
        <TotalMonitoringExpenditure>0.00</TotalMonitoringExpenditure>
        <FCSAPAssessmentExpenditure>0.00</FCSAPAssessmentExpenditure>
        <FCSAPRemediationExpenditure>0.00</FCSAPRemediationExpenditure>
        <FCSAPCareMaintenanceExpenditure>0.00</FCSAPCareMaintenanceExpenditure>
        <FCSAPMonitoringExpenditure>0.00</FCSAPMonitoringExpenditure>
        <RemediationAmounts>
          <CubicMetres>0.0000</CubicMetres>
          <Hectares>0.0000</Hectares>
          <Tons>0.0000</Tons>
        </RemediationAmounts>
        <Closed>0</Closed>
      </AnnualData>
      <AnnualData FiscalYear="2008-2009" ReportingOrganization="NOR">
        <HighestStepCompleted>01</HighestStepCompleted>
        <TotalAssessmentExpenditure>8826.70</TotalAssessmentExpenditure>
        <TotalRemediationExpenditure>0.00</TotalRemediationExpenditure>
        <TotalCareMaintenanceExpenditure>0.00</TotalCareMaintenanceExpenditure>
        <TotalMonitoringExpenditure>0.00</TotalMonitoringExpenditure>
        <FCSAPAssessmentExpenditure>0.00</FCSAPAssessmentExpenditure>
        <FCSAPRemediationExpenditure>0.00</FCSAPRemediationExpenditure>
        <FCSAPCareMaintenanceExpenditure>0.00</FCSAPCareMaintenanceExpenditure>
        <FCSAPMonitoringExpenditure>0.00</FCSAPMonitoringExpenditure>
        <RemediationAmounts>
          <CubicMetres>0.0000</CubicMetres>
          <Hectares>0.0000</Hectares>
          <Tons>0.0000</Tons>
        </RemediationAmounts>
        <Closed>0</Closed>
      </AnnualData>
      <AnnualData FiscalYear="2007-2008" ReportingOrganization="NOR">
        <HighestStepCompleted>01</HighestStepCompleted>
        <TotalAssessmentExpenditure>928.82</TotalAssessmentExpenditure>
        <TotalRemediationExpenditure>0.00</TotalRemediationExpenditure>
        <TotalCareMaintenanceExpenditure>0.00</TotalCareMaintenanceExpenditure>
        <TotalMonitoringExpenditure>0.00</TotalMonitoringExpenditure>
        <FCSAPAssessmentExpenditure>743.06</FCSAPAssessmentExpenditure>
        <FCSAPRemediationExpenditure>0.00</FCSAPRemediationExpenditure>
        <FCSAPCareMaintenanceExpenditure>0.00</FCSAPCareMaintenanceExpenditure>
        <FCSAPMonitoringExpenditure>0.00</FCSAPMonitoringExpenditure>
        <RemediationAmounts>
          <CubicMetres>0.0000</CubicMetres>
          <Hectares>0.0000</Hectares>
          <Tons>0.0000</Tons>
        </RemediationAmounts>
        <Closed>0</Closed>
      </AnnualData>
    </Site>
    <Site FederalSiteIdentifier="00000030" ReportingOrganization="NOR" Created="2008-02-13T16:23:00" LastModified="2015-05-12T16:37:00">
      <Name>
        <EN xml:lang="en">LAC LA MARTRE AREA</EN>
        <FR xml:lang="fr">RÉGION DU LAC LA MARTRE</FR>
      </Name>
      <SiteStatus>
        <Status>
          <EN xml:lang="en">Active</EN>
          <FR xml:lang="fr">Active</FR>
        </Status>
        <Description>
          <EN xml:lang="en">Initial testing completed. Detailed testing underway.</EN>
          <FR xml:lang="fr">Première analyse terminée. Analyse détaillée en cours.</FR>
        </Description>
      </SiteStatus>
      <Classification>
        <Name>
          <EN xml:lang="en" />
          <FR xml:lang="fr" />
        </Name>
      </Classification>
      <ReasonForFederalInvolvement>
        <EN xml:lang="en">Other Canada Lands</EN>
        <FR xml:lang="fr">Autres Terres du Canada</FR>
      </ReasonForFederalInvolvement>
      <Location sgc="6208098" fed="001">
        <MiniMapURL>http://www.tbs-sct.gc.ca/fcsi-rscf/minimap.aspx?fsi=00000030</MiniMapURL>
        <Latitude>67.830278</Latitude>
        <Longitude>-118.187778</Longitude>
        <Municipality>Kitikmeot, Unorganized</Municipality>
        <Province>Nunavut</Province>
        <FederalElectoralDistrict>
          <EN xml:lang="en">Nunavut</EN>
          <FR xml:lang="fr">Nunavut</FR>
        </FederalElectoralDistrict>
        <Country>
          <EN xml:lang="en">Canada</EN>
          <FR xml:lang="fr">Canada</FR>
        </Country>
      </Location>
      <ContaminationDetails>
        <ContaminationEstimates>
          <CubicMetres>0.0000</CubicMetres>
          <Hectares>0.0000</Hectares>
          <Tons>0.0000</Tons>
        </ContaminationEstimates>
      </ContaminationDetails>
      <ActionPlan>
        <EN xml:lang="en" />
        <FR xml:lang="fr" />
      </ActionPlan>
      <AdditionalInformation>
        <EN xml:lang="en" />
        <FR xml:lang="fr" />
      </AdditionalInformation>
      <AnnualData FiscalYear="2014-2015" ReportingOrganization="NOR">
        <HighestStepCompleted>03</HighestStepCompleted>
        <TotalAssessmentExpenditure>0.00</TotalAssessmentExpenditure>
        <TotalRemediationExpenditure>0.00</TotalRemediationExpenditure>
        <TotalCareMaintenanceExpenditure>0.00</TotalCareMaintenanceExpenditure>
        <TotalMonitoringExpenditure>0.00</TotalMonitoringExpenditure>
        <FCSAPAssessmentExpenditure>0.00</FCSAPAssessmentExpenditure>
        <FCSAPRemediationExpenditure>0.00</FCSAPRemediationExpenditure>
        <FCSAPCareMaintenanceExpenditure>0.00</FCSAPCareMaintenanceExpenditure>
        <FCSAPMonitoringExpenditure>0.00</FCSAPMonitoringExpenditure>
        <RemediationAmounts>
          <CubicMetres>0.0000</CubicMetres>
          <Hectares>0.0000</Hectares>
          <Tons>0.0000</Tons>
        </RemediationAmounts>
        <Closed>0</Closed>
      </AnnualData>
      <AnnualData FiscalYear="2013-2014" ReportingOrganization="NOR">
        <HighestStepCompleted>02</HighestStepCompleted>
        <TotalAssessmentExpenditure>0.00</TotalAssessmentExpenditure>
        <TotalRemediationExpenditure>0.00</TotalRemediationExpenditure>
        <TotalCareMaintenanceExpenditure>0.00</TotalCareMaintenanceExpenditure>
        <TotalMonitoringExpenditure>0.00</TotalMonitoringExpenditure>
        <FCSAPAssessmentExpenditure>0.00</FCSAPAssessmentExpenditure>
        <FCSAPRemediationExpenditure>0.00</FCSAPRemediationExpenditure>
        <FCSAPCareMaintenanceExpenditure>0.00</FCSAPCareMaintenanceExpenditure>
        <FCSAPMonitoringExpenditure>0.00</FCSAPMonitoringExpenditure>
        <RemediationAmounts>
          <CubicMetres>0.0000</CubicMetres>
          <Hectares>0.0000</Hectares>
          <Tons>0.0000</Tons>
        </RemediationAmounts>
        <Closed>0</Closed>
      </AnnualData>
      <AnnualData FiscalYear="2012-2013" ReportingOrganization="NOR">
        <HighestStepCompleted>02</HighestStepCompleted>
        <TotalAssessmentExpenditure>0.00</TotalAssessmentExpenditure>
        <TotalRemediationExpenditure>0.00</TotalRemediationExpenditure>
        <TotalCareMaintenanceExpenditure>0.00</TotalCareMaintenanceExpenditure>
        <TotalMonitoringExpenditure>0.00</TotalMonitoringExpenditure>
        <FCSAPAssessmentExpenditure>0.00</FCSAPAssessmentExpenditure>
        <FCSAPRemediationExpenditure>0.00</FCSAPRemediationExpenditure>
        <FCSAPCareMaintenanceExpenditure>0.00</FCSAPCareMaintenanceExpenditure>
        <FCSAPMonitoringExpenditure>0.00</FCSAPMonitoringExpenditure>
        <RemediationAmounts>
          <CubicMetres>0.0000</CubicMetres>
          <Hectares>0.0000</Hectares>
          <Tons>0.0000</Tons>
        </RemediationAmounts>
        <Closed>0</Closed>
      </AnnualData>
      <AnnualData FiscalYear="2011-2012" ReportingOrganization="NOR">
        <HighestStepCompleted>02</HighestStepCompleted>
        <TotalAssessmentExpenditure>0.00</TotalAssessmentExpenditure>
        <TotalRemediationExpenditure>0.00</TotalRemediationExpenditure>
        <TotalCareMaintenanceExpenditure>0.00</TotalCareMaintenanceExpenditure>
        <TotalMonitoringExpenditure>0.00</TotalMonitoringExpenditure>
        <FCSAPAssessmentExpenditure>0.00</FCSAPAssessmentExpenditure>
        <FCSAPRemediationExpenditure>0.00</FCSAPRemediationExpenditure>
        <FCSAPCareMaintenanceExpenditure>0.00</FCSAPCareMaintenanceExpenditure>
        <FCSAPMonitoringExpenditure>0.00</FCSAPMonitoringExpenditure>
        <RemediationAmounts>
          <CubicMetres>0.0000</CubicMetres>
          <Hectares>0.0000</Hectares>
          <Tons>0.0000</Tons>
        </RemediationAmounts>
        <Closed>0</Closed>
      </AnnualData>
      <AnnualData FiscalYear="2010-2011" ReportingOrganization="NOR">
        <HighestStepCompleted>02</HighestStepCompleted>
        <TotalAssessmentExpenditure>0.00</TotalAssessmentExpenditure>
        <TotalRemediationExpenditure>0.00</TotalRemediationExpenditure>
        <TotalCareMaintenanceExpenditure>0.00</TotalCareMaintenanceExpenditure>
        <TotalMonitoringExpenditure>0.00</TotalMonitoringExpenditure>
        <FCSAPAssessmentExpenditure>0.00</FCSAPAssessmentExpenditure>
        <FCSAPRemediationExpenditure>0.00</FCSAPRemediationExpenditure>
        <FCSAPCareMaintenanceExpenditure>0.00</FCSAPCareMaintenanceExpenditure>
        <FCSAPMonitoringExpenditure>0.00</FCSAPMonitoringExpenditure>
        <RemediationAmounts>
          <CubicMetres>0.0000</CubicMetres>
          <Hectares>0.0000</Hectares>
          <Tons>0.0000</Tons>
        </RemediationAmounts>
        <Closed>0</Closed>
      </AnnualData>
      <AnnualData FiscalYear="2009-2010" ReportingOrganization="NOR">
        <HighestStepCompleted>02</HighestStepCompleted>
        <TotalAssessmentExpenditure>0.00</TotalAssessmentExpenditure>
        <TotalRemediationExpenditure>0.00</TotalRemediationExpenditure>
        <TotalCareMaintenanceExpenditure>0.00</TotalCareMaintenanceExpenditure>
        <TotalMonitoringExpenditure>0.00</TotalMonitoringExpenditure>
        <FCSAPAssessmentExpenditure>0.00</FCSAPAssessmentExpenditure>
        <FCSAPRemediationExpenditure>0.00</FCSAPRemediationExpenditure>
        <FCSAPCareMaintenanceExpenditure>0.00</FCSAPCareMaintenanceExpenditure>
        <FCSAPMonitoringExpenditure>0.00</FCSAPMonitoringExpenditure>
        <RemediationAmounts>
          <CubicMetres>0.0000</CubicMetres>
          <Hectares>0.0000</Hectares>
          <Tons>0.0000</Tons>
        </RemediationAmounts>
        <Closed>0</Closed>
      </AnnualData>
      <AnnualData FiscalYear="2008-2009" ReportingOrganization="NOR">
        <HighestStepCompleted>02</HighestStepCompleted>
        <TotalAssessmentExpenditure>8826.70</TotalAssessmentExpenditure>
        <TotalRemediationExpenditure>0.00</TotalRemediationExpenditure>
        <TotalCareMaintenanceExpenditure>0.00</TotalCareMaintenanceExpenditure>
        <TotalMonitoringExpenditure>0.00</TotalMonitoringExpenditure>
        <FCSAPAssessmentExpenditure>0.00</FCSAPAssessmentExpenditure>
        <FCSAPRemediationExpenditure>0.00</FCSAPRemediationExpenditure>
        <FCSAPCareMaintenanceExpenditure>0.00</FCSAPCareMaintenanceExpenditure>
        <FCSAPMonitoringExpenditure>0.00</FCSAPMonitoringExpenditure>
        <RemediationAmounts>
          <CubicMetres>0.0000</CubicMetres>
          <Hectares>0.0000</Hectares>
          <Tons>0.0000</Tons>
        </RemediationAmounts>
        <Closed>0</Closed>
      </AnnualData>
      <AnnualData FiscalYear="2007-2008" ReportingOrganization="NOR">
        <HighestStepCompleted>01</HighestStepCompleted>
        <TotalAssessmentExpenditure>928.82</TotalAssessmentExpenditure>
        <TotalRemediationExpenditure>0.00</TotalRemediationExpenditure>
        <TotalCareMaintenanceExpenditure>0.00</TotalCareMaintenanceExpenditure>
        <TotalMonitoringExpenditure>0.00</TotalMonitoringExpenditure>
        <FCSAPAssessmentExpenditure>743.06</FCSAPAssessmentExpenditure>
        <FCSAPRemediationExpenditure>0.00</FCSAPRemediationExpenditure>
        <FCSAPCareMaintenanceExpenditure>0.00</FCSAPCareMaintenanceExpenditure>
        <FCSAPMonitoringExpenditure>0.00</FCSAPMonitoringExpenditure>
        <RemediationAmounts>
          <CubicMetres>0.0000</CubicMetres>
          <Hectares>0.0000</Hectares>
          <Tons>0.0000</Tons>
        </RemediationAmounts>
        <Closed>0</Closed>
      </AnnualData>
    </Site>
    <Site FederalSiteIdentifier="00000031" ReportingOrganization="NOR" Created="2008-02-13T16:24:00" LastModified="2014-05-06T15:41:00">
      <Name>
        <EN xml:lang="en">FOUR MILE BAY</EN>
        <FR xml:lang="fr">BAIE FOUR MILE</FR>
      </Name>
      <SiteStatus>
        <Status>
          <EN xml:lang="en">Closed</EN>
          <FR xml:lang="fr">Fermé</FR>
        </Status>
        <Description>
          <EN xml:lang="en">Historical review not required.</EN>
          <FR xml:lang="fr">Aucun examen historique nécessaire.</FR>
        </Description>
      </SiteStatus>
      <Classification>
        <Code>N</Code>
        <Name>
          <EN xml:lang="en">Not a Priority for Action</EN>
          <FR xml:lang="fr">Priorité d’intervention nulle</FR>
        </Name>
      </Classification>
      <ReasonForFederalInvolvement>
        <EN xml:lang="en">Other Canada Lands</EN>
        <FR xml:lang="fr">Autres Terres du Canada</FR>
      </ReasonForFederalInvolvement>
      <Location sgc="6208098" fed="001">
        <MiniMapURL>http://www.tbs-sct.gc.ca/fcsi-rscf/minimap.aspx?fsi=00000031</MiniMapURL>
        <Latitude>71.388611</Latitude>
        <Longitude>-107.480000</Longitude>
        <Municipality>Kitikmeot, Unorganized</Municipality>
        <Province>Nunavut</Province>
        <FederalElectoralDistrict>
          <EN xml:lang="en">Nunavut</EN>
          <FR xml:lang="fr">Nunavut</FR>
        </FederalElectoralDistrict>
        <Country>
          <EN xml:lang="en">Canada</EN>
          <FR xml:lang="fr">Canada</FR>
        </Country>
      </Location>
      <ContaminationDetails>
        <ContaminationEstimates>
          <CubicMetres>0.0000</CubicMetres>
          <Hectares>0.0000</Hectares>
          <Tons>0.0000</Tons>
        </ContaminationEstimates>
      </ContaminationDetails>
      <ActionPlan>
        <EN xml:lang="en" />
        <FR xml:lang="fr" />
      </ActionPlan>
      <AdditionalInformation>
        <EN xml:lang="en" />
        <FR xml:lang="fr" />
      </AdditionalInformation>
      <AnnualData FiscalYear="2013-2014" ReportingOrganization="NOR">
        <HighestStepCompleted>01</HighestStepCompleted>
        <TotalAssessmentExpenditure>0.00</TotalAssessmentExpenditure>
        <TotalRemediationExpenditure>0.00</TotalRemediationExpenditure>
        <TotalCareMaintenanceExpenditure>0.00</TotalCareMaintenanceExpenditure>
        <TotalMonitoringExpenditure>0.00</TotalMonitoringExpenditure>
        <FCSAPAssessmentExpenditure>0.00</FCSAPAssessmentExpenditure>
        <FCSAPRemediationExpenditure>0.00</FCSAPRemediationExpenditure>
        <FCSAPCareMaintenanceExpenditure>0.00</FCSAPCareMaintenanceExpenditure>
        <FCSAPMonitoringExpenditure>0.00</FCSAPMonitoringExpenditure>
        <RemediationAmounts>
          <CubicMetres>0.0000</CubicMetres>
          <Hectares>0.0000</Hectares>
          <Tons>0.0000</Tons>
        </RemediationAmounts>
        <Closed>1</Closed>
      </AnnualData>
      <AnnualData FiscalYear="2012-2013" ReportingOrganization="NOR">
        <HighestStepCompleted>01</HighestStepCompleted>
        <TotalAssessmentExpenditure>0.00</TotalAssessmentExpenditure>
        <TotalRemediationExpenditure>0.00</TotalRemediationExpenditure>
        <TotalCareMaintenanceExpenditure>0.00</TotalCareMaintenanceExpenditure>
        <TotalMonitoringExpenditure>0.00</TotalMonitoringExpenditure>
        <FCSAPAssessmentExpenditure>0.00</FCSAPAssessmentExpenditure>
        <FCSAPRemediationExpenditure>0.00</FCSAPRemediationExpenditure>
        <FCSAPCareMaintenanceExpenditure>0.00</FCSAPCareMaintenanceExpenditure>
        <FCSAPMonitoringExpenditure>0.00</FCSAPMonitoringExpenditure>
        <RemediationAmounts>
          <CubicMetres>0.0000</CubicMetres>
          <Hectares>0.0000</Hectares>
          <Tons>0.0000</Tons>
        </RemediationAmounts>
        <Closed>0</Closed>
      </AnnualData>
      <AnnualData FiscalYear="2011-2012" ReportingOrganization="NOR">
        <HighestStepCompleted>01</HighestStepCompleted>
        <TotalAssessmentExpenditure>0.00</TotalAssessmentExpenditure>
        <TotalRemediationExpenditure>0.00</TotalRemediationExpenditure>
        <TotalCareMaintenanceExpenditure>0.00</TotalCareMaintenanceExpenditure>
        <TotalMonitoringExpenditure>0.00</TotalMonitoringExpenditure>
        <FCSAPAssessmentExpenditure>0.00</FCSAPAssessmentExpenditure>
        <FCSAPRemediationExpenditure>0.00</FCSAPRemediationExpenditure>
        <FCSAPCareMaintenanceExpenditure>0.00</FCSAPCareMaintenanceExpenditure>
        <FCSAPMonitoringExpenditure>0.00</FCSAPMonitoringExpenditure>
        <RemediationAmounts>
          <CubicMetres>0.0000</CubicMetres>
          <Hectares>0.0000</Hectares>
          <Tons>0.0000</Tons>
        </RemediationAmounts>
        <Closed>0</Closed>
      </AnnualData>
      <AnnualData FiscalYear="2010-2011" ReportingOrganization="NOR">
        <HighestStepCompleted>01</HighestStepCompleted>
        <TotalAssessmentExpenditure>0.00</TotalAssessmentExpenditure>
        <TotalRemediationExpenditure>0.00</TotalRemediationExpenditure>
        <TotalCareMaintenanceExpenditure>0.00</TotalCareMaintenanceExpenditure>
        <TotalMonitoringExpenditure>0.00</TotalMonitoringExpenditure>
        <FCSAPAssessmentExpenditure>0.00</FCSAPAssessmentExpenditure>
        <FCSAPRemediationExpenditure>0.00</FCSAPRemediationExpenditure>
        <FCSAPCareMaintenanceExpenditure>0.00</FCSAPCareMaintenanceExpenditure>
        <FCSAPMonitoringExpenditure>0.00</FCSAPMonitoringExpenditure>
        <RemediationAmounts>
          <CubicMetres>0.0000</CubicMetres>
          <Hectares>0.0000</Hectares>
          <Tons>0.0000</Tons>
        </RemediationAmounts>
        <Closed>0</Closed>
      </AnnualData>
      <AnnualData FiscalYear="2009-2010" ReportingOrganization="NOR">
        <HighestStepCompleted>01</HighestStepCompleted>
        <TotalAssessmentExpenditure>0.00</TotalAssessmentExpenditure>
        <TotalRemediationExpenditure>0.00</TotalRemediationExpenditure>
        <TotalCareMaintenanceExpenditure>0.00</TotalCareMaintenanceExpenditure>
        <TotalMonitoringExpenditure>0.00</TotalMonitoringExpenditure>
        <FCSAPAssessmentExpenditure>0.00</FCSAPAssessmentExpenditure>
        <FCSAPRemediationExpenditure>0.00</FCSAPRemediationExpenditure>
        <FCSAPCareMaintenanceExpenditure>0.00</FCSAPCareMaintenanceExpenditure>
        <FCSAPMonitoringExpenditure>0.00</FCSAPMonitoringExpenditure>
        <RemediationAmounts>
          <CubicMetres>0.0000</CubicMetres>
          <Hectares>0.0000</Hectares>
          <Tons>0.0000</Tons>
        </RemediationAmounts>
        <Closed>0</Closed>
      </AnnualData>
      <AnnualData FiscalYear="2008-2009" ReportingOrganization="NOR">
        <HighestStepCompleted>01</HighestStepCompleted>
        <TotalAssessmentExpenditure>8826.70</TotalAssessmentExpenditure>
        <TotalRemediationExpenditure>0.00</TotalRemediationExpenditure>
        <TotalCareMaintenanceExpenditure>0.00</TotalCareMaintenanceExpenditure>
        <TotalMonitoringExpenditure>0.00</TotalMonitoringExpenditure>
        <FCSAPAssessmentExpenditure>0.00</FCSAPAssessmentExpenditure>
        <FCSAPRemediationExpenditure>0.00</FCSAPRemediationExpenditure>
        <FCSAPCareMaintenanceExpenditure>0.00</FCSAPCareMaintenanceExpenditure>
        <FCSAPMonitoringExpenditure>0.00</FCSAPMonitoringExpenditure>
        <RemediationAmounts>
          <CubicMetres>0.0000</CubicMetres>
          <Hectares>0.0000</Hectares>
          <Tons>0.0000</Tons>
        </RemediationAmounts>
        <Closed>0</Closed>
      </AnnualData>
      <AnnualData FiscalYear="2007-2008" ReportingOrganization="NOR">
        <HighestStepCompleted>01</HighestStepCompleted>
        <TotalAssessmentExpenditure>928.82</TotalAssessmentExpenditure>
        <TotalRemediationExpenditure>0.00</TotalRemediationExpenditure>
        <TotalCareMaintenanceExpenditure>0.00</TotalCareMaintenanceExpenditure>
        <TotalMonitoringExpenditure>0.00</TotalMonitoringExpenditure>
        <FCSAPAssessmentExpenditure>743.06</FCSAPAssessmentExpenditure>
        <FCSAPRemediationExpenditure>0.00</FCSAPRemediationExpenditure>
        <FCSAPCareMaintenanceExpenditure>0.00</FCSAPCareMaintenanceExpenditure>
        <FCSAPMonitoringExpenditure>0.00</FCSAPMonitoringExpenditure>
        <RemediationAmounts>
          <CubicMetres>0.0000</CubicMetres>
          <Hectares>0.0000</Hectares>
          <Tons>0.0000</Tons>
        </RemediationAmounts>
        <Closed>0</Closed>
      </AnnualData>
    </Site>
    <Site FederalSiteIdentifier="00000032" ReportingOrganization="NOR" Created="2008-02-13T16:24:00" LastModified="2015-05-12T16:37:00">
      <Name>
        <EN xml:lang="en">NAPATUKTUK RIVER #3</EN>
        <FR xml:lang="fr">RIVIÈRE NAPATUKTUK No 3</FR>
      </Name>
      <SiteStatus>
        <Status>
          <EN xml:lang="en">Active</EN>
          <FR xml:lang="fr">Active</FR>
        </Status>
        <Description>
          <EN xml:lang="en">Initial testing completed. Detailed testing underway.</EN>
          <FR xml:lang="fr">Première analyse terminée. Analyse détaillée en cours.</FR>
        </Description>
      </SiteStatus>
      <Classification>
        <Name>
          <EN xml:lang="en" />
          <FR xml:lang="fr" />
        </Name>
      </Classification>
      <ReasonForFederalInvolvement>
        <EN xml:lang="en">Other Canada Lands</EN>
        <FR xml:lang="fr">Autres Terres du Canada</FR>
      </ReasonForFederalInvolvement>
      <Location sgc="6208098" fed="001">
        <MiniMapURL>http://www.tbs-sct.gc.ca/fcsi-rscf/minimap.aspx?fsi=00000032</MiniMapURL>
        <Latitude>67.820556</Latitude>
        <Longitude>-114.727500</Longitude>
        <Municipality>Kitikmeot, Unorganized</Municipality>
        <Province>Nunavut</Province>
        <FederalElectoralDistrict>
          <EN xml:lang="en">Nunavut</EN>
          <FR xml:lang="fr">Nunavut</FR>
        </FederalElectoralDistrict>
        <Country>
          <EN xml:lang="en">Canada</EN>
          <FR xml:lang="fr">Canada</FR>
        </Country>
      </Location>
      <ContaminationDetails>
        <ContaminationEstimates>
          <CubicMetres>0.0000</CubicMetres>
          <Hectares>0.0000</Hectares>
          <Tons>0.0000</Tons>
        </ContaminationEstimates>
      </ContaminationDetails>
      <ActionPlan>
        <EN xml:lang="en" />
        <FR xml:lang="fr" />
      </ActionPlan>
      <AdditionalInformation>
        <EN xml:lang="en" />
        <FR xml:lang="fr" />
      </AdditionalInformation>
      <PopulationCounts>
        <KM1>0</KM1>
        <KM5>9</KM5>
        <KM10>156</KM10>
        <KM25>1175</KM25>
        <KM50>2050</KM50>
      </PopulationCounts>
      <AnnualData FiscalYear="2014-2015" ReportingOrganization="NOR">
        <HighestStepCompleted>03</HighestStepCompleted>
        <TotalAssessmentExpenditure>0.00</TotalAssessmentExpenditure>
        <TotalRemediationExpenditure>0.00</TotalRemediationExpenditure>
        <TotalCareMaintenanceExpenditure>0.00</TotalCareMaintenanceExpenditure>
        <TotalMonitoringExpenditure>0.00</TotalMonitoringExpenditure>
        <FCSAPAssessmentExpenditure>0.00</FCSAPAssessmentExpenditure>
        <FCSAPRemediationExpenditure>0.00</FCSAPRemediationExpenditure>
        <FCSAPCareMaintenanceExpenditure>0.00</FCSAPCareMaintenanceExpenditure>
        <FCSAPMonitoringExpenditure>0.00</FCSAPMonitoringExpenditure>
        <RemediationAmounts>
          <CubicMetres>0.0000</CubicMetres>
          <Hectares>0.0000</Hectares>
          <Tons>0.0000</Tons>
        </RemediationAmounts>
        <Closed>0</Closed>
      </AnnualData>
      <AnnualData FiscalYear="2013-2014" ReportingOrganization="NOR">
        <HighestStepCompleted>02</HighestStepCompleted>
        <TotalAssessmentExpenditure>0.00</TotalAssessmentExpenditure>
        <TotalRemediationExpenditure>0.00</TotalRemediationExpenditure>
        <TotalCareMaintenanceExpenditure>0.00</TotalCareMaintenanceExpenditure>
        <TotalMonitoringExpenditure>0.00</TotalMonitoringExpenditure>
        <FCSAPAssessmentExpenditure>0.00</FCSAPAssessmentExpenditure>
        <FCSAPRemediationExpenditure>0.00</FCSAPRemediationExpenditure>
        <FCSAPCareMaintenanceExpenditure>0.00</FCSAPCareMaintenanceExpenditure>
        <FCSAPMonitoringExpenditure>0.00</FCSAPMonitoringExpenditure>
        <RemediationAmounts>
          <CubicMetres>0.0000</CubicMetres>
          <Hectares>0.0000</Hectares>
          <Tons>0.0000</Tons>
        </RemediationAmounts>
        <Closed>0</Closed>
      </AnnualData>
      <AnnualData FiscalYear="2012-2013" ReportingOrganization="NOR">
        <HighestStepCompleted>02</HighestStepCompleted>
        <TotalAssessmentExpenditure>0.00</TotalAssessmentExpenditure>
        <TotalRemediationExpenditure>0.00</TotalRemediationExpenditure>
        <TotalCareMaintenanceExpenditure>0.00</TotalCareMaintenanceExpenditure>
        <TotalMonitoringExpenditure>0.00</TotalMonitoringExpenditure>
        <FCSAPAssessmentExpenditure>0.00</FCSAPAssessmentExpenditure>
        <FCSAPRemediationExpenditure>0.00</FCSAPRemediationExpenditure>
        <FCSAPCareMaintenanceExpenditure>0.00</FCSAPCareMaintenanceExpenditure>
        <FCSAPMonitoringExpenditure>0.00</FCSAPMonitoringExpenditure>
        <RemediationAmounts>
          <CubicMetres>0.0000</CubicMetres>
          <Hectares>0.0000</Hectares>
          <Tons>0.0000</Tons>
        </RemediationAmounts>
        <Closed>0</Closed>
      </AnnualData>
      <AnnualData FiscalYear="2011-2012" ReportingOrganization="NOR">
        <HighestStepCompleted>02</HighestStepCompleted>
        <TotalAssessmentExpenditure>0.00</TotalAssessmentExpenditure>
        <TotalRemediationExpenditure>0.00</TotalRemediationExpenditure>
        <TotalCareMaintenanceExpenditure>0.00</TotalCareMaintenanceExpenditure>
        <TotalMonitoringExpenditure>0.00</TotalMonitoringExpenditure>
        <FCSAPAssessmentExpenditure>0.00</FCSAPAssessmentExpenditure>
        <FCSAPRemediationExpenditure>0.00</FCSAPRemediationExpenditure>
        <FCSAPCareMaintenanceExpenditure>0.00</FCSAPCareMaintenanceExpenditure>
        <FCSAPMonitoringExpenditure>0.00</FCSAPMonitoringExpenditure>
        <RemediationAmounts>
          <CubicMetres>0.0000</CubicMetres>
          <Hectares>0.0000</Hectares>
          <Tons>0.0000</Tons>
        </RemediationAmounts>
        <Closed>0</Closed>
      </AnnualData>
      <AnnualData FiscalYear="2010-2011" ReportingOrganization="NOR">
        <HighestStepCompleted>02</HighestStepCompleted>
        <TotalAssessmentExpenditure>0.00</TotalAssessmentExpenditure>
        <TotalRemediationExpenditure>0.00</TotalRemediationExpenditure>
        <TotalCareMaintenanceExpenditure>0.00</TotalCareMaintenanceExpenditure>
        <TotalMonitoringExpenditure>0.00</TotalMonitoringExpenditure>
        <FCSAPAssessmentExpenditure>0.00</FCSAPAssessmentExpenditure>
        <FCSAPRemediationExpenditure>0.00</FCSAPRemediationExpenditure>
        <FCSAPCareMaintenanceExpenditure>0.00</FCSAPCareMaintenanceExpenditure>
        <FCSAPMonitoringExpenditure>0.00</FCSAPMonitoringExpenditure>
        <RemediationAmounts>
          <CubicMetres>0.0000</CubicMetres>
          <Hectares>0.0000</Hectares>
          <Tons>0.0000</Tons>
        </RemediationAmounts>
        <Closed>0</Closed>
      </AnnualData>
      <AnnualData FiscalYear="2009-2010" ReportingOrganization="NOR">
        <HighestStepCompleted>02</HighestStepCompleted>
        <TotalAssessmentExpenditure>0.00</TotalAssessmentExpenditure>
        <TotalRemediationExpenditure>0.00</TotalRemediationExpenditure>
        <TotalCareMaintenanceExpenditure>0.00</TotalCareMaintenanceExpenditure>
        <TotalMonitoringExpenditure>0.00</TotalMonitoringExpenditure>
        <FCSAPAssessmentExpenditure>0.00</FCSAPAssessmentExpenditure>
        <FCSAPRemediationExpenditure>0.00</FCSAPRemediationExpenditure>
        <FCSAPCareMaintenanceExpenditure>0.00</FCSAPCareMaintenanceExpenditure>
        <FCSAPMonitoringExpenditure>0.00</FCSAPMonitoringExpenditure>
        <RemediationAmounts>
          <CubicMetres>0.0000</CubicMetres>
          <Hectares>0.0000</Hectares>
          <Tons>0.0000</Tons>
        </RemediationAmounts>
        <Closed>0</Closed>
      </AnnualData>
      <AnnualData FiscalYear="2008-2009" ReportingOrganization="NOR">
        <HighestStepCompleted>02</HighestStepCompleted>
        <TotalAssessmentExpenditure>8826.70</TotalAssessmentExpenditure>
        <TotalRemediationExpenditure>0.00</TotalRemediationExpenditure>
        <TotalCareMaintenanceExpenditure>0.00</TotalCareMaintenanceExpenditure>
        <TotalMonitoringExpenditure>0.00</TotalMonitoringExpenditure>
        <FCSAPAssessmentExpenditure>0.00</FCSAPAssessmentExpenditure>
        <FCSAPRemediationExpenditure>0.00</FCSAPRemediationExpenditure>
        <FCSAPCareMaintenanceExpenditure>0.00</FCSAPCareMaintenanceExpenditure>
        <FCSAPMonitoringExpenditure>0.00</FCSAPMonitoringExpenditure>
        <RemediationAmounts>
          <CubicMetres>0.0000</CubicMetres>
          <Hectares>0.0000</Hectares>
          <Tons>0.0000</Tons>
        </RemediationAmounts>
        <Closed>0</Closed>
      </AnnualData>
      <AnnualData FiscalYear="2007-2008" ReportingOrganization="NOR">
        <HighestStepCompleted>01</HighestStepCompleted>
        <TotalAssessmentExpenditure>928.82</TotalAssessmentExpenditure>
        <TotalRemediationExpenditure>0.00</TotalRemediationExpenditure>
        <TotalCareMaintenanceExpenditure>0.00</TotalCareMaintenanceExpenditure>
        <TotalMonitoringExpenditure>0.00</TotalMonitoringExpenditure>
        <FCSAPAssessmentExpenditure>743.06</FCSAPAssessmentExpenditure>
        <FCSAPRemediationExpenditure>0.00</FCSAPRemediationExpenditure>
        <FCSAPCareMaintenanceExpenditure>0.00</FCSAPCareMaintenanceExpenditure>
        <FCSAPMonitoringExpenditure>0.00</FCSAPMonitoringExpenditure>
        <RemediationAmounts>
          <CubicMetres>0.0000</CubicMetres>
          <Hectares>0.0000</Hectares>
          <Tons>0.0000</Tons>
        </RemediationAmounts>
        <Closed>0</Closed>
      </AnnualData>
    </Site>
    <Site FederalSiteIdentifier="00000033" ReportingOrganization="NOR" Created="2008-02-13T16:24:00" LastModified="2015-05-12T16:37:00">
      <Name>
        <EN xml:lang="en">CORONATION GULF</EN>
        <FR xml:lang="fr">GOLFE CORONATION</FR>
      </Name>
      <SiteStatus>
        <Status>
          <EN xml:lang="en">Active</EN>
          <FR xml:lang="fr">Active</FR>
        </Status>
        <Description>
          <EN xml:lang="en">Initial testing completed. Detailed testing underway.</EN>
          <FR xml:lang="fr">Première analyse terminée. Analyse détaillée en cours.</FR>
        </Description>
      </SiteStatus>
      <Classification>
        <Name>
          <EN xml:lang="en" />
          <FR xml:lang="fr" />
        </Name>
      </Classification>
      <ReasonForFederalInvolvement>
        <EN xml:lang="en">Other Canada Lands</EN>
        <FR xml:lang="fr">Autres Terres du Canada</FR>
      </ReasonForFederalInvolvement>
      <Location sgc="6208059" fed="001">
        <MiniMapURL>http://www.tbs-sct.gc.ca/fcsi-rscf/minimap.aspx?fsi=00000033</MiniMapURL>
        <Latitude>67.828889</Latitude>
        <Longitude>-115.006389</Longitude>
        <Municipality>Kugluktuk</Municipality>
        <Province>Nunavut</Province>
        <FederalElectoralDistrict>
          <EN xml:lang="en">Nunavut</EN>
          <FR xml:lang="fr">Nunavut</FR>
        </FederalElectoralDistrict>
        <Country>
          <EN xml:lang="en">Canada</EN>
          <FR xml:lang="fr">Canada</FR>
        </Country>
      </Location>
      <ContaminationDetails>
        <ContaminationEstimates>
          <CubicMetres>0.0000</CubicMetres>
          <Hectares>0.0000</Hectares>
          <Tons>0.0000</Tons>
        </ContaminationEstimates>
      </ContaminationDetails>
      <ActionPlan>
        <EN xml:lang="en" />
        <FR xml:lang="fr" />
      </ActionPlan>
      <AdditionalInformation>
        <EN xml:lang="en" />
        <FR xml:lang="fr" />
      </AdditionalInformation>
      <PopulationCounts>
        <KM1>9</KM1>
        <KM5>222</KM5>
        <KM10>687</KM10>
        <KM25>1831</KM25>
        <KM50>2050</KM50>
      </PopulationCounts>
      <AnnualData FiscalYear="2014-2015" ReportingOrganization="NOR">
        <HighestStepCompleted>03</HighestStepCompleted>
        <TotalAssessmentExpenditure>0.00</TotalAssessmentExpenditure>
        <TotalRemediationExpenditure>0.00</TotalRemediationExpenditure>
        <TotalCareMaintenanceExpenditure>0.00</TotalCareMaintenanceExpenditure>
        <TotalMonitoringExpenditure>0.00</TotalMonitoringExpenditure>
        <FCSAPAssessmentExpenditure>0.00</FCSAPAssessmentExpenditure>
        <FCSAPRemediationExpenditure>0.00</FCSAPRemediationExpenditure>
        <FCSAPCareMaintenanceExpenditure>0.00</FCSAPCareMaintenanceExpenditure>
        <FCSAPMonitoringExpenditure>0.00</FCSAPMonitoringExpenditure>
        <RemediationAmounts>
          <CubicMetres>0.0000</CubicMetres>
          <Hectares>0.0000</Hectares>
          <Tons>0.0000</Tons>
        </RemediationAmounts>
        <Closed>0</Closed>
      </AnnualData>
      <AnnualData FiscalYear="2013-2014" ReportingOrganization="NOR">
        <HighestStepCompleted>02</HighestStepCompleted>
        <TotalAssessmentExpenditure>0.00</TotalAssessmentExpenditure>
        <TotalRemediationExpenditure>0.00</TotalRemediationExpenditure>
        <TotalCareMaintenanceExpenditure>0.00</TotalCareMaintenanceExpenditure>
        <TotalMonitoringExpenditure>0.00</TotalMonitoringExpenditure>
        <FCSAPAssessmentExpenditure>0.00</FCSAPAssessmentExpenditure>
        <FCSAPRemediationExpenditure>0.00</FCSAPRemediationExpenditure>
        <FCSAPCareMaintenanceExpenditure>0.00</FCSAPCareMaintenanceExpenditure>
        <FCSAPMonitoringExpenditure>0.00</FCSAPMonitoringExpenditure>
        <RemediationAmounts>
          <CubicMetres>0.0000</CubicMetres>
          <Hectares>0.0000</Hectares>
          <Tons>0.0000</Tons>
        </RemediationAmounts>
        <Closed>0</Closed>
      </AnnualData>
      <AnnualData FiscalYear="2012-2013" ReportingOrganization="NOR">
        <HighestStepCompleted>02</HighestStepCompleted>
        <TotalAssessmentExpenditure>0.00</TotalAssessmentExpenditure>
        <TotalRemediationExpenditure>0.00</TotalRemediationExpenditure>
        <TotalCareMaintenanceExpenditure>0.00</TotalCareMaintenanceExpenditure>
        <TotalMonitoringExpenditure>0.00</TotalMonitoringExpenditure>
        <FCSAPAssessmentExpenditure>0.00</FCSAPAssessmentExpenditure>
        <FCSAPRemediationExpenditure>0.00</FCSAPRemediationExpenditure>
        <FCSAPCareMaintenanceExpenditure>0.00</FCSAPCareMaintenanceExpenditure>
        <FCSAPMonitoringExpenditure>0.00</FCSAPMonitoringExpenditure>
        <RemediationAmounts>
          <CubicMetres>0.0000</CubicMetres>
          <Hectares>0.0000</Hectares>
          <Tons>0.0000</Tons>
        </RemediationAmounts>
        <Closed>0</Closed>
      </AnnualData>
      <AnnualData FiscalYear="2011-2012" ReportingOrganization="NOR">
        <HighestStepCompleted>02</HighestStepCompleted>
        <TotalAssessmentExpenditure>0.00</TotalAssessmentExpenditure>
        <TotalRemediationExpenditure>0.00</TotalRemediationExpenditure>
        <TotalCareMaintenanceExpenditure>0.00</TotalCareMaintenanceExpenditure>
        <TotalMonitoringExpenditure>0.00</TotalMonitoringExpenditure>
        <FCSAPAssessmentExpenditure>0.00</FCSAPAssessmentExpenditure>
        <FCSAPRemediationExpenditure>0.00</FCSAPRemediationExpenditure>
        <FCSAPCareMaintenanceExpenditure>0.00</FCSAPCareMaintenanceExpenditure>
        <FCSAPMonitoringExpenditure>0.00</FCSAPMonitoringExpenditure>
        <RemediationAmounts>
          <CubicMetres>0.0000</CubicMetres>
          <Hectares>0.0000</Hectares>
          <Tons>0.0000</Tons>
        </RemediationAmounts>
        <Closed>0</Closed>
      </AnnualData>
      <AnnualData FiscalYear="2010-2011" ReportingOrganization="NOR">
        <HighestStepCompleted>02</HighestStepCompleted>
        <TotalAssessmentExpenditure>0.00</TotalAssessmentExpenditure>
        <TotalRemediationExpenditure>0.00</TotalRemediationExpenditure>
        <TotalCareMaintenanceExpenditure>0.00</TotalCareMaintenanceExpenditure>
        <TotalMonitoringExpenditure>0.00</TotalMonitoringExpenditure>
        <FCSAPAssessmentExpenditure>0.00</FCSAPAssessmentExpenditure>
        <FCSAPRemediationExpenditure>0.00</FCSAPRemediationExpenditure>
        <FCSAPCareMaintenanceExpenditure>0.00</FCSAPCareMaintenanceExpenditure>
        <FCSAPMonitoringExpenditure>0.00</FCSAPMonitoringExpenditure>
        <RemediationAmounts>
          <CubicMetres>0.0000</CubicMetres>
          <Hectares>0.0000</Hectares>
          <Tons>0.0000</Tons>
        </RemediationAmounts>
        <Closed>0</Closed>
      </AnnualData>
      <AnnualData FiscalYear="2009-2010" ReportingOrganization="NOR">
        <HighestStepCompleted>02</HighestStepCompleted>
        <TotalAssessmentExpenditure>0.00</TotalAssessmentExpenditure>
        <TotalRemediationExpenditure>0.00</TotalRemediationExpenditure>
        <TotalCareMaintenanceExpenditure>0.00</TotalCareMaintenanceExpenditure>
        <TotalMonitoringExpenditure>0.00</TotalMonitoringExpenditure>
        <FCSAPAssessmentExpenditure>0.00</FCSAPAssessmentExpenditure>
        <FCSAPRemediationExpenditure>0.00</FCSAPRemediationExpenditure>
        <FCSAPCareMaintenanceExpenditure>0.00</FCSAPCareMaintenanceExpenditure>
        <FCSAPMonitoringExpenditure>0.00</FCSAPMonitoringExpenditure>
        <RemediationAmounts>
          <CubicMetres>0.0000</CubicMetres>
          <Hectares>0.0000</Hectares>
          <Tons>0.0000</Tons>
        </RemediationAmounts>
        <Closed>0</Closed>
      </AnnualData>
      <AnnualData FiscalYear="2008-2009" ReportingOrganization="NOR">
        <HighestStepCompleted>02</HighestStepCompleted>
        <TotalAssessmentExpenditure>8826.70</TotalAssessmentExpenditure>
        <TotalRemediationExpenditure>0.00</TotalRemediationExpenditure>
        <TotalCareMaintenanceExpenditure>0.00</TotalCareMaintenanceExpenditure>
        <TotalMonitoringExpenditure>0.00</TotalMonitoringExpenditure>
        <FCSAPAssessmentExpenditure>0.00</FCSAPAssessmentExpenditure>
        <FCSAPRemediationExpenditure>0.00</FCSAPRemediationExpenditure>
        <FCSAPCareMaintenanceExpenditure>0.00</FCSAPCareMaintenanceExpenditure>
        <FCSAPMonitoringExpenditure>0.00</FCSAPMonitoringExpenditure>
        <RemediationAmounts>
          <CubicMetres>0.0000</CubicMetres>
          <Hectares>0.0000</Hectares>
          <Tons>0.0000</Tons>
        </RemediationAmounts>
        <Closed>0</Closed>
      </AnnualData>
      <AnnualData FiscalYear="2007-2008" ReportingOrganization="NOR">
        <HighestStepCompleted>01</HighestStepCompleted>
        <TotalAssessmentExpenditure>928.82</TotalAssessmentExpenditure>
        <TotalRemediationExpenditure>0.00</TotalRemediationExpenditure>
        <TotalCareMaintenanceExpenditure>0.00</TotalCareMaintenanceExpenditure>
        <TotalMonitoringExpenditure>0.00</TotalMonitoringExpenditure>
        <FCSAPAssessmentExpenditure>743.06</FCSAPAssessmentExpenditure>
        <FCSAPRemediationExpenditure>0.00</FCSAPRemediationExpenditure>
        <FCSAPCareMaintenanceExpenditure>0.00</FCSAPCareMaintenanceExpenditure>
        <FCSAPMonitoringExpenditure>0.00</FCSAPMonitoringExpenditure>
        <RemediationAmounts>
          <CubicMetres>0.0000</CubicMetres>
          <Hectares>0.0000</Hectares>
          <Tons>0.0000</Tons>
        </RemediationAmounts>
        <Closed>0</Closed>
      </AnnualData>
    </Site>
    <Site FederalSiteIdentifier="00000034" ReportingOrganization="NOR" Created="2008-02-13T16:24:00" LastModified="2015-05-12T16:37:00">
      <Name>
        <EN xml:lang="en">NAPATUKTUK RIVER #1</EN>
        <FR xml:lang="fr">RIVIÈRE NAPATUKTUK No 1</FR>
      </Name>
      <SiteStatus>
        <Status>
          <EN xml:lang="en">Active</EN>
          <FR xml:lang="fr">Active</FR>
        </Status>
        <Description>
          <EN xml:lang="en">Initial testing completed. Detailed testing underway.</EN>
          <FR xml:lang="fr">Première analyse terminée. Analyse détaillée en cours.</FR>
        </Description>
      </SiteStatus>
      <Classification>
        <Name>
          <EN xml:lang="en" />
          <FR xml:lang="fr" />
        </Name>
      </Classification>
      <ReasonForFederalInvolvement>
        <EN xml:lang="en">Other Canada Lands</EN>
        <FR xml:lang="fr">Autres Terres du Canada</FR>
      </ReasonForFederalInvolvement>
      <Location sgc="6208098" fed="001">
        <MiniMapURL>http://www.tbs-sct.gc.ca/fcsi-rscf/minimap.aspx?fsi=00000034</MiniMapURL>
        <Latitude>67.820556</Latitude>
        <Longitude>-114.727500</Longitude>
        <Municipality>Kitikmeot, Unorganized</Municipality>
        <Province>Nunavut</Province>
        <FederalElectoralDistrict>
          <EN xml:lang="en">Nunavut</EN>
          <FR xml:lang="fr">Nunavut</FR>
        </FederalElectoralDistrict>
        <Country>
          <EN xml:lang="en">Canada</EN>
          <FR xml:lang="fr">Canada</FR>
        </Country>
      </Location>
      <ContaminationDetails>
        <ContaminationEstimates>
          <CubicMetres>0.0000</CubicMetres>
          <Hectares>0.0000</Hectares>
          <Tons>0.0000</Tons>
        </ContaminationEstimates>
      </ContaminationDetails>
      <ActionPlan>
        <EN xml:lang="en" />
        <FR xml:lang="fr" />
      </ActionPlan>
      <AdditionalInformation>
        <EN xml:lang="en" />
        <FR xml:lang="fr" />
      </AdditionalInformation>
      <PopulationCounts>
        <KM1>0</KM1>
        <KM5>9</KM5>
        <KM10>156</KM10>
        <KM25>1175</KM25>
        <KM50>2050</KM50>
      </PopulationCounts>
      <AnnualData FiscalYear="2014-2015" ReportingOrganization="NOR">
        <HighestStepCompleted>03</HighestStepCompleted>
        <TotalAssessmentExpenditure>0.00</TotalAssessmentExpenditure>
        <TotalRemediationExpenditure>0.00</TotalRemediationExpenditure>
        <TotalCareMaintenanceExpenditure>0.00</TotalCareMaintenanceExpenditure>
        <TotalMonitoringExpenditure>0.00</TotalMonitoringExpenditure>
        <FCSAPAssessmentExpenditure>0.00</FCSAPAssessmentExpenditure>
        <FCSAPRemediationExpenditure>0.00</FCSAPRemediationExpenditure>
        <FCSAPCareMaintenanceExpenditure>0.00</FCSAPCareMaintenanceExpenditure>
        <FCSAPMonitoringExpenditure>0.00</FCSAPMonitoringExpenditure>
        <RemediationAmounts>
          <CubicMetres>0.0000</CubicMetres>
          <Hectares>0.0000</Hectares>
          <Tons>0.0000</Tons>
        </RemediationAmounts>
        <Closed>0</Closed>
      </AnnualData>
      <AnnualData FiscalYear="2013-2014" ReportingOrganization="NOR">
        <HighestStepCompleted>02</HighestStepCompleted>
        <TotalAssessmentExpenditure>0.00</TotalAssessmentExpenditure>
        <TotalRemediationExpenditure>0.00</TotalRemediationExpenditure>
        <TotalCareMaintenanceExpenditure>0.00</TotalCareMaintenanceExpenditure>
        <TotalMonitoringExpenditure>0.00</TotalMonitoringExpenditure>
        <FCSAPAssessmentExpenditure>0.00</FCSAPAssessmentExpenditure>
        <FCSAPRemediationExpenditure>0.00</FCSAPRemediationExpenditure>
        <FCSAPCareMaintenanceExpenditure>0.00</FCSAPCareMaintenanceExpenditure>
        <FCSAPMonitoringExpenditure>0.00</FCSAPMonitoringExpenditure>
        <RemediationAmounts>
          <CubicMetres>0.0000</CubicMetres>
          <Hectares>0.0000</Hectares>
          <Tons>0.0000</Tons>
        </RemediationAmounts>
        <Closed>0</Closed>
      </AnnualData>
      <AnnualData FiscalYear="2012-2013" ReportingOrganization="NOR">
        <HighestStepCompleted>02</HighestStepCompleted>
        <TotalAssessmentExpenditure>0.00</TotalAssessmentExpenditure>
        <TotalRemediationExpenditure>0.00</TotalRemediationExpenditure>
        <TotalCareMaintenanceExpenditure>0.00</TotalCareMaintenanceExpenditure>
        <TotalMonitoringExpenditure>0.00</TotalMonitoringExpenditure>
        <FCSAPAssessmentExpenditure>0.00</FCSAPAssessmentExpenditure>
        <FCSAPRemediationExpenditure>0.00</FCSAPRemediationExpenditure>
        <FCSAPCareMaintenanceExpenditure>0.00</FCSAPCareMaintenanceExpenditure>
        <FCSAPMonitoringExpenditure>0.00</FCSAPMonitoringExpenditure>
        <RemediationAmounts>
          <CubicMetres>0.0000</CubicMetres>
          <Hectares>0.0000</Hectares>
          <Tons>0.0000</Tons>
        </RemediationAmounts>
        <Closed>0</Closed>
      </AnnualData>
      <AnnualData FiscalYear="2011-2012" ReportingOrganization="NOR">
        <HighestStepCompleted>02</HighestStepCompleted>
        <TotalAssessmentExpenditure>0.00</TotalAssessmentExpenditure>
        <TotalRemediationExpenditure>0.00</TotalRemediationExpenditure>
        <TotalCareMaintenanceExpenditure>0.00</TotalCareMaintenanceExpenditure>
        <TotalMonitoringExpenditure>0.00</TotalMonitoringExpenditure>
        <FCSAPAssessmentExpenditure>0.00</FCSAPAssessmentExpenditure>
        <FCSAPRemediationExpenditure>0.00</FCSAPRemediationExpenditure>
        <FCSAPCareMaintenanceExpenditure>0.00</FCSAPCareMaintenanceExpenditure>
        <FCSAPMonitoringExpenditure>0.00</FCSAPMonitoringExpenditure>
        <RemediationAmounts>
          <CubicMetres>0.0000</CubicMetres>
          <Hectares>0.0000</Hectares>
          <Tons>0.0000</Tons>
        </RemediationAmounts>
        <Closed>0</Closed>
      </AnnualData>
      <AnnualData FiscalYear="2010-2011" ReportingOrganization="NOR">
        <HighestStepCompleted>02</HighestStepCompleted>
        <TotalAssessmentExpenditure>0.00</TotalAssessmentExpenditure>
        <TotalRemediationExpenditure>0.00</TotalRemediationExpenditure>
        <TotalCareMaintenanceExpenditure>0.00</TotalCareMaintenanceExpenditure>
        <TotalMonitoringExpenditure>0.00</TotalMonitoringExpenditure>
        <FCSAPAssessmentExpenditure>0.00</FCSAPAssessmentExpenditure>
        <FCSAPRemediationExpenditure>0.00</FCSAPRemediationExpenditure>
        <FCSAPCareMaintenanceExpenditure>0.00</FCSAPCareMaintenanceExpenditure>
        <FCSAPMonitoringExpenditure>0.00</FCSAPMonitoringExpenditure>
        <RemediationAmounts>
          <CubicMetres>0.0000</CubicMetres>
          <Hectares>0.0000</Hectares>
          <Tons>0.0000</Tons>
        </RemediationAmounts>
        <Closed>0</Closed>
      </AnnualData>
      <AnnualData FiscalYear="2009-2010" ReportingOrganization="NOR">
        <HighestStepCompleted>02</HighestStepCompleted>
        <TotalAssessmentExpenditure>0.00</TotalAssessmentExpenditure>
        <TotalRemediationExpenditure>0.00</TotalRemediationExpenditure>
        <TotalCareMaintenanceExpenditure>0.00</TotalCareMaintenanceExpenditure>
        <TotalMonitoringExpenditure>0.00</TotalMonitoringExpenditure>
        <FCSAPAssessmentExpenditure>0.00</FCSAPAssessmentExpenditure>
        <FCSAPRemediationExpenditure>0.00</FCSAPRemediationExpenditure>
        <FCSAPCareMaintenanceExpenditure>0.00</FCSAPCareMaintenanceExpenditure>
        <FCSAPMonitoringExpenditure>0.00</FCSAPMonitoringExpenditure>
        <RemediationAmounts>
          <CubicMetres>0.0000</CubicMetres>
          <Hectares>0.0000</Hectares>
          <Tons>0.0000</Tons>
        </RemediationAmounts>
        <Closed>0</Closed>
      </AnnualData>
      <AnnualData FiscalYear="2008-2009" ReportingOrganization="NOR">
        <HighestStepCompleted>02</HighestStepCompleted>
        <TotalAssessmentExpenditure>8826.70</TotalAssessmentExpenditure>
        <TotalRemediationExpenditure>0.00</TotalRemediationExpenditure>
        <TotalCareMaintenanceExpenditure>0.00</TotalCareMaintenanceExpenditure>
        <TotalMonitoringExpenditure>0.00</TotalMonitoringExpenditure>
        <FCSAPAssessmentExpenditure>0.00</FCSAPAssessmentExpenditure>
        <FCSAPRemediationExpenditure>0.00</FCSAPRemediationExpenditure>
        <FCSAPCareMaintenanceExpenditure>0.00</FCSAPCareMaintenanceExpenditure>
        <FCSAPMonitoringExpenditure>0.00</FCSAPMonitoringExpenditure>
        <RemediationAmounts>
          <CubicMetres>0.0000</CubicMetres>
          <Hectares>0.0000</Hectares>
          <Tons>0.0000</Tons>
        </RemediationAmounts>
        <Closed>0</Closed>
      </AnnualData>
      <AnnualData FiscalYear="2007-2008" ReportingOrganization="NOR">
        <HighestStepCompleted>01</HighestStepCompleted>
        <TotalAssessmentExpenditure>928.82</TotalAssessmentExpenditure>
        <TotalRemediationExpenditure>0.00</TotalRemediationExpenditure>
        <TotalCareMaintenanceExpenditure>0.00</TotalCareMaintenanceExpenditure>
        <TotalMonitoringExpenditure>0.00</TotalMonitoringExpenditure>
        <FCSAPAssessmentExpenditure>743.06</FCSAPAssessmentExpenditure>
        <FCSAPRemediationExpenditure>0.00</FCSAPRemediationExpenditure>
        <FCSAPCareMaintenanceExpenditure>0.00</FCSAPCareMaintenanceExpenditure>
        <FCSAPMonitoringExpenditure>0.00</FCSAPMonitoringExpenditure>
        <RemediationAmounts>
          <CubicMetres>0.0000</CubicMetres>
          <Hectares>0.0000</Hectares>
          <Tons>0.0000</Tons>
        </RemediationAmounts>
        <Closed>0</Closed>
      </AnnualData>
    </Site>
    <Site FederalSiteIdentifier="00000035" ReportingOrganization="NOR" Created="2008-02-13T16:25:00" LastModified="2015-05-12T16:37:00">
      <Name>
        <EN xml:lang="en">NAPATUKTUK RIVER #2</EN>
        <FR xml:lang="fr">RIVIÈRE NAPATUKTUK No 2</FR>
      </Name>
      <SiteStatus>
        <Status>
          <EN xml:lang="en">Active</EN>
          <FR xml:lang="fr">Active</FR>
        </Status>
        <Description>
          <EN xml:lang="en">Initial testing completed. Detailed testing underway.</EN>
          <FR xml:lang="fr">Première analyse terminée. Analyse détaillée en cours.</FR>
        </Description>
      </SiteStatus>
      <Classification>
        <Name>
          <EN xml:lang="en" />
          <FR xml:lang="fr" />
        </Name>
      </Classification>
      <ReasonForFederalInvolvement>
        <EN xml:lang="en">Other Canada Lands</EN>
        <FR xml:lang="fr">Autres Terres du Canada</FR>
      </ReasonForFederalInvolvement>
      <Location sgc="6208098" fed="001">
        <MiniMapURL>http://www.tbs-sct.gc.ca/fcsi-rscf/minimap.aspx?fsi=00000035</MiniMapURL>
        <Latitude>67.820556</Latitude>
        <Longitude>-114.727500</Longitude>
        <Municipality>Kitikmeot, Unorganized</Municipality>
        <Province>Nunavut</Province>
        <FederalElectoralDistrict>
          <EN xml:lang="en">Nunavut</EN>
          <FR xml:lang="fr">Nunavut</FR>
        </FederalElectoralDistrict>
        <Country>
          <EN xml:lang="en">Canada</EN>
          <FR xml:lang="fr">Canada</FR>
        </Country>
      </Location>
      <ContaminationDetails>
        <ContaminationEstimates>
          <CubicMetres>0.0000</CubicMetres>
          <Hectares>0.0000</Hectares>
          <Tons>0.0000</Tons>
        </ContaminationEstimates>
      </ContaminationDetails>
      <ActionPlan>
        <EN xml:lang="en" />
        <FR xml:lang="fr" />
      </ActionPlan>
      <AdditionalInformation>
        <EN xml:lang="en" />
        <FR xml:lang="fr" />
      </AdditionalInformation>
      <PopulationCounts>
        <KM1>0</KM1>
        <KM5>9</KM5>
        <KM10>156</KM10>
        <KM25>1175</KM25>
        <KM50>2050</KM50>
      </PopulationCounts>
      <AnnualData FiscalYear="2014-2015" ReportingOrganization="NOR">
        <HighestStepCompleted>03</HighestStepCompleted>
        <TotalAssessmentExpenditure>0.00</TotalAssessmentExpenditure>
        <TotalRemediationExpenditure>0.00</TotalRemediationExpenditure>
        <TotalCareMaintenanceExpenditure>0.00</TotalCareMaintenanceExpenditure>
        <TotalMonitoringExpenditure>0.00</TotalMonitoringExpenditure>
        <FCSAPAssessmentExpenditure>0.00</FCSAPAssessmentExpenditure>
        <FCSAPRemediationExpenditure>0.00</FCSAPRemediationExpenditure>
        <FCSAPCareMaintenanceExpenditure>0.00</FCSAPCareMaintenanceExpenditure>
        <FCSAPMonitoringExpenditure>0.00</FCSAPMonitoringExpenditure>
        <RemediationAmounts>
          <CubicMetres>0.0000</CubicMetres>
          <Hectares>0.0000</Hectares>
          <Tons>0.0000</Tons>
        </RemediationAmounts>
        <Closed>0</Closed>
      </AnnualData>
      <AnnualData FiscalYear="2013-2014" ReportingOrganization="NOR">
        <HighestStepCompleted>02</HighestStepCompleted>
        <TotalAssessmentExpenditure>0.00</TotalAssessmentExpenditure>
        <TotalRemediationExpenditure>0.00</TotalRemediationExpenditure>
        <TotalCareMaintenanceExpenditure>0.00</TotalCareMaintenanceExpenditure>
        <TotalMonitoringExpenditure>0.00</TotalMonitoringExpenditure>
        <FCSAPAssessmentExpenditure>0.00</FCSAPAssessmentExpenditure>
        <FCSAPRemediationExpenditure>0.00</FCSAPRemediationExpenditure>
        <FCSAPCareMaintenanceExpenditure>0.00</FCSAPCareMaintenanceExpenditure>
        <FCSAPMonitoringExpenditure>0.00</FCSAPMonitoringExpenditure>
        <RemediationAmounts>
          <CubicMetres>0.0000</CubicMetres>
          <Hectares>0.0000</Hectares>
          <Tons>0.0000</Tons>
        </RemediationAmounts>
        <Closed>0</Closed>
      </AnnualData>
      <AnnualData FiscalYear="2012-2013" ReportingOrganization="NOR">
        <HighestStepCompleted>02</HighestStepCompleted>
        <TotalAssessmentExpenditure>0.00</TotalAssessmentExpenditure>
        <TotalRemediationExpenditure>0.00</TotalRemediationExpenditure>
        <TotalCareMaintenanceExpenditure>0.00</TotalCareMaintenanceExpenditure>
        <TotalMonitoringExpenditure>0.00</TotalMonitoringExpenditure>
        <FCSAPAssessmentExpenditure>0.00</FCSAPAssessmentExpenditure>
        <FCSAPRemediationExpenditure>0.00</FCSAPRemediationExpenditure>
        <FCSAPCareMaintenanceExpenditure>0.00</FCSAPCareMaintenanceExpenditure>
        <FCSAPMonitoringExpenditure>0.00</FCSAPMonitoringExpenditure>
        <RemediationAmounts>
          <CubicMetres>0.0000</CubicMetres>
          <Hectares>0.0000</Hectares>
          <Tons>0.0000</Tons>
        </RemediationAmounts>
        <Closed>0</Closed>
      </AnnualData>
      <AnnualData FiscalYear="2011-2012" ReportingOrganization="NOR">
        <HighestStepCompleted>02</HighestStepCompleted>
        <TotalAssessmentExpenditure>0.00</TotalAssessmentExpenditure>
        <TotalRemediationExpenditure>0.00</TotalRemediationExpenditure>
        <TotalCareMaintenanceExpenditure>0.00</TotalCareMaintenanceExpenditure>
        <TotalMonitoringExpenditure>0.00</TotalMonitoringExpenditure>
        <FCSAPAssessmentExpenditure>0.00</FCSAPAssessmentExpenditure>
        <FCSAPRemediationExpenditure>0.00</FCSAPRemediationExpenditure>
        <FCSAPCareMaintenanceExpenditure>0.00</FCSAPCareMaintenanceExpenditure>
        <FCSAPMonitoringExpenditure>0.00</FCSAPMonitoringExpenditure>
        <RemediationAmounts>
          <CubicMetres>0.0000</CubicMetres>
          <Hectares>0.0000</Hectares>
          <Tons>0.0000</Tons>
        </RemediationAmounts>
        <Closed>0</Closed>
      </AnnualData>
      <AnnualData FiscalYear="2010-2011" ReportingOrganization="NOR">
        <HighestStepCompleted>02</HighestStepCompleted>
        <TotalAssessmentExpenditure>0.00</TotalAssessmentExpenditure>
        <TotalRemediationExpenditure>0.00</TotalRemediationExpenditure>
        <TotalCareMaintenanceExpenditure>0.00</TotalCareMaintenanceExpenditure>
        <TotalMonitoringExpenditure>0.00</TotalMonitoringExpenditure>
        <FCSAPAssessmentExpenditure>0.00</FCSAPAssessmentExpenditure>
        <FCSAPRemediationExpenditure>0.00</FCSAPRemediationExpenditure>
        <FCSAPCareMaintenanceExpenditure>0.00</FCSAPCareMaintenanceExpenditure>
        <FCSAPMonitoringExpenditure>0.00</FCSAPMonitoringExpenditure>
        <RemediationAmounts>
          <CubicMetres>0.0000</CubicMetres>
          <Hectares>0.0000</Hectares>
          <Tons>0.0000</Tons>
        </RemediationAmounts>
        <Closed>0</Closed>
      </AnnualData>
      <AnnualData FiscalYear="2009-2010" ReportingOrganization="NOR">
        <HighestStepCompleted>02</HighestStepCompleted>
        <TotalAssessmentExpenditure>0.00</TotalAssessmentExpenditure>
        <TotalRemediationExpenditure>0.00</TotalRemediationExpenditure>
        <TotalCareMaintenanceExpenditure>0.00</TotalCareMaintenanceExpenditure>
        <TotalMonitoringExpenditure>0.00</TotalMonitoringExpenditure>
        <FCSAPAssessmentExpenditure>0.00</FCSAPAssessmentExpenditure>
        <FCSAPRemediationExpenditure>0.00</FCSAPRemediationExpenditure>
        <FCSAPCareMaintenanceExpenditure>0.00</FCSAPCareMaintenanceExpenditure>
        <FCSAPMonitoringExpenditure>0.00</FCSAPMonitoringExpenditure>
        <RemediationAmounts>
          <CubicMetres>0.0000</CubicMetres>
          <Hectares>0.0000</Hectares>
          <Tons>0.0000</Tons>
        </RemediationAmounts>
        <Closed>0</Closed>
      </AnnualData>
      <AnnualData FiscalYear="2008-2009" ReportingOrganization="NOR">
        <HighestStepCompleted>02</HighestStepCompleted>
        <TotalAssessmentExpenditure>8826.70</TotalAssessmentExpenditure>
        <TotalRemediationExpenditure>0.00</TotalRemediationExpenditure>
        <TotalCareMaintenanceExpenditure>0.00</TotalCareMaintenanceExpenditure>
        <TotalMonitoringExpenditure>0.00</TotalMonitoringExpenditure>
        <FCSAPAssessmentExpenditure>0.00</FCSAPAssessmentExpenditure>
        <FCSAPRemediationExpenditure>0.00</FCSAPRemediationExpenditure>
        <FCSAPCareMaintenanceExpenditure>0.00</FCSAPCareMaintenanceExpenditure>
        <FCSAPMonitoringExpenditure>0.00</FCSAPMonitoringExpenditure>
        <RemediationAmounts>
          <CubicMetres>0.0000</CubicMetres>
          <Hectares>0.0000</Hectares>
          <Tons>0.0000</Tons>
        </RemediationAmounts>
        <Closed>0</Closed>
      </AnnualData>
      <AnnualData FiscalYear="2007-2008" ReportingOrganization="NOR">
        <HighestStepCompleted>01</HighestStepCompleted>
        <TotalAssessmentExpenditure>928.82</TotalAssessmentExpenditure>
        <TotalRemediationExpenditure>0.00</TotalRemediationExpenditure>
        <TotalCareMaintenanceExpenditure>0.00</TotalCareMaintenanceExpenditure>
        <TotalMonitoringExpenditure>0.00</TotalMonitoringExpenditure>
        <FCSAPAssessmentExpenditure>743.06</FCSAPAssessmentExpenditure>
        <FCSAPRemediationExpenditure>0.00</FCSAPRemediationExpenditure>
        <FCSAPCareMaintenanceExpenditure>0.00</FCSAPCareMaintenanceExpenditure>
        <FCSAPMonitoringExpenditure>0.00</FCSAPMonitoringExpenditure>
        <RemediationAmounts>
          <CubicMetres>0.0000</CubicMetres>
          <Hectares>0.0000</Hectares>
          <Tons>0.0000</Tons>
        </RemediationAmounts>
        <Closed>0</Closed>
      </AnnualData>
    </Site>
    <Site FederalSiteIdentifier="00000036" ReportingOrganization="NOR" Created="2008-02-13T16:25:00" LastModified="2015-05-12T16:37:00">
      <Name>
        <EN xml:lang="en">NEAR COPPERMINE RIVER</EN>
        <FR xml:lang="fr">À PROXIMITÉ DE LA RIVIÈRE COPPERMINE</FR>
      </Name>
      <SiteStatus>
        <Status>
          <EN xml:lang="en">Active</EN>
          <FR xml:lang="fr">Active</FR>
        </Status>
        <Description>
          <EN xml:lang="en">Initial testing completed. Detailed testing underway.</EN>
          <FR xml:lang="fr">Première analyse terminée. Analyse détaillée en cours.</FR>
        </Description>
      </SiteStatus>
      <Classification>
        <Name>
          <EN xml:lang="en" />
          <FR xml:lang="fr" />
        </Name>
      </Classification>
      <ReasonForFederalInvolvement>
        <EN xml:lang="en">Other Canada Lands</EN>
        <FR xml:lang="fr">Autres Terres du Canada</FR>
      </ReasonForFederalInvolvement>
      <Location sgc="6208098" fed="001">
        <MiniMapURL>http://www.tbs-sct.gc.ca/fcsi-rscf/minimap.aspx?fsi=00000036</MiniMapURL>
        <Latitude>67.080278</Latitude>
        <Longitude>-115.189167</Longitude>
        <Municipality>Kitikmeot, Unorganized</Municipality>
        <Province>Nunavut</Province>
        <FederalElectoralDistrict>
          <EN xml:lang="en">Nunavut</EN>
          <FR xml:lang="fr">Nunavut</FR>
        </FederalElectoralDistrict>
        <Country>
          <EN xml:lang="en">Canada</EN>
          <FR xml:lang="fr">Canada</FR>
        </Country>
      </Location>
      <ContaminationDetails>
        <ContaminationEstimates>
          <CubicMetres>0.0000</CubicMetres>
          <Hectares>0.0000</Hectares>
          <Tons>0.0000</Tons>
        </ContaminationEstimates>
      </ContaminationDetails>
      <ActionPlan>
        <EN xml:lang="en" />
        <FR xml:lang="fr" />
      </ActionPlan>
      <AdditionalInformation>
        <EN xml:lang="en" />
        <FR xml:lang="fr" />
      </AdditionalInformation>
      <AnnualData FiscalYear="2014-2015" ReportingOrganization="NOR">
        <HighestStepCompleted>03</HighestStepCompleted>
        <TotalAssessmentExpenditure>0.00</TotalAssessmentExpenditure>
        <TotalRemediationExpenditure>0.00</TotalRemediationExpenditure>
        <TotalCareMaintenanceExpenditure>0.00</TotalCareMaintenanceExpenditure>
        <TotalMonitoringExpenditure>0.00</TotalMonitoringExpenditure>
        <FCSAPAssessmentExpenditure>0.00</FCSAPAssessmentExpenditure>
        <FCSAPRemediationExpenditure>0.00</FCSAPRemediationExpenditure>
        <FCSAPCareMaintenanceExpenditure>0.00</FCSAPCareMaintenanceExpenditure>
        <FCSAPMonitoringExpenditure>0.00</FCSAPMonitoringExpenditure>
        <RemediationAmounts>
          <CubicMetres>0.0000</CubicMetres>
          <Hectares>0.0000</Hectares>
          <Tons>0.0000</Tons>
        </RemediationAmounts>
        <Closed>0</Closed>
      </AnnualData>
      <AnnualData FiscalYear="2013-2014" ReportingOrganization="NOR">
        <HighestStepCompleted>02</HighestStepCompleted>
        <TotalAssessmentExpenditure>0.00</TotalAssessmentExpenditure>
        <TotalRemediationExpenditure>0.00</TotalRemediationExpenditure>
        <TotalCareMaintenanceExpenditure>0.00</TotalCareMaintenanceExpenditure>
        <TotalMonitoringExpenditure>0.00</TotalMonitoringExpenditure>
        <FCSAPAssessmentExpenditure>0.00</FCSAPAssessmentExpenditure>
        <FCSAPRemediationExpenditure>0.00</FCSAPRemediationExpenditure>
        <FCSAPCareMaintenanceExpenditure>0.00</FCSAPCareMaintenanceExpenditure>
        <FCSAPMonitoringExpenditure>0.00</FCSAPMonitoringExpenditure>
        <RemediationAmounts>
          <CubicMetres>0.0000</CubicMetres>
          <Hectares>0.0000</Hectares>
          <Tons>0.0000</Tons>
        </RemediationAmounts>
        <Closed>0</Closed>
      </AnnualData>
      <AnnualData FiscalYear="2012-2013" ReportingOrganization="NOR">
        <HighestStepCompleted>02</HighestStepCompleted>
        <TotalAssessmentExpenditure>0.00</TotalAssessmentExpenditure>
        <TotalRemediationExpenditure>0.00</TotalRemediationExpenditure>
        <TotalCareMaintenanceExpenditure>0.00</TotalCareMaintenanceExpenditure>
        <TotalMonitoringExpenditure>0.00</TotalMonitoringExpenditure>
        <FCSAPAssessmentExpenditure>0.00</FCSAPAssessmentExpenditure>
        <FCSAPRemediationExpenditure>0.00</FCSAPRemediationExpenditure>
        <FCSAPCareMaintenanceExpenditure>0.00</FCSAPCareMaintenanceExpenditure>
        <FCSAPMonitoringExpenditure>0.00</FCSAPMonitoringExpenditure>
        <RemediationAmounts>
          <CubicMetres>0.0000</CubicMetres>
          <Hectares>0.0000</Hectares>
          <Tons>0.0000</Tons>
        </RemediationAmounts>
        <Closed>0</Closed>
      </AnnualData>
      <AnnualData FiscalYear="2011-2012" ReportingOrganization="NOR">
        <HighestStepCompleted>02</HighestStepCompleted>
        <TotalAssessmentExpenditure>0.00</TotalAssessmentExpenditure>
        <TotalRemediationExpenditure>0.00</TotalRemediationExpenditure>
        <TotalCareMaintenanceExpenditure>0.00</TotalCareMaintenanceExpenditure>
        <TotalMonitoringExpenditure>0.00</TotalMonitoringExpenditure>
        <FCSAPAssessmentExpenditure>0.00</FCSAPAssessmentExpenditure>
        <FCSAPRemediationExpenditure>0.00</FCSAPRemediationExpenditure>
        <FCSAPCareMaintenanceExpenditure>0.00</FCSAPCareMaintenanceExpenditure>
        <FCSAPMonitoringExpenditure>0.00</FCSAPMonitoringExpenditure>
        <RemediationAmounts>
          <CubicMetres>0.0000</CubicMetres>
          <Hectares>0.0000</Hectares>
          <Tons>0.0000</Tons>
        </RemediationAmounts>
        <Closed>0</Closed>
      </AnnualData>
      <AnnualData FiscalYear="2010-2011" ReportingOrganization="NOR">
        <HighestStepCompleted>02</HighestStepCompleted>
        <TotalAssessmentExpenditure>0.00</TotalAssessmentExpenditure>
        <TotalRemediationExpenditure>0.00</TotalRemediationExpenditure>
        <TotalCareMaintenanceExpenditure>0.00</TotalCareMaintenanceExpenditure>
        <TotalMonitoringExpenditure>0.00</TotalMonitoringExpenditure>
        <FCSAPAssessmentExpenditure>0.00</FCSAPAssessmentExpenditure>
        <FCSAPRemediationExpenditure>0.00</FCSAPRemediationExpenditure>
        <FCSAPCareMaintenanceExpenditure>0.00</FCSAPCareMaintenanceExpenditure>
        <FCSAPMonitoringExpenditure>0.00</FCSAPMonitoringExpenditure>
        <RemediationAmounts>
          <CubicMetres>0.0000</CubicMetres>
          <Hectares>0.0000</Hectares>
          <Tons>0.0000</Tons>
        </RemediationAmounts>
        <Closed>0</Closed>
      </AnnualData>
      <AnnualData FiscalYear="2009-2010" ReportingOrganization="NOR">
        <HighestStepCompleted>02</HighestStepCompleted>
        <TotalAssessmentExpenditure>0.00</TotalAssessmentExpenditure>
        <TotalRemediationExpenditure>0.00</TotalRemediationExpenditure>
        <TotalCareMaintenanceExpenditure>0.00</TotalCareMaintenanceExpenditure>
        <TotalMonitoringExpenditure>0.00</TotalMonitoringExpenditure>
        <FCSAPAssessmentExpenditure>0.00</FCSAPAssessmentExpenditure>
        <FCSAPRemediationExpenditure>0.00</FCSAPRemediationExpenditure>
        <FCSAPCareMaintenanceExpenditure>0.00</FCSAPCareMaintenanceExpenditure>
        <FCSAPMonitoringExpenditure>0.00</FCSAPMonitoringExpenditure>
        <RemediationAmounts>
          <CubicMetres>0.0000</CubicMetres>
          <Hectares>0.0000</Hectares>
          <Tons>0.0000</Tons>
        </RemediationAmounts>
        <Closed>0</Closed>
      </AnnualData>
      <AnnualData FiscalYear="2008-2009" ReportingOrganization="NOR">
        <HighestStepCompleted>02</HighestStepCompleted>
        <TotalAssessmentExpenditure>8826.70</TotalAssessmentExpenditure>
        <TotalRemediationExpenditure>0.00</TotalRemediationExpenditure>
        <TotalCareMaintenanceExpenditure>0.00</TotalCareMaintenanceExpenditure>
        <TotalMonitoringExpenditure>0.00</TotalMonitoringExpenditure>
        <FCSAPAssessmentExpenditure>0.00</FCSAPAssessmentExpenditure>
        <FCSAPRemediationExpenditure>0.00</FCSAPRemediationExpenditure>
        <FCSAPCareMaintenanceExpenditure>0.00</FCSAPCareMaintenanceExpenditure>
        <FCSAPMonitoringExpenditure>0.00</FCSAPMonitoringExpenditure>
        <RemediationAmounts>
          <CubicMetres>0.0000</CubicMetres>
          <Hectares>0.0000</Hectares>
          <Tons>0.0000</Tons>
        </RemediationAmounts>
        <Closed>0</Closed>
      </AnnualData>
      <AnnualData FiscalYear="2007-2008" ReportingOrganization="NOR">
        <HighestStepCompleted>01</HighestStepCompleted>
        <TotalAssessmentExpenditure>928.82</TotalAssessmentExpenditure>
        <TotalRemediationExpenditure>0.00</TotalRemediationExpenditure>
        <TotalCareMaintenanceExpenditure>0.00</TotalCareMaintenanceExpenditure>
        <TotalMonitoringExpenditure>0.00</TotalMonitoringExpenditure>
        <FCSAPAssessmentExpenditure>743.06</FCSAPAssessmentExpenditure>
        <FCSAPRemediationExpenditure>0.00</FCSAPRemediationExpenditure>
        <FCSAPCareMaintenanceExpenditure>0.00</FCSAPCareMaintenanceExpenditure>
        <FCSAPMonitoringExpenditure>0.00</FCSAPMonitoringExpenditure>
        <RemediationAmounts>
          <CubicMetres>0.0000</CubicMetres>
          <Hectares>0.0000</Hectares>
          <Tons>0.0000</Tons>
        </RemediationAmounts>
        <Closed>0</Closed>
      </AnnualData>
    </Site>
    <Site FederalSiteIdentifier="00000037" ReportingOrganization="NOR" Created="2008-02-13T16:25:00" LastModified="2013-07-24T15:39:25.340">
      <Name>
        <EN xml:lang="en" />
        <FR xml:lang="fr" />
      </Name>
      <SiteStatus>
        <Status>
          <EN xml:lang="en" />
          <FR xml:lang="fr" />
        </Status>
        <Description>
          <EN xml:lang="en" />
          <FR xml:lang="fr" />
        </Description>
      </SiteStatus>
      <Classification>
        <Name>
          <EN xml:lang="en" />
          <FR xml:lang="fr" />
        </Name>
      </Classification>
      <ReasonForFederalInvolvement>
        <EN xml:lang="en">Other Canada Lands</EN>
        <FR xml:lang="fr">Autres Terres du Canada</FR>
      </ReasonForFederalInvolvement>
      <Location sgc="6208098" fed="001">
        <MiniMapURL>http://www.tbs-sct.gc.ca/fcsi-rscf/minimap.aspx?fsi=00000037</MiniMapURL>
        <Latitude>65.473611</Latitude>
        <Longitude>-110.352222</Longitude>
        <Municipality>Kitikmeot, Unorganized</Municipality>
        <Province>Nunavut</Province>
        <FederalElectoralDistrict>
          <EN xml:lang="en">Nunavut</EN>
          <FR xml:lang="fr">Nunavut</FR>
        </FederalElectoralDistrict>
        <Country>
          <EN xml:lang="en">Canada</EN>
          <FR xml:lang="fr">Canada</FR>
        </Country>
      </Location>
      <ContaminationDetails>
        <ContaminationEstimates>
          <CubicMetres>0.0000</CubicMetres>
          <Hectares>0.0000</Hectares>
          <Tons>0.0000</Tons>
        </ContaminationEstimates>
      </ContaminationDetails>
      <ActionPlan>
        <EN xml:lang="en" />
        <FR xml:lang="fr" />
      </ActionPlan>
      <AdditionalInformation>
        <EN xml:lang="en" />
        <FR xml:lang="fr" />
      </AdditionalInformation>
      <AnnualData FiscalYear="2009-2010" ReportingOrganization="NOR">
        <HighestStepCompleted>01</HighestStepCompleted>
        <TotalAssessmentExpenditure>0.00</TotalAssessmentExpenditure>
        <TotalRemediationExpenditure>0.00</TotalRemediationExpenditure>
        <TotalCareMaintenanceExpenditure>0.00</TotalCareMaintenanceExpenditure>
        <TotalMonitoringExpenditure>0.00</TotalMonitoringExpenditure>
        <FCSAPAssessmentExpenditure>0.00</FCSAPAssessmentExpenditure>
        <FCSAPRemediationExpenditure>0.00</FCSAPRemediationExpenditure>
        <FCSAPCareMaintenanceExpenditure>0.00</FCSAPCareMaintenanceExpenditure>
        <FCSAPMonitoringExpenditure>0.00</FCSAPMonitoringExpenditure>
        <RemediationAmounts>
          <CubicMetres>0.0000</CubicMetres>
          <Hectares>0.0000</Hectares>
          <Tons>0.0000</Tons>
        </RemediationAmounts>
        <Closed>0</Closed>
      </AnnualData>
      <AnnualData FiscalYear="2008-2009" ReportingOrganization="NOR">
        <HighestStepCompleted>01</HighestStepCompleted>
        <TotalAssessmentExpenditure>8826.70</TotalAssessmentExpenditure>
        <TotalRemediationExpenditure>0.00</TotalRemediationExpenditure>
        <TotalCareMaintenanceExpenditure>0.00</TotalCareMaintenanceExpenditure>
        <TotalMonitoringExpenditure>0.00</TotalMonitoringExpenditure>
        <FCSAPAssessmentExpenditure>0.00</FCSAPAssessmentExpenditure>
        <FCSAPRemediationExpenditure>0.00</FCSAPRemediationExpenditure>
        <FCSAPCareMaintenanceExpenditure>0.00</FCSAPCareMaintenanceExpenditure>
        <FCSAPMonitoringExpenditure>0.00</FCSAPMonitoringExpenditure>
        <RemediationAmounts>
          <CubicMetres>0.0000</CubicMetres>
          <Hectares>0.0000</Hectares>
          <Tons>0.0000</Tons>
        </RemediationAmounts>
        <Closed>0</Closed>
      </AnnualData>
      <AnnualData FiscalYear="2007-2008" ReportingOrganization="NOR">
        <HighestStepCompleted>01</HighestStepCompleted>
        <TotalAssessmentExpenditure>928.82</TotalAssessmentExpenditure>
        <TotalRemediationExpenditure>0.00</TotalRemediationExpenditure>
        <TotalCareMaintenanceExpenditure>0.00</TotalCareMaintenanceExpenditure>
        <TotalMonitoringExpenditure>0.00</TotalMonitoringExpenditure>
        <FCSAPAssessmentExpenditure>743.06</FCSAPAssessmentExpenditure>
        <FCSAPRemediationExpenditure>0.00</FCSAPRemediationExpenditure>
        <FCSAPCareMaintenanceExpenditure>0.00</FCSAPCareMaintenanceExpenditure>
        <FCSAPMonitoringExpenditure>0.00</FCSAPMonitoringExpenditure>
        <RemediationAmounts>
          <CubicMetres>0.0000</CubicMetres>
          <Hectares>0.0000</Hectares>
          <Tons>0.0000</Tons>
        </RemediationAmounts>
        <Closed>0</Closed>
      </AnnualData>
    </Site>
    <Site FederalSiteIdentifier="00000038" ReportingOrganization="NOR" Created="2008-02-13T16:25:00" LastModified="2014-05-06T15:44:00">
      <Name>
        <EN xml:lang="en">RICHARDSON BAY</EN>
        <FR xml:lang="fr">BAIE RICHARDSON</FR>
      </Name>
      <SiteStatus>
        <Status>
          <EN xml:lang="en">Closed</EN>
          <FR xml:lang="fr">Fermé</FR>
        </Status>
        <Description>
          <EN xml:lang="en">Historical review not required.</EN>
          <FR xml:lang="fr">Aucun examen historique nécessaire.</FR>
        </Description>
      </SiteStatus>
      <Classification>
        <Code>N</Code>
        <Name>
          <EN xml:lang="en">Not a Priority for Action</EN>
          <FR xml:lang="fr">Priorité d’intervention nulle</FR>
        </Name>
      </Classification>
      <ReasonForFederalInvolvement>
        <EN xml:lang="en">Other Canada Lands</EN>
        <FR xml:lang="fr">Autres Terres du Canada</FR>
      </ReasonForFederalInvolvement>
      <Location sgc="6208098" fed="001">
        <MiniMapURL>http://www.tbs-sct.gc.ca/fcsi-rscf/minimap.aspx?fsi=00000038</MiniMapURL>
        <Latitude>65.687500</Latitude>
        <Longitude>-110.481944</Longitude>
        <Municipality>Kitikmeot, Unorganized</Municipality>
        <Province>Nunavut</Province>
        <FederalElectoralDistrict>
          <EN xml:lang="en">Nunavut</EN>
          <FR xml:lang="fr">Nunavut</FR>
        </FederalElectoralDistrict>
        <Country>
          <EN xml:lang="en">Canada</EN>
          <FR xml:lang="fr">Canada</FR>
        </Country>
      </Location>
      <ActionPlan>
        <EN xml:lang="en" />
        <FR xml:lang="fr" />
      </ActionPlan>
      <AdditionalInformation>
        <EN xml:lang="en" />
        <FR xml:lang="fr" />
      </AdditionalInformation>
      <AnnualData FiscalYear="2013-2014" ReportingOrganization="NOR">
        <HighestStepCompleted>01</HighestStepCompleted>
        <TotalAssessmentExpenditure>0.00</TotalAssessmentExpenditure>
        <TotalRemediationExpenditure>0.00</TotalRemediationExpenditure>
        <TotalCareMaintenanceExpenditure>0.00</TotalCareMaintenanceExpenditure>
        <TotalMonitoringExpenditure>0.00</TotalMonitoringExpenditure>
        <FCSAPAssessmentExpenditure>0.00</FCSAPAssessmentExpenditure>
        <FCSAPRemediationExpenditure>0.00</FCSAPRemediationExpenditure>
        <FCSAPCareMaintenanceExpenditure>0.00</FCSAPCareMaintenanceExpenditure>
        <FCSAPMonitoringExpenditure>0.00</FCSAPMonitoringExpenditure>
        <RemediationAmounts>
          <CubicMetres>0.0000</CubicMetres>
          <Hectares>0.0000</Hectares>
          <Tons>0.0000</Tons>
        </RemediationAmounts>
        <Closed>1</Closed>
      </AnnualData>
      <AnnualData FiscalYear="2012-2013" ReportingOrganization="NOR">
        <HighestStepCompleted>01</HighestStepCompleted>
        <TotalAssessmentExpenditure>0.00</TotalAssessmentExpenditure>
        <TotalRemediationExpenditure>0.00</TotalRemediationExpenditure>
        <TotalCareMaintenanceExpenditure>0.00</TotalCareMaintenanceExpenditure>
        <TotalMonitoringExpenditure>0.00</TotalMonitoringExpenditure>
        <FCSAPAssessmentExpenditure>0.00</FCSAPAssessmentExpenditure>
        <FCSAPRemediationExpenditure>0.00</FCSAPRemediationExpenditure>
        <FCSAPCareMaintenanceExpenditure>0.00</FCSAPCareMaintenanceExpenditure>
        <FCSAPMonitoringExpenditure>0.00</FCSAPMonitoringExpenditure>
        <RemediationAmounts>
          <CubicMetres>0.0000</CubicMetres>
          <Hectares>0.0000</Hectares>
          <Tons>0.0000</Tons>
        </RemediationAmounts>
        <Closed>0</Closed>
      </AnnualData>
      <AnnualData FiscalYear="2011-2012" ReportingOrganization="NOR">
        <HighestStepCompleted>01</HighestStepCompleted>
        <TotalAssessmentExpenditure>0.00</TotalAssessmentExpenditure>
        <TotalRemediationExpenditure>0.00</TotalRemediationExpenditure>
        <TotalCareMaintenanceExpenditure>0.00</TotalCareMaintenanceExpenditure>
        <TotalMonitoringExpenditure>0.00</TotalMonitoringExpenditure>
        <FCSAPAssessmentExpenditure>0.00</FCSAPAssessmentExpenditure>
        <FCSAPRemediationExpenditure>0.00</FCSAPRemediationExpenditure>
        <FCSAPCareMaintenanceExpenditure>0.00</FCSAPCareMaintenanceExpenditure>
        <FCSAPMonitoringExpenditure>0.00</FCSAPMonitoringExpenditure>
        <RemediationAmounts>
          <CubicMetres>0.0000</CubicMetres>
          <Hectares>0.0000</Hectares>
          <Tons>0.0000</Tons>
        </RemediationAmounts>
        <Closed>0</Closed>
      </AnnualData>
      <AnnualData FiscalYear="2010-2011" ReportingOrganization="NOR">
        <HighestStepCompleted>01</HighestStepCompleted>
        <TotalAssessmentExpenditure>0.00</TotalAssessmentExpenditure>
        <TotalRemediationExpenditure>0.00</TotalRemediationExpenditure>
        <TotalCareMaintenanceExpenditure>0.00</TotalCareMaintenanceExpenditure>
        <TotalMonitoringExpenditure>0.00</TotalMonitoringExpenditure>
        <FCSAPAssessmentExpenditure>0.00</FCSAPAssessmentExpenditure>
        <FCSAPRemediationExpenditure>0.00</FCSAPRemediationExpenditure>
        <FCSAPCareMaintenanceExpenditure>0.00</FCSAPCareMaintenanceExpenditure>
        <FCSAPMonitoringExpenditure>0.00</FCSAPMonitoringExpenditure>
        <RemediationAmounts>
          <CubicMetres>0.0000</CubicMetres>
          <Hectares>0.0000</Hectares>
          <Tons>0.0000</Tons>
        </RemediationAmounts>
        <Closed>0</Closed>
      </AnnualData>
      <AnnualData FiscalYear="2009-2010" ReportingOrganization="NOR">
        <HighestStepCompleted>01</HighestStepCompleted>
        <TotalAssessmentExpenditure>0.00</TotalAssessmentExpenditure>
        <TotalRemediationExpenditure>0.00</TotalRemediationExpenditure>
        <TotalCareMaintenanceExpenditure>0.00</TotalCareMaintenanceExpenditure>
        <TotalMonitoringExpenditure>0.00</TotalMonitoringExpenditure>
        <FCSAPAssessmentExpenditure>0.00</FCSAPAssessmentExpenditure>
        <FCSAPRemediationExpenditure>0.00</FCSAPRemediationExpenditure>
        <FCSAPCareMaintenanceExpenditure>0.00</FCSAPCareMaintenanceExpenditure>
        <FCSAPMonitoringExpenditure>0.00</FCSAPMonitoringExpenditure>
        <RemediationAmounts>
          <CubicMetres>0.0000</CubicMetres>
          <Hectares>0.0000</Hectares>
          <Tons>0.0000</Tons>
        </RemediationAmounts>
        <Closed>0</Closed>
      </AnnualData>
      <AnnualData FiscalYear="2008-2009" ReportingOrganization="NOR">
        <HighestStepCompleted>01</HighestStepCompleted>
        <TotalAssessmentExpenditure>8826.70</TotalAssessmentExpenditure>
        <TotalRemediationExpenditure>0.00</TotalRemediationExpenditure>
        <TotalCareMaintenanceExpenditure>0.00</TotalCareMaintenanceExpenditure>
        <TotalMonitoringExpenditure>0.00</TotalMonitoringExpenditure>
        <FCSAPAssessmentExpenditure>0.00</FCSAPAssessmentExpenditure>
        <FCSAPRemediationExpenditure>0.00</FCSAPRemediationExpenditure>
        <FCSAPCareMaintenanceExpenditure>0.00</FCSAPCareMaintenanceExpenditure>
        <FCSAPMonitoringExpenditure>0.00</FCSAPMonitoringExpenditure>
        <RemediationAmounts>
          <CubicMetres>0.0000</CubicMetres>
          <Hectares>0.0000</Hectares>
          <Tons>0.0000</Tons>
        </RemediationAmounts>
        <Closed>0</Closed>
      </AnnualData>
      <AnnualData FiscalYear="2007-2008" ReportingOrganization="NOR">
        <HighestStepCompleted>01</HighestStepCompleted>
        <TotalAssessmentExpenditure>928.82</TotalAssessmentExpenditure>
        <TotalRemediationExpenditure>0.00</TotalRemediationExpenditure>
        <TotalCareMaintenanceExpenditure>0.00</TotalCareMaintenanceExpenditure>
        <TotalMonitoringExpenditure>0.00</TotalMonitoringExpenditure>
        <FCSAPAssessmentExpenditure>743.06</FCSAPAssessmentExpenditure>
        <FCSAPRemediationExpenditure>0.00</FCSAPRemediationExpenditure>
        <FCSAPCareMaintenanceExpenditure>0.00</FCSAPCareMaintenanceExpenditure>
        <FCSAPMonitoringExpenditure>0.00</FCSAPMonitoringExpenditure>
        <RemediationAmounts>
          <CubicMetres>0.0000</CubicMetres>
          <Hectares>0.0000</Hectares>
          <Tons>0.0000</Tons>
        </RemediationAmounts>
        <Closed>0</Closed>
      </AnnualData>
    </Site>
    <Site FederalSiteIdentifier="00000039" ReportingOrganization="NOR" Created="2008-02-13T16:25:00" LastModified="2015-05-12T16:37:00">
      <Name>
        <EN xml:lang="en">CORONATION GULF #19</EN>
        <FR xml:lang="fr">GOLFE CORONATION No 19</FR>
      </Name>
      <SiteStatus>
        <Status>
          <EN xml:lang="en">Active</EN>
          <FR xml:lang="fr">Active</FR>
        </Status>
        <Description>
          <EN xml:lang="en">Initial testing completed. Detailed testing underway.</EN>
          <FR xml:lang="fr">Première analyse terminée. Analyse détaillée en cours.</FR>
        </Description>
      </SiteStatus>
      <Classification>
        <Name>
          <EN xml:lang="en" />
          <FR xml:lang="fr" />
        </Name>
      </Classification>
      <ReasonForFederalInvolvement>
        <EN xml:lang="en">Other Canada Lands</EN>
        <FR xml:lang="fr">Autres Terres du Canada</FR>
      </ReasonForFederalInvolvement>
      <Location sgc="6208059" fed="001">
        <MiniMapURL>http://www.tbs-sct.gc.ca/fcsi-rscf/minimap.aspx?fsi=00000039</MiniMapURL>
        <Latitude>67.816389</Latitude>
        <Longitude>-114.820833</Longitude>
        <Municipality>Kugluktuk</Municipality>
        <Province>Nunavut</Province>
        <FederalElectoralDistrict>
          <EN xml:lang="en">Nunavut</EN>
          <FR xml:lang="fr">Nunavut</FR>
        </FederalElectoralDistrict>
        <Country>
          <EN xml:lang="en">Canada</EN>
          <FR xml:lang="fr">Canada</FR>
        </Country>
      </Location>
      <ContaminationDetails>
        <ContaminationEstimates>
          <CubicMetres>0.0000</CubicMetres>
          <Hectares>0.0000</Hectares>
          <Tons>0.0000</Tons>
        </ContaminationEstimates>
      </ContaminationDetails>
      <ActionPlan>
        <EN xml:lang="en" />
        <FR xml:lang="fr" />
      </ActionPlan>
      <AdditionalInformation>
        <EN xml:lang="en" />
        <FR xml:lang="fr" />
      </AdditionalInformation>
      <PopulationCounts>
        <KM1>5</KM1>
        <KM5>96</KM5>
        <KM10>344</KM10>
        <KM25>1449</KM25>
        <KM50>2050</KM50>
      </PopulationCounts>
      <AnnualData FiscalYear="2014-2015" ReportingOrganization="NOR">
        <HighestStepCompleted>03</HighestStepCompleted>
        <TotalAssessmentExpenditure>0.00</TotalAssessmentExpenditure>
        <TotalRemediationExpenditure>0.00</TotalRemediationExpenditure>
        <TotalCareMaintenanceExpenditure>0.00</TotalCareMaintenanceExpenditure>
        <TotalMonitoringExpenditure>0.00</TotalMonitoringExpenditure>
        <FCSAPAssessmentExpenditure>0.00</FCSAPAssessmentExpenditure>
        <FCSAPRemediationExpenditure>0.00</FCSAPRemediationExpenditure>
        <FCSAPCareMaintenanceExpenditure>0.00</FCSAPCareMaintenanceExpenditure>
        <FCSAPMonitoringExpenditure>0.00</FCSAPMonitoringExpenditure>
        <RemediationAmounts>
          <CubicMetres>0.0000</CubicMetres>
          <Hectares>0.0000</Hectares>
          <Tons>0.0000</Tons>
        </RemediationAmounts>
        <Closed>0</Closed>
      </AnnualData>
      <AnnualData FiscalYear="2013-2014" ReportingOrganization="NOR">
        <HighestStepCompleted>02</HighestStepCompleted>
        <TotalAssessmentExpenditure>0.00</TotalAssessmentExpenditure>
        <TotalRemediationExpenditure>0.00</TotalRemediationExpenditure>
        <TotalCareMaintenanceExpenditure>0.00</TotalCareMaintenanceExpenditure>
        <TotalMonitoringExpenditure>0.00</TotalMonitoringExpenditure>
        <FCSAPAssessmentExpenditure>0.00</FCSAPAssessmentExpenditure>
        <FCSAPRemediationExpenditure>0.00</FCSAPRemediationExpenditure>
        <FCSAPCareMaintenanceExpenditure>0.00</FCSAPCareMaintenanceExpenditure>
        <FCSAPMonitoringExpenditure>0.00</FCSAPMonitoringExpenditure>
        <RemediationAmounts>
          <CubicMetres>0.0000</CubicMetres>
          <Hectares>0.0000</Hectares>
          <Tons>0.0000</Tons>
        </RemediationAmounts>
        <Closed>0</Closed>
      </AnnualData>
      <AnnualData FiscalYear="2012-2013" ReportingOrganization="NOR">
        <HighestStepCompleted>02</HighestStepCompleted>
        <TotalAssessmentExpenditure>0.00</TotalAssessmentExpenditure>
        <TotalRemediationExpenditure>0.00</TotalRemediationExpenditure>
        <TotalCareMaintenanceExpenditure>0.00</TotalCareMaintenanceExpenditure>
        <TotalMonitoringExpenditure>0.00</TotalMonitoringExpenditure>
        <FCSAPAssessmentExpenditure>0.00</FCSAPAssessmentExpenditure>
        <FCSAPRemediationExpenditure>0.00</FCSAPRemediationExpenditure>
        <FCSAPCareMaintenanceExpenditure>0.00</FCSAPCareMaintenanceExpenditure>
        <FCSAPMonitoringExpenditure>0.00</FCSAPMonitoringExpenditure>
        <RemediationAmounts>
          <CubicMetres>0.0000</CubicMetres>
          <Hectares>0.0000</Hectares>
          <Tons>0.0000</Tons>
        </RemediationAmounts>
        <Closed>0</Closed>
      </AnnualData>
      <AnnualData FiscalYear="2011-2012" ReportingOrganization="NOR">
        <HighestStepCompleted>02</HighestStepCompleted>
        <TotalAssessmentExpenditure>0.00</TotalAssessmentExpenditure>
        <TotalRemediationExpenditure>0.00</TotalRemediationExpenditure>
        <TotalCareMaintenanceExpenditure>0.00</TotalCareMaintenanceExpenditure>
        <TotalMonitoringExpenditure>0.00</TotalMonitoringExpenditure>
        <FCSAPAssessmentExpenditure>0.00</FCSAPAssessmentExpenditure>
        <FCSAPRemediationExpenditure>0.00</FCSAPRemediationExpenditure>
        <FCSAPCareMaintenanceExpenditure>0.00</FCSAPCareMaintenanceExpenditure>
        <FCSAPMonitoringExpenditure>0.00</FCSAPMonitoringExpenditure>
        <RemediationAmounts>
          <CubicMetres>0.0000</CubicMetres>
          <Hectares>0.0000</Hectares>
          <Tons>0.0000</Tons>
        </RemediationAmounts>
        <Closed>0</Closed>
      </AnnualData>
      <AnnualData FiscalYear="2010-2011" ReportingOrganization="NOR">
        <HighestStepCompleted>02</HighestStepCompleted>
        <TotalAssessmentExpenditure>0.00</TotalAssessmentExpenditure>
        <TotalRemediationExpenditure>0.00</TotalRemediationExpenditure>
        <TotalCareMaintenanceExpenditure>0.00</TotalCareMaintenanceExpenditure>
        <TotalMonitoringExpenditure>0.00</TotalMonitoringExpenditure>
        <FCSAPAssessmentExpenditure>0.00</FCSAPAssessmentExpenditure>
        <FCSAPRemediationExpenditure>0.00</FCSAPRemediationExpenditure>
        <FCSAPCareMaintenanceExpenditure>0.00</FCSAPCareMaintenanceExpenditure>
        <FCSAPMonitoringExpenditure>0.00</FCSAPMonitoringExpenditure>
        <RemediationAmounts>
          <CubicMetres>0.0000</CubicMetres>
          <Hectares>0.0000</Hectares>
          <Tons>0.0000</Tons>
        </RemediationAmounts>
        <Closed>0</Closed>
      </AnnualData>
      <AnnualData FiscalYear="2009-2010" ReportingOrganization="NOR">
        <HighestStepCompleted>02</HighestStepCompleted>
        <TotalAssessmentExpenditure>0.00</TotalAssessmentExpenditure>
        <TotalRemediationExpenditure>0.00</TotalRemediationExpenditure>
        <TotalCareMaintenanceExpenditure>0.00</TotalCareMaintenanceExpenditure>
        <TotalMonitoringExpenditure>0.00</TotalMonitoringExpenditure>
        <FCSAPAssessmentExpenditure>0.00</FCSAPAssessmentExpenditure>
        <FCSAPRemediationExpenditure>0.00</FCSAPRemediationExpenditure>
        <FCSAPCareMaintenanceExpenditure>0.00</FCSAPCareMaintenanceExpenditure>
        <FCSAPMonitoringExpenditure>0.00</FCSAPMonitoringExpenditure>
        <RemediationAmounts>
          <CubicMetres>0.0000</CubicMetres>
          <Hectares>0.0000</Hectares>
          <Tons>0.0000</Tons>
        </RemediationAmounts>
        <Closed>0</Closed>
      </AnnualData>
      <AnnualData FiscalYear="2008-2009" ReportingOrganization="NOR">
        <HighestStepCompleted>02</HighestStepCompleted>
        <TotalAssessmentExpenditure>8826.70</TotalAssessmentExpenditure>
        <TotalRemediationExpenditure>0.00</TotalRemediationExpenditure>
        <TotalCareMaintenanceExpenditure>0.00</TotalCareMaintenanceExpenditure>
        <TotalMonitoringExpenditure>0.00</TotalMonitoringExpenditure>
        <FCSAPAssessmentExpenditure>0.00</FCSAPAssessmentExpenditure>
        <FCSAPRemediationExpenditure>0.00</FCSAPRemediationExpenditure>
        <FCSAPCareMaintenanceExpenditure>0.00</FCSAPCareMaintenanceExpenditure>
        <FCSAPMonitoringExpenditure>0.00</FCSAPMonitoringExpenditure>
        <RemediationAmounts>
          <CubicMetres>0.0000</CubicMetres>
          <Hectares>0.0000</Hectares>
          <Tons>0.0000</Tons>
        </RemediationAmounts>
        <Closed>0</Closed>
      </AnnualData>
      <AnnualData FiscalYear="2007-2008" ReportingOrganization="NOR">
        <HighestStepCompleted>01</HighestStepCompleted>
        <TotalAssessmentExpenditure>928.82</TotalAssessmentExpenditure>
        <TotalRemediationExpenditure>0.00</TotalRemediationExpenditure>
        <TotalCareMaintenanceExpenditure>0.00</TotalCareMaintenanceExpenditure>
        <TotalMonitoringExpenditure>0.00</TotalMonitoringExpenditure>
        <FCSAPAssessmentExpenditure>743.06</FCSAPAssessmentExpenditure>
        <FCSAPRemediationExpenditure>0.00</FCSAPRemediationExpenditure>
        <FCSAPCareMaintenanceExpenditure>0.00</FCSAPCareMaintenanceExpenditure>
        <FCSAPMonitoringExpenditure>0.00</FCSAPMonitoringExpenditure>
        <RemediationAmounts>
          <CubicMetres>0.0000</CubicMetres>
          <Hectares>0.0000</Hectares>
          <Tons>0.0000</Tons>
        </RemediationAmounts>
        <Closed>0</Closed>
      </AnnualData>
    </Site>
    <Site FederalSiteIdentifier="00000040" ReportingOrganization="NOR" Created="2008-02-13T16:26:00" LastModified="2015-05-12T16:37:00">
      <Name>
        <EN xml:lang="en">CORONATION GULF #8</EN>
        <FR xml:lang="fr">GOLFE CORONATION No 8</FR>
      </Name>
      <SiteStatus>
        <Status>
          <EN xml:lang="en">Active</EN>
          <FR xml:lang="fr">Active</FR>
        </Status>
        <Description>
          <EN xml:lang="en">Initial testing completed. Detailed testing underway.</EN>
          <FR xml:lang="fr">Première analyse terminée. Analyse détaillée en cours.</FR>
        </Description>
      </SiteStatus>
      <Classification>
        <Name>
          <EN xml:lang="en" />
          <FR xml:lang="fr" />
        </Name>
      </Classification>
      <ReasonForFederalInvolvement>
        <EN xml:lang="en">Other Canada Lands</EN>
        <FR xml:lang="fr">Autres Terres du Canada</FR>
      </ReasonForFederalInvolvement>
      <Location sgc="6208098" fed="001">
        <MiniMapURL>http://www.tbs-sct.gc.ca/fcsi-rscf/minimap.aspx?fsi=00000040</MiniMapURL>
        <Latitude>67.819167</Latitude>
        <Longitude>-114.810000</Longitude>
        <Municipality>Kitikmeot, Unorganized</Municipality>
        <Province>Nunavut</Province>
        <FederalElectoralDistrict>
          <EN xml:lang="en">Nunavut</EN>
          <FR xml:lang="fr">Nunavut</FR>
        </FederalElectoralDistrict>
        <Country>
          <EN xml:lang="en">Canada</EN>
          <FR xml:lang="fr">Canada</FR>
        </Country>
      </Location>
      <ContaminationDetails>
        <ContaminationEstimates>
          <CubicMetres>0.0000</CubicMetres>
          <Hectares>0.0000</Hectares>
          <Tons>0.0000</Tons>
        </ContaminationEstimates>
      </ContaminationDetails>
      <ActionPlan>
        <EN xml:lang="en" />
        <FR xml:lang="fr" />
      </ActionPlan>
      <AdditionalInformation>
        <EN xml:lang="en" />
        <FR xml:lang="fr" />
      </AdditionalInformation>
      <PopulationCounts>
        <KM1>1</KM1>
        <KM5>81</KM5>
        <KM10>318</KM10>
        <KM25>1415</KM25>
        <KM50>2050</KM50>
      </PopulationCounts>
      <AnnualData FiscalYear="2014-2015" ReportingOrganization="NOR">
        <HighestStepCompleted>03</HighestStepCompleted>
        <TotalAssessmentExpenditure>0.00</TotalAssessmentExpenditure>
        <TotalRemediationExpenditure>0.00</TotalRemediationExpenditure>
        <TotalCareMaintenanceExpenditure>0.00</TotalCareMaintenanceExpenditure>
        <TotalMonitoringExpenditure>0.00</TotalMonitoringExpenditure>
        <FCSAPAssessmentExpenditure>0.00</FCSAPAssessmentExpenditure>
        <FCSAPRemediationExpenditure>0.00</FCSAPRemediationExpenditure>
        <FCSAPCareMaintenanceExpenditure>0.00</FCSAPCareMaintenanceExpenditure>
        <FCSAPMonitoringExpenditure>0.00</FCSAPMonitoringExpenditure>
        <RemediationAmounts>
          <CubicMetres>0.0000</CubicMetres>
          <Hectares>0.0000</Hectares>
          <Tons>0.0000</Tons>
        </RemediationAmounts>
        <Closed>0</Closed>
      </AnnualData>
      <AnnualData FiscalYear="2013-2014" ReportingOrganization="NOR">
        <HighestStepCompleted>02</HighestStepCompleted>
        <TotalAssessmentExpenditure>0.00</TotalAssessmentExpenditure>
        <TotalRemediationExpenditure>0.00</TotalRemediationExpenditure>
        <TotalCareMaintenanceExpenditure>0.00</TotalCareMaintenanceExpenditure>
        <TotalMonitoringExpenditure>0.00</TotalMonitoringExpenditure>
        <FCSAPAssessmentExpenditure>0.00</FCSAPAssessmentExpenditure>
        <FCSAPRemediationExpenditure>0.00</FCSAPRemediationExpenditure>
        <FCSAPCareMaintenanceExpenditure>0.00</FCSAPCareMaintenanceExpenditure>
        <FCSAPMonitoringExpenditure>0.00</FCSAPMonitoringExpenditure>
        <RemediationAmounts>
          <CubicMetres>0.0000</CubicMetres>
          <Hectares>0.0000</Hectares>
          <Tons>0.0000</Tons>
        </RemediationAmounts>
        <Closed>0</Closed>
      </AnnualData>
      <AnnualData FiscalYear="2012-2013" ReportingOrganization="NOR">
        <HighestStepCompleted>02</HighestStepCompleted>
        <TotalAssessmentExpenditure>0.00</TotalAssessmentExpenditure>
        <TotalRemediationExpenditure>0.00</TotalRemediationExpenditure>
        <TotalCareMaintenanceExpenditure>0.00</TotalCareMaintenanceExpenditure>
        <TotalMonitoringExpenditure>0.00</TotalMonitoringExpenditure>
        <FCSAPAssessmentExpenditure>0.00</FCSAPAssessmentExpenditure>
        <FCSAPRemediationExpenditure>0.00</FCSAPRemediationExpenditure>
        <FCSAPCareMaintenanceExpenditure>0.00</FCSAPCareMaintenanceExpenditure>
        <FCSAPMonitoringExpenditure>0.00</FCSAPMonitoringExpenditure>
        <RemediationAmounts>
          <CubicMetres>0.0000</CubicMetres>
          <Hectares>0.0000</Hectares>
          <Tons>0.0000</Tons>
        </RemediationAmounts>
        <Closed>0</Closed>
      </AnnualData>
      <AnnualData FiscalYear="2011-2012" ReportingOrganization="NOR">
        <HighestStepCompleted>02</HighestStepCompleted>
        <TotalAssessmentExpenditure>0.00</TotalAssessmentExpenditure>
        <TotalRemediationExpenditure>0.00</TotalRemediationExpenditure>
        <TotalCareMaintenanceExpenditure>0.00</TotalCareMaintenanceExpenditure>
        <TotalMonitoringExpenditure>0.00</TotalMonitoringExpenditure>
        <FCSAPAssessmentExpenditure>0.00</FCSAPAssessmentExpenditure>
        <FCSAPRemediationExpenditure>0.00</FCSAPRemediationExpenditure>
        <FCSAPCareMaintenanceExpenditure>0.00</FCSAPCareMaintenanceExpenditure>
        <FCSAPMonitoringExpenditure>0.00</FCSAPMonitoringExpenditure>
        <RemediationAmounts>
          <CubicMetres>0.0000</CubicMetres>
          <Hectares>0.0000</Hectares>
          <Tons>0.0000</Tons>
        </RemediationAmounts>
        <Closed>0</Closed>
      </AnnualData>
      <AnnualData FiscalYear="2010-2011" ReportingOrganization="NOR">
        <HighestStepCompleted>02</HighestStepCompleted>
        <TotalAssessmentExpenditure>0.00</TotalAssessmentExpenditure>
        <TotalRemediationExpenditure>0.00</TotalRemediationExpenditure>
        <TotalCareMaintenanceExpenditure>0.00</TotalCareMaintenanceExpenditure>
        <TotalMonitoringExpenditure>0.00</TotalMonitoringExpenditure>
        <FCSAPAssessmentExpenditure>0.00</FCSAPAssessmentExpenditure>
        <FCSAPRemediationExpenditure>0.00</FCSAPRemediationExpenditure>
        <FCSAPCareMaintenanceExpenditure>0.00</FCSAPCareMaintenanceExpenditure>
        <FCSAPMonitoringExpenditure>0.00</FCSAPMonitoringExpenditure>
        <RemediationAmounts>
          <CubicMetres>0.0000</CubicMetres>
          <Hectares>0.0000</Hectares>
          <Tons>0.0000</Tons>
        </RemediationAmounts>
        <Closed>0</Closed>
      </AnnualData>
      <AnnualData FiscalYear="2009-2010" ReportingOrganization="NOR">
        <HighestStepCompleted>02</HighestStepCompleted>
        <TotalAssessmentExpenditure>0.00</TotalAssessmentExpenditure>
        <TotalRemediationExpenditure>0.00</TotalRemediationExpenditure>
        <TotalCareMaintenanceExpenditure>0.00</TotalCareMaintenanceExpenditure>
        <TotalMonitoringExpenditure>0.00</TotalMonitoringExpenditure>
        <FCSAPAssessmentExpenditure>0.00</FCSAPAssessmentExpenditure>
        <FCSAPRemediationExpenditure>0.00</FCSAPRemediationExpenditure>
        <FCSAPCareMaintenanceExpenditure>0.00</FCSAPCareMaintenanceExpenditure>
        <FCSAPMonitoringExpenditure>0.00</FCSAPMonitoringExpenditure>
        <RemediationAmounts>
          <CubicMetres>0.0000</CubicMetres>
          <Hectares>0.0000</Hectares>
          <Tons>0.0000</Tons>
        </RemediationAmounts>
        <Closed>0</Closed>
      </AnnualData>
      <AnnualData FiscalYear="2008-2009" ReportingOrganization="NOR">
        <HighestStepCompleted>02</HighestStepCompleted>
        <TotalAssessmentExpenditure>8826.70</TotalAssessmentExpenditure>
        <TotalRemediationExpenditure>0.00</TotalRemediationExpenditure>
        <TotalCareMaintenanceExpenditure>0.00</TotalCareMaintenanceExpenditure>
        <TotalMonitoringExpenditure>0.00</TotalMonitoringExpenditure>
        <FCSAPAssessmentExpenditure>0.00</FCSAPAssessmentExpenditure>
        <FCSAPRemediationExpenditure>0.00</FCSAPRemediationExpenditure>
        <FCSAPCareMaintenanceExpenditure>0.00</FCSAPCareMaintenanceExpenditure>
        <FCSAPMonitoringExpenditure>0.00</FCSAPMonitoringExpenditure>
        <RemediationAmounts>
          <CubicMetres>0.0000</CubicMetres>
          <Hectares>0.0000</Hectares>
          <Tons>0.0000</Tons>
        </RemediationAmounts>
        <Closed>0</Closed>
      </AnnualData>
      <AnnualData FiscalYear="2007-2008" ReportingOrganization="NOR">
        <HighestStepCompleted>01</HighestStepCompleted>
        <TotalAssessmentExpenditure>928.82</TotalAssessmentExpenditure>
        <TotalRemediationExpenditure>0.00</TotalRemediationExpenditure>
        <TotalCareMaintenanceExpenditure>0.00</TotalCareMaintenanceExpenditure>
        <TotalMonitoringExpenditure>0.00</TotalMonitoringExpenditure>
        <FCSAPAssessmentExpenditure>743.06</FCSAPAssessmentExpenditure>
        <FCSAPRemediationExpenditure>0.00</FCSAPRemediationExpenditure>
        <FCSAPCareMaintenanceExpenditure>0.00</FCSAPCareMaintenanceExpenditure>
        <FCSAPMonitoringExpenditure>0.00</FCSAPMonitoringExpenditure>
        <RemediationAmounts>
          <CubicMetres>0.0000</CubicMetres>
          <Hectares>0.0000</Hectares>
          <Tons>0.0000</Tons>
        </RemediationAmounts>
        <Closed>0</Closed>
      </AnnualData>
    </Site>
    <Site FederalSiteIdentifier="00000041" ReportingOrganization="NOR" Created="2008-02-13T16:26:00" LastModified="2015-05-15T14:48:30.200">
      <Name>
        <EN xml:lang="en">COPPERMINE/KUGARYUAK RIVER</EN>
        <FR xml:lang="fr">Coppermine/Rivière Kugaryuak</FR>
      </Name>
      <SiteStatus>
        <Status>
          <EN xml:lang="en">Active</EN>
          <FR xml:lang="fr">Active</FR>
        </Status>
        <Description>
          <EN xml:lang="en">Detailed testing completed. Remediation / risk management planned.</EN>
          <FR xml:lang="fr">Analyse détaillée terminée. Stratégie d’assainissement ou mesures de gestion des risques prévues.</FR>
        </Description>
      </SiteStatus>
      <Classification>
        <Code>N</Code>
        <Name>
          <EN xml:lang="en">Not a Priority for Action</EN>
          <FR xml:lang="fr">Priorité d’intervention nulle</FR>
        </Name>
      </Classification>
      <ReasonForFederalInvolvement>
        <EN xml:lang="en">Other Canada Lands</EN>
        <FR xml:lang="fr">Autres Terres du Canada</FR>
      </ReasonForFederalInvolvement>
      <Location sgc="6208098" fed="001">
        <MiniMapURL>http://www.tbs-sct.gc.ca/fcsi-rscf/minimap.aspx?fsi=00000041</MiniMapURL>
        <Latitude>67.619167</Latitude>
        <Longitude>-113.523889</Longitude>
        <Municipality>Kitikmeot, Unorganized</Municipality>
        <Province>Nunavut</Province>
        <FederalElectoralDistrict>
          <EN xml:lang="en">Nunavut</EN>
          <FR xml:lang="fr">Nunavut</FR>
        </FederalElectoralDistrict>
        <Country>
          <EN xml:lang="en">Canada</EN>
          <FR xml:lang="fr">Canada</FR>
        </Country>
      </Location>
      <ManagementStrategy>
        <ManagementType code="5">
          <EN xml:lang="en">Additional assessment</EN>
          <FR xml:lang="fr">Évaluation complémentaire</FR>
        </ManagementType>
      </ManagementStrategy>
      <ContaminationDetails>
        <ContaminationEstimates>
          <CubicMetres>0.5000</CubicMetres>
          <Hectares>0.0000</Hectares>
          <Tons>0.0000</Tons>
        </ContaminationEstimates>
        <ContaminatedMedia>
          <Contamination code="11">
            <EN xml:lang="en">PHCs (petroleum hydrocarbons)</EN>
            <FR xml:lang="fr">HCP (hydrocarbures pétroliers)</FR>
          </Contamination>
          <Medium code="0">
            <EN xml:lang="en">Not Available</EN>
            <FR xml:lang="fr">Non disponible</FR>
          </Medium>
        </ContaminatedMedia>
      </ContaminationDetails>
      <ActionPlan>
        <EN xml:lang="en" />
        <FR xml:lang="fr" />
      </ActionPlan>
      <AdditionalInformation>
        <EN xml:lang="en" />
        <FR xml:lang="fr" />
      </AdditionalInformation>
      <AnnualData FiscalYear="2014-2015" ReportingOrganization="NOR">
        <HighestStepCompleted>05</HighestStepCompleted>
        <PlannedCompletionDateStep7>2017-2018</PlannedCompletionDateStep7>
        <PlannedCompletionDateStep8>2019-2020</PlannedCompletionDateStep8>
        <PlannedCompletionDateStep9>2020-2021</PlannedCompletionDateStep9>
        <TotalAssessmentExpenditure>0.00</TotalAssessmentExpenditure>
        <TotalRemediationExpenditure>0.00</TotalRemediationExpenditure>
        <TotalCareMaintenanceExpenditure>0.00</TotalCareMaintenanceExpenditure>
        <TotalMonitoringExpenditure>0.00</TotalMonitoringExpenditure>
        <FCSAPAssessmentExpenditure>0.00</FCSAPAssessmentExpenditure>
        <FCSAPRemediationExpenditure>0.00</FCSAPRemediationExpenditure>
        <FCSAPCareMaintenanceExpenditure>0.00</FCSAPCareMaintenanceExpenditure>
        <FCSAPMonitoringExpenditure>0.00</FCSAPMonitoringExpenditure>
        <RemediationAmounts>
          <CubicMetres>0.0000</CubicMetres>
          <Hectares>0.0000</Hectares>
          <Tons>0.0000</Tons>
        </RemediationAmounts>
        <Closed>0</Closed>
      </AnnualData>
      <AnnualData FiscalYear="2013-2014" ReportingOrganization="NOR">
        <HighestStepCompleted>04</HighestStepCompleted>
        <PlannedCompletionDateStep7>2017-2018</PlannedCompletionDateStep7>
        <PlannedCompletionDateStep8>2019-2020</PlannedCompletionDateStep8>
        <PlannedCompletionDateStep9>2020-2021</PlannedCompletionDateStep9>
        <TotalAssessmentExpenditure>0.00</TotalAssessmentExpenditure>
        <TotalRemediationExpenditure>0.00</TotalRemediationExpenditure>
        <TotalCareMaintenanceExpenditure>0.00</TotalCareMaintenanceExpenditure>
        <TotalMonitoringExpenditure>0.00</TotalMonitoringExpenditure>
        <FCSAPAssessmentExpenditure>0.00</FCSAPAssessmentExpenditure>
        <FCSAPRemediationExpenditure>0.00</FCSAPRemediationExpenditure>
        <FCSAPCareMaintenanceExpenditure>0.00</FCSAPCareMaintenanceExpenditure>
        <FCSAPMonitoringExpenditure>0.00</FCSAPMonitoringExpenditure>
        <RemediationAmounts>
          <CubicMetres>0.0000</CubicMetres>
          <Hectares>0.0000</Hectares>
          <Tons>0.0000</Tons>
        </RemediationAmounts>
        <Closed>0</Closed>
      </AnnualData>
      <AnnualData FiscalYear="2012-2013" ReportingOrganization="NOR">
        <HighestStepCompleted>04</HighestStepCompleted>
        <PlannedCompletionDateStep7>2017-2018</PlannedCompletionDateStep7>
        <PlannedCompletionDateStep8>2019-2020</PlannedCompletionDateStep8>
        <PlannedCompletionDateStep9>2020-2021</PlannedCompletionDateStep9>
        <TotalAssessmentExpenditure>0.00</TotalAssessmentExpenditure>
        <TotalRemediationExpenditure>0.00</TotalRemediationExpenditure>
        <TotalCareMaintenanceExpenditure>0.00</TotalCareMaintenanceExpenditure>
        <TotalMonitoringExpenditure>0.00</TotalMonitoringExpenditure>
        <FCSAPAssessmentExpenditure>0.00</FCSAPAssessmentExpenditure>
        <FCSAPRemediationExpenditure>0.00</FCSAPRemediationExpenditure>
        <FCSAPCareMaintenanceExpenditure>0.00</FCSAPCareMaintenanceExpenditure>
        <FCSAPMonitoringExpenditure>0.00</FCSAPMonitoringExpenditure>
        <RemediationAmounts>
          <CubicMetres>0.0000</CubicMetres>
          <Hectares>0.0000</Hectares>
          <Tons>0.0000</Tons>
        </RemediationAmounts>
        <Closed>0</Closed>
      </AnnualData>
      <AnnualData FiscalYear="2011-2012" ReportingOrganization="NOR">
        <HighestStepCompleted>04</HighestStepCompleted>
        <TotalAssessmentExpenditure>0.00</TotalAssessmentExpenditure>
        <TotalRemediationExpenditure>0.00</TotalRemediationExpenditure>
        <TotalCareMaintenanceExpenditure>0.00</TotalCareMaintenanceExpenditure>
        <TotalMonitoringExpenditure>0.00</TotalMonitoringExpenditure>
        <FCSAPAssessmentExpenditure>0.00</FCSAPAssessmentExpenditure>
        <FCSAPRemediationExpenditure>0.00</FCSAPRemediationExpenditure>
        <FCSAPCareMaintenanceExpenditure>0.00</FCSAPCareMaintenanceExpenditure>
        <FCSAPMonitoringExpenditure>0.00</FCSAPMonitoringExpenditure>
        <RemediationAmounts>
          <CubicMetres>0.0000</CubicMetres>
          <Hectares>0.0000</Hectares>
          <Tons>0.0000</Tons>
        </RemediationAmounts>
        <Closed>0</Closed>
      </AnnualData>
      <AnnualData FiscalYear="2010-2011" ReportingOrganization="NOR">
        <HighestStepCompleted>04</HighestStepCompleted>
        <TotalAssessmentExpenditure>0.00</TotalAssessmentExpenditure>
        <TotalRemediationExpenditure>0.00</TotalRemediationExpenditure>
        <TotalCareMaintenanceExpenditure>0.00</TotalCareMaintenanceExpenditure>
        <TotalMonitoringExpenditure>0.00</TotalMonitoringExpenditure>
        <FCSAPAssessmentExpenditure>0.00</FCSAPAssessmentExpenditure>
        <FCSAPRemediationExpenditure>0.00</FCSAPRemediationExpenditure>
        <FCSAPCareMaintenanceExpenditure>0.00</FCSAPCareMaintenanceExpenditure>
        <FCSAPMonitoringExpenditure>0.00</FCSAPMonitoringExpenditure>
        <RemediationAmounts>
          <CubicMetres>0.0000</CubicMetres>
          <Hectares>0.0000</Hectares>
          <Tons>0.0000</Tons>
        </RemediationAmounts>
        <Closed>0</Closed>
      </AnnualData>
      <AnnualData FiscalYear="2009-2010" ReportingOrganization="NOR">
        <HighestStepCompleted>04</HighestStepCompleted>
        <TotalAssessmentExpenditure>0.00</TotalAssessmentExpenditure>
        <TotalRemediationExpenditure>0.00</TotalRemediationExpenditure>
        <TotalCareMaintenanceExpenditure>0.00</TotalCareMaintenanceExpenditure>
        <TotalMonitoringExpenditure>0.00</TotalMonitoringExpenditure>
        <FCSAPAssessmentExpenditure>0.00</FCSAPAssessmentExpenditure>
        <FCSAPRemediationExpenditure>0.00</FCSAPRemediationExpenditure>
        <FCSAPCareMaintenanceExpenditure>0.00</FCSAPCareMaintenanceExpenditure>
        <FCSAPMonitoringExpenditure>0.00</FCSAPMonitoringExpenditure>
        <RemediationAmounts>
          <CubicMetres>0.0000</CubicMetres>
          <Hectares>0.0000</Hectares>
          <Tons>0.0000</Tons>
        </RemediationAmounts>
        <Closed>0</Closed>
      </AnnualData>
      <AnnualData FiscalYear="2008-2009" ReportingOrganization="NOR">
        <HighestStepCompleted>04</HighestStepCompleted>
        <TotalAssessmentExpenditure>8826.70</TotalAssessmentExpenditure>
        <TotalRemediationExpenditure>0.00</TotalRemediationExpenditure>
        <TotalCareMaintenanceExpenditure>0.00</TotalCareMaintenanceExpenditure>
        <TotalMonitoringExpenditure>0.00</TotalMonitoringExpenditure>
        <FCSAPAssessmentExpenditure>0.00</FCSAPAssessmentExpenditure>
        <FCSAPRemediationExpenditure>0.00</FCSAPRemediationExpenditure>
        <FCSAPCareMaintenanceExpenditure>0.00</FCSAPCareMaintenanceExpenditure>
        <FCSAPMonitoringExpenditure>0.00</FCSAPMonitoringExpenditure>
        <RemediationAmounts>
          <CubicMetres>0.0000</CubicMetres>
          <Hectares>0.0000</Hectares>
          <Tons>0.0000</Tons>
        </RemediationAmounts>
        <Closed>0</Closed>
      </AnnualData>
      <AnnualData FiscalYear="2007-2008" ReportingOrganization="NOR">
        <HighestStepCompleted>01</HighestStepCompleted>
        <TotalAssessmentExpenditure>928.82</TotalAssessmentExpenditure>
        <TotalRemediationExpenditure>0.00</TotalRemediationExpenditure>
        <TotalCareMaintenanceExpenditure>0.00</TotalCareMaintenanceExpenditure>
        <TotalMonitoringExpenditure>0.00</TotalMonitoringExpenditure>
        <FCSAPAssessmentExpenditure>743.06</FCSAPAssessmentExpenditure>
        <FCSAPRemediationExpenditure>0.00</FCSAPRemediationExpenditure>
        <FCSAPCareMaintenanceExpenditure>0.00</FCSAPCareMaintenanceExpenditure>
        <FCSAPMonitoringExpenditure>0.00</FCSAPMonitoringExpenditure>
        <RemediationAmounts>
          <CubicMetres>0.0000</CubicMetres>
          <Hectares>0.0000</Hectares>
          <Tons>0.0000</Tons>
        </RemediationAmounts>
        <Closed>0</Closed>
      </AnnualData>
    </Site>
    <Site FederalSiteIdentifier="00000042" ReportingOrganization="NOR" Created="2008-02-13T16:26:00" LastModified="2015-06-12T14:47:00">
      <Name>
        <EN xml:lang="en">COPPERMINE/RUVIERE LAKE</EN>
        <FR xml:lang="fr">Coppermine/Lac Ruviere</FR>
      </Name>
      <SiteStatus>
        <Status>
          <EN xml:lang="en">Active</EN>
          <FR xml:lang="fr">Active</FR>
        </Status>
        <Description>
          <EN xml:lang="en">Initial testing completed. Detailed testing underway.</EN>
          <FR xml:lang="fr">Première analyse terminée. Analyse détaillée en cours.</FR>
        </Description>
      </SiteStatus>
      <Classification>
        <Name>
          <EN xml:lang="en" />
          <FR xml:lang="fr" />
        </Name>
      </Classification>
      <ReasonForFederalInvolvement>
        <EN xml:lang="en">Other Canada Lands</EN>
        <FR xml:lang="fr">Autres Terres du Canada</FR>
      </ReasonForFederalInvolvement>
      <Location sgc="6208098" fed="001">
        <MiniMapURL>http://www.tbs-sct.gc.ca/fcsi-rscf/minimap.aspx?fsi=00000042</MiniMapURL>
        <Latitude>67.213333</Latitude>
        <Longitude>-117.470556</Longitude>
        <Municipality>Kitikmeot, Unorganized</Municipality>
        <Province>Nunavut</Province>
        <FederalElectoralDistrict>
          <EN xml:lang="en">Nunavut</EN>
          <FR xml:lang="fr">Nunavut</FR>
        </FederalElectoralDistrict>
        <Country>
          <EN xml:lang="en">Canada</EN>
          <FR xml:lang="fr">Canada</FR>
        </Country>
      </Location>
      <ContaminationDetails>
        <ContaminationEstimates>
          <CubicMetres>0.0000</CubicMetres>
          <Hectares>0.0000</Hectares>
          <Tons>0.0000</Tons>
        </ContaminationEstimates>
      </ContaminationDetails>
      <ActionPlan>
        <EN xml:lang="en" />
        <FR xml:lang="fr" />
      </ActionPlan>
      <AdditionalInformation>
        <EN xml:lang="en" />
        <FR xml:lang="fr" />
      </AdditionalInformation>
      <AnnualData FiscalYear="2014-2015" ReportingOrganization="NOR">
        <HighestStepCompleted>03</HighestStepCompleted>
        <TotalAssessmentExpenditure>0.00</TotalAssessmentExpenditure>
        <TotalRemediationExpenditure>0.00</TotalRemediationExpenditure>
        <TotalCareMaintenanceExpenditure>0.00</TotalCareMaintenanceExpenditure>
        <TotalMonitoringExpenditure>0.00</TotalMonitoringExpenditure>
        <FCSAPAssessmentExpenditure>0.00</FCSAPAssessmentExpenditure>
        <FCSAPRemediationExpenditure>0.00</FCSAPRemediationExpenditure>
        <FCSAPCareMaintenanceExpenditure>0.00</FCSAPCareMaintenanceExpenditure>
        <FCSAPMonitoringExpenditure>0.00</FCSAPMonitoringExpenditure>
        <RemediationAmounts>
          <CubicMetres>0.0000</CubicMetres>
          <Hectares>0.0000</Hectares>
          <Tons>0.0000</Tons>
        </RemediationAmounts>
        <Closed>0</Closed>
      </AnnualData>
      <AnnualData FiscalYear="2013-2014" ReportingOrganization="NOR">
        <HighestStepCompleted>03</HighestStepCompleted>
        <TotalAssessmentExpenditure>0.00</TotalAssessmentExpenditure>
        <TotalRemediationExpenditure>0.00</TotalRemediationExpenditure>
        <TotalCareMaintenanceExpenditure>0.00</TotalCareMaintenanceExpenditure>
        <TotalMonitoringExpenditure>0.00</TotalMonitoringExpenditure>
        <FCSAPAssessmentExpenditure>0.00</FCSAPAssessmentExpenditure>
        <FCSAPRemediationExpenditure>0.00</FCSAPRemediationExpenditure>
        <FCSAPCareMaintenanceExpenditure>0.00</FCSAPCareMaintenanceExpenditure>
        <FCSAPMonitoringExpenditure>0.00</FCSAPMonitoringExpenditure>
        <RemediationAmounts>
          <CubicMetres>0.0000</CubicMetres>
          <Hectares>0.0000</Hectares>
          <Tons>0.0000</Tons>
        </RemediationAmounts>
        <Closed>0</Closed>
      </AnnualData>
      <AnnualData FiscalYear="2012-2013" ReportingOrganization="NOR">
        <HighestStepCompleted>03</HighestStepCompleted>
        <TotalAssessmentExpenditure>0.00</TotalAssessmentExpenditure>
        <TotalRemediationExpenditure>0.00</TotalRemediationExpenditure>
        <TotalCareMaintenanceExpenditure>0.00</TotalCareMaintenanceExpenditure>
        <TotalMonitoringExpenditure>0.00</TotalMonitoringExpenditure>
        <FCSAPAssessmentExpenditure>0.00</FCSAPAssessmentExpenditure>
        <FCSAPRemediationExpenditure>0.00</FCSAPRemediationExpenditure>
        <FCSAPCareMaintenanceExpenditure>0.00</FCSAPCareMaintenanceExpenditure>
        <FCSAPMonitoringExpenditure>0.00</FCSAPMonitoringExpenditure>
        <RemediationAmounts>
          <CubicMetres>0.0000</CubicMetres>
          <Hectares>0.0000</Hectares>
          <Tons>0.0000</Tons>
        </RemediationAmounts>
        <Closed>0</Closed>
      </AnnualData>
      <AnnualData FiscalYear="2011-2012" ReportingOrganization="NOR">
        <HighestStepCompleted>03</HighestStepCompleted>
        <TotalAssessmentExpenditure>0.00</TotalAssessmentExpenditure>
        <TotalRemediationExpenditure>0.00</TotalRemediationExpenditure>
        <TotalCareMaintenanceExpenditure>0.00</TotalCareMaintenanceExpenditure>
        <TotalMonitoringExpenditure>0.00</TotalMonitoringExpenditure>
        <FCSAPAssessmentExpenditure>0.00</FCSAPAssessmentExpenditure>
        <FCSAPRemediationExpenditure>0.00</FCSAPRemediationExpenditure>
        <FCSAPCareMaintenanceExpenditure>0.00</FCSAPCareMaintenanceExpenditure>
        <FCSAPMonitoringExpenditure>0.00</FCSAPMonitoringExpenditure>
        <RemediationAmounts>
          <CubicMetres>0.0000</CubicMetres>
          <Hectares>0.0000</Hectares>
          <Tons>0.0000</Tons>
        </RemediationAmounts>
        <Closed>0</Closed>
      </AnnualData>
      <AnnualData FiscalYear="2010-2011" ReportingOrganization="NOR">
        <HighestStepCompleted>03</HighestStepCompleted>
        <TotalAssessmentExpenditure>0.00</TotalAssessmentExpenditure>
        <TotalRemediationExpenditure>0.00</TotalRemediationExpenditure>
        <TotalCareMaintenanceExpenditure>0.00</TotalCareMaintenanceExpenditure>
        <TotalMonitoringExpenditure>0.00</TotalMonitoringExpenditure>
        <FCSAPAssessmentExpenditure>0.00</FCSAPAssessmentExpenditure>
        <FCSAPRemediationExpenditure>0.00</FCSAPRemediationExpenditure>
        <FCSAPCareMaintenanceExpenditure>0.00</FCSAPCareMaintenanceExpenditure>
        <FCSAPMonitoringExpenditure>0.00</FCSAPMonitoringExpenditure>
        <RemediationAmounts>
          <CubicMetres>0.0000</CubicMetres>
          <Hectares>0.0000</Hectares>
          <Tons>0.0000</Tons>
        </RemediationAmounts>
        <Closed>0</Closed>
      </AnnualData>
      <AnnualData FiscalYear="2009-2010" ReportingOrganization="NOR">
        <HighestStepCompleted>03</HighestStepCompleted>
        <TotalAssessmentExpenditure>0.00</TotalAssessmentExpenditure>
        <TotalRemediationExpenditure>0.00</TotalRemediationExpenditure>
        <TotalCareMaintenanceExpenditure>0.00</TotalCareMaintenanceExpenditure>
        <TotalMonitoringExpenditure>0.00</TotalMonitoringExpenditure>
        <FCSAPAssessmentExpenditure>0.00</FCSAPAssessmentExpenditure>
        <FCSAPRemediationExpenditure>0.00</FCSAPRemediationExpenditure>
        <FCSAPCareMaintenanceExpenditure>0.00</FCSAPCareMaintenanceExpenditure>
        <FCSAPMonitoringExpenditure>0.00</FCSAPMonitoringExpenditure>
        <RemediationAmounts>
          <CubicMetres>0.0000</CubicMetres>
          <Hectares>0.0000</Hectares>
          <Tons>0.0000</Tons>
        </RemediationAmounts>
        <Closed>0</Closed>
      </AnnualData>
      <AnnualData FiscalYear="2008-2009" ReportingOrganization="NOR">
        <HighestStepCompleted>03</HighestStepCompleted>
        <TotalAssessmentExpenditure>8826.70</TotalAssessmentExpenditure>
        <TotalRemediationExpenditure>0.00</TotalRemediationExpenditure>
        <TotalCareMaintenanceExpenditure>0.00</TotalCareMaintenanceExpenditure>
        <TotalMonitoringExpenditure>0.00</TotalMonitoringExpenditure>
        <FCSAPAssessmentExpenditure>0.00</FCSAPAssessmentExpenditure>
        <FCSAPRemediationExpenditure>0.00</FCSAPRemediationExpenditure>
        <FCSAPCareMaintenanceExpenditure>0.00</FCSAPCareMaintenanceExpenditure>
        <FCSAPMonitoringExpenditure>0.00</FCSAPMonitoringExpenditure>
        <RemediationAmounts>
          <CubicMetres>0.0000</CubicMetres>
          <Hectares>0.0000</Hectares>
          <Tons>0.0000</Tons>
        </RemediationAmounts>
        <Closed>0</Closed>
      </AnnualData>
      <AnnualData FiscalYear="2007-2008" ReportingOrganization="NOR">
        <HighestStepCompleted>01</HighestStepCompleted>
        <TotalAssessmentExpenditure>928.82</TotalAssessmentExpenditure>
        <TotalRemediationExpenditure>0.00</TotalRemediationExpenditure>
        <TotalCareMaintenanceExpenditure>0.00</TotalCareMaintenanceExpenditure>
        <TotalMonitoringExpenditure>0.00</TotalMonitoringExpenditure>
        <FCSAPAssessmentExpenditure>743.06</FCSAPAssessmentExpenditure>
        <FCSAPRemediationExpenditure>0.00</FCSAPRemediationExpenditure>
        <FCSAPCareMaintenanceExpenditure>0.00</FCSAPCareMaintenanceExpenditure>
        <FCSAPMonitoringExpenditure>0.00</FCSAPMonitoringExpenditure>
        <RemediationAmounts>
          <CubicMetres>0.0000</CubicMetres>
          <Hectares>0.0000</Hectares>
          <Tons>0.0000</Tons>
        </RemediationAmounts>
        <Closed>0</Closed>
      </AnnualData>
    </Site>
    <Site FederalSiteIdentifier="00000043" ReportingOrganization="NOR" Created="2008-02-13T16:26:00" LastModified="2014-05-06T15:46:00">
      <Name>
        <EN xml:lang="en">CORONATION GULF #2</EN>
        <FR xml:lang="fr">GOLFE CORONATION No 2</FR>
      </Name>
      <SiteStatus>
        <Status>
          <EN xml:lang="en">Closed</EN>
          <FR xml:lang="fr">Fermé</FR>
        </Status>
        <Description>
          <EN xml:lang="en">Historical review not required.</EN>
          <FR xml:lang="fr">Aucun examen historique nécessaire.</FR>
        </Description>
      </SiteStatus>
      <Classification>
        <Code>N</Code>
        <Name>
          <EN xml:lang="en">Not a Priority for Action</EN>
          <FR xml:lang="fr">Priorité d’intervention nulle</FR>
        </Name>
      </Classification>
      <ReasonForFederalInvolvement>
        <EN xml:lang="en">Other Canada Lands</EN>
        <FR xml:lang="fr">Autres Terres du Canada</FR>
      </ReasonForFederalInvolvement>
      <Location sgc="6208098" fed="001">
        <MiniMapURL>http://www.tbs-sct.gc.ca/fcsi-rscf/minimap.aspx?fsi=00000043</MiniMapURL>
        <Latitude>67.817778</Latitude>
        <Longitude>-114.771667</Longitude>
        <Municipality>Kitikmeot, Unorganized</Municipality>
        <Province>Nunavut</Province>
        <FederalElectoralDistrict>
          <EN xml:lang="en">Nunavut</EN>
          <FR xml:lang="fr">Nunavut</FR>
        </FederalElectoralDistrict>
        <Country>
          <EN xml:lang="en">Canada</EN>
          <FR xml:lang="fr">Canada</FR>
        </Country>
      </Location>
      <ActionPlan>
        <EN xml:lang="en" />
        <FR xml:lang="fr" />
      </ActionPlan>
      <AdditionalInformation>
        <EN xml:lang="en" />
        <FR xml:lang="fr" />
      </AdditionalInformation>
      <PopulationCounts>
        <KM1>0</KM1>
        <KM5>42</KM5>
        <KM10>243</KM10>
        <KM25>1306</KM25>
        <KM50>2050</KM50>
      </PopulationCounts>
      <AnnualData FiscalYear="2013-2014" ReportingOrganization="NOR">
        <HighestStepCompleted>01</HighestStepCompleted>
        <TotalAssessmentExpenditure>0.00</TotalAssessmentExpenditure>
        <TotalRemediationExpenditure>0.00</TotalRemediationExpenditure>
        <TotalCareMaintenanceExpenditure>0.00</TotalCareMaintenanceExpenditure>
        <TotalMonitoringExpenditure>0.00</TotalMonitoringExpenditure>
        <FCSAPAssessmentExpenditure>0.00</FCSAPAssessmentExpenditure>
        <FCSAPRemediationExpenditure>0.00</FCSAPRemediationExpenditure>
        <FCSAPCareMaintenanceExpenditure>0.00</FCSAPCareMaintenanceExpenditure>
        <FCSAPMonitoringExpenditure>0.00</FCSAPMonitoringExpenditure>
        <RemediationAmounts>
          <CubicMetres>0.0000</CubicMetres>
          <Hectares>0.0000</Hectares>
          <Tons>0.0000</Tons>
        </RemediationAmounts>
        <Closed>1</Closed>
      </AnnualData>
      <AnnualData FiscalYear="2012-2013" ReportingOrganization="NOR">
        <HighestStepCompleted>01</HighestStepCompleted>
        <TotalAssessmentExpenditure>0.00</TotalAssessmentExpenditure>
        <TotalRemediationExpenditure>0.00</TotalRemediationExpenditure>
        <TotalCareMaintenanceExpenditure>0.00</TotalCareMaintenanceExpenditure>
        <TotalMonitoringExpenditure>0.00</TotalMonitoringExpenditure>
        <FCSAPAssessmentExpenditure>0.00</FCSAPAssessmentExpenditure>
        <FCSAPRemediationExpenditure>0.00</FCSAPRemediationExpenditure>
        <FCSAPCareMaintenanceExpenditure>0.00</FCSAPCareMaintenanceExpenditure>
        <FCSAPMonitoringExpenditure>0.00</FCSAPMonitoringExpenditure>
        <RemediationAmounts>
          <CubicMetres>0.0000</CubicMetres>
          <Hectares>0.0000</Hectares>
          <Tons>0.0000</Tons>
        </RemediationAmounts>
        <Closed>0</Closed>
      </AnnualData>
      <AnnualData FiscalYear="2011-2012" ReportingOrganization="NOR">
        <HighestStepCompleted>01</HighestStepCompleted>
        <TotalAssessmentExpenditure>0.00</TotalAssessmentExpenditure>
        <TotalRemediationExpenditure>0.00</TotalRemediationExpenditure>
        <TotalCareMaintenanceExpenditure>0.00</TotalCareMaintenanceExpenditure>
        <TotalMonitoringExpenditure>0.00</TotalMonitoringExpenditure>
        <FCSAPAssessmentExpenditure>0.00</FCSAPAssessmentExpenditure>
        <FCSAPRemediationExpenditure>0.00</FCSAPRemediationExpenditure>
        <FCSAPCareMaintenanceExpenditure>0.00</FCSAPCareMaintenanceExpenditure>
        <FCSAPMonitoringExpenditure>0.00</FCSAPMonitoringExpenditure>
        <RemediationAmounts>
          <CubicMetres>0.0000</CubicMetres>
          <Hectares>0.0000</Hectares>
          <Tons>0.0000</Tons>
        </RemediationAmounts>
        <Closed>0</Closed>
      </AnnualData>
      <AnnualData FiscalYear="2010-2011" ReportingOrganization="NOR">
        <HighestStepCompleted>01</HighestStepCompleted>
        <TotalAssessmentExpenditure>0.00</TotalAssessmentExpenditure>
        <TotalRemediationExpenditure>0.00</TotalRemediationExpenditure>
        <TotalCareMaintenanceExpenditure>0.00</TotalCareMaintenanceExpenditure>
        <TotalMonitoringExpenditure>0.00</TotalMonitoringExpenditure>
        <FCSAPAssessmentExpenditure>0.00</FCSAPAssessmentExpenditure>
        <FCSAPRemediationExpenditure>0.00</FCSAPRemediationExpenditure>
        <FCSAPCareMaintenanceExpenditure>0.00</FCSAPCareMaintenanceExpenditure>
        <FCSAPMonitoringExpenditure>0.00</FCSAPMonitoringExpenditure>
        <RemediationAmounts>
          <CubicMetres>0.0000</CubicMetres>
          <Hectares>0.0000</Hectares>
          <Tons>0.0000</Tons>
        </RemediationAmounts>
        <Closed>0</Closed>
      </AnnualData>
      <AnnualData FiscalYear="2009-2010" ReportingOrganization="NOR">
        <HighestStepCompleted>01</HighestStepCompleted>
        <TotalAssessmentExpenditure>0.00</TotalAssessmentExpenditure>
        <TotalRemediationExpenditure>0.00</TotalRemediationExpenditure>
        <TotalCareMaintenanceExpenditure>0.00</TotalCareMaintenanceExpenditure>
        <TotalMonitoringExpenditure>0.00</TotalMonitoringExpenditure>
        <FCSAPAssessmentExpenditure>0.00</FCSAPAssessmentExpenditure>
        <FCSAPRemediationExpenditure>0.00</FCSAPRemediationExpenditure>
        <FCSAPCareMaintenanceExpenditure>0.00</FCSAPCareMaintenanceExpenditure>
        <FCSAPMonitoringExpenditure>0.00</FCSAPMonitoringExpenditure>
        <RemediationAmounts>
          <CubicMetres>0.0000</CubicMetres>
          <Hectares>0.0000</Hectares>
          <Tons>0.0000</Tons>
        </RemediationAmounts>
        <Closed>0</Closed>
      </AnnualData>
      <AnnualData FiscalYear="2008-2009" ReportingOrganization="NOR">
        <HighestStepCompleted>01</HighestStepCompleted>
        <TotalAssessmentExpenditure>8826.70</TotalAssessmentExpenditure>
        <TotalRemediationExpenditure>0.00</TotalRemediationExpenditure>
        <TotalCareMaintenanceExpenditure>0.00</TotalCareMaintenanceExpenditure>
        <TotalMonitoringExpenditure>0.00</TotalMonitoringExpenditure>
        <FCSAPAssessmentExpenditure>0.00</FCSAPAssessmentExpenditure>
        <FCSAPRemediationExpenditure>0.00</FCSAPRemediationExpenditure>
        <FCSAPCareMaintenanceExpenditure>0.00</FCSAPCareMaintenanceExpenditure>
        <FCSAPMonitoringExpenditure>0.00</FCSAPMonitoringExpenditure>
        <RemediationAmounts>
          <CubicMetres>0.0000</CubicMetres>
          <Hectares>0.0000</Hectares>
          <Tons>0.0000</Tons>
        </RemediationAmounts>
        <Closed>0</Closed>
      </AnnualData>
      <AnnualData FiscalYear="2007-2008" ReportingOrganization="NOR">
        <HighestStepCompleted>01</HighestStepCompleted>
        <TotalAssessmentExpenditure>928.82</TotalAssessmentExpenditure>
        <TotalRemediationExpenditure>0.00</TotalRemediationExpenditure>
        <TotalCareMaintenanceExpenditure>0.00</TotalCareMaintenanceExpenditure>
        <TotalMonitoringExpenditure>0.00</TotalMonitoringExpenditure>
        <FCSAPAssessmentExpenditure>743.06</FCSAPAssessmentExpenditure>
        <FCSAPRemediationExpenditure>0.00</FCSAPRemediationExpenditure>
        <FCSAPCareMaintenanceExpenditure>0.00</FCSAPCareMaintenanceExpenditure>
        <FCSAPMonitoringExpenditure>0.00</FCSAPMonitoringExpenditure>
        <RemediationAmounts>
          <CubicMetres>0.0000</CubicMetres>
          <Hectares>0.0000</Hectares>
          <Tons>0.0000</Tons>
        </RemediationAmounts>
        <Closed>0</Closed>
      </AnnualData>
    </Site>
    <Site FederalSiteIdentifier="00000044" ReportingOrganization="NOR" Created="2008-02-13T16:27:00" LastModified="2015-05-12T16:37:00">
      <Name>
        <EN xml:lang="en">CORONATION GULF #4</EN>
        <FR xml:lang="fr">GOLFE CORONATION No 4</FR>
      </Name>
      <SiteStatus>
        <Status>
          <EN xml:lang="en">Active</EN>
          <FR xml:lang="fr">Active</FR>
        </Status>
        <Description>
          <EN xml:lang="en">Initial testing completed. Detailed testing underway.</EN>
          <FR xml:lang="fr">Première analyse terminée. Analyse détaillée en cours.</FR>
        </Description>
      </SiteStatus>
      <Classification>
        <Name>
          <EN xml:lang="en" />
          <FR xml:lang="fr" />
        </Name>
      </Classification>
      <ReasonForFederalInvolvement>
        <EN xml:lang="en">Other Canada Lands</EN>
        <FR xml:lang="fr">Autres Terres du Canada</FR>
      </ReasonForFederalInvolvement>
      <Location sgc="6208059" fed="001">
        <MiniMapURL>http://www.tbs-sct.gc.ca/fcsi-rscf/minimap.aspx?fsi=00000044</MiniMapURL>
        <Latitude>67.823611</Latitude>
        <Longitude>-114.956944</Longitude>
        <Municipality>Kugluktuk</Municipality>
        <Province>Nunavut</Province>
        <FederalElectoralDistrict>
          <EN xml:lang="en">Nunavut</EN>
          <FR xml:lang="fr">Nunavut</FR>
        </FederalElectoralDistrict>
        <Country>
          <EN xml:lang="en">Canada</EN>
          <FR xml:lang="fr">Canada</FR>
        </Country>
      </Location>
      <ContaminationDetails>
        <ContaminationEstimates>
          <CubicMetres>0.0000</CubicMetres>
          <Hectares>0.0000</Hectares>
          <Tons>0.0000</Tons>
        </ContaminationEstimates>
      </ContaminationDetails>
      <ActionPlan>
        <EN xml:lang="en" />
        <FR xml:lang="fr" />
      </ActionPlan>
      <AdditionalInformation>
        <EN xml:lang="en" />
        <FR xml:lang="fr" />
      </AdditionalInformation>
      <PopulationCounts>
        <KM1>9</KM1>
        <KM5>230</KM5>
        <KM10>611</KM10>
        <KM25>1751</KM25>
        <KM50>2050</KM50>
      </PopulationCounts>
      <AnnualData FiscalYear="2014-2015" ReportingOrganization="NOR">
        <HighestStepCompleted>03</HighestStepCompleted>
        <TotalAssessmentExpenditure>0.00</TotalAssessmentExpenditure>
        <TotalRemediationExpenditure>0.00</TotalRemediationExpenditure>
        <TotalCareMaintenanceExpenditure>0.00</TotalCareMaintenanceExpenditure>
        <TotalMonitoringExpenditure>0.00</TotalMonitoringExpenditure>
        <FCSAPAssessmentExpenditure>0.00</FCSAPAssessmentExpenditure>
        <FCSAPRemediationExpenditure>0.00</FCSAPRemediationExpenditure>
        <FCSAPCareMaintenanceExpenditure>0.00</FCSAPCareMaintenanceExpenditure>
        <FCSAPMonitoringExpenditure>0.00</FCSAPMonitoringExpenditure>
        <RemediationAmounts>
          <CubicMetres>0.0000</CubicMetres>
          <Hectares>0.0000</Hectares>
          <Tons>0.0000</Tons>
        </RemediationAmounts>
        <Closed>0</Closed>
      </AnnualData>
      <AnnualData FiscalYear="2013-2014" ReportingOrganization="NOR">
        <HighestStepCompleted>02</HighestStepCompleted>
        <TotalAssessmentExpenditure>0.00</TotalAssessmentExpenditure>
        <TotalRemediationExpenditure>0.00</TotalRemediationExpenditure>
        <TotalCareMaintenanceExpenditure>0.00</TotalCareMaintenanceExpenditure>
        <TotalMonitoringExpenditure>0.00</TotalMonitoringExpenditure>
        <FCSAPAssessmentExpenditure>0.00</FCSAPAssessmentExpenditure>
        <FCSAPRemediationExpenditure>0.00</FCSAPRemediationExpenditure>
        <FCSAPCareMaintenanceExpenditure>0.00</FCSAPCareMaintenanceExpenditure>
        <FCSAPMonitoringExpenditure>0.00</FCSAPMonitoringExpenditure>
        <RemediationAmounts>
          <CubicMetres>0.0000</CubicMetres>
          <Hectares>0.0000</Hectares>
          <Tons>0.0000</Tons>
        </RemediationAmounts>
        <Closed>0</Closed>
      </AnnualData>
      <AnnualData FiscalYear="2012-2013" ReportingOrganization="NOR">
        <HighestStepCompleted>02</HighestStepCompleted>
        <TotalAssessmentExpenditure>0.00</TotalAssessmentExpenditure>
        <TotalRemediationExpenditure>0.00</TotalRemediationExpenditure>
        <TotalCareMaintenanceExpenditure>0.00</TotalCareMaintenanceExpenditure>
        <TotalMonitoringExpenditure>0.00</TotalMonitoringExpenditure>
        <FCSAPAssessmentExpenditure>0.00</FCSAPAssessmentExpenditure>
        <FCSAPRemediationExpenditure>0.00</FCSAPRemediationExpenditure>
        <FCSAPCareMaintenanceExpenditure>0.00</FCSAPCareMaintenanceExpenditure>
        <FCSAPMonitoringExpenditure>0.00</FCSAPMonitoringExpenditure>
        <RemediationAmounts>
          <CubicMetres>0.0000</CubicMetres>
          <Hectares>0.0000</Hectares>
          <Tons>0.0000</Tons>
        </RemediationAmounts>
        <Closed>0</Closed>
      </AnnualData>
      <AnnualData FiscalYear="2011-2012" ReportingOrganization="NOR">
        <HighestStepCompleted>02</HighestStepCompleted>
        <TotalAssessmentExpenditure>0.00</TotalAssessmentExpenditure>
        <TotalRemediationExpenditure>0.00</TotalRemediationExpenditure>
        <TotalCareMaintenanceExpenditure>0.00</TotalCareMaintenanceExpenditure>
        <TotalMonitoringExpenditure>0.00</TotalMonitoringExpenditure>
        <FCSAPAssessmentExpenditure>0.00</FCSAPAssessmentExpenditure>
        <FCSAPRemediationExpenditure>0.00</FCSAPRemediationExpenditure>
        <FCSAPCareMaintenanceExpenditure>0.00</FCSAPCareMaintenanceExpenditure>
        <FCSAPMonitoringExpenditure>0.00</FCSAPMonitoringExpenditure>
        <RemediationAmounts>
          <CubicMetres>0.0000</CubicMetres>
          <Hectares>0.0000</Hectares>
          <Tons>0.0000</Tons>
        </RemediationAmounts>
        <Closed>0</Closed>
      </AnnualData>
      <AnnualData FiscalYear="2010-2011" ReportingOrganization="NOR">
        <HighestStepCompleted>02</HighestStepCompleted>
        <TotalAssessmentExpenditure>0.00</TotalAssessmentExpenditure>
        <TotalRemediationExpenditure>0.00</TotalRemediationExpenditure>
        <TotalCareMaintenanceExpenditure>0.00</TotalCareMaintenanceExpenditure>
        <TotalMonitoringExpenditure>0.00</TotalMonitoringExpenditure>
        <FCSAPAssessmentExpenditure>0.00</FCSAPAssessmentExpenditure>
        <FCSAPRemediationExpenditure>0.00</FCSAPRemediationExpenditure>
        <FCSAPCareMaintenanceExpenditure>0.00</FCSAPCareMaintenanceExpenditure>
        <FCSAPMonitoringExpenditure>0.00</FCSAPMonitoringExpenditure>
        <RemediationAmounts>
          <CubicMetres>0.0000</CubicMetres>
          <Hectares>0.0000</Hectares>
          <Tons>0.0000</Tons>
        </RemediationAmounts>
        <Closed>0</Closed>
      </AnnualData>
      <AnnualData FiscalYear="2009-2010" ReportingOrganization="NOR">
        <HighestStepCompleted>02</HighestStepCompleted>
        <TotalAssessmentExpenditure>0.00</TotalAssessmentExpenditure>
        <TotalRemediationExpenditure>0.00</TotalRemediationExpenditure>
        <TotalCareMaintenanceExpenditure>0.00</TotalCareMaintenanceExpenditure>
        <TotalMonitoringExpenditure>0.00</TotalMonitoringExpenditure>
        <FCSAPAssessmentExpenditure>0.00</FCSAPAssessmentExpenditure>
        <FCSAPRemediationExpenditure>0.00</FCSAPRemediationExpenditure>
        <FCSAPCareMaintenanceExpenditure>0.00</FCSAPCareMaintenanceExpenditure>
        <FCSAPMonitoringExpenditure>0.00</FCSAPMonitoringExpenditure>
        <RemediationAmounts>
          <CubicMetres>0.0000</CubicMetres>
          <Hectares>0.0000</Hectares>
          <Tons>0.0000</Tons>
        </RemediationAmounts>
        <Closed>0</Closed>
      </AnnualData>
      <AnnualData FiscalYear="2008-2009" ReportingOrganization="NOR">
        <HighestStepCompleted>02</HighestStepCompleted>
        <TotalAssessmentExpenditure>8826.70</TotalAssessmentExpenditure>
        <TotalRemediationExpenditure>0.00</TotalRemediationExpenditure>
        <TotalCareMaintenanceExpenditure>0.00</TotalCareMaintenanceExpenditure>
        <TotalMonitoringExpenditure>0.00</TotalMonitoringExpenditure>
        <FCSAPAssessmentExpenditure>0.00</FCSAPAssessmentExpenditure>
        <FCSAPRemediationExpenditure>0.00</FCSAPRemediationExpenditure>
        <FCSAPCareMaintenanceExpenditure>0.00</FCSAPCareMaintenanceExpenditure>
        <FCSAPMonitoringExpenditure>0.00</FCSAPMonitoringExpenditure>
        <RemediationAmounts>
          <CubicMetres>0.0000</CubicMetres>
          <Hectares>0.0000</Hectares>
          <Tons>0.0000</Tons>
        </RemediationAmounts>
        <Closed>0</Closed>
      </AnnualData>
      <AnnualData FiscalYear="2007-2008" ReportingOrganization="NOR">
        <HighestStepCompleted>01</HighestStepCompleted>
        <TotalAssessmentExpenditure>928.82</TotalAssessmentExpenditure>
        <TotalRemediationExpenditure>0.00</TotalRemediationExpenditure>
        <TotalCareMaintenanceExpenditure>0.00</TotalCareMaintenanceExpenditure>
        <TotalMonitoringExpenditure>0.00</TotalMonitoringExpenditure>
        <FCSAPAssessmentExpenditure>743.06</FCSAPAssessmentExpenditure>
        <FCSAPRemediationExpenditure>0.00</FCSAPRemediationExpenditure>
        <FCSAPCareMaintenanceExpenditure>0.00</FCSAPCareMaintenanceExpenditure>
        <FCSAPMonitoringExpenditure>0.00</FCSAPMonitoringExpenditure>
        <RemediationAmounts>
          <CubicMetres>0.0000</CubicMetres>
          <Hectares>0.0000</Hectares>
          <Tons>0.0000</Tons>
        </RemediationAmounts>
        <Closed>0</Closed>
      </AnnualData>
    </Site>
    <Site FederalSiteIdentifier="00000045" ReportingOrganization="NOR" Created="2008-02-13T16:27:00" LastModified="2014-05-06T15:48:00">
      <Name>
        <EN xml:lang="en">CORONATION GULF #3</EN>
        <FR xml:lang="fr">GOLFE CORONATION No 3</FR>
      </Name>
      <SiteStatus>
        <Status>
          <EN xml:lang="en">Closed</EN>
          <FR xml:lang="fr">Fermé</FR>
        </Status>
        <Description>
          <EN xml:lang="en">Historical review not required.</EN>
          <FR xml:lang="fr">Aucun examen historique nécessaire.</FR>
        </Description>
      </SiteStatus>
      <Classification>
        <Code>N</Code>
        <Name>
          <EN xml:lang="en">Not a Priority for Action</EN>
          <FR xml:lang="fr">Priorité d’intervention nulle</FR>
        </Name>
      </Classification>
      <ReasonForFederalInvolvement>
        <EN xml:lang="en">Other Canada Lands</EN>
        <FR xml:lang="fr">Autres Terres du Canada</FR>
      </ReasonForFederalInvolvement>
      <Location sgc="6208098" fed="001">
        <MiniMapURL>http://www.tbs-sct.gc.ca/fcsi-rscf/minimap.aspx?fsi=00000045</MiniMapURL>
        <Latitude>65.980000</Latitude>
        <Longitude>-112.308889</Longitude>
        <Municipality>Kitikmeot, Unorganized</Municipality>
        <Province>Nunavut</Province>
        <FederalElectoralDistrict>
          <EN xml:lang="en">Nunavut</EN>
          <FR xml:lang="fr">Nunavut</FR>
        </FederalElectoralDistrict>
        <Country>
          <EN xml:lang="en">Canada</EN>
          <FR xml:lang="fr">Canada</FR>
        </Country>
      </Location>
      <ActionPlan>
        <EN xml:lang="en" />
        <FR xml:lang="fr" />
      </ActionPlan>
      <AdditionalInformation>
        <EN xml:lang="en" />
        <FR xml:lang="fr" />
      </AdditionalInformation>
      <AnnualData FiscalYear="2013-2014" ReportingOrganization="NOR">
        <HighestStepCompleted>01</HighestStepCompleted>
        <TotalAssessmentExpenditure>0.00</TotalAssessmentExpenditure>
        <TotalRemediationExpenditure>0.00</TotalRemediationExpenditure>
        <TotalCareMaintenanceExpenditure>0.00</TotalCareMaintenanceExpenditure>
        <TotalMonitoringExpenditure>0.00</TotalMonitoringExpenditure>
        <FCSAPAssessmentExpenditure>0.00</FCSAPAssessmentExpenditure>
        <FCSAPRemediationExpenditure>0.00</FCSAPRemediationExpenditure>
        <FCSAPCareMaintenanceExpenditure>0.00</FCSAPCareMaintenanceExpenditure>
        <FCSAPMonitoringExpenditure>0.00</FCSAPMonitoringExpenditure>
        <RemediationAmounts>
          <CubicMetres>0.0000</CubicMetres>
          <Hectares>0.0000</Hectares>
          <Tons>0.0000</Tons>
        </RemediationAmounts>
        <Closed>1</Closed>
      </AnnualData>
      <AnnualData FiscalYear="2012-2013" ReportingOrganization="NOR">
        <HighestStepCompleted>01</HighestStepCompleted>
        <TotalAssessmentExpenditure>0.00</TotalAssessmentExpenditure>
        <TotalRemediationExpenditure>0.00</TotalRemediationExpenditure>
        <TotalCareMaintenanceExpenditure>0.00</TotalCareMaintenanceExpenditure>
        <TotalMonitoringExpenditure>0.00</TotalMonitoringExpenditure>
        <FCSAPAssessmentExpenditure>0.00</FCSAPAssessmentExpenditure>
        <FCSAPRemediationExpenditure>0.00</FCSAPRemediationExpenditure>
        <FCSAPCareMaintenanceExpenditure>0.00</FCSAPCareMaintenanceExpenditure>
        <FCSAPMonitoringExpenditure>0.00</FCSAPMonitoringExpenditure>
        <RemediationAmounts>
          <CubicMetres>0.0000</CubicMetres>
          <Hectares>0.0000</Hectares>
          <Tons>0.0000</Tons>
        </RemediationAmounts>
        <Closed>0</Closed>
      </AnnualData>
      <AnnualData FiscalYear="2011-2012" ReportingOrganization="NOR">
        <HighestStepCompleted>01</HighestStepCompleted>
        <TotalAssessmentExpenditure>0.00</TotalAssessmentExpenditure>
        <TotalRemediationExpenditure>0.00</TotalRemediationExpenditure>
        <TotalCareMaintenanceExpenditure>0.00</TotalCareMaintenanceExpenditure>
        <TotalMonitoringExpenditure>0.00</TotalMonitoringExpenditure>
        <FCSAPAssessmentExpenditure>0.00</FCSAPAssessmentExpenditure>
        <FCSAPRemediationExpenditure>0.00</FCSAPRemediationExpenditure>
        <FCSAPCareMaintenanceExpenditure>0.00</FCSAPCareMaintenanceExpenditure>
        <FCSAPMonitoringExpenditure>0.00</FCSAPMonitoringExpenditure>
        <RemediationAmounts>
          <CubicMetres>0.0000</CubicMetres>
          <Hectares>0.0000</Hectares>
          <Tons>0.0000</Tons>
        </RemediationAmounts>
        <Closed>0</Closed>
      </AnnualData>
      <AnnualData FiscalYear="2010-2011" ReportingOrganization="NOR">
        <HighestStepCompleted>01</HighestStepCompleted>
        <TotalAssessmentExpenditure>0.00</TotalAssessmentExpenditure>
        <TotalRemediationExpenditure>0.00</TotalRemediationExpenditure>
        <TotalCareMaintenanceExpenditure>0.00</TotalCareMaintenanceExpenditure>
        <TotalMonitoringExpenditure>0.00</TotalMonitoringExpenditure>
        <FCSAPAssessmentExpenditure>0.00</FCSAPAssessmentExpenditure>
        <FCSAPRemediationExpenditure>0.00</FCSAPRemediationExpenditure>
        <FCSAPCareMaintenanceExpenditure>0.00</FCSAPCareMaintenanceExpenditure>
        <FCSAPMonitoringExpenditure>0.00</FCSAPMonitoringExpenditure>
        <RemediationAmounts>
          <CubicMetres>0.0000</CubicMetres>
          <Hectares>0.0000</Hectares>
          <Tons>0.0000</Tons>
        </RemediationAmounts>
        <Closed>0</Closed>
      </AnnualData>
      <AnnualData FiscalYear="2009-2010" ReportingOrganization="NOR">
        <HighestStepCompleted>01</HighestStepCompleted>
        <TotalAssessmentExpenditure>0.00</TotalAssessmentExpenditure>
        <TotalRemediationExpenditure>0.00</TotalRemediationExpenditure>
        <TotalCareMaintenanceExpenditure>0.00</TotalCareMaintenanceExpenditure>
        <TotalMonitoringExpenditure>0.00</TotalMonitoringExpenditure>
        <FCSAPAssessmentExpenditure>0.00</FCSAPAssessmentExpenditure>
        <FCSAPRemediationExpenditure>0.00</FCSAPRemediationExpenditure>
        <FCSAPCareMaintenanceExpenditure>0.00</FCSAPCareMaintenanceExpenditure>
        <FCSAPMonitoringExpenditure>0.00</FCSAPMonitoringExpenditure>
        <RemediationAmounts>
          <CubicMetres>0.0000</CubicMetres>
          <Hectares>0.0000</Hectares>
          <Tons>0.0000</Tons>
        </RemediationAmounts>
        <Closed>0</Closed>
      </AnnualData>
      <AnnualData FiscalYear="2008-2009" ReportingOrganization="NOR">
        <HighestStepCompleted>01</HighestStepCompleted>
        <TotalAssessmentExpenditure>8826.70</TotalAssessmentExpenditure>
        <TotalRemediationExpenditure>0.00</TotalRemediationExpenditure>
        <TotalCareMaintenanceExpenditure>0.00</TotalCareMaintenanceExpenditure>
        <TotalMonitoringExpenditure>0.00</TotalMonitoringExpenditure>
        <FCSAPAssessmentExpenditure>0.00</FCSAPAssessmentExpenditure>
        <FCSAPRemediationExpenditure>0.00</FCSAPRemediationExpenditure>
        <FCSAPCareMaintenanceExpenditure>0.00</FCSAPCareMaintenanceExpenditure>
        <FCSAPMonitoringExpenditure>0.00</FCSAPMonitoringExpenditure>
        <RemediationAmounts>
          <CubicMetres>0.0000</CubicMetres>
          <Hectares>0.0000</Hectares>
          <Tons>0.0000</Tons>
        </RemediationAmounts>
        <Closed>0</Closed>
      </AnnualData>
      <AnnualData FiscalYear="2007-2008" ReportingOrganization="NOR">
        <HighestStepCompleted>01</HighestStepCompleted>
        <TotalAssessmentExpenditure>928.82</TotalAssessmentExpenditure>
        <TotalRemediationExpenditure>0.00</TotalRemediationExpenditure>
        <TotalCareMaintenanceExpenditure>0.00</TotalCareMaintenanceExpenditure>
        <TotalMonitoringExpenditure>0.00</TotalMonitoringExpenditure>
        <FCSAPAssessmentExpenditure>743.06</FCSAPAssessmentExpenditure>
        <FCSAPRemediationExpenditure>0.00</FCSAPRemediationExpenditure>
        <FCSAPCareMaintenanceExpenditure>0.00</FCSAPCareMaintenanceExpenditure>
        <FCSAPMonitoringExpenditure>0.00</FCSAPMonitoringExpenditure>
        <RemediationAmounts>
          <CubicMetres>0.0000</CubicMetres>
          <Hectares>0.0000</Hectares>
          <Tons>0.0000</Tons>
        </RemediationAmounts>
        <Closed>0</Closed>
      </AnnualData>
    </Site>
    <Site FederalSiteIdentifier="00000046" ReportingOrganization="NOR" Created="2008-02-13T16:27:00" LastModified="2015-05-12T16:37:00">
      <Name>
        <EN xml:lang="en">CORONATION GULF #9</EN>
        <FR xml:lang="fr">GOLFE CORONATION No 9</FR>
      </Name>
      <SiteStatus>
        <Status>
          <EN xml:lang="en">Active</EN>
          <FR xml:lang="fr">Active</FR>
        </Status>
        <Description>
          <EN xml:lang="en">Initial testing completed. Detailed testing underway.</EN>
          <FR xml:lang="fr">Première analyse terminée. Analyse détaillée en cours.</FR>
        </Description>
      </SiteStatus>
      <Classification>
        <Name>
          <EN xml:lang="en" />
          <FR xml:lang="fr" />
        </Name>
      </Classification>
      <ReasonForFederalInvolvement>
        <EN xml:lang="en">Other Canada Lands</EN>
        <FR xml:lang="fr">Autres Terres du Canada</FR>
      </ReasonForFederalInvolvement>
      <Location sgc="6208059" fed="001">
        <MiniMapURL>http://www.tbs-sct.gc.ca/fcsi-rscf/minimap.aspx?fsi=00000046</MiniMapURL>
        <Latitude>67.809167</Latitude>
        <Longitude>-114.910278</Longitude>
        <Municipality>Kugluktuk</Municipality>
        <Province>Nunavut</Province>
        <FederalElectoralDistrict>
          <EN xml:lang="en">Nunavut</EN>
          <FR xml:lang="fr">Nunavut</FR>
        </FederalElectoralDistrict>
        <Country>
          <EN xml:lang="en">Canada</EN>
          <FR xml:lang="fr">Canada</FR>
        </Country>
      </Location>
      <ContaminationDetails>
        <ContaminationEstimates>
          <CubicMetres>0.0000</CubicMetres>
          <Hectares>0.0000</Hectares>
          <Tons>0.0000</Tons>
        </ContaminationEstimates>
      </ContaminationDetails>
      <ActionPlan>
        <EN xml:lang="en" />
        <FR xml:lang="fr" />
      </ActionPlan>
      <AdditionalInformation>
        <EN xml:lang="en" />
        <FR xml:lang="fr" />
      </AdditionalInformation>
      <PopulationCounts>
        <KM1>9</KM1>
        <KM5>217</KM5>
        <KM10>548</KM10>
        <KM25>1658</KM25>
        <KM50>2050</KM50>
      </PopulationCounts>
      <AnnualData FiscalYear="2014-2015" ReportingOrganization="NOR">
        <HighestStepCompleted>03</HighestStepCompleted>
        <TotalAssessmentExpenditure>0.00</TotalAssessmentExpenditure>
        <TotalRemediationExpenditure>0.00</TotalRemediationExpenditure>
        <TotalCareMaintenanceExpenditure>0.00</TotalCareMaintenanceExpenditure>
        <TotalMonitoringExpenditure>0.00</TotalMonitoringExpenditure>
        <FCSAPAssessmentExpenditure>0.00</FCSAPAssessmentExpenditure>
        <FCSAPRemediationExpenditure>0.00</FCSAPRemediationExpenditure>
        <FCSAPCareMaintenanceExpenditure>0.00</FCSAPCareMaintenanceExpenditure>
        <FCSAPMonitoringExpenditure>0.00</FCSAPMonitoringExpenditure>
        <RemediationAmounts>
          <CubicMetres>0.0000</CubicMetres>
          <Hectares>0.0000</Hectares>
          <Tons>0.0000</Tons>
        </RemediationAmounts>
        <Closed>0</Closed>
      </AnnualData>
      <AnnualData FiscalYear="2013-2014" ReportingOrganization="NOR">
        <HighestStepCompleted>02</HighestStepCompleted>
        <TotalAssessmentExpenditure>0.00</TotalAssessmentExpenditure>
        <TotalRemediationExpenditure>0.00</TotalRemediationExpenditure>
        <TotalCareMaintenanceExpenditure>0.00</TotalCareMaintenanceExpenditure>
        <TotalMonitoringExpenditure>0.00</TotalMonitoringExpenditure>
        <FCSAPAssessmentExpenditure>0.00</FCSAPAssessmentExpenditure>
        <FCSAPRemediationExpenditure>0.00</FCSAPRemediationExpenditure>
        <FCSAPCareMaintenanceExpenditure>0.00</FCSAPCareMaintenanceExpenditure>
        <FCSAPMonitoringExpenditure>0.00</FCSAPMonitoringExpenditure>
        <RemediationAmounts>
          <CubicMetres>0.0000</CubicMetres>
          <Hectares>0.0000</Hectares>
          <Tons>0.0000</Tons>
        </RemediationAmounts>
        <Closed>0</Closed>
      </AnnualData>
      <AnnualData FiscalYear="2012-2013" ReportingOrganization="NOR">
        <HighestStepCompleted>02</HighestStepCompleted>
        <TotalAssessmentExpenditure>0.00</TotalAssessmentExpenditure>
        <TotalRemediationExpenditure>0.00</TotalRemediationExpenditure>
        <TotalCareMaintenanceExpenditure>0.00</TotalCareMaintenanceExpenditure>
        <TotalMonitoringExpenditure>0.00</TotalMonitoringExpenditure>
        <FCSAPAssessmentExpenditure>0.00</FCSAPAssessmentExpenditure>
        <FCSAPRemediationExpenditure>0.00</FCSAPRemediationExpenditure>
        <FCSAPCareMaintenanceExpenditure>0.00</FCSAPCareMaintenanceExpenditure>
        <FCSAPMonitoringExpenditure>0.00</FCSAPMonitoringExpenditure>
        <RemediationAmounts>
          <CubicMetres>0.0000</CubicMetres>
          <Hectares>0.0000</Hectares>
          <Tons>0.0000</Tons>
        </RemediationAmounts>
        <Closed>0</Closed>
      </AnnualData>
      <AnnualData FiscalYear="2011-2012" ReportingOrganization="NOR">
        <HighestStepCompleted>02</HighestStepCompleted>
        <TotalAssessmentExpenditure>0.00</TotalAssessmentExpenditure>
        <TotalRemediationExpenditure>0.00</TotalRemediationExpenditure>
        <TotalCareMaintenanceExpenditure>0.00</TotalCareMaintenanceExpenditure>
        <TotalMonitoringExpenditure>0.00</TotalMonitoringExpenditure>
        <FCSAPAssessmentExpenditure>0.00</FCSAPAssessmentExpenditure>
        <FCSAPRemediationExpenditure>0.00</FCSAPRemediationExpenditure>
        <FCSAPCareMaintenanceExpenditure>0.00</FCSAPCareMaintenanceExpenditure>
        <FCSAPMonitoringExpenditure>0.00</FCSAPMonitoringExpenditure>
        <RemediationAmounts>
          <CubicMetres>0.0000</CubicMetres>
          <Hectares>0.0000</Hectares>
          <Tons>0.0000</Tons>
        </RemediationAmounts>
        <Closed>0</Closed>
      </AnnualData>
      <AnnualData FiscalYear="2010-2011" ReportingOrganization="NOR">
        <HighestStepCompleted>02</HighestStepCompleted>
        <TotalAssessmentExpenditure>0.00</TotalAssessmentExpenditure>
        <TotalRemediationExpenditure>0.00</TotalRemediationExpenditure>
        <TotalCareMaintenanceExpenditure>0.00</TotalCareMaintenanceExpenditure>
        <TotalMonitoringExpenditure>0.00</TotalMonitoringExpenditure>
        <FCSAPAssessmentExpenditure>0.00</FCSAPAssessmentExpenditure>
        <FCSAPRemediationExpenditure>0.00</FCSAPRemediationExpenditure>
        <FCSAPCareMaintenanceExpenditure>0.00</FCSAPCareMaintenanceExpenditure>
        <FCSAPMonitoringExpenditure>0.00</FCSAPMonitoringExpenditure>
        <RemediationAmounts>
          <CubicMetres>0.0000</CubicMetres>
          <Hectares>0.0000</Hectares>
          <Tons>0.0000</Tons>
        </RemediationAmounts>
        <Closed>0</Closed>
      </AnnualData>
      <AnnualData FiscalYear="2009-2010" ReportingOrganization="NOR">
        <HighestStepCompleted>02</HighestStepCompleted>
        <TotalAssessmentExpenditure>0.00</TotalAssessmentExpenditure>
        <TotalRemediationExpenditure>0.00</TotalRemediationExpenditure>
        <TotalCareMaintenanceExpenditure>0.00</TotalCareMaintenanceExpenditure>
        <TotalMonitoringExpenditure>0.00</TotalMonitoringExpenditure>
        <FCSAPAssessmentExpenditure>0.00</FCSAPAssessmentExpenditure>
        <FCSAPRemediationExpenditure>0.00</FCSAPRemediationExpenditure>
        <FCSAPCareMaintenanceExpenditure>0.00</FCSAPCareMaintenanceExpenditure>
        <FCSAPMonitoringExpenditure>0.00</FCSAPMonitoringExpenditure>
        <RemediationAmounts>
          <CubicMetres>0.0000</CubicMetres>
          <Hectares>0.0000</Hectares>
          <Tons>0.0000</Tons>
        </RemediationAmounts>
        <Closed>0</Closed>
      </AnnualData>
      <AnnualData FiscalYear="2008-2009" ReportingOrganization="NOR">
        <HighestStepCompleted>02</HighestStepCompleted>
        <TotalAssessmentExpenditure>8826.70</TotalAssessmentExpenditure>
        <TotalRemediationExpenditure>0.00</TotalRemediationExpenditure>
        <TotalCareMaintenanceExpenditure>0.00</TotalCareMaintenanceExpenditure>
        <TotalMonitoringExpenditure>0.00</TotalMonitoringExpenditure>
        <FCSAPAssessmentExpenditure>0.00</FCSAPAssessmentExpenditure>
        <FCSAPRemediationExpenditure>0.00</FCSAPRemediationExpenditure>
        <FCSAPCareMaintenanceExpenditure>0.00</FCSAPCareMaintenanceExpenditure>
        <FCSAPMonitoringExpenditure>0.00</FCSAPMonitoringExpenditure>
        <RemediationAmounts>
          <CubicMetres>0.0000</CubicMetres>
          <Hectares>0.0000</Hectares>
          <Tons>0.0000</Tons>
        </RemediationAmounts>
        <Closed>0</Closed>
      </AnnualData>
      <AnnualData FiscalYear="2007-2008" ReportingOrganization="NOR">
        <HighestStepCompleted>01</HighestStepCompleted>
        <TotalAssessmentExpenditure>928.82</TotalAssessmentExpenditure>
        <TotalRemediationExpenditure>0.00</TotalRemediationExpenditure>
        <TotalCareMaintenanceExpenditure>0.00</TotalCareMaintenanceExpenditure>
        <TotalMonitoringExpenditure>0.00</TotalMonitoringExpenditure>
        <FCSAPAssessmentExpenditure>743.06</FCSAPAssessmentExpenditure>
        <FCSAPRemediationExpenditure>0.00</FCSAPRemediationExpenditure>
        <FCSAPCareMaintenanceExpenditure>0.00</FCSAPCareMaintenanceExpenditure>
        <FCSAPMonitoringExpenditure>0.00</FCSAPMonitoringExpenditure>
        <RemediationAmounts>
          <CubicMetres>0.0000</CubicMetres>
          <Hectares>0.0000</Hectares>
          <Tons>0.0000</Tons>
        </RemediationAmounts>
        <Closed>0</Closed>
      </AnnualData>
    </Site>
    <Site FederalSiteIdentifier="00000047" ReportingOrganization="NOR" Created="2008-02-13T16:27:00" LastModified="2015-05-12T16:37:00">
      <Name>
        <EN xml:lang="en">CORONATION GULF #10</EN>
        <FR xml:lang="fr">GOLFE CORONATION No 10</FR>
      </Name>
      <SiteStatus>
        <Status>
          <EN xml:lang="en">Active</EN>
          <FR xml:lang="fr">Active</FR>
        </Status>
        <Description>
          <EN xml:lang="en">Initial testing completed. Detailed testing underway.</EN>
          <FR xml:lang="fr">Première analyse terminée. Analyse détaillée en cours.</FR>
        </Description>
      </SiteStatus>
      <Classification>
        <Name>
          <EN xml:lang="en" />
          <FR xml:lang="fr" />
        </Name>
      </Classification>
      <ReasonForFederalInvolvement>
        <EN xml:lang="en">Other Canada Lands</EN>
        <FR xml:lang="fr">Autres Terres du Canada</FR>
      </ReasonForFederalInvolvement>
      <Location sgc="6208059" fed="001">
        <MiniMapURL>http://www.tbs-sct.gc.ca/fcsi-rscf/minimap.aspx?fsi=00000047</MiniMapURL>
        <Latitude>67.819444</Latitude>
        <Longitude>-114.976111</Longitude>
        <Municipality>Kugluktuk</Municipality>
        <Province>Nunavut</Province>
        <FederalElectoralDistrict>
          <EN xml:lang="en">Nunavut</EN>
          <FR xml:lang="fr">Nunavut</FR>
        </FederalElectoralDistrict>
        <Country>
          <EN xml:lang="en">Canada</EN>
          <FR xml:lang="fr">Canada</FR>
        </Country>
      </Location>
      <ContaminationDetails>
        <ContaminationEstimates>
          <CubicMetres>0.0000</CubicMetres>
          <Hectares>0.0000</Hectares>
          <Tons>0.0000</Tons>
        </ContaminationEstimates>
      </ContaminationDetails>
      <ActionPlan>
        <EN xml:lang="en" />
        <FR xml:lang="fr" />
      </ActionPlan>
      <AdditionalInformation>
        <EN xml:lang="en" />
        <FR xml:lang="fr" />
      </AdditionalInformation>
      <PopulationCounts>
        <KM1>9</KM1>
        <KM5>238</KM5>
        <KM10>661</KM10>
        <KM25>1778</KM25>
        <KM50>2050</KM50>
      </PopulationCounts>
      <AnnualData FiscalYear="2014-2015" ReportingOrganization="NOR">
        <HighestStepCompleted>03</HighestStepCompleted>
        <TotalAssessmentExpenditure>0.00</TotalAssessmentExpenditure>
        <TotalRemediationExpenditure>0.00</TotalRemediationExpenditure>
        <TotalCareMaintenanceExpenditure>0.00</TotalCareMaintenanceExpenditure>
        <TotalMonitoringExpenditure>0.00</TotalMonitoringExpenditure>
        <FCSAPAssessmentExpenditure>0.00</FCSAPAssessmentExpenditure>
        <FCSAPRemediationExpenditure>0.00</FCSAPRemediationExpenditure>
        <FCSAPCareMaintenanceExpenditure>0.00</FCSAPCareMaintenanceExpenditure>
        <FCSAPMonitoringExpenditure>0.00</FCSAPMonitoringExpenditure>
        <RemediationAmounts>
          <CubicMetres>0.0000</CubicMetres>
          <Hectares>0.0000</Hectares>
          <Tons>0.0000</Tons>
        </RemediationAmounts>
        <Closed>0</Closed>
      </AnnualData>
      <AnnualData FiscalYear="2013-2014" ReportingOrganization="NOR">
        <HighestStepCompleted>02</HighestStepCompleted>
        <TotalAssessmentExpenditure>0.00</TotalAssessmentExpenditure>
        <TotalRemediationExpenditure>0.00</TotalRemediationExpenditure>
        <TotalCareMaintenanceExpenditure>0.00</TotalCareMaintenanceExpenditure>
        <TotalMonitoringExpenditure>0.00</TotalMonitoringExpenditure>
        <FCSAPAssessmentExpenditure>0.00</FCSAPAssessmentExpenditure>
        <FCSAPRemediationExpenditure>0.00</FCSAPRemediationExpenditure>
        <FCSAPCareMaintenanceExpenditure>0.00</FCSAPCareMaintenanceExpenditure>
        <FCSAPMonitoringExpenditure>0.00</FCSAPMonitoringExpenditure>
        <RemediationAmounts>
          <CubicMetres>0.0000</CubicMetres>
          <Hectares>0.0000</Hectares>
          <Tons>0.0000</Tons>
        </RemediationAmounts>
        <Closed>0</Closed>
      </AnnualData>
      <AnnualData FiscalYear="2012-2013" ReportingOrganization="NOR">
        <HighestStepCompleted>02</HighestStepCompleted>
        <TotalAssessmentExpenditure>0.00</TotalAssessmentExpenditure>
        <TotalRemediationExpenditure>0.00</TotalRemediationExpenditure>
        <TotalCareMaintenanceExpenditure>0.00</TotalCareMaintenanceExpenditure>
        <TotalMonitoringExpenditure>0.00</TotalMonitoringExpenditure>
        <FCSAPAssessmentExpenditure>0.00</FCSAPAssessmentExpenditure>
        <FCSAPRemediationExpenditure>0.00</FCSAPRemediationExpenditure>
        <FCSAPCareMaintenanceExpenditure>0.00</FCSAPCareMaintenanceExpenditure>
        <FCSAPMonitoringExpenditure>0.00</FCSAPMonitoringExpenditure>
        <RemediationAmounts>
          <CubicMetres>0.0000</CubicMetres>
          <Hectares>0.0000</Hectares>
          <Tons>0.0000</Tons>
        </RemediationAmounts>
        <Closed>0</Closed>
      </AnnualData>
      <AnnualData FiscalYear="2011-2012" ReportingOrganization="NOR">
        <HighestStepCompleted>02</HighestStepCompleted>
        <TotalAssessmentExpenditure>0.00</TotalAssessmentExpenditure>
        <TotalRemediationExpenditure>0.00</TotalRemediationExpenditure>
        <TotalCareMaintenanceExpenditure>0.00</TotalCareMaintenanceExpenditure>
        <TotalMonitoringExpenditure>0.00</TotalMonitoringExpenditure>
        <FCSAPAssessmentExpenditure>0.00</FCSAPAssessmentExpenditure>
        <FCSAPRemediationExpenditure>0.00</FCSAPRemediationExpenditure>
        <FCSAPCareMaintenanceExpenditure>0.00</FCSAPCareMaintenanceExpenditure>
        <FCSAPMonitoringExpenditure>0.00</FCSAPMonitoringExpenditure>
        <RemediationAmounts>
          <CubicMetres>0.0000</CubicMetres>
          <Hectares>0.0000</Hectares>
          <Tons>0.0000</Tons>
        </RemediationAmounts>
        <Closed>0</Closed>
      </AnnualData>
      <AnnualData FiscalYear="2010-2011" ReportingOrganization="NOR">
        <HighestStepCompleted>02</HighestStepCompleted>
        <TotalAssessmentExpenditure>0.00</TotalAssessmentExpenditure>
        <TotalRemediationExpenditure>0.00</TotalRemediationExpenditure>
        <TotalCareMaintenanceExpenditure>0.00</TotalCareMaintenanceExpenditure>
        <TotalMonitoringExpenditure>0.00</TotalMonitoringExpenditure>
        <FCSAPAssessmentExpenditure>0.00</FCSAPAssessmentExpenditure>
        <FCSAPRemediationExpenditure>0.00</FCSAPRemediationExpenditure>
        <FCSAPCareMaintenanceExpenditure>0.00</FCSAPCareMaintenanceExpenditure>
        <FCSAPMonitoringExpenditure>0.00</FCSAPMonitoringExpenditure>
        <RemediationAmounts>
          <CubicMetres>0.0000</CubicMetres>
          <Hectares>0.0000</Hectares>
          <Tons>0.0000</Tons>
        </RemediationAmounts>
        <Closed>0</Closed>
      </AnnualData>
      <AnnualData FiscalYear="2009-2010" ReportingOrganization="NOR">
        <HighestStepCompleted>02</HighestStepCompleted>
        <TotalAssessmentExpenditure>0.00</TotalAssessmentExpenditure>
        <TotalRemediationExpenditure>0.00</TotalRemediationExpenditure>
        <TotalCareMaintenanceExpenditure>0.00</TotalCareMaintenanceExpenditure>
        <TotalMonitoringExpenditure>0.00</TotalMonitoringExpenditure>
        <FCSAPAssessmentExpenditure>0.00</FCSAPAssessmentExpenditure>
        <FCSAPRemediationExpenditure>0.00</FCSAPRemediationExpenditure>
        <FCSAPCareMaintenanceExpenditure>0.00</FCSAPCareMaintenanceExpenditure>
        <FCSAPMonitoringExpenditure>0.00</FCSAPMonitoringExpenditure>
        <RemediationAmounts>
          <CubicMetres>0.0000</CubicMetres>
          <Hectares>0.0000</Hectares>
          <Tons>0.0000</Tons>
        </RemediationAmounts>
        <Closed>0</Closed>
      </AnnualData>
      <AnnualData FiscalYear="2008-2009" ReportingOrganization="NOR">
        <HighestStepCompleted>02</HighestStepCompleted>
        <TotalAssessmentExpenditure>8826.70</TotalAssessmentExpenditure>
        <TotalRemediationExpenditure>0.00</TotalRemediationExpenditure>
        <TotalCareMaintenanceExpenditure>0.00</TotalCareMaintenanceExpenditure>
        <TotalMonitoringExpenditure>0.00</TotalMonitoringExpenditure>
        <FCSAPAssessmentExpenditure>0.00</FCSAPAssessmentExpenditure>
        <FCSAPRemediationExpenditure>0.00</FCSAPRemediationExpenditure>
        <FCSAPCareMaintenanceExpenditure>0.00</FCSAPCareMaintenanceExpenditure>
        <FCSAPMonitoringExpenditure>0.00</FCSAPMonitoringExpenditure>
        <RemediationAmounts>
          <CubicMetres>0.0000</CubicMetres>
          <Hectares>0.0000</Hectares>
          <Tons>0.0000</Tons>
        </RemediationAmounts>
        <Closed>0</Closed>
      </AnnualData>
      <AnnualData FiscalYear="2007-2008" ReportingOrganization="NOR">
        <HighestStepCompleted>01</HighestStepCompleted>
        <TotalAssessmentExpenditure>928.82</TotalAssessmentExpenditure>
        <TotalRemediationExpenditure>0.00</TotalRemediationExpenditure>
        <TotalCareMaintenanceExpenditure>0.00</TotalCareMaintenanceExpenditure>
        <TotalMonitoringExpenditure>0.00</TotalMonitoringExpenditure>
        <FCSAPAssessmentExpenditure>743.06</FCSAPAssessmentExpenditure>
        <FCSAPRemediationExpenditure>0.00</FCSAPRemediationExpenditure>
        <FCSAPCareMaintenanceExpenditure>0.00</FCSAPCareMaintenanceExpenditure>
        <FCSAPMonitoringExpenditure>0.00</FCSAPMonitoringExpenditure>
        <RemediationAmounts>
          <CubicMetres>0.0000</CubicMetres>
          <Hectares>0.0000</Hectares>
          <Tons>0.0000</Tons>
        </RemediationAmounts>
        <Closed>0</Closed>
      </AnnualData>
    </Site>
    <Site FederalSiteIdentifier="00000048" ReportingOrganization="NOR" Created="2008-02-13T16:28:00" LastModified="2015-05-12T16:37:00">
      <Name>
        <EN xml:lang="en">CORONATION GULF #11</EN>
        <FR xml:lang="fr">GOLFE CORONATION No 11</FR>
      </Name>
      <SiteStatus>
        <Status>
          <EN xml:lang="en">Active</EN>
          <FR xml:lang="fr">Active</FR>
        </Status>
        <Description>
          <EN xml:lang="en">Initial testing completed. Detailed testing underway.</EN>
          <FR xml:lang="fr">Première analyse terminée. Analyse détaillée en cours.</FR>
        </Description>
      </SiteStatus>
      <Classification>
        <Name>
          <EN xml:lang="en" />
          <FR xml:lang="fr" />
        </Name>
      </Classification>
      <ReasonForFederalInvolvement>
        <EN xml:lang="en">Other Canada Lands</EN>
        <FR xml:lang="fr">Autres Terres du Canada</FR>
      </ReasonForFederalInvolvement>
      <Location sgc="6208059" fed="001">
        <MiniMapURL>http://www.tbs-sct.gc.ca/fcsi-rscf/minimap.aspx?fsi=00000048</MiniMapURL>
        <Latitude>67.821944</Latitude>
        <Longitude>-114.970556</Longitude>
        <Municipality>Kugluktuk</Municipality>
        <Province>Nunavut</Province>
        <FederalElectoralDistrict>
          <EN xml:lang="en">Nunavut</EN>
          <FR xml:lang="fr">Nunavut</FR>
        </FederalElectoralDistrict>
        <Country>
          <EN xml:lang="en">Canada</EN>
          <FR xml:lang="fr">Canada</FR>
        </Country>
      </Location>
      <ContaminationDetails>
        <ContaminationEstimates>
          <CubicMetres>0.0000</CubicMetres>
          <Hectares>0.0000</Hectares>
          <Tons>0.0000</Tons>
        </ContaminationEstimates>
      </ContaminationDetails>
      <ActionPlan>
        <EN xml:lang="en" />
        <FR xml:lang="fr" />
      </ActionPlan>
      <AdditionalInformation>
        <EN xml:lang="en" />
        <FR xml:lang="fr" />
      </AdditionalInformation>
      <PopulationCounts>
        <KM1>9</KM1>
        <KM5>236</KM5>
        <KM10>643</KM10>
        <KM25>1771</KM25>
        <KM50>2050</KM50>
      </PopulationCounts>
      <AnnualData FiscalYear="2014-2015" ReportingOrganization="NOR">
        <HighestStepCompleted>03</HighestStepCompleted>
        <TotalAssessmentExpenditure>0.00</TotalAssessmentExpenditure>
        <TotalRemediationExpenditure>0.00</TotalRemediationExpenditure>
        <TotalCareMaintenanceExpenditure>0.00</TotalCareMaintenanceExpenditure>
        <TotalMonitoringExpenditure>0.00</TotalMonitoringExpenditure>
        <FCSAPAssessmentExpenditure>0.00</FCSAPAssessmentExpenditure>
        <FCSAPRemediationExpenditure>0.00</FCSAPRemediationExpenditure>
        <FCSAPCareMaintenanceExpenditure>0.00</FCSAPCareMaintenanceExpenditure>
        <FCSAPMonitoringExpenditure>0.00</FCSAPMonitoringExpenditure>
        <RemediationAmounts>
          <CubicMetres>0.0000</CubicMetres>
          <Hectares>0.0000</Hectares>
          <Tons>0.0000</Tons>
        </RemediationAmounts>
        <Closed>0</Closed>
      </AnnualData>
      <AnnualData FiscalYear="2013-2014" ReportingOrganization="NOR">
        <HighestStepCompleted>02</HighestStepCompleted>
        <TotalAssessmentExpenditure>0.00</TotalAssessmentExpenditure>
        <TotalRemediationExpenditure>0.00</TotalRemediationExpenditure>
        <TotalCareMaintenanceExpenditure>0.00</TotalCareMaintenanceExpenditure>
        <TotalMonitoringExpenditure>0.00</TotalMonitoringExpenditure>
        <FCSAPAssessmentExpenditure>0.00</FCSAPAssessmentExpenditure>
        <FCSAPRemediationExpenditure>0.00</FCSAPRemediationExpenditure>
        <FCSAPCareMaintenanceExpenditure>0.00</FCSAPCareMaintenanceExpenditure>
        <FCSAPMonitoringExpenditure>0.00</FCSAPMonitoringExpenditure>
        <RemediationAmounts>
          <CubicMetres>0.0000</CubicMetres>
          <Hectares>0.0000</Hectares>
          <Tons>0.0000</Tons>
        </RemediationAmounts>
        <Closed>0</Closed>
      </AnnualData>
      <AnnualData FiscalYear="2012-2013" ReportingOrganization="NOR">
        <HighestStepCompleted>02</HighestStepCompleted>
        <TotalAssessmentExpenditure>0.00</TotalAssessmentExpenditure>
        <TotalRemediationExpenditure>0.00</TotalRemediationExpenditure>
        <TotalCareMaintenanceExpenditure>0.00</TotalCareMaintenanceExpenditure>
        <TotalMonitoringExpenditure>0.00</TotalMonitoringExpenditure>
        <FCSAPAssessmentExpenditure>0.00</FCSAPAssessmentExpenditure>
        <FCSAPRemediationExpenditure>0.00</FCSAPRemediationExpenditure>
        <FCSAPCareMaintenanceExpenditure>0.00</FCSAPCareMaintenanceExpenditure>
        <FCSAPMonitoringExpenditure>0.00</FCSAPMonitoringExpenditure>
        <RemediationAmounts>
          <CubicMetres>0.0000</CubicMetres>
          <Hectares>0.0000</Hectares>
          <Tons>0.0000</Tons>
        </RemediationAmounts>
        <Closed>0</Closed>
      </AnnualData>
      <AnnualData FiscalYear="2011-2012" ReportingOrganization="NOR">
        <HighestStepCompleted>02</HighestStepCompleted>
        <TotalAssessmentExpenditure>0.00</TotalAssessmentExpenditure>
        <TotalRemediationExpenditure>0.00</TotalRemediationExpenditure>
        <TotalCareMaintenanceExpenditure>0.00</TotalCareMaintenanceExpenditure>
        <TotalMonitoringExpenditure>0.00</TotalMonitoringExpenditure>
        <FCSAPAssessmentExpenditure>0.00</FCSAPAssessmentExpenditure>
        <FCSAPRemediationExpenditure>0.00</FCSAPRemediationExpenditure>
        <FCSAPCareMaintenanceExpenditure>0.00</FCSAPCareMaintenanceExpenditure>
        <FCSAPMonitoringExpenditure>0.00</FCSAPMonitoringExpenditure>
        <RemediationAmounts>
          <CubicMetres>0.0000</CubicMetres>
          <Hectares>0.0000</Hectares>
          <Tons>0.0000</Tons>
        </RemediationAmounts>
        <Closed>0</Closed>
      </AnnualData>
      <AnnualData FiscalYear="2010-2011" ReportingOrganization="NOR">
        <HighestStepCompleted>02</HighestStepCompleted>
        <TotalAssessmentExpenditure>0.00</TotalAssessmentExpenditure>
        <TotalRemediationExpenditure>0.00</TotalRemediationExpenditure>
        <TotalCareMaintenanceExpenditure>0.00</TotalCareMaintenanceExpenditure>
        <TotalMonitoringExpenditure>0.00</TotalMonitoringExpenditure>
        <FCSAPAssessmentExpenditure>0.00</FCSAPAssessmentExpenditure>
        <FCSAPRemediationExpenditure>0.00</FCSAPRemediationExpenditure>
        <FCSAPCareMaintenanceExpenditure>0.00</FCSAPCareMaintenanceExpenditure>
        <FCSAPMonitoringExpenditure>0.00</FCSAPMonitoringExpenditure>
        <RemediationAmounts>
          <CubicMetres>0.0000</CubicMetres>
          <Hectares>0.0000</Hectares>
          <Tons>0.0000</Tons>
        </RemediationAmounts>
        <Closed>0</Closed>
      </AnnualData>
      <AnnualData FiscalYear="2009-2010" ReportingOrganization="NOR">
        <HighestStepCompleted>02</HighestStepCompleted>
        <TotalAssessmentExpenditure>0.00</TotalAssessmentExpenditure>
        <TotalRemediationExpenditure>0.00</TotalRemediationExpenditure>
        <TotalCareMaintenanceExpenditure>0.00</TotalCareMaintenanceExpenditure>
        <TotalMonitoringExpenditure>0.00</TotalMonitoringExpenditure>
        <FCSAPAssessmentExpenditure>0.00</FCSAPAssessmentExpenditure>
        <FCSAPRemediationExpenditure>0.00</FCSAPRemediationExpenditure>
        <FCSAPCareMaintenanceExpenditure>0.00</FCSAPCareMaintenanceExpenditure>
        <FCSAPMonitoringExpenditure>0.00</FCSAPMonitoringExpenditure>
        <RemediationAmounts>
          <CubicMetres>0.0000</CubicMetres>
          <Hectares>0.0000</Hectares>
          <Tons>0.0000</Tons>
        </RemediationAmounts>
        <Closed>0</Closed>
      </AnnualData>
      <AnnualData FiscalYear="2008-2009" ReportingOrganization="NOR">
        <HighestStepCompleted>02</HighestStepCompleted>
        <TotalAssessmentExpenditure>8826.70</TotalAssessmentExpenditure>
        <TotalRemediationExpenditure>0.00</TotalRemediationExpenditure>
        <TotalCareMaintenanceExpenditure>0.00</TotalCareMaintenanceExpenditure>
        <TotalMonitoringExpenditure>0.00</TotalMonitoringExpenditure>
        <FCSAPAssessmentExpenditure>0.00</FCSAPAssessmentExpenditure>
        <FCSAPRemediationExpenditure>0.00</FCSAPRemediationExpenditure>
        <FCSAPCareMaintenanceExpenditure>0.00</FCSAPCareMaintenanceExpenditure>
        <FCSAPMonitoringExpenditure>0.00</FCSAPMonitoringExpenditure>
        <RemediationAmounts>
          <CubicMetres>0.0000</CubicMetres>
          <Hectares>0.0000</Hectares>
          <Tons>0.0000</Tons>
        </RemediationAmounts>
        <Closed>0</Closed>
      </AnnualData>
      <AnnualData FiscalYear="2007-2008" ReportingOrganization="NOR">
        <HighestStepCompleted>01</HighestStepCompleted>
        <TotalAssessmentExpenditure>928.82</TotalAssessmentExpenditure>
        <TotalRemediationExpenditure>0.00</TotalRemediationExpenditure>
        <TotalCareMaintenanceExpenditure>0.00</TotalCareMaintenanceExpenditure>
        <TotalMonitoringExpenditure>0.00</TotalMonitoringExpenditure>
        <FCSAPAssessmentExpenditure>743.06</FCSAPAssessmentExpenditure>
        <FCSAPRemediationExpenditure>0.00</FCSAPRemediationExpenditure>
        <FCSAPCareMaintenanceExpenditure>0.00</FCSAPCareMaintenanceExpenditure>
        <FCSAPMonitoringExpenditure>0.00</FCSAPMonitoringExpenditure>
        <RemediationAmounts>
          <CubicMetres>0.0000</CubicMetres>
          <Hectares>0.0000</Hectares>
          <Tons>0.0000</Tons>
        </RemediationAmounts>
        <Closed>0</Closed>
      </AnnualData>
    </Site>
  </Sites>
</FederalContaminatedSitesInventory>
